[0.065s] Invoking command in '/home/sunrise/wheeltec_robot_ws/build/usb_cam': CMAKE_PREFIX_PATH=${CMAKE_PREFIX_PATH}:/home/sunrise/wheeltec_robot_ws/install/tf2_tools:/opt/ros/humble /usr/bin/cmake --build /home/sunrise/wheeltec_robot_ws/build/usb_cam -- -j4 -l4
[0.251s] [35m[1mConsolidate compiler generated dependencies of target gtest_main[0m
[0.257s] [35m[1mConsolidate compiler generated dependencies of target usb_cam[0m
[0.258s] [35m[1mConsolidate compiler generated dependencies of target usb_cam_node_exe[0m
[0.274s] [35m[1mConsolidate compiler generated dependencies of target gtest[0m
[0.344s] [ 14%] Built target gtest_main
[0.354s] [ 28%] Built target usb_cam
[0.362s] [ 42%] Built target usb_cam_node_exe
[0.382s] [ 57%] Built target gtest
[0.427s] [35m[1mConsolidate compiler generated dependencies of target test_usb_cam_utils[0m
[0.443s] [35m[1mConsolidate compiler generated dependencies of target usb_cam_node[0m
[0.465s] [35m[1mConsolidate compiler generated dependencies of target test_pixel_formats[0m
[0.513s] [ 71%] Built target test_usb_cam_utils
[0.556s] [100%] Built target test_pixel_formats
[0.557s] [100%] Built target usb_cam_node
[0.605s] Invoked command in '/home/sunrise/wheeltec_robot_ws/build/usb_cam' returned '0': CMAKE_PREFIX_PATH=${CMAKE_PREFIX_PATH}:/home/sunrise/wheeltec_robot_ws/install/tf2_tools:/opt/ros/humble /usr/bin/cmake --build /home/sunrise/wheeltec_robot_ws/build/usb_cam -- -j4 -l4
[0.784s] Invoking command in '/home/sunrise/wheeltec_robot_ws/build/usb_cam': CMAKE_PREFIX_PATH=${CMAKE_PREFIX_PATH}:/home/sunrise/wheeltec_robot_ws/install/tf2_tools:/opt/ros/humble /usr/bin/cmake --install /home/sunrise/wheeltec_robot_ws/build/usb_cam
[0.816s] -- Install configuration: ""
[0.818s] -- Up-to-date: /home/sunrise/wheeltec_robot_ws/install/usb_cam/share/usb_cam/environment/library_path.sh
[0.819s] -- Up-to-date: /home/sunrise/wheeltec_robot_ws/install/usb_cam/share/usb_cam/environment/library_path.dsv
[0.825s] -- Up-to-date: /home/sunrise/wheeltec_robot_ws/install/usb_cam/lib/usb_cam/usb_cam_node_exe
[0.827s] -- Up-to-date: /home/sunrise/wheeltec_robot_ws/install/usb_cam/lib/usb_cam/show_image.py
[0.829s] -- Up-to-date: /home/sunrise/wheeltec_robot_ws/install/usb_cam/lib/libusb_cam.so
[0.831s] -- Up-to-date: /home/sunrise/wheeltec_robot_ws/install/usb_cam/lib/libusb_cam_node.so
[0.833s] -- Up-to-date: /home/sunrise/wheeltec_robot_ws/install/usb_cam/include
[0.835s] -- Up-to-date: /home/sunrise/wheeltec_robot_ws/install/usb_cam/include/usb_cam
[0.836s] -- Up-to-date: /home/sunrise/wheeltec_robot_ws/install/usb_cam/include/usb_cam/usb_cam_node.hpp
[0.837s] -- Up-to-date: /home/sunrise/wheeltec_robot_ws/install/usb_cam/include/usb_cam/usb_cam.hpp
[0.838s] -- Up-to-date: /home/sunrise/wheeltec_robot_ws/install/usb_cam/include/usb_cam/formats
[0.839s] -- Up-to-date: /home/sunrise/wheeltec_robot_ws/install/usb_cam/include/usb_cam/formats/mjpeg.hpp
[0.841s] -- Up-to-date: /home/sunrise/wheeltec_robot_ws/install/usb_cam/include/usb_cam/formats/mono.hpp
[0.842s] -- Up-to-date: /home/sunrise/wheeltec_robot_ws/install/usb_cam/include/usb_cam/formats/uyvy.hpp
[0.844s] -- Up-to-date: /home/sunrise/wheeltec_robot_ws/install/usb_cam/include/usb_cam/formats/rgb.hpp
[0.845s] -- Up-to-date: /home/sunrise/wheeltec_robot_ws/install/usb_cam/include/usb_cam/formats/utils.hpp
[0.848s] -- Up-to-date: /home/sunrise/wheeltec_robot_ws/install/usb_cam/include/usb_cam/formats/yuyv.hpp
[0.851s] -- Up-to-date: /home/sunrise/wheeltec_robot_ws/install/usb_cam/include/usb_cam/formats/m420.hpp
[0.852s] -- Up-to-date: /home/sunrise/wheeltec_robot_ws/install/usb_cam/include/usb_cam/formats/pixel_format_base.hpp
[0.853s] -- Up-to-date: /home/sunrise/wheeltec_robot_ws/install/usb_cam/include/usb_cam/constants.hpp
[0.855s] -- Up-to-date: /home/sunrise/wheeltec_robot_ws/install/usb_cam/include/usb_cam/utils.hpp
[0.856s] -- Up-to-date: /home/sunrise/wheeltec_robot_ws/install/usb_cam/include/usb_cam/conversions.hpp
[0.857s] -- Up-to-date: /home/sunrise/wheeltec_robot_ws/install/usb_cam/lib/libusb_cam_node.so
[0.859s] -- Up-to-date: /home/sunrise/wheeltec_robot_ws/install/usb_cam/share/usb_cam/launch
[0.860s] -- Up-to-date: /home/sunrise/wheeltec_robot_ws/install/usb_cam/share/usb_cam/launch/usb_cam_launch.py
[0.863s] -- Up-to-date: /home/sunrise/wheeltec_robot_ws/install/usb_cam/share/usb_cam/launch/camera_config.py
[0.864s] -- Up-to-date: /home/sunrise/wheeltec_robot_ws/install/usb_cam/share/usb_cam/launch/demo.launch.py
[0.865s] -- Up-to-date: /home/sunrise/wheeltec_robot_ws/install/usb_cam/share/usb_cam/launch/camera.launch.py
[0.867s] -- Up-to-date: /home/sunrise/wheeltec_robot_ws/install/usb_cam/share/usb_cam/launch/__init__.py
[0.868s] -- Up-to-date: /home/sunrise/wheeltec_robot_ws/install/usb_cam/share/usb_cam/config
[0.870s] -- Up-to-date: /home/sunrise/wheeltec_robot_ws/install/usb_cam/share/usb_cam/config/camera_info.yaml
[0.872s] -- Up-to-date: /home/sunrise/wheeltec_robot_ws/install/usb_cam/share/usb_cam/config/params_1.yaml
[0.874s] -- Up-to-date: /home/sunrise/wheeltec_robot_ws/install/usb_cam/share/usb_cam/config/params_2.yaml
[0.875s] -- Installing: /home/sunrise/wheeltec_robot_ws/install/usb_cam/share/usb_cam/config/params.yaml
[0.881s] -- Up-to-date: /home/sunrise/wheeltec_robot_ws/install/usb_cam/share/ament_index/resource_index/package_run_dependencies/usb_cam
[0.882s] -- Up-to-date: /home/sunrise/wheeltec_robot_ws/install/usb_cam/share/ament_index/resource_index/parent_prefix_path/usb_cam
[0.883s] -- Up-to-date: /home/sunrise/wheeltec_robot_ws/install/usb_cam/share/usb_cam/environment/ament_prefix_path.sh
[0.887s] -- Up-to-date: /home/sunrise/wheeltec_robot_ws/install/usb_cam/share/usb_cam/environment/ament_prefix_path.dsv
[0.889s] -- Up-to-date: /home/sunrise/wheeltec_robot_ws/install/usb_cam/share/usb_cam/environment/path.sh
[0.894s] -- Up-to-date: /home/sunrise/wheeltec_robot_ws/install/usb_cam/share/usb_cam/environment/path.dsv
[0.895s] -- Up-to-date: /home/sunrise/wheeltec_robot_ws/install/usb_cam/share/usb_cam/local_setup.bash
[0.897s] -- Up-to-date: /home/sunrise/wheeltec_robot_ws/install/usb_cam/share/usb_cam/local_setup.sh
[0.898s] -- Up-to-date: /home/sunrise/wheeltec_robot_ws/install/usb_cam/share/usb_cam/local_setup.zsh
[0.898s] -- Up-to-date: /home/sunrise/wheeltec_robot_ws/install/usb_cam/share/usb_cam/local_setup.dsv
[0.899s] -- Installing: /home/sunrise/wheeltec_robot_ws/install/usb_cam/share/usb_cam/package.dsv
[0.900s] -- Up-to-date: /home/sunrise/wheeltec_robot_ws/install/usb_cam/share/ament_index/resource_index/packages/usb_cam
[0.901s] -- Up-to-date: /home/sunrise/wheeltec_robot_ws/install/usb_cam/share/ament_index/resource_index/rclcpp_components/usb_cam
[0.902s] -- Up-to-date: /home/sunrise/wheeltec_robot_ws/install/usb_cam/share/usb_cam/cmake/ament_cmake_export_libraries-extras.cmake
[0.903s] -- Up-to-date: /home/sunrise/wheeltec_robot_ws/install/usb_cam/share/usb_cam/cmake/ament_cmake_export_dependencies-extras.cmake
[0.904s] -- Up-to-date: /home/sunrise/wheeltec_robot_ws/install/usb_cam/share/usb_cam/cmake/ament_cmake_export_include_directories-extras.cmake
[0.906s] -- Up-to-date: /home/sunrise/wheeltec_robot_ws/install/usb_cam/share/usb_cam/cmake/usb_camConfig.cmake
[0.906s] -- Up-to-date: /home/sunrise/wheeltec_robot_ws/install/usb_cam/share/usb_cam/cmake/usb_camConfig-version.cmake
[0.907s] -- Up-to-date: /home/sunrise/wheeltec_robot_ws/install/usb_cam/share/usb_cam/package.xml
[0.908s] Invoked command in '/home/sunrise/wheeltec_robot_ws/build/usb_cam' returned '0': CMAKE_PREFIX_PATH=${CMAKE_PREFIX_PATH}:/home/sunrise/wheeltec_robot_ws/install/tf2_tools:/opt/ros/humble /usr/bin/cmake --install /home/sunrise/wheeltec_robot_ws/build/usb_cam
