[13.982s] Invoking command in '/home/sunrise/wheeltec_robot_ws/src/tf2_tools': PYTHONPATH=/home/sunrise/wheeltec_robot_ws/build/tf2_tools/prefix_override:/usr/lib/python3/dist-packages/colcon_core/task/python/colcon_distutils_commands:/home/sunrise/wheeltec_robot_ws/install/tf2_tools/lib/python3.10/site-packages:${PYTHONPATH} /usr/bin/python3 -W ignore:setup.py install is deprecated setup.py egg_info --egg-base ../../build/tf2_tools build --build-base /home/sunrise/wheeltec_robot_ws/build/tf2_tools/build install --record /home/sunrise/wheeltec_robot_ws/build/tf2_tools/install.log --single-version-externally-managed install_data
[18.865s] running egg_info
[18.874s] writing ../../build/tf2_tools/tf2_tools.egg-info/PKG-INFO
[18.879s] writing dependency_links to ../../build/tf2_tools/tf2_tools.egg-info/dependency_links.txt
[18.882s] writing entry points to ../../build/tf2_tools/tf2_tools.egg-info/entry_points.txt
[18.885s] writing requirements to ../../build/tf2_tools/tf2_tools.egg-info/requires.txt
[18.887s] writing top-level names to ../../build/tf2_tools/tf2_tools.egg-info/top_level.txt
[18.908s] reading manifest file '../../build/tf2_tools/tf2_tools.egg-info/SOURCES.txt'
[18.921s] writing manifest file '../../build/tf2_tools/tf2_tools.egg-info/SOURCES.txt'
[18.924s] running build
[18.926s] running build_py
[18.932s] running install
[18.936s] running install_lib
[18.951s] running install_data
[18.952s] running install_egg_info
[18.969s] removing '/home/sunrise/wheeltec_robot_ws/install/tf2_tools/lib/python3.10/site-packages/tf2_tools-0.17.1-py3.10.egg-info' (and everything under it)
[18.983s] Copying ../../build/tf2_tools/tf2_tools.egg-info to /home/sunrise/wheeltec_robot_ws/install/tf2_tools/lib/python3.10/site-packages/tf2_tools-0.17.1-py3.10.egg-info
[18.999s] running install_scripts
[19.323s] Installing view_frames script to /home/sunrise/wheeltec_robot_ws/install/tf2_tools/lib/tf2_tools
[19.346s] writing list of installed files to '/home/sunrise/wheeltec_robot_ws/build/tf2_tools/install.log'
[19.880s] Invoked command in '/home/sunrise/wheeltec_robot_ws/src/tf2_tools' returned '0': PYTHONPATH=/home/sunrise/wheeltec_robot_ws/build/tf2_tools/prefix_override:/usr/lib/python3/dist-packages/colcon_core/task/python/colcon_distutils_commands:/home/sunrise/wheeltec_robot_ws/install/tf2_tools/lib/python3.10/site-packages:${PYTHONPATH} /usr/bin/python3 -W ignore:setup.py install is deprecated setup.py egg_info --egg-base ../../build/tf2_tools build --build-base /home/sunrise/wheeltec_robot_ws/build/tf2_tools/build install --record /home/sunrise/wheeltec_robot_ws/build/tf2_tools/install.log --single-version-externally-managed install_data
