[0.158s] Invoking command in '/home/sunrise/wheeltec_robot_ws/build/turn_on_wheeltec_robot': AMENT_PREFIX_PATH=/home/sunrise/wheeltec_robot_ws/install/wheeltec_robot_msg:/home/sunrise/wheeltec_robot_ws/install/serial:${AMENT_PREFIX_PATH} CMAKE_PREFIX_PATH=/home/sunrise/wheeltec_robot_ws/install/wheeltec_robot_msg:/home/sunrise/wheeltec_robot_ws/install/serial:/opt/ros/humble LD_LIBRARY_PATH=/home/sunrise/wheeltec_robot_ws/install/wheeltec_robot_msg/lib:/home/sunrise/wheeltec_robot_ws/install/serial/lib:${LD_LIBRARY_PATH} PYTHONPATH=/home/sunrise/wheeltec_robot_ws/install/wheeltec_robot_msg/local/lib/python3.10/dist-packages:${PYTHONPATH} /usr/bin/cmake --build /home/sunrise/wheeltec_robot_ws/build/turn_on_wheeltec_robot -- -j4 -l4
[0.940s] [  8%] Built target turn_on_wheeltec_robot__rosidl_generator_c
[1.060s] [ 11%] Built target turn_on_wheeltec_robot__cpp
[1.086s] [ 11%] Built target ament_cmake_python_copy_turn_on_wheeltec_robot
[1.222s] [ 20%] Built target turn_on_wheeltec_robot__rosidl_typesupport_fastrtps_c
[1.276s] [ 29%] Built target wheeltec_robot_node
[1.338s] [ 38%] Built target turn_on_wheeltec_robot__rosidl_typesupport_c
[1.382s] [ 47%] Built target turn_on_wheeltec_robot__rosidl_typesupport_introspection_c
[1.562s] [ 55%] Built target turn_on_wheeltec_robot__rosidl_typesupport_introspection_cpp
[1.664s] [ 64%] Built target turn_on_wheeltec_robot__rosidl_typesupport_fastrtps_cpp
[1.727s] [ 73%] Built target turn_on_wheeltec_robot__rosidl_typesupport_cpp
[1.979s] [ 73%] Built target turn_on_wheeltec_robot
[2.279s] [ 76%] Built target turn_on_wheeltec_robot__py
[2.564s] [ 82%] Built target turn_on_wheeltec_robot__rosidl_generator_py
[2.900s] [ 88%] Built target turn_on_wheeltec_robot__rosidl_typesupport_c__pyext
[2.936s] [ 94%] Built target turn_on_wheeltec_robot__rosidl_typesupport_introspection_c__pyext
[2.944s] [100%] Built target turn_on_wheeltec_robot__rosidl_typesupport_fastrtps_c__pyext
[5.897s] running egg_info
[5.912s] writing turn_on_wheeltec_robot.egg-info/PKG-INFO
[5.916s] writing dependency_links to turn_on_wheeltec_robot.egg-info/dependency_links.txt
[5.923s] writing top-level names to turn_on_wheeltec_robot.egg-info/top_level.txt
[5.948s] reading manifest file 'turn_on_wheeltec_robot.egg-info/SOURCES.txt'
[5.957s] writing manifest file 'turn_on_wheeltec_robot.egg-info/SOURCES.txt'
[6.281s] [100%] Built target ament_cmake_python_build_turn_on_wheeltec_robot_egg
[6.362s] Invoked command in '/home/sunrise/wheeltec_robot_ws/build/turn_on_wheeltec_robot' returned '0': AMENT_PREFIX_PATH=/home/sunrise/wheeltec_robot_ws/install/wheeltec_robot_msg:/home/sunrise/wheeltec_robot_ws/install/serial:${AMENT_PREFIX_PATH} CMAKE_PREFIX_PATH=/home/sunrise/wheeltec_robot_ws/install/wheeltec_robot_msg:/home/sunrise/wheeltec_robot_ws/install/serial:/opt/ros/humble LD_LIBRARY_PATH=/home/sunrise/wheeltec_robot_ws/install/wheeltec_robot_msg/lib:/home/sunrise/wheeltec_robot_ws/install/serial/lib:${LD_LIBRARY_PATH} PYTHONPATH=/home/sunrise/wheeltec_robot_ws/install/wheeltec_robot_msg/local/lib/python3.10/dist-packages:${PYTHONPATH} /usr/bin/cmake --build /home/sunrise/wheeltec_robot_ws/build/turn_on_wheeltec_robot -- -j4 -l4
[7.077s] Invoking command in '/home/sunrise/wheeltec_robot_ws/build/turn_on_wheeltec_robot': AMENT_PREFIX_PATH=/home/sunrise/wheeltec_robot_ws/install/wheeltec_robot_msg:/home/sunrise/wheeltec_robot_ws/install/serial:${AMENT_PREFIX_PATH} CMAKE_PREFIX_PATH=/home/sunrise/wheeltec_robot_ws/install/wheeltec_robot_msg:/home/sunrise/wheeltec_robot_ws/install/serial:/opt/ros/humble LD_LIBRARY_PATH=/home/sunrise/wheeltec_robot_ws/install/wheeltec_robot_msg/lib:/home/sunrise/wheeltec_robot_ws/install/serial/lib:${LD_LIBRARY_PATH} PYTHONPATH=/home/sunrise/wheeltec_robot_ws/install/wheeltec_robot_msg/local/lib/python3.10/dist-packages:${PYTHONPATH} /usr/bin/cmake --install /home/sunrise/wheeltec_robot_ws/build/turn_on_wheeltec_robot
[7.156s] -- Install configuration: ""
[7.157s] -- Up-to-date: /home/sunrise/wheeltec_robot_ws/install/turn_on_wheeltec_robot/share/ament_index/resource_index/rosidl_interfaces/turn_on_wheeltec_robot
[7.158s] -- Up-to-date: /home/sunrise/wheeltec_robot_ws/install/turn_on_wheeltec_robot/include/turn_on_wheeltec_robot/turn_on_wheeltec_robot
[7.159s] -- Up-to-date: /home/sunrise/wheeltec_robot_ws/install/turn_on_wheeltec_robot/include/turn_on_wheeltec_robot/turn_on_wheeltec_robot/msg
[7.160s] -- Up-to-date: /home/sunrise/wheeltec_robot_ws/install/turn_on_wheeltec_robot/include/turn_on_wheeltec_robot/turn_on_wheeltec_robot/msg/rosidl_generator_c__visibility_control.h
[7.161s] -- Up-to-date: /home/sunrise/wheeltec_robot_ws/install/turn_on_wheeltec_robot/include/turn_on_wheeltec_robot/turn_on_wheeltec_robot/msg/detail
[7.162s] -- Up-to-date: /home/sunrise/wheeltec_robot_ws/install/turn_on_wheeltec_robot/include/turn_on_wheeltec_robot/turn_on_wheeltec_robot/msg/detail/position__functions.h
[7.169s] -- Up-to-date: /home/sunrise/wheeltec_robot_ws/install/turn_on_wheeltec_robot/include/turn_on_wheeltec_robot/turn_on_wheeltec_robot/msg/detail/position__type_support.h
[7.171s] -- Up-to-date: /home/sunrise/wheeltec_robot_ws/install/turn_on_wheeltec_robot/include/turn_on_wheeltec_robot/turn_on_wheeltec_robot/msg/detail/position__struct.h
[7.176s] -- Up-to-date: /home/sunrise/wheeltec_robot_ws/install/turn_on_wheeltec_robot/include/turn_on_wheeltec_robot/turn_on_wheeltec_robot/msg/detail/position__functions.c
[7.177s] -- Up-to-date: /home/sunrise/wheeltec_robot_ws/install/turn_on_wheeltec_robot/include/turn_on_wheeltec_robot/turn_on_wheeltec_robot/msg/position.h
[7.178s] -- Up-to-date: /home/sunrise/wheeltec_robot_ws/install/turn_on_wheeltec_robot/share/turn_on_wheeltec_robot/environment/library_path.sh
[7.179s] -- Up-to-date: /home/sunrise/wheeltec_robot_ws/install/turn_on_wheeltec_robot/share/turn_on_wheeltec_robot/environment/library_path.dsv
[7.189s] -- Up-to-date: /home/sunrise/wheeltec_robot_ws/install/turn_on_wheeltec_robot/lib/libturn_on_wheeltec_robot__rosidl_generator_c.so
[7.190s] -- Up-to-date: /home/sunrise/wheeltec_robot_ws/install/turn_on_wheeltec_robot/include/turn_on_wheeltec_robot/turn_on_wheeltec_robot
[7.196s] -- Up-to-date: /home/sunrise/wheeltec_robot_ws/install/turn_on_wheeltec_robot/include/turn_on_wheeltec_robot/turn_on_wheeltec_robot/msg
[7.197s] -- Up-to-date: /home/sunrise/wheeltec_robot_ws/install/turn_on_wheeltec_robot/include/turn_on_wheeltec_robot/turn_on_wheeltec_robot/msg/rosidl_typesupport_fastrtps_c__visibility_control.h
[7.198s] -- Up-to-date: /home/sunrise/wheeltec_robot_ws/install/turn_on_wheeltec_robot/include/turn_on_wheeltec_robot/turn_on_wheeltec_robot/msg/detail
[7.203s] -- Up-to-date: /home/sunrise/wheeltec_robot_ws/install/turn_on_wheeltec_robot/include/turn_on_wheeltec_robot/turn_on_wheeltec_robot/msg/detail/position__rosidl_typesupport_fastrtps_c.h
[7.205s] -- Up-to-date: /home/sunrise/wheeltec_robot_ws/install/turn_on_wheeltec_robot/lib/libturn_on_wheeltec_robot__rosidl_typesupport_fastrtps_c.so
[7.206s] -- Up-to-date: /home/sunrise/wheeltec_robot_ws/install/turn_on_wheeltec_robot/include/turn_on_wheeltec_robot/turn_on_wheeltec_robot
[7.207s] -- Up-to-date: /home/sunrise/wheeltec_robot_ws/install/turn_on_wheeltec_robot/include/turn_on_wheeltec_robot/turn_on_wheeltec_robot/msg
[7.221s] -- Up-to-date: /home/sunrise/wheeltec_robot_ws/install/turn_on_wheeltec_robot/include/turn_on_wheeltec_robot/turn_on_wheeltec_robot/msg/position.hpp
[7.222s] -- Up-to-date: /home/sunrise/wheeltec_robot_ws/install/turn_on_wheeltec_robot/include/turn_on_wheeltec_robot/turn_on_wheeltec_robot/msg/detail
[7.223s] -- Up-to-date: /home/sunrise/wheeltec_robot_ws/install/turn_on_wheeltec_robot/include/turn_on_wheeltec_robot/turn_on_wheeltec_robot/msg/detail/position__struct.hpp
[7.224s] -- Up-to-date: /home/sunrise/wheeltec_robot_ws/install/turn_on_wheeltec_robot/include/turn_on_wheeltec_robot/turn_on_wheeltec_robot/msg/detail/position__builder.hpp
[7.225s] -- Up-to-date: /home/sunrise/wheeltec_robot_ws/install/turn_on_wheeltec_robot/include/turn_on_wheeltec_robot/turn_on_wheeltec_robot/msg/detail/position__traits.hpp
[7.226s] -- Up-to-date: /home/sunrise/wheeltec_robot_ws/install/turn_on_wheeltec_robot/include/turn_on_wheeltec_robot/turn_on_wheeltec_robot
[7.232s] -- Up-to-date: /home/sunrise/wheeltec_robot_ws/install/turn_on_wheeltec_robot/include/turn_on_wheeltec_robot/turn_on_wheeltec_robot/msg
[7.233s] -- Up-to-date: /home/sunrise/wheeltec_robot_ws/install/turn_on_wheeltec_robot/include/turn_on_wheeltec_robot/turn_on_wheeltec_robot/msg/rosidl_typesupport_fastrtps_cpp__visibility_control.h
[7.237s] -- Up-to-date: /home/sunrise/wheeltec_robot_ws/install/turn_on_wheeltec_robot/include/turn_on_wheeltec_robot/turn_on_wheeltec_robot/msg/detail
[7.239s] -- Up-to-date: /home/sunrise/wheeltec_robot_ws/install/turn_on_wheeltec_robot/include/turn_on_wheeltec_robot/turn_on_wheeltec_robot/msg/detail/position__rosidl_typesupport_fastrtps_cpp.hpp
[7.248s] -- Up-to-date: /home/sunrise/wheeltec_robot_ws/install/turn_on_wheeltec_robot/include/turn_on_wheeltec_robot/turn_on_wheeltec_robot/msg/detail/dds_fastrtps
[7.250s] -- Up-to-date: /home/sunrise/wheeltec_robot_ws/install/turn_on_wheeltec_robot/lib/libturn_on_wheeltec_robot__rosidl_typesupport_fastrtps_cpp.so
[7.256s] -- Up-to-date: /home/sunrise/wheeltec_robot_ws/install/turn_on_wheeltec_robot/include/turn_on_wheeltec_robot/turn_on_wheeltec_robot
[7.257s] -- Up-to-date: /home/sunrise/wheeltec_robot_ws/install/turn_on_wheeltec_robot/include/turn_on_wheeltec_robot/turn_on_wheeltec_robot/msg
[7.258s] -- Up-to-date: /home/sunrise/wheeltec_robot_ws/install/turn_on_wheeltec_robot/include/turn_on_wheeltec_robot/turn_on_wheeltec_robot/msg/rosidl_typesupport_introspection_c__visibility_control.h
[7.259s] -- Up-to-date: /home/sunrise/wheeltec_robot_ws/install/turn_on_wheeltec_robot/include/turn_on_wheeltec_robot/turn_on_wheeltec_robot/msg/detail
[7.268s] -- Up-to-date: /home/sunrise/wheeltec_robot_ws/install/turn_on_wheeltec_robot/include/turn_on_wheeltec_robot/turn_on_wheeltec_robot/msg/detail/position__type_support.c
[7.269s] -- Up-to-date: /home/sunrise/wheeltec_robot_ws/install/turn_on_wheeltec_robot/include/turn_on_wheeltec_robot/turn_on_wheeltec_robot/msg/detail/position__rosidl_typesupport_introspection_c.h
[7.270s] -- Up-to-date: /home/sunrise/wheeltec_robot_ws/install/turn_on_wheeltec_robot/lib/libturn_on_wheeltec_robot__rosidl_typesupport_introspection_c.so
[7.271s] -- Up-to-date: /home/sunrise/wheeltec_robot_ws/install/turn_on_wheeltec_robot/lib/libturn_on_wheeltec_robot__rosidl_typesupport_c.so
[7.272s] -- Up-to-date: /home/sunrise/wheeltec_robot_ws/install/turn_on_wheeltec_robot/include/turn_on_wheeltec_robot/turn_on_wheeltec_robot
[7.274s] -- Up-to-date: /home/sunrise/wheeltec_robot_ws/install/turn_on_wheeltec_robot/include/turn_on_wheeltec_robot/turn_on_wheeltec_robot/msg
[7.275s] -- Up-to-date: /home/sunrise/wheeltec_robot_ws/install/turn_on_wheeltec_robot/include/turn_on_wheeltec_robot/turn_on_wheeltec_robot/msg/detail
[7.292s] -- Up-to-date: /home/sunrise/wheeltec_robot_ws/install/turn_on_wheeltec_robot/include/turn_on_wheeltec_robot/turn_on_wheeltec_robot/msg/detail/position__rosidl_typesupport_introspection_cpp.hpp
[7.293s] -- Up-to-date: /home/sunrise/wheeltec_robot_ws/install/turn_on_wheeltec_robot/include/turn_on_wheeltec_robot/turn_on_wheeltec_robot/msg/detail/position__type_support.cpp
[7.294s] -- Up-to-date: /home/sunrise/wheeltec_robot_ws/install/turn_on_wheeltec_robot/lib/libturn_on_wheeltec_robot__rosidl_typesupport_introspection_cpp.so
[7.295s] -- Up-to-date: /home/sunrise/wheeltec_robot_ws/install/turn_on_wheeltec_robot/lib/libturn_on_wheeltec_robot__rosidl_typesupport_cpp.so
[7.296s] -- Up-to-date: /home/sunrise/wheeltec_robot_ws/install/turn_on_wheeltec_robot/share/turn_on_wheeltec_robot/environment/pythonpath.sh
[7.297s] -- Up-to-date: /home/sunrise/wheeltec_robot_ws/install/turn_on_wheeltec_robot/share/turn_on_wheeltec_robot/environment/pythonpath.dsv
[7.298s] -- Up-to-date: /home/sunrise/wheeltec_robot_ws/install/turn_on_wheeltec_robot/local/lib/python3.10/dist-packages/turn_on_wheeltec_robot-0.0.0-py3.10.egg-info
[7.315s] -- Installing: /home/sunrise/wheeltec_robot_ws/install/turn_on_wheeltec_robot/local/lib/python3.10/dist-packages/turn_on_wheeltec_robot-0.0.0-py3.10.egg-info/top_level.txt
[7.317s] -- Installing: /home/sunrise/wheeltec_robot_ws/install/turn_on_wheeltec_robot/local/lib/python3.10/dist-packages/turn_on_wheeltec_robot-0.0.0-py3.10.egg-info/SOURCES.txt
[7.318s] -- Installing: /home/sunrise/wheeltec_robot_ws/install/turn_on_wheeltec_robot/local/lib/python3.10/dist-packages/turn_on_wheeltec_robot-0.0.0-py3.10.egg-info/PKG-INFO
[7.319s] -- Installing: /home/sunrise/wheeltec_robot_ws/install/turn_on_wheeltec_robot/local/lib/python3.10/dist-packages/turn_on_wheeltec_robot-0.0.0-py3.10.egg-info/dependency_links.txt
[7.324s] -- Up-to-date: /home/sunrise/wheeltec_robot_ws/install/turn_on_wheeltec_robot/local/lib/python3.10/dist-packages/turn_on_wheeltec_robot
[7.325s] -- Up-to-date: /home/sunrise/wheeltec_robot_ws/install/turn_on_wheeltec_robot/local/lib/python3.10/dist-packages/turn_on_wheeltec_robot/_turn_on_wheeltec_robot_s.ep.rosidl_typesupport_fastrtps_c.c
[7.326s] -- Up-to-date: /home/sunrise/wheeltec_robot_ws/install/turn_on_wheeltec_robot/local/lib/python3.10/dist-packages/turn_on_wheeltec_robot/turn_on_wheeltec_robot_s__rosidl_typesupport_c.cpython-310-aarch64-linux-gnu.so
[7.332s] -- Up-to-date: /home/sunrise/wheeltec_robot_ws/install/turn_on_wheeltec_robot/local/lib/python3.10/dist-packages/turn_on_wheeltec_robot/msg
[7.333s] -- Up-to-date: /home/sunrise/wheeltec_robot_ws/install/turn_on_wheeltec_robot/local/lib/python3.10/dist-packages/turn_on_wheeltec_robot/msg/_position.py
[7.334s] -- Up-to-date: /home/sunrise/wheeltec_robot_ws/install/turn_on_wheeltec_robot/local/lib/python3.10/dist-packages/turn_on_wheeltec_robot/msg/_position_s.c
[7.334s] -- Up-to-date: /home/sunrise/wheeltec_robot_ws/install/turn_on_wheeltec_robot/local/lib/python3.10/dist-packages/turn_on_wheeltec_robot/msg/__init__.py
[7.340s] -- Up-to-date: /home/sunrise/wheeltec_robot_ws/install/turn_on_wheeltec_robot/local/lib/python3.10/dist-packages/turn_on_wheeltec_robot/_turn_on_wheeltec_robot_s.ep.rosidl_typesupport_c.c
[7.341s] -- Up-to-date: /home/sunrise/wheeltec_robot_ws/install/turn_on_wheeltec_robot/local/lib/python3.10/dist-packages/turn_on_wheeltec_robot/__init__.py
[7.342s] -- Up-to-date: /home/sunrise/wheeltec_robot_ws/install/turn_on_wheeltec_robot/local/lib/python3.10/dist-packages/turn_on_wheeltec_robot/libturn_on_wheeltec_robot__rosidl_generator_py.so
[7.343s] -- Up-to-date: /home/sunrise/wheeltec_robot_ws/install/turn_on_wheeltec_robot/local/lib/python3.10/dist-packages/turn_on_wheeltec_robot/turn_on_wheeltec_robot_s__rosidl_typesupport_fastrtps_c.cpython-310-aarch64-linux-gnu.so
[7.344s] -- Up-to-date: /home/sunrise/wheeltec_robot_ws/install/turn_on_wheeltec_robot/local/lib/python3.10/dist-packages/turn_on_wheeltec_robot/turn_on_wheeltec_robot_s__rosidl_typesupport_introspection_c.cpython-310-aarch64-linux-gnu.so
[7.345s] -- Up-to-date: /home/sunrise/wheeltec_robot_ws/install/turn_on_wheeltec_robot/local/lib/python3.10/dist-packages/turn_on_wheeltec_robot/_turn_on_wheeltec_robot_s.ep.rosidl_typesupport_introspection_c.c
[7.686s] Listing '/home/sunrise/wheeltec_robot_ws/install/turn_on_wheeltec_robot/local/lib/python3.10/dist-packages/turn_on_wheeltec_robot'...
[7.687s] Listing '/home/sunrise/wheeltec_robot_ws/install/turn_on_wheeltec_robot/local/lib/python3.10/dist-packages/turn_on_wheeltec_robot/msg'...
[7.785s] -- Up-to-date: /home/sunrise/wheeltec_robot_ws/install/turn_on_wheeltec_robot/local/lib/python3.10/dist-packages/turn_on_wheeltec_robot/turn_on_wheeltec_robot_s__rosidl_typesupport_fastrtps_c.cpython-310-aarch64-linux-gnu.so
[7.792s] -- Up-to-date: /home/sunrise/wheeltec_robot_ws/install/turn_on_wheeltec_robot/local/lib/python3.10/dist-packages/turn_on_wheeltec_robot/turn_on_wheeltec_robot_s__rosidl_typesupport_introspection_c.cpython-310-aarch64-linux-gnu.so
[7.793s] -- Up-to-date: /home/sunrise/wheeltec_robot_ws/install/turn_on_wheeltec_robot/local/lib/python3.10/dist-packages/turn_on_wheeltec_robot/turn_on_wheeltec_robot_s__rosidl_typesupport_c.cpython-310-aarch64-linux-gnu.so
[7.803s] -- Up-to-date: /home/sunrise/wheeltec_robot_ws/install/turn_on_wheeltec_robot/lib/libturn_on_wheeltec_robot__rosidl_generator_py.so
[7.810s] -- Up-to-date: /home/sunrise/wheeltec_robot_ws/install/turn_on_wheeltec_robot/share/turn_on_wheeltec_robot/msg/Position.idl
[7.811s] -- Up-to-date: /home/sunrise/wheeltec_robot_ws/install/turn_on_wheeltec_robot/share/turn_on_wheeltec_robot/msg/Position.msg
[7.819s] -- Up-to-date: /home/sunrise/wheeltec_robot_ws/install/turn_on_wheeltec_robot/lib/turn_on_wheeltec_robot/wheeltec_robot_node
[7.840s] -- Up-to-date: /home/sunrise/wheeltec_robot_ws/install/turn_on_wheeltec_robot/share/turn_on_wheeltec_robot/launch
[7.841s] -- Up-to-date: /home/sunrise/wheeltec_robot_ws/install/turn_on_wheeltec_robot/share/turn_on_wheeltec_robot/launch/robot_mode_description.launch.py
[7.842s] -- Up-to-date: /home/sunrise/wheeltec_robot_ws/install/turn_on_wheeltec_robot/share/turn_on_wheeltec_robot/launch/wheeltec_lidar.launch.py
[7.843s] -- Up-to-date: /home/sunrise/wheeltec_robot_ws/install/turn_on_wheeltec_robot/share/turn_on_wheeltec_robot/launch/__pycache__
[7.848s] -- Up-to-date: /home/sunrise/wheeltec_robot_ws/install/turn_on_wheeltec_robot/share/turn_on_wheeltec_robot/launch/__pycache__/testtwo.launch.cpython-38.pyc
[7.852s] -- Up-to-date: /home/sunrise/wheeltec_robot_ws/install/turn_on_wheeltec_robot/share/turn_on_wheeltec_robot/launch/robot_mode_description_minibot.launch.py
[7.853s] -- Up-to-date: /home/sunrise/wheeltec_robot_ws/install/turn_on_wheeltec_robot/share/turn_on_wheeltec_robot/launch/base_serial.launch.py
[7.854s] -- Up-to-date: /home/sunrise/wheeltec_robot_ws/install/turn_on_wheeltec_robot/share/turn_on_wheeltec_robot/launch/turn_on_wheeltec_robot.launch.py
[7.855s] -- Installing: /home/sunrise/wheeltec_robot_ws/install/turn_on_wheeltec_robot/share/turn_on_wheeltec_robot/launch/wheeltec_camera.launch.py
[7.856s] -- Up-to-date: /home/sunrise/wheeltec_robot_ws/install/turn_on_wheeltec_robot/share/turn_on_wheeltec_robot/launch/wheeltec_sensors.launch.py
[7.857s] -- Up-to-date: /home/sunrise/wheeltec_robot_ws/install/turn_on_wheeltec_robot/share/turn_on_wheeltec_robot/launch/wheeltec_ekf.launch.py
[7.857s] -- Up-to-date: /home/sunrise/wheeltec_robot_ws/install/turn_on_wheeltec_robot/share/turn_on_wheeltec_robot/config
[7.858s] -- Up-to-date: /home/sunrise/wheeltec_robot_ws/install/turn_on_wheeltec_robot/share/turn_on_wheeltec_robot/config/camera_info.yaml
[7.860s] -- Up-to-date: /home/sunrise/wheeltec_robot_ws/install/turn_on_wheeltec_robot/share/turn_on_wheeltec_robot/config/ekf.yaml
[7.861s] -- Up-to-date: /home/sunrise/wheeltec_robot_ws/install/turn_on_wheeltec_robot/share/turn_on_wheeltec_robot/config/ekf_carto.yaml
[7.862s] -- Up-to-date: /home/sunrise/wheeltec_robot_ws/install/turn_on_wheeltec_robot/share/turn_on_wheeltec_robot/config/imu.yaml
[7.863s] -- Up-to-date: /home/sunrise/wheeltec_robot_ws/install/turn_on_wheeltec_robot/share/ament_index/resource_index/package_run_dependencies/turn_on_wheeltec_robot
[7.865s] -- Up-to-date: /home/sunrise/wheeltec_robot_ws/install/turn_on_wheeltec_robot/share/ament_index/resource_index/parent_prefix_path/turn_on_wheeltec_robot
[7.866s] -- Up-to-date: /home/sunrise/wheeltec_robot_ws/install/turn_on_wheeltec_robot/share/turn_on_wheeltec_robot/environment/ament_prefix_path.sh
[7.868s] -- Up-to-date: /home/sunrise/wheeltec_robot_ws/install/turn_on_wheeltec_robot/share/turn_on_wheeltec_robot/environment/ament_prefix_path.dsv
[7.869s] -- Up-to-date: /home/sunrise/wheeltec_robot_ws/install/turn_on_wheeltec_robot/share/turn_on_wheeltec_robot/environment/path.sh
[7.870s] -- Up-to-date: /home/sunrise/wheeltec_robot_ws/install/turn_on_wheeltec_robot/share/turn_on_wheeltec_robot/environment/path.dsv
[7.877s] -- Up-to-date: /home/sunrise/wheeltec_robot_ws/install/turn_on_wheeltec_robot/share/turn_on_wheeltec_robot/local_setup.bash
[7.878s] -- Up-to-date: /home/sunrise/wheeltec_robot_ws/install/turn_on_wheeltec_robot/share/turn_on_wheeltec_robot/local_setup.sh
[7.879s] -- Up-to-date: /home/sunrise/wheeltec_robot_ws/install/turn_on_wheeltec_robot/share/turn_on_wheeltec_robot/local_setup.zsh
[7.884s] -- Up-to-date: /home/sunrise/wheeltec_robot_ws/install/turn_on_wheeltec_robot/share/turn_on_wheeltec_robot/local_setup.dsv
[7.886s] -- Installing: /home/sunrise/wheeltec_robot_ws/install/turn_on_wheeltec_robot/share/turn_on_wheeltec_robot/package.dsv
[7.888s] -- Up-to-date: /home/sunrise/wheeltec_robot_ws/install/turn_on_wheeltec_robot/share/ament_index/resource_index/packages/turn_on_wheeltec_robot
[7.890s] -- Up-to-date: /home/sunrise/wheeltec_robot_ws/install/turn_on_wheeltec_robot/share/turn_on_wheeltec_robot/cmake/export_turn_on_wheeltec_robot__rosidl_generator_cExport.cmake
[7.891s] -- Up-to-date: /home/sunrise/wheeltec_robot_ws/install/turn_on_wheeltec_robot/share/turn_on_wheeltec_robot/cmake/export_turn_on_wheeltec_robot__rosidl_generator_cExport-noconfig.cmake
[7.896s] -- Up-to-date: /home/sunrise/wheeltec_robot_ws/install/turn_on_wheeltec_robot/share/turn_on_wheeltec_robot/cmake/export_turn_on_wheeltec_robot__rosidl_typesupport_fastrtps_cExport.cmake
[7.897s] -- Up-to-date: /home/sunrise/wheeltec_robot_ws/install/turn_on_wheeltec_robot/share/turn_on_wheeltec_robot/cmake/export_turn_on_wheeltec_robot__rosidl_typesupport_fastrtps_cExport-noconfig.cmake
[7.898s] -- Up-to-date: /home/sunrise/wheeltec_robot_ws/install/turn_on_wheeltec_robot/share/turn_on_wheeltec_robot/cmake/export_turn_on_wheeltec_robot__rosidl_generator_cppExport.cmake
[7.899s] -- Up-to-date: /home/sunrise/wheeltec_robot_ws/install/turn_on_wheeltec_robot/share/turn_on_wheeltec_robot/cmake/export_turn_on_wheeltec_robot__rosidl_typesupport_fastrtps_cppExport.cmake
[7.904s] -- Up-to-date: /home/sunrise/wheeltec_robot_ws/install/turn_on_wheeltec_robot/share/turn_on_wheeltec_robot/cmake/export_turn_on_wheeltec_robot__rosidl_typesupport_fastrtps_cppExport-noconfig.cmake
[7.905s] -- Up-to-date: /home/sunrise/wheeltec_robot_ws/install/turn_on_wheeltec_robot/share/turn_on_wheeltec_robot/cmake/turn_on_wheeltec_robot__rosidl_typesupport_introspection_cExport.cmake
[7.906s] -- Up-to-date: /home/sunrise/wheeltec_robot_ws/install/turn_on_wheeltec_robot/share/turn_on_wheeltec_robot/cmake/turn_on_wheeltec_robot__rosidl_typesupport_introspection_cExport-noconfig.cmake
[7.911s] -- Up-to-date: /home/sunrise/wheeltec_robot_ws/install/turn_on_wheeltec_robot/share/turn_on_wheeltec_robot/cmake/turn_on_wheeltec_robot__rosidl_typesupport_cExport.cmake
[7.924s] -- Up-to-date: /home/sunrise/wheeltec_robot_ws/install/turn_on_wheeltec_robot/share/turn_on_wheeltec_robot/cmake/turn_on_wheeltec_robot__rosidl_typesupport_cExport-noconfig.cmake
[7.925s] -- Up-to-date: /home/sunrise/wheeltec_robot_ws/install/turn_on_wheeltec_robot/share/turn_on_wheeltec_robot/cmake/turn_on_wheeltec_robot__rosidl_typesupport_introspection_cppExport.cmake
[7.926s] -- Up-to-date: /home/sunrise/wheeltec_robot_ws/install/turn_on_wheeltec_robot/share/turn_on_wheeltec_robot/cmake/turn_on_wheeltec_robot__rosidl_typesupport_introspection_cppExport-noconfig.cmake
[7.927s] -- Up-to-date: /home/sunrise/wheeltec_robot_ws/install/turn_on_wheeltec_robot/share/turn_on_wheeltec_robot/cmake/turn_on_wheeltec_robot__rosidl_typesupport_cppExport.cmake
[7.975s] -- Up-to-date: /home/sunrise/wheeltec_robot_ws/install/turn_on_wheeltec_robot/share/turn_on_wheeltec_robot/cmake/turn_on_wheeltec_robot__rosidl_typesupport_cppExport-noconfig.cmake
[7.977s] -- Up-to-date: /home/sunrise/wheeltec_robot_ws/install/turn_on_wheeltec_robot/share/turn_on_wheeltec_robot/cmake/export_turn_on_wheeltec_robot__rosidl_generator_pyExport.cmake
[7.978s] -- Up-to-date: /home/sunrise/wheeltec_robot_ws/install/turn_on_wheeltec_robot/share/turn_on_wheeltec_robot/cmake/export_turn_on_wheeltec_robot__rosidl_generator_pyExport-noconfig.cmake
[7.979s] -- Up-to-date: /home/sunrise/wheeltec_robot_ws/install/turn_on_wheeltec_robot/share/turn_on_wheeltec_robot/cmake/rosidl_cmake-extras.cmake
[8.043s] -- Up-to-date: /home/sunrise/wheeltec_robot_ws/install/turn_on_wheeltec_robot/share/turn_on_wheeltec_robot/cmake/ament_cmake_export_include_directories-extras.cmake
[8.044s] -- Up-to-date: /home/sunrise/wheeltec_robot_ws/install/turn_on_wheeltec_robot/share/turn_on_wheeltec_robot/cmake/ament_cmake_export_libraries-extras.cmake
[8.045s] -- Up-to-date: /home/sunrise/wheeltec_robot_ws/install/turn_on_wheeltec_robot/share/turn_on_wheeltec_robot/cmake/ament_cmake_export_targets-extras.cmake
[8.046s] -- Up-to-date: /home/sunrise/wheeltec_robot_ws/install/turn_on_wheeltec_robot/share/turn_on_wheeltec_robot/cmake/rosidl_cmake_export_typesupport_targets-extras.cmake
[8.047s] -- Up-to-date: /home/sunrise/wheeltec_robot_ws/install/turn_on_wheeltec_robot/share/turn_on_wheeltec_robot/cmake/ament_cmake_export_dependencies-extras.cmake
[8.064s] -- Up-to-date: /home/sunrise/wheeltec_robot_ws/install/turn_on_wheeltec_robot/share/turn_on_wheeltec_robot/cmake/rosidl_cmake_export_typesupport_libraries-extras.cmake
[8.065s] -- Up-to-date: /home/sunrise/wheeltec_robot_ws/install/turn_on_wheeltec_robot/share/turn_on_wheeltec_robot/cmake/turn_on_wheeltec_robotConfig.cmake
[8.066s] -- Up-to-date: /home/sunrise/wheeltec_robot_ws/install/turn_on_wheeltec_robot/share/turn_on_wheeltec_robot/cmake/turn_on_wheeltec_robotConfig-version.cmake
[8.067s] -- Up-to-date: /home/sunrise/wheeltec_robot_ws/install/turn_on_wheeltec_robot/share/turn_on_wheeltec_robot/package.xml
[8.075s] Invoked command in '/home/sunrise/wheeltec_robot_ws/build/turn_on_wheeltec_robot' returned '0': AMENT_PREFIX_PATH=/home/sunrise/wheeltec_robot_ws/install/wheeltec_robot_msg:/home/sunrise/wheeltec_robot_ws/install/serial:${AMENT_PREFIX_PATH} CMAKE_PREFIX_PATH=/home/sunrise/wheeltec_robot_ws/install/wheeltec_robot_msg:/home/sunrise/wheeltec_robot_ws/install/serial:/opt/ros/humble LD_LIBRARY_PATH=/home/sunrise/wheeltec_robot_ws/install/wheeltec_robot_msg/lib:/home/sunrise/wheeltec_robot_ws/install/serial/lib:${LD_LIBRARY_PATH} PYTHONPATH=/home/sunrise/wheeltec_robot_ws/install/wheeltec_robot_msg/local/lib/python3.10/dist-packages:${PYTHONPATH} /usr/bin/cmake --install /home/sunrise/wheeltec_robot_ws/build/turn_on_wheeltec_robot
