[0.061s] Invoking command in '/home/sunrise/wheeltec_robot_ws/build/usb_cam': CMAKE_PREFIX_PATH=${CMAKE_PREFIX_PATH}:/home/sunrise/wheeltec_robot_ws/install/tf2_tools:/opt/ros/humble /usr/bin/cmake /home/sunrise/wheeltec_robot_ws/src/usb_cam-ros2/usb_cam-ros2 -DCMAKE_INSTALL_PREFIX=/home/sunrise/wheeltec_robot_ws/install/usb_cam
[0.402s] -- The C compiler identification is GNU 11.2.0
[0.759s] -- The CXX compiler identification is GNU 11.2.0
[0.799s] -- Detecting C compiler ABI info
[1.180s] -- Detecting C compiler ABI info - done
[1.247s] -- Check for working C compiler: /usr/bin/cc - skipped
[1.249s] -- Detecting C compile features
[1.252s] -- Detecting C compile features - done
[1.273s] -- Detecting CXX compiler ABI info
[1.720s] -- Detecting CXX compiler ABI info - done
[1.790s] -- Check for working CXX compiler: /usr/bin/c++ - skipped
[1.791s] -- Detecting CXX compile features
[1.795s] -- Detecting CXX compile features - done
[1.809s] -- Found ament_cmake_auto: 1.3.9 (/opt/ros/humble/share/ament_cmake_auto/cmake)
[3.099s] -- Found Python3: /usr/bin/python3 (found version "3.10.12") found components: Interpreter 
[4.723s] -- Found rosidl_generator_c: 3.1.5 (/opt/ros/humble/share/rosidl_generator_c/cmake)
[4.760s] -- Found rosidl_adapter: 3.1.5 (/opt/ros/humble/share/rosidl_adapter/cmake)
[4.825s] -- Found rosidl_generator_cpp: 3.1.5 (/opt/ros/humble/share/rosidl_generator_cpp/cmake)
[4.940s] -- Using all available rosidl_typesupport_c: rosidl_typesupport_fastrtps_c;rosidl_typesupport_introspection_c
[5.106s] -- Using all available rosidl_typesupport_cpp: rosidl_typesupport_fastrtps_cpp;rosidl_typesupport_introspection_cpp
[7.620s] -- Found rmw_implementation_cmake: 6.1.2 (/opt/ros/humble/share/rmw_implementation_cmake/cmake)
[7.641s] -- Found rmw_fastrtps_cpp: 6.2.6 (/opt/ros/humble/share/rmw_fastrtps_cpp/cmake)
[8.221s] -- Found OpenSSL: /usr/lib/aarch64-linux-gnu/libcrypto.so (found version "3.0.2")  
[8.378s] -- Found FastRTPS: /opt/ros/humble/include  
[8.667s] -- Using RMW implementation 'rmw_fastrtps_cpp' as default
[8.738s] -- Looking for pthread.h
[9.154s] -- Looking for pthread.h - found
[9.155s] -- Performing Test CMAKE_HAVE_LIBC_PTHREAD
[9.552s] -- Performing Test CMAKE_HAVE_LIBC_PTHREAD - Success
[9.558s] -- Found Threads: TRUE  
[12.407s] -- Found OpenCV: /usr (found version "4.5.4") 
[12.425s] -- Found PkgConfig: /usr/bin/pkg-config (found version "0.29.2") 
[12.432s] -- Checking for module 'libavcodec'
[12.490s] --   Found libavcodec, version 58.134.100
[12.624s] -- Checking for module 'libavutil'
[12.681s] --   Found libavutil, version 56.70.100
[12.807s] -- Checking for module 'libswscale'
[12.864s] --   Found libswscale, version 5.9.100
[13.059s] -- Found ament_lint_auto: 0.12.11 (/opt/ros/humble/share/ament_lint_auto/cmake)
[13.199s] -- Found gtest sources under '/opt/ros/humble/src/gtest_vendor': C++ tests using 'Google Test' will be built
[13.269s] -- Added test 'copyright' to check source files copyright and LICENSE
[13.283s] -- Added test 'cppcheck' to perform static code analysis on C / C++ code
[13.286s] -- Configured cppcheck include dirs: /home/sunrise/wheeltec_robot_ws/src/usb_cam-ros2/usb_cam-ros2/include
[13.287s] -- Configured cppcheck exclude dirs and/or files: 
[13.299s] -- Added test 'cpplint' to check C / C++ code against the Google style
[13.302s] -- Configured cpplint exclude dirs and/or files: 
[13.304s] -- Added test 'flake8' to check Python code syntax and style conventions
[13.310s] -- Added test 'lint_cmake' to check CMake code style
[13.316s] -- Added test 'pep257' to check Python code against some of the docstring style conventions in PEP 257
[13.328s] -- Added test 'uncrustify' to check C / C++ code style
[13.329s] -- Configured uncrustify additional arguments: 
[13.334s] -- Added test 'xmllint' to check XML markup files
[13.352s] -- Configuring done
[13.575s] -- Generating done
[13.595s] -- Build files have been written to: /home/sunrise/wheeltec_robot_ws/build/usb_cam
[13.707s] Invoked command in '/home/sunrise/wheeltec_robot_ws/build/usb_cam' returned '0': CMAKE_PREFIX_PATH=${CMAKE_PREFIX_PATH}:/home/sunrise/wheeltec_robot_ws/install/tf2_tools:/opt/ros/humble /usr/bin/cmake /home/sunrise/wheeltec_robot_ws/src/usb_cam-ros2/usb_cam-ros2 -DCMAKE_INSTALL_PREFIX=/home/sunrise/wheeltec_robot_ws/install/usb_cam
[13.719s] Invoking command in '/home/sunrise/wheeltec_robot_ws/build/usb_cam': CMAKE_PREFIX_PATH=${CMAKE_PREFIX_PATH}:/home/sunrise/wheeltec_robot_ws/install/tf2_tools:/opt/ros/humble /usr/bin/cmake --build /home/sunrise/wheeltec_robot_ws/build/usb_cam -- -j4 -l4
[14.001s] [  7%] [32mBuilding CXX object CMakeFiles/usb_cam.dir/src/usb_cam.cpp.o[0m
[14.008s] [ 14%] [32mBuilding CXX object gtest/CMakeFiles/gtest.dir/src/gtest-all.cc.o[0m
[14.022s] [ 21%] [32mBuilding CXX object CMakeFiles/usb_cam_node_exe.dir/rclcpp_components/node_main_usb_cam_node_exe.cpp.o[0m
[14.040s] [ 28%] [32mBuilding CXX object gtest/CMakeFiles/gtest_main.dir/src/gtest_main.cc.o[0m
[23.007s] [ 35%] [32m[1mLinking CXX static library libgtest_main.a[0m
[23.223s] [ 35%] Built target gtest_main
[32.423s] [ 42%] [32m[1mLinking CXX shared library libusb_cam.so[0m
[34.667s] [ 42%] Built target usb_cam
[44.818s] [ 50%] [32m[1mLinking CXX static library libgtest.a[0m
[45.217s] [ 50%] Built target gtest
[46.036s] [ 57%] [32m[1mLinking CXX executable usb_cam_node_exe[0m
[47.042s] [ 57%] Built target usb_cam_node_exe
[47.166s] [ 64%] [32mBuilding CXX object CMakeFiles/test_pixel_formats.dir/test/test_pixel_formats.cpp.o[0m
[53.234s] [ 71%] [32m[1mLinking CXX executable test_pixel_formats[0m
[54.710s] [ 71%] Built target test_pixel_formats
[54.799s] [ 78%] [32mBuilding CXX object CMakeFiles/test_usb_cam_utils.dir/test/test_usb_cam_utils.cpp.o[0m
[61.152s] [ 85%] [32m[1mLinking CXX executable test_usb_cam_utils[0m
[62.592s] [ 85%] Built target test_usb_cam_utils
[62.679s] [ 92%] [32mBuilding CXX object CMakeFiles/usb_cam_node.dir/src/usb_cam_node.cpp.o[0m
[105.364s] [100%] [32m[1mLinking CXX shared library libusb_cam_node.so[0m
[107.973s] [100%] Built target usb_cam_node
[108.023s] Invoked command in '/home/sunrise/wheeltec_robot_ws/build/usb_cam' returned '0': CMAKE_PREFIX_PATH=${CMAKE_PREFIX_PATH}:/home/sunrise/wheeltec_robot_ws/install/tf2_tools:/opt/ros/humble /usr/bin/cmake --build /home/sunrise/wheeltec_robot_ws/build/usb_cam -- -j4 -l4
[108.206s] Invoking command in '/home/sunrise/wheeltec_robot_ws/build/usb_cam': CMAKE_PREFIX_PATH=${CMAKE_PREFIX_PATH}:/home/sunrise/wheeltec_robot_ws/install/tf2_tools:/opt/ros/humble /usr/bin/cmake --install /home/sunrise/wheeltec_robot_ws/build/usb_cam
[108.243s] -- Install configuration: ""
[108.244s] -- Installing: /home/sunrise/wheeltec_robot_ws/install/usb_cam/share/usb_cam/environment/library_path.sh
[108.246s] -- Installing: /home/sunrise/wheeltec_robot_ws/install/usb_cam/share/usb_cam/environment/library_path.dsv
[108.247s] -- Installing: /home/sunrise/wheeltec_robot_ws/install/usb_cam/lib/usb_cam/usb_cam_node_exe
[108.254s] -- Set runtime path of "/home/sunrise/wheeltec_robot_ws/install/usb_cam/lib/usb_cam/usb_cam_node_exe" to ""
[108.255s] -- Installing: /home/sunrise/wheeltec_robot_ws/install/usb_cam/lib/usb_cam/show_image.py
[108.256s] -- Installing: /home/sunrise/wheeltec_robot_ws/install/usb_cam/lib/libusb_cam.so
[108.261s] -- Installing: /home/sunrise/wheeltec_robot_ws/install/usb_cam/lib/libusb_cam_node.so
[108.267s] -- Set runtime path of "/home/sunrise/wheeltec_robot_ws/install/usb_cam/lib/libusb_cam_node.so" to ""
[108.270s] -- Installing: /home/sunrise/wheeltec_robot_ws/install/usb_cam/include
[108.272s] -- Installing: /home/sunrise/wheeltec_robot_ws/install/usb_cam/include/usb_cam
[108.275s] -- Installing: /home/sunrise/wheeltec_robot_ws/install/usb_cam/include/usb_cam/usb_cam_node.hpp
[108.276s] -- Installing: /home/sunrise/wheeltec_robot_ws/install/usb_cam/include/usb_cam/usb_cam.hpp
[108.279s] -- Installing: /home/sunrise/wheeltec_robot_ws/install/usb_cam/include/usb_cam/formats
[108.280s] -- Installing: /home/sunrise/wheeltec_robot_ws/install/usb_cam/include/usb_cam/formats/mjpeg.hpp
[108.283s] -- Installing: /home/sunrise/wheeltec_robot_ws/install/usb_cam/include/usb_cam/formats/mono.hpp
[108.284s] -- Installing: /home/sunrise/wheeltec_robot_ws/install/usb_cam/include/usb_cam/formats/uyvy.hpp
[108.284s] -- Installing: /home/sunrise/wheeltec_robot_ws/install/usb_cam/include/usb_cam/formats/rgb.hpp
[108.289s] -- Installing: /home/sunrise/wheeltec_robot_ws/install/usb_cam/include/usb_cam/formats/utils.hpp
[108.290s] -- Installing: /home/sunrise/wheeltec_robot_ws/install/usb_cam/include/usb_cam/formats/yuyv.hpp
[108.291s] -- Installing: /home/sunrise/wheeltec_robot_ws/install/usb_cam/include/usb_cam/formats/m420.hpp
[108.291s] -- Installing: /home/sunrise/wheeltec_robot_ws/install/usb_cam/include/usb_cam/formats/pixel_format_base.hpp
[108.298s] -- Installing: /home/sunrise/wheeltec_robot_ws/install/usb_cam/include/usb_cam/constants.hpp
[108.299s] -- Installing: /home/sunrise/wheeltec_robot_ws/install/usb_cam/include/usb_cam/utils.hpp
[108.300s] -- Installing: /home/sunrise/wheeltec_robot_ws/install/usb_cam/include/usb_cam/conversions.hpp
[108.303s] -- Up-to-date: /home/sunrise/wheeltec_robot_ws/install/usb_cam/lib/libusb_cam_node.so
[108.304s] -- Installing: /home/sunrise/wheeltec_robot_ws/install/usb_cam/share/usb_cam/launch
[108.305s] -- Installing: /home/sunrise/wheeltec_robot_ws/install/usb_cam/share/usb_cam/launch/usb_cam_launch.py
[108.306s] -- Installing: /home/sunrise/wheeltec_robot_ws/install/usb_cam/share/usb_cam/launch/camera_config.py
[108.307s] -- Installing: /home/sunrise/wheeltec_robot_ws/install/usb_cam/share/usb_cam/launch/demo.launch.py
[108.308s] -- Installing: /home/sunrise/wheeltec_robot_ws/install/usb_cam/share/usb_cam/launch/camera.launch.py
[108.310s] -- Installing: /home/sunrise/wheeltec_robot_ws/install/usb_cam/share/usb_cam/launch/__init__.py
[108.311s] -- Installing: /home/sunrise/wheeltec_robot_ws/install/usb_cam/share/usb_cam/config
[108.311s] -- Installing: /home/sunrise/wheeltec_robot_ws/install/usb_cam/share/usb_cam/config/camera_info.yaml
[108.313s] -- Installing: /home/sunrise/wheeltec_robot_ws/install/usb_cam/share/usb_cam/config/params_1.yaml
[108.314s] -- Installing: /home/sunrise/wheeltec_robot_ws/install/usb_cam/share/usb_cam/config/params_2.yaml
[108.315s] -- Installing: /home/sunrise/wheeltec_robot_ws/install/usb_cam/share/usb_cam/config/params.yaml
[108.316s] -- Installing: /home/sunrise/wheeltec_robot_ws/install/usb_cam/share/ament_index/resource_index/package_run_dependencies/usb_cam
[108.318s] -- Installing: /home/sunrise/wheeltec_robot_ws/install/usb_cam/share/ament_index/resource_index/parent_prefix_path/usb_cam
[108.319s] -- Installing: /home/sunrise/wheeltec_robot_ws/install/usb_cam/share/usb_cam/environment/ament_prefix_path.sh
[108.321s] -- Installing: /home/sunrise/wheeltec_robot_ws/install/usb_cam/share/usb_cam/environment/ament_prefix_path.dsv
[108.325s] -- Installing: /home/sunrise/wheeltec_robot_ws/install/usb_cam/share/usb_cam/environment/path.sh
[108.326s] -- Installing: /home/sunrise/wheeltec_robot_ws/install/usb_cam/share/usb_cam/environment/path.dsv
[108.328s] -- Installing: /home/sunrise/wheeltec_robot_ws/install/usb_cam/share/usb_cam/local_setup.bash
[108.329s] -- Installing: /home/sunrise/wheeltec_robot_ws/install/usb_cam/share/usb_cam/local_setup.sh
[108.330s] -- Installing: /home/sunrise/wheeltec_robot_ws/install/usb_cam/share/usb_cam/local_setup.zsh
[108.332s] -- Installing: /home/sunrise/wheeltec_robot_ws/install/usb_cam/share/usb_cam/local_setup.dsv
[108.333s] -- Installing: /home/sunrise/wheeltec_robot_ws/install/usb_cam/share/usb_cam/package.dsv
[108.334s] -- Installing: /home/sunrise/wheeltec_robot_ws/install/usb_cam/share/ament_index/resource_index/packages/usb_cam
[108.335s] -- Installing: /home/sunrise/wheeltec_robot_ws/install/usb_cam/share/ament_index/resource_index/rclcpp_components/usb_cam
[108.336s] -- Installing: /home/sunrise/wheeltec_robot_ws/install/usb_cam/share/usb_cam/cmake/ament_cmake_export_libraries-extras.cmake
[108.338s] -- Installing: /home/sunrise/wheeltec_robot_ws/install/usb_cam/share/usb_cam/cmake/ament_cmake_export_dependencies-extras.cmake
[108.340s] -- Installing: /home/sunrise/wheeltec_robot_ws/install/usb_cam/share/usb_cam/cmake/ament_cmake_export_include_directories-extras.cmake
[108.341s] -- Installing: /home/sunrise/wheeltec_robot_ws/install/usb_cam/share/usb_cam/cmake/usb_camConfig.cmake
[108.343s] -- Installing: /home/sunrise/wheeltec_robot_ws/install/usb_cam/share/usb_cam/cmake/usb_camConfig-version.cmake
[108.344s] -- Installing: /home/sunrise/wheeltec_robot_ws/install/usb_cam/share/usb_cam/package.xml
[108.345s] Invoked command in '/home/sunrise/wheeltec_robot_ws/build/usb_cam' returned '0': CMAKE_PREFIX_PATH=${CMAKE_PREFIX_PATH}:/home/sunrise/wheeltec_robot_ws/install/tf2_tools:/opt/ros/humble /usr/bin/cmake --install /home/sunrise/wheeltec_robot_ws/build/usb_cam
