[0.065s] Invoking command in '/home/sunrise/wheeltec_robot_ws/build/openslam_gmapping': CMAKE_PREFIX_PATH=${CMAKE_PREFIX_PATH}:/home/sunrise/wheeltec_robot_ws/install/tf2_tools:/opt/ros/humble /usr/bin/cmake /home/sunrise/wheeltec_robot_ws/src/wheeltec_robot_slam/openslam_gmapping -DCMAKE_INSTALL_PREFIX=/home/sunrise/wheeltec_robot_ws/install/openslam_gmapping
[0.411s] -- The C compiler identification is GNU 11.2.0
[0.776s] -- The CXX compiler identification is GNU 11.2.0
[0.815s] -- Detecting C compiler ABI info
[1.214s] -- Detecting C compiler ABI info - done
[1.281s] -- Check for working C compiler: /usr/bin/cc - skipped
[1.282s] -- Detecting C compile features
[1.285s] -- Detecting C compile features - done
[1.306s] -- Detecting CXX compiler ABI info
[1.775s] -- Detecting CXX compiler ABI info - done
[1.844s] -- Check for working CXX compiler: /usr/bin/c++ - skipped
[1.846s] -- Detecting CXX compile features
[1.850s] -- Detecting CXX compile features - done
[1.866s] -- Found ament_cmake: 1.3.9 (/opt/ros/humble/share/ament_cmake/cmake)
[3.185s] -- Found Python3: /usr/bin/python3 (found version "3.10.12") found components: Interpreter 
[4.546s] -- Configuring done
[4.639s] -- Generating done
[4.650s] -- Build files have been written to: /home/sunrise/wheeltec_robot_ws/build/openslam_gmapping
[4.690s] Invoked command in '/home/sunrise/wheeltec_robot_ws/build/openslam_gmapping' returned '0': CMAKE_PREFIX_PATH=${CMAKE_PREFIX_PATH}:/home/sunrise/wheeltec_robot_ws/install/tf2_tools:/opt/ros/humble /usr/bin/cmake /home/sunrise/wheeltec_robot_ws/src/wheeltec_robot_slam/openslam_gmapping -DCMAKE_INSTALL_PREFIX=/home/sunrise/wheeltec_robot_ws/install/openslam_gmapping
[4.702s] Invoking command in '/home/sunrise/wheeltec_robot_ws/build/openslam_gmapping': CMAKE_PREFIX_PATH=${CMAKE_PREFIX_PATH}:/home/sunrise/wheeltec_robot_ws/install/tf2_tools:/opt/ros/humble /usr/bin/cmake --build /home/sunrise/wheeltec_robot_ws/build/openslam_gmapping -- -j4 -l4
[4.922s] [  4%] [32mBuilding CXX object utils/CMakeFiles/utils.dir/stat.cpp.o[0m
[4.931s] [  9%] [32mBuilding CXX object utils/CMakeFiles/utils.dir/movement.cpp.o[0m
[4.955s] [ 13%] [32mBuilding CXX object sensor/sensor_base/CMakeFiles/sensor_base.dir/sensor.cpp.o[0m
[4.970s] [ 18%] [32mBuilding CXX object sensor/sensor_base/CMakeFiles/sensor_base.dir/sensorreading.cpp.o[0m
[7.931s] [ 22%] [32m[1mLinking CXX static library libsensor_base.a[0m
[8.162s] [ 22%] Built target sensor_base
[8.313s] [ 27%] [32mBuilding CXX object sensor/sensor_odometry/CMakeFiles/sensor_odometry.dir/odometryreading.cpp.o[0m
[8.416s] [ 31%] [32mBuilding CXX object sensor/sensor_range/CMakeFiles/sensor_range.dir/rangereading.cpp.o[0m
[8.486s] [ 36%] [32mBuilding CXX object sensor/sensor_odometry/CMakeFiles/sensor_odometry.dir/odometrysensor.cpp.o[0m
[9.229s] [ 40%] [32m[1mLinking CXX static library libutils.a[0m
[9.686s] [ 40%] Built target utils
[9.814s] [ 45%] [32mBuilding CXX object sensor/sensor_range/CMakeFiles/sensor_range.dir/rangesensor.cpp.o[0m
[12.327s] [ 50%] [32m[1mLinking CXX static library libsensor_odometry.a[0m
[12.519s] [ 50%] Built target sensor_odometry
[13.780s] [ 54%] [32m[1mLinking CXX static library libsensor_range.a[0m
[13.916s] [ 54%] Built target sensor_range
[14.006s] [ 63%] [32mBuilding CXX object scanmatcher/CMakeFiles/scanmatcher.dir/scanmatcher.cpp.o[0m
[14.007s] [ 63%] [32mBuilding CXX object scanmatcher/CMakeFiles/scanmatcher.dir/scanmatcherprocessor.cpp.o[0m
[14.010s] [ 68%] [32mBuilding CXX object scanmatcher/CMakeFiles/scanmatcher.dir/eig3.cpp.o[0m
[15.909s] [ 72%] [32mBuilding CXX object scanmatcher/CMakeFiles/scanmatcher.dir/smmap.cpp.o[0m
[25.624s] [ 77%] [32m[1mLinking CXX static library libscanmatcher.a[0m
[25.766s] [ 77%] Built target scanmatcher
[25.856s] [ 81%] [32mBuilding CXX object gridfastslam/CMakeFiles/gridfastslam.dir/gfsreader.cpp.o[0m
[34.143s] [ 86%] [32mBuilding CXX object gridfastslam/CMakeFiles/gridfastslam.dir/motionmodel.cpp.o[0m
[36.644s] [ 90%] [32mBuilding CXX object gridfastslam/CMakeFiles/gridfastslam.dir/gridslamprocessor_tree.cpp.o[0m
[43.054s] [ 95%] [32mBuilding CXX object gridfastslam/CMakeFiles/gridfastslam.dir/gridslamprocessor.cpp.o[0m
[56.220s] [100%] [32m[1mLinking CXX static library libgridfastslam.a[0m
[56.363s] [100%] Built target gridfastslam
[56.417s] Invoked command in '/home/sunrise/wheeltec_robot_ws/build/openslam_gmapping' returned '0': CMAKE_PREFIX_PATH=${CMAKE_PREFIX_PATH}:/home/sunrise/wheeltec_robot_ws/install/tf2_tools:/opt/ros/humble /usr/bin/cmake --build /home/sunrise/wheeltec_robot_ws/build/openslam_gmapping -- -j4 -l4
[56.552s] Invoking command in '/home/sunrise/wheeltec_robot_ws/build/openslam_gmapping': CMAKE_PREFIX_PATH=${CMAKE_PREFIX_PATH}:/home/sunrise/wheeltec_robot_ws/install/tf2_tools:/opt/ros/humble /usr/bin/cmake --install /home/sunrise/wheeltec_robot_ws/build/openslam_gmapping
[56.589s] -- Install configuration: ""
[56.590s] -- Installing: /home/sunrise/wheeltec_robot_ws/install/openslam_gmapping/share/openslam_gmapping/environment/library_path.sh
[56.591s] -- Installing: /home/sunrise/wheeltec_robot_ws/install/openslam_gmapping/share/openslam_gmapping/environment/library_path.dsv
[56.592s] -- Installing: /home/sunrise/wheeltec_robot_ws/install/openslam_gmapping/include/
[56.596s] -- Installing: /home/sunrise/wheeltec_robot_ws/install/openslam_gmapping/include//gmapping
[56.598s] -- Installing: /home/sunrise/wheeltec_robot_ws/install/openslam_gmapping/include//gmapping/utils
[56.603s] -- Installing: /home/sunrise/wheeltec_robot_ws/install/openslam_gmapping/include//gmapping/utils/gvalues.h
[56.604s] -- Installing: /home/sunrise/wheeltec_robot_ws/install/openslam_gmapping/include//gmapping/utils/macro_params.h
[56.606s] -- Installing: /home/sunrise/wheeltec_robot_ws/install/openslam_gmapping/include//gmapping/utils/stat.h
[56.607s] -- Installing: /home/sunrise/wheeltec_robot_ws/install/openslam_gmapping/include//gmapping/utils/commandline.h
[56.610s] -- Installing: /home/sunrise/wheeltec_robot_ws/install/openslam_gmapping/include//gmapping/utils/autoptr.h
[56.611s] -- Installing: /home/sunrise/wheeltec_robot_ws/install/openslam_gmapping/include//gmapping/utils/point.h
[56.613s] -- Installing: /home/sunrise/wheeltec_robot_ws/install/openslam_gmapping/include//gmapping/log
[56.614s] -- Installing: /home/sunrise/wheeltec_robot_ws/install/openslam_gmapping/include//gmapping/log/configuration.h
[56.616s] -- Installing: /home/sunrise/wheeltec_robot_ws/install/openslam_gmapping/include//gmapping/log/sensorlog.h
[56.622s] -- Installing: /home/sunrise/wheeltec_robot_ws/install/openslam_gmapping/include//gmapping/sensor
[56.624s] -- Installing: /home/sunrise/wheeltec_robot_ws/install/openslam_gmapping/include//gmapping/sensor/sensor_base
[56.627s] -- Installing: /home/sunrise/wheeltec_robot_ws/install/openslam_gmapping/include//gmapping/sensor/sensor_base/sensorreading.h
[56.627s] -- Installing: /home/sunrise/wheeltec_robot_ws/install/openslam_gmapping/include//gmapping/sensor/sensor_base/sensor.h
[56.628s] -- Installing: /home/sunrise/wheeltec_robot_ws/install/openslam_gmapping/include//gmapping/sensor/sensor_range
[56.633s] -- Installing: /home/sunrise/wheeltec_robot_ws/install/openslam_gmapping/include//gmapping/sensor/sensor_range/rangereading.h
[56.636s] -- Installing: /home/sunrise/wheeltec_robot_ws/install/openslam_gmapping/include//gmapping/sensor/sensor_range/rangesensor.h
[56.638s] -- Installing: /home/sunrise/wheeltec_robot_ws/install/openslam_gmapping/include//gmapping/sensor/sensor_odometry
[56.639s] -- Installing: /home/sunrise/wheeltec_robot_ws/install/openslam_gmapping/include//gmapping/sensor/sensor_odometry/odometrysensor.h
[56.640s] -- Installing: /home/sunrise/wheeltec_robot_ws/install/openslam_gmapping/include//gmapping/sensor/sensor_odometry/odometryreading.h
[56.642s] -- Installing: /home/sunrise/wheeltec_robot_ws/install/openslam_gmapping/include//gmapping/scanmatcher
[56.643s] -- Installing: /home/sunrise/wheeltec_robot_ws/install/openslam_gmapping/include//gmapping/scanmatcher/scanmatcher.h
[56.644s] -- Installing: /home/sunrise/wheeltec_robot_ws/install/openslam_gmapping/include//gmapping/scanmatcher/icp.h
[56.645s] -- Installing: /home/sunrise/wheeltec_robot_ws/install/openslam_gmapping/include//gmapping/scanmatcher/smmap.h
[56.646s] -- Installing: /home/sunrise/wheeltec_robot_ws/install/openslam_gmapping/include//gmapping/particlefilter
[56.648s] -- Installing: /home/sunrise/wheeltec_robot_ws/install/openslam_gmapping/include//gmapping/particlefilter/particlefilter.h
[56.650s] -- Installing: /home/sunrise/wheeltec_robot_ws/install/openslam_gmapping/include//gmapping/grid
[56.652s] -- Installing: /home/sunrise/wheeltec_robot_ws/install/openslam_gmapping/include//gmapping/grid/accessstate.h
[56.655s] -- Installing: /home/sunrise/wheeltec_robot_ws/install/openslam_gmapping/include//gmapping/grid/map.h
[56.657s] -- Installing: /home/sunrise/wheeltec_robot_ws/install/openslam_gmapping/include//gmapping/grid/harray2d.h
[56.658s] -- Installing: /home/sunrise/wheeltec_robot_ws/install/openslam_gmapping/include//gmapping/grid/array2d.h
[56.659s] -- Installing: /home/sunrise/wheeltec_robot_ws/install/openslam_gmapping/include//gmapping/gridfastslam
[56.661s] -- Installing: /home/sunrise/wheeltec_robot_ws/install/openslam_gmapping/include//gmapping/gridfastslam/gridslamprocessor.h
[56.663s] -- Installing: /home/sunrise/wheeltec_robot_ws/install/openslam_gmapping/include//gmapping/gridfastslam/motionmodel.h
[56.664s] -- Installing: /home/sunrise/wheeltec_robot_ws/install/openslam_gmapping/include//gmapping/gridfastslam/gridslamprocessor.hxx
[56.665s] -- Installing: /home/sunrise/wheeltec_robot_ws/install/openslam_gmapping/share/ament_index/resource_index/package_run_dependencies/openslam_gmapping
[56.667s] -- Installing: /home/sunrise/wheeltec_robot_ws/install/openslam_gmapping/share/ament_index/resource_index/parent_prefix_path/openslam_gmapping
[56.668s] -- Installing: /home/sunrise/wheeltec_robot_ws/install/openslam_gmapping/share/openslam_gmapping/environment/ament_prefix_path.sh
[56.670s] -- Installing: /home/sunrise/wheeltec_robot_ws/install/openslam_gmapping/share/openslam_gmapping/environment/ament_prefix_path.dsv
[56.671s] -- Installing: /home/sunrise/wheeltec_robot_ws/install/openslam_gmapping/share/openslam_gmapping/environment/path.sh
[56.673s] -- Installing: /home/sunrise/wheeltec_robot_ws/install/openslam_gmapping/share/openslam_gmapping/environment/path.dsv
[56.674s] -- Installing: /home/sunrise/wheeltec_robot_ws/install/openslam_gmapping/share/openslam_gmapping/local_setup.bash
[56.676s] -- Installing: /home/sunrise/wheeltec_robot_ws/install/openslam_gmapping/share/openslam_gmapping/local_setup.sh
[56.677s] -- Installing: /home/sunrise/wheeltec_robot_ws/install/openslam_gmapping/share/openslam_gmapping/local_setup.zsh
[56.679s] -- Installing: /home/sunrise/wheeltec_robot_ws/install/openslam_gmapping/share/openslam_gmapping/local_setup.dsv
[56.682s] -- Installing: /home/sunrise/wheeltec_robot_ws/install/openslam_gmapping/share/openslam_gmapping/package.dsv
[56.683s] -- Installing: /home/sunrise/wheeltec_robot_ws/install/openslam_gmapping/share/ament_index/resource_index/packages/openslam_gmapping
[56.684s] -- Installing: /home/sunrise/wheeltec_robot_ws/install/openslam_gmapping/share/openslam_gmapping/cmake/ament_cmake_export_libraries-extras.cmake
[56.686s] -- Installing: /home/sunrise/wheeltec_robot_ws/install/openslam_gmapping/share/openslam_gmapping/cmake/ament_cmake_export_include_directories-extras.cmake
[56.687s] -- Installing: /home/sunrise/wheeltec_robot_ws/install/openslam_gmapping/share/openslam_gmapping/cmake/openslam_gmappingConfig.cmake
[56.690s] -- Installing: /home/sunrise/wheeltec_robot_ws/install/openslam_gmapping/share/openslam_gmapping/cmake/openslam_gmappingConfig-version.cmake
[56.691s] -- Installing: /home/sunrise/wheeltec_robot_ws/install/openslam_gmapping/share/openslam_gmapping/package.xml
[56.692s] -- Installing: /home/sunrise/wheeltec_robot_ws/install/openslam_gmapping/lib/libgridfastslam.a
[56.693s] -- Installing: /home/sunrise/wheeltec_robot_ws/install/openslam_gmapping/lib/libscanmatcher.a
[56.694s] -- Up-to-date: /home/sunrise/wheeltec_robot_ws/install/openslam_gmapping/share/openslam_gmapping/environment/library_path.sh
[56.695s] -- Up-to-date: /home/sunrise/wheeltec_robot_ws/install/openslam_gmapping/share/openslam_gmapping/environment/library_path.dsv
[56.696s] -- Installing: /home/sunrise/wheeltec_robot_ws/install/openslam_gmapping/lib/libsensor_base.a
[56.697s] -- Up-to-date: /home/sunrise/wheeltec_robot_ws/install/openslam_gmapping/share/openslam_gmapping/environment/library_path.sh
[56.697s] -- Up-to-date: /home/sunrise/wheeltec_robot_ws/install/openslam_gmapping/share/openslam_gmapping/environment/library_path.dsv
[56.698s] -- Installing: /home/sunrise/wheeltec_robot_ws/install/openslam_gmapping/lib/libsensor_odometry.a
[56.699s] -- Installing: /home/sunrise/wheeltec_robot_ws/install/openslam_gmapping/lib/libsensor_range.a
[56.700s] -- Installing: /home/sunrise/wheeltec_robot_ws/install/openslam_gmapping/lib/libutils.a
[56.700s] -- Up-to-date: /home/sunrise/wheeltec_robot_ws/install/openslam_gmapping/share/openslam_gmapping/environment/library_path.sh
[56.702s] -- Up-to-date: /home/sunrise/wheeltec_robot_ws/install/openslam_gmapping/share/openslam_gmapping/environment/library_path.dsv
[56.703s] Invoked command in '/home/sunrise/wheeltec_robot_ws/build/openslam_gmapping' returned '0': CMAKE_PREFIX_PATH=${CMAKE_PREFIX_PATH}:/home/sunrise/wheeltec_robot_ws/install/tf2_tools:/opt/ros/humble /usr/bin/cmake --install /home/sunrise/wheeltec_robot_ws/build/openslam_gmapping
