[0.161s] Invoking command in '/home/sunrise/wheeltec_robot_ws/build/bkwindbot_urdf': CMAKE_PREFIX_PATH=${CMAKE_PREFIX_PATH}:/home/sunrise/wheeltec_robot_ws/install/tf2_tools:/opt/ros/humble /usr/bin/cmake --build /home/sunrise/wheeltec_robot_ws/build/bkwindbot_urdf -- -j4 -l4
[0.477s] Invoked command in '/home/sunrise/wheeltec_robot_ws/build/bkwindbot_urdf' returned '0': CMAKE_PREFIX_PATH=${CMAKE_PREFIX_PATH}:/home/sunrise/wheeltec_robot_ws/install/tf2_tools:/opt/ros/humble /usr/bin/cmake --build /home/sunrise/wheeltec_robot_ws/build/bkwindbot_urdf -- -j4 -l4
[1.000s] Invoking command in '/home/sunrise/wheeltec_robot_ws/build/bkwindbot_urdf': CMAKE_PREFIX_PATH=${CMAKE_PREFIX_PATH}:/home/sunrise/wheeltec_robot_ws/install/tf2_tools:/opt/ros/humble /usr/bin/cmake --install /home/sunrise/wheeltec_robot_ws/build/bkwindbot_urdf
[1.099s] -- Install configuration: ""
[1.100s] -- Up-to-date: /home/sunrise/wheeltec_robot_ws/install/bkwindbot_urdf/share/bkwindbot_urdf/meshes
[1.101s] -- Up-to-date: /home/sunrise/wheeltec_robot_ws/install/bkwindbot_urdf/share/bkwindbot_urdf/meshes/wheels
[1.125s] -- Up-to-date: /home/sunrise/wheeltec_robot_ws/install/bkwindbot_urdf/share/bkwindbot_urdf/meshes/wheels/right_tire.stl
[1.152s] -- Up-to-date: /home/sunrise/wheeltec_robot_ws/install/bkwindbot_urdf/share/bkwindbot_urdf/meshes/wheels/left_tire.stl
[1.153s] -- Up-to-date: /home/sunrise/wheeltec_robot_ws/install/bkwindbot_urdf/share/bkwindbot_urdf/meshes/sensors
[1.154s] -- Up-to-date: /home/sunrise/wheeltec_robot_ws/install/bkwindbot_urdf/share/bkwindbot_urdf/meshes/sensors/astra.dae
[1.156s] -- Up-to-date: /home/sunrise/wheeltec_robot_ws/install/bkwindbot_urdf/share/bkwindbot_urdf/meshes/sensors/lds.stl
[1.158s] -- Up-to-date: /home/sunrise/wheeltec_robot_ws/install/bkwindbot_urdf/share/bkwindbot_urdf/meshes/sensors/r200.jpg
[1.159s] -- Up-to-date: /home/sunrise/wheeltec_robot_ws/install/bkwindbot_urdf/share/bkwindbot_urdf/meshes/sensors/astra.jpg
[1.160s] -- Up-to-date: /home/sunrise/wheeltec_robot_ws/install/bkwindbot_urdf/share/bkwindbot_urdf/meshes/sensors/r200.dae
[1.161s] -- Up-to-date: /home/sunrise/wheeltec_robot_ws/install/bkwindbot_urdf/share/bkwindbot_urdf/meshes/bases
[1.179s] -- Up-to-date: /home/sunrise/wheeltec_robot_ws/install/bkwindbot_urdf/share/bkwindbot_urdf/meshes/bases/waffle_pi_base.stl
[1.180s] -- Up-to-date: /home/sunrise/wheeltec_robot_ws/install/bkwindbot_urdf/share/bkwindbot_urdf/meshes/bases/burger_base.stl
[1.181s] -- Up-to-date: /home/sunrise/wheeltec_robot_ws/install/bkwindbot_urdf/share/bkwindbot_urdf/meshes/bases/waffle_base.stl
[1.182s] -- Up-to-date: /home/sunrise/wheeltec_robot_ws/install/bkwindbot_urdf/share/bkwindbot_urdf/rviz
[1.184s] -- Up-to-date: /home/sunrise/wheeltec_robot_ws/install/bkwindbot_urdf/share/bkwindbot_urdf/rviz/model.rviz
[1.185s] -- Up-to-date: /home/sunrise/wheeltec_robot_ws/install/bkwindbot_urdf/share/bkwindbot_urdf/urdf
[1.187s] -- Up-to-date: /home/sunrise/wheeltec_robot_ws/install/bkwindbot_urdf/share/bkwindbot_urdf/urdf/mini_diff_robot.urdf
[1.188s] -- Up-to-date: /home/sunrise/wheeltec_robot_ws/install/bkwindbot_urdf/share/bkwindbot_urdf/urdf/flagship_mec_bs_robot.urdf
[1.189s] -- Up-to-date: /home/sunrise/wheeltec_robot_ws/install/bkwindbot_urdf/share/bkwindbot_urdf/urdf/senior_akm_robot.urdf
[1.214s] -- Up-to-date: /home/sunrise/wheeltec_robot_ws/install/bkwindbot_urdf/share/bkwindbot_urdf/urdf/top_4wd_bs_robot.urdf
[1.216s] -- Up-to-date: /home/sunrise/wheeltec_robot_ws/install/bkwindbot_urdf/share/bkwindbot_urdf/urdf/four_wheel_diff_dl_robot.urdf
[1.217s] -- Up-to-date: /home/sunrise/wheeltec_robot_ws/install/bkwindbot_urdf/share/bkwindbot_urdf/urdf/flagship_4wd_bs_robot.urdf
[1.219s] -- Up-to-date: /home/sunrise/wheeltec_robot_ws/install/bkwindbot_urdf/share/bkwindbot_urdf/urdf/senior_4wd_bs_robot.urdf
[1.220s] -- Up-to-date: /home/sunrise/wheeltec_robot_ws/install/bkwindbot_urdf/share/bkwindbot_urdf/urdf/mini_mec_robot.urdf
[1.221s] -- Up-to-date: /home/sunrise/wheeltec_robot_ws/install/bkwindbot_urdf/share/bkwindbot_urdf/urdf/brushless_senior_diff.urdf
[1.222s] -- Up-to-date: /home/sunrise/wheeltec_robot_ws/install/bkwindbot_urdf/share/bkwindbot_urdf/urdf/top_akm_bs_robot.urdf
[1.232s] -- Up-to-date: /home/sunrise/wheeltec_robot_ws/install/bkwindbot_urdf/share/bkwindbot_urdf/urdf/senior_mec_robot.urdf
[1.233s] -- Up-to-date: /home/sunrise/wheeltec_robot_ws/install/bkwindbot_urdf/share/bkwindbot_urdf/urdf/top_omni_robot.urdf
[1.234s] -- Up-to-date: /home/sunrise/wheeltec_robot_ws/install/bkwindbot_urdf/share/bkwindbot_urdf/urdf/top_akm_dl_robot.urdf
[1.235s] -- Up-to-date: /home/sunrise/wheeltec_robot_ws/install/bkwindbot_urdf/share/bkwindbot_urdf/urdf/mini_omni_robot.urdf
[1.235s] -- Up-to-date: /home/sunrise/wheeltec_robot_ws/install/bkwindbot_urdf/share/bkwindbot_urdf/urdf/senior_mec_dl_robot.urdf
[1.236s] -- Up-to-date: /home/sunrise/wheeltec_robot_ws/install/bkwindbot_urdf/share/bkwindbot_urdf/urdf/flagship_mec_dl_robot.urdf
[1.237s] -- Up-to-date: /home/sunrise/wheeltec_robot_ws/install/bkwindbot_urdf/share/bkwindbot_urdf/urdf/mini_akm_robot.urdf
[1.278s] -- Up-to-date: /home/sunrise/wheeltec_robot_ws/install/bkwindbot_urdf/share/bkwindbot_urdf/urdf/top_4wd_dl_robot.urdf
[1.280s] -- Up-to-date: /home/sunrise/wheeltec_robot_ws/install/bkwindbot_urdf/share/bkwindbot_urdf/urdf/senior_omni_robot.urdf
[1.281s] -- Up-to-date: /home/sunrise/wheeltec_robot_ws/install/bkwindbot_urdf/share/bkwindbot_urdf/urdf/flagship_4wd_dl_robot.urdf
[1.282s] -- Up-to-date: /home/sunrise/wheeltec_robot_ws/install/bkwindbot_urdf/share/bkwindbot_urdf/urdf/top_mec_bs_robot.urdf
[1.287s] -- Up-to-date: /home/sunrise/wheeltec_robot_ws/install/bkwindbot_urdf/share/bkwindbot_urdf/urdf/mec_EightDrive_robot.urdf
[1.288s] -- Up-to-date: /home/sunrise/wheeltec_robot_ws/install/bkwindbot_urdf/share/bkwindbot_urdf/urdf/top_mec_dl_robot.urdf
[1.289s] -- Up-to-date: /home/sunrise/wheeltec_robot_ws/install/bkwindbot_urdf/share/bkwindbot_urdf/urdf/senior_4wd_dl_robot.urdf
[1.290s] -- Up-to-date: /home/sunrise/wheeltec_robot_ws/install/bkwindbot_urdf/share/bkwindbot_urdf/urdf/mini_4wd_robot.urdf
[1.295s] -- Up-to-date: /home/sunrise/wheeltec_robot_ws/install/bkwindbot_urdf/share/bkwindbot_urdf/urdf/four_wheel_diff_bs_robot.urdf
[1.296s] -- Up-to-date: /home/sunrise/wheeltec_robot_ws/install/bkwindbot_urdf/share/bkwindbot_urdf/urdf/mini_mec_moveit.urdf
[1.297s] -- Up-to-date: /home/sunrise/wheeltec_robot_ws/install/bkwindbot_urdf/share/bkwindbot_urdf/urdf/flagship_four_wheel_diff_bs_robot.urdf
[1.298s] -- Up-to-date: /home/sunrise/wheeltec_robot_ws/install/bkwindbot_urdf/share/bkwindbot_urdf/urdf/flagship_four_wheel_diff_dl_robot.urdf
[1.312s] -- Up-to-date: /home/sunrise/wheeltec_robot_ws/install/bkwindbot_urdf/share/bkwindbot_urdf/urdf/mini_tank_moveit.urdf
[1.332s] -- Up-to-date: /home/sunrise/wheeltec_robot_ws/install/bkwindbot_urdf/share/bkwindbot_urdf/urdf/senior_diff_robot.urdf
[1.334s] -- Up-to-date: /home/sunrise/wheeltec_robot_ws/install/bkwindbot_urdf/share/ament_index/resource_index/package_run_dependencies/bkwindbot_urdf
[1.335s] -- Up-to-date: /home/sunrise/wheeltec_robot_ws/install/bkwindbot_urdf/share/ament_index/resource_index/parent_prefix_path/bkwindbot_urdf
[1.336s] -- Up-to-date: /home/sunrise/wheeltec_robot_ws/install/bkwindbot_urdf/share/bkwindbot_urdf/environment/ament_prefix_path.sh
[1.338s] -- Up-to-date: /home/sunrise/wheeltec_robot_ws/install/bkwindbot_urdf/share/bkwindbot_urdf/environment/ament_prefix_path.dsv
[1.339s] -- Up-to-date: /home/sunrise/wheeltec_robot_ws/install/bkwindbot_urdf/share/bkwindbot_urdf/environment/path.sh
[1.340s] -- Up-to-date: /home/sunrise/wheeltec_robot_ws/install/bkwindbot_urdf/share/bkwindbot_urdf/environment/path.dsv
[1.341s] -- Up-to-date: /home/sunrise/wheeltec_robot_ws/install/bkwindbot_urdf/share/bkwindbot_urdf/local_setup.bash
[1.359s] -- Up-to-date: /home/sunrise/wheeltec_robot_ws/install/bkwindbot_urdf/share/bkwindbot_urdf/local_setup.sh
[1.360s] -- Up-to-date: /home/sunrise/wheeltec_robot_ws/install/bkwindbot_urdf/share/bkwindbot_urdf/local_setup.zsh
[1.361s] -- Up-to-date: /home/sunrise/wheeltec_robot_ws/install/bkwindbot_urdf/share/bkwindbot_urdf/local_setup.dsv
[1.362s] -- Installing: /home/sunrise/wheeltec_robot_ws/install/bkwindbot_urdf/share/bkwindbot_urdf/package.dsv
[1.363s] -- Up-to-date: /home/sunrise/wheeltec_robot_ws/install/bkwindbot_urdf/share/ament_index/resource_index/packages/bkwindbot_urdf
[1.364s] -- Up-to-date: /home/sunrise/wheeltec_robot_ws/install/bkwindbot_urdf/share/bkwindbot_urdf/cmake/bkwindbot_urdfConfig.cmake
[1.365s] -- Up-to-date: /home/sunrise/wheeltec_robot_ws/install/bkwindbot_urdf/share/bkwindbot_urdf/cmake/bkwindbot_urdfConfig-version.cmake
[1.386s] -- Up-to-date: /home/sunrise/wheeltec_robot_ws/install/bkwindbot_urdf/share/bkwindbot_urdf/package.xml
[1.388s] Invoked command in '/home/sunrise/wheeltec_robot_ws/build/bkwindbot_urdf' returned '0': CMAKE_PREFIX_PATH=${CMAKE_PREFIX_PATH}:/home/sunrise/wheeltec_robot_ws/install/tf2_tools:/opt/ros/humble /usr/bin/cmake --install /home/sunrise/wheeltec_robot_ws/build/bkwindbot_urdf
