[0.145s] Invoking command in '/home/sunrise/wheeltec_robot_ws/build/astra_camera': AMENT_PREFIX_PATH=/home/sunrise/wheeltec_robot_ws/install/image_transport:/home/sunrise/wheeltec_robot_ws/install/astra_camera_msgs:${AMENT_PREFIX_PATH} CMAKE_PREFIX_PATH=/home/sunrise/wheeltec_robot_ws/install/image_transport:/home/sunrise/wheeltec_robot_ws/install/astra_camera_msgs:/home/sunrise/wheeltec_robot_ws/install/wheeltec_robot_urdf:/home/sunrise/wheeltec_robot_ws/install/turn_on_wheeltec_robot:/home/sunrise/wheeltec_robot_ws/install/wheeltec_robot_msg:/home/sunrise/wheeltec_robot_ws/install/serial:/home/sunrise/wheeltec_robot_ws/install/bkwindbot_urdf:/home/sunrise/wheeltec_robot_ws/install/tf2_tools:/opt/ros/humble LD_LIBRARY_PATH=/home/sunrise/wheeltec_robot_ws/install/image_transport/lib:/home/sunrise/wheeltec_robot_ws/install/astra_camera_msgs/lib:${LD_LIBRARY_PATH} PYTHONPATH=/home/sunrise/wheeltec_robot_ws/install/astra_camera_msgs/local/lib/python3.10/dist-packages:${PYTHONPATH} /usr/bin/cmake /home/sunrise/wheeltec_robot_ws/src/ros2_astra_camera/astra_camera -DCMAKE_INSTALL_PREFIX=/home/sunrise/wheeltec_robot_ws/install/astra_camera
[0.675s] -- The C compiler identification is GNU 11.2.0
[1.269s] -- The CXX compiler identification is GNU 11.2.0
[1.321s] -- Detecting C compiler ABI info
[2.014s] -- Detecting C compiler ABI info - done
[2.136s] -- Check for working C compiler: /usr/bin/cc - skipped
[2.140s] -- Detecting C compile features
[2.151s] -- Detecting C compile features - done
[2.184s] -- Detecting CXX compiler ABI info
[2.718s] -- Detecting CXX compiler ABI info - done
[2.822s] -- Check for working CXX compiler: /usr/bin/c++ - skipped
[2.824s] -- Detecting CXX compile features
[2.832s] -- Detecting CXX compile features - done
[2.848s] -- Found ament_cmake: 1.3.9 (/opt/ros/humble/share/ament_cmake/cmake)
[4.385s] -- Found Python3: /usr/bin/python3 (found version "3.10.12") found components: Interpreter 
[5.292s] -- Found ament_index_cpp: 1.4.0 (/opt/ros/humble/share/ament_index_cpp/cmake)
[5.304s] -- Found astra_camera_msgs: 1.0.1 (/home/sunrise/wheeltec_robot_ws/install/astra_camera_msgs/share/astra_camera_msgs/cmake)
[5.671s] -- Found rosidl_generator_c: 3.1.5 (/opt/ros/humble/share/rosidl_generator_c/cmake)
[5.724s] -- Found rosidl_adapter: 3.1.5 (/opt/ros/humble/share/rosidl_adapter/cmake)
[5.812s] -- Found rosidl_generator_cpp: 3.1.5 (/opt/ros/humble/share/rosidl_generator_cpp/cmake)
[5.979s] -- Using all available rosidl_typesupport_c: rosidl_typesupport_fastrtps_c;rosidl_typesupport_introspection_c
[6.186s] -- Using all available rosidl_typesupport_cpp: rosidl_typesupport_fastrtps_cpp;rosidl_typesupport_introspection_cpp
[9.379s] -- Found camera_info_manager: 3.1.9 (/opt/ros/humble/share/camera_info_manager/cmake)
[9.960s] -- Found rmw_implementation_cmake: 6.1.2 (/opt/ros/humble/share/rmw_implementation_cmake/cmake)
[9.986s] -- Found rmw_fastrtps_cpp: 6.2.6 (/opt/ros/humble/share/rmw_fastrtps_cpp/cmake)
[10.605s] -- Found OpenSSL: /usr/lib/aarch64-linux-gnu/libcrypto.so (found version "3.0.2")  
[10.767s] -- Found FastRTPS: /opt/ros/humble/include  
[11.059s] -- Using RMW implementation 'rmw_fastrtps_cpp' as default
[11.139s] -- Looking for pthread.h
[11.553s] -- Looking for pthread.h - found
[11.554s] -- Performing Test CMAKE_HAVE_LIBC_PTHREAD
[11.982s] -- Performing Test CMAKE_HAVE_LIBC_PTHREAD - Success
[11.989s] -- Found Threads: TRUE  
[13.933s] -- Found class_loader: 2.2.0 (/opt/ros/humble/share/class_loader/cmake)
[13.993s] -- Found cv_bridge: 3.2.1 (/opt/ros/humble/share/cv_bridge/cmake)
[14.228s] -- Found image_geometry: 3.2.1 (/opt/ros/humble/share/image_geometry/cmake)
[14.311s] -- Found image_publisher: 3.0.4 (/opt/ros/humble/share/image_publisher/cmake)
[15.342s] [31mCMake Error at CMakeLists.txt:27 (find_package):
[15.343s]   By not providing "Findlibuvc.cmake" in CMAKE_MODULE_PATH this project has
[15.343s]   asked CMake to find a package configuration file provided by "libuvc", but
[15.344s]   CMake did not find one.
[15.345s] 
[15.346s]   Could not find a package configuration file provided by "libuvc" with any
[15.347s]   of the following names:
[15.348s] 
[15.349s]     libuvcConfig.cmake
[15.351s]     libuvc-config.cmake
[15.351s] 
[15.352s]   Add the installation prefix of "libuvc" to CMAKE_PREFIX_PATH or set
[15.353s]   "libuvc_DIR" to a directory containing one of the above files.  If "libuvc"
[15.355s]   provides a separate development package or SDK, be sure it has been
[15.357s]   installed.
[15.358s] 
[15.359s] [0m
[15.360s] -- Configuring incomplete, errors occurred!
[15.361s] See also "/home/sunrise/wheeltec_robot_ws/build/astra_camera/CMakeFiles/CMakeOutput.log".
