[0.204s] Invoking command in '/home/sunrise/wheeltec_robot_ws/build/ldlidar_stl_ros2': CMAKE_PREFIX_PATH=${CMAKE_PREFIX_PATH}:/home/sunrise/wheeltec_robot_ws/install/tf2_tools:/opt/ros/humble /usr/bin/cmake /home/sunrise/wheeltec_robot_ws/src/wheeltec_lidar_ros2/LDlidar/ldlidar06 -DCMAKE_INSTALL_PREFIX=/home/sunrise/wheeltec_robot_ws/install/ldlidar_stl_ros2
[0.780s] -- The C compiler identification is GNU 11.2.0
[1.453s] -- The CXX compiler identification is GNU 11.2.0
[1.573s] -- Detecting C compiler ABI info
[2.294s] -- Detecting C compiler ABI info - done
[2.459s] -- Check for working C compiler: /usr/bin/cc - skipped
[2.466s] -- Detecting C compile features
[2.477s] -- Detecting C compile features - done
[2.526s] -- Detecting CXX compiler ABI info
[3.341s] -- Detecting CXX compiler ABI info - done
[3.528s] -- Check for working CXX compiler: /usr/bin/c++ - skipped
[3.535s] -- Detecting CXX compile features
[3.550s] -- Detecting CXX compile features - done
[3.589s] -- Found ament_cmake: 1.3.9 (/opt/ros/humble/share/ament_cmake/cmake)
[5.574s] -- Found Python3: /usr/bin/python3 (found version "3.10.12") found components: Interpreter 
[6.606s] -- Found rclcpp: 16.0.9 (/opt/ros/humble/share/rclcpp/cmake)
[7.013s] -- Found rosidl_generator_c: 3.1.5 (/opt/ros/humble/share/rosidl_generator_c/cmake)
[7.057s] -- Found rosidl_adapter: 3.1.5 (/opt/ros/humble/share/rosidl_adapter/cmake)
[7.143s] -- Found rosidl_generator_cpp: 3.1.5 (/opt/ros/humble/share/rosidl_generator_cpp/cmake)
[7.280s] -- Using all available rosidl_typesupport_c: rosidl_typesupport_fastrtps_c;rosidl_typesupport_introspection_c
[7.502s] -- Using all available rosidl_typesupport_cpp: rosidl_typesupport_fastrtps_cpp;rosidl_typesupport_introspection_cpp
[8.324s] -- Found rmw_implementation_cmake: 6.1.2 (/opt/ros/humble/share/rmw_implementation_cmake/cmake)
[8.358s] -- Found rmw_fastrtps_cpp: 6.2.6 (/opt/ros/humble/share/rmw_fastrtps_cpp/cmake)
[9.739s] -- Found OpenSSL: /usr/lib/aarch64-linux-gnu/libcrypto.so (found version "3.0.2")  
[10.230s] -- Found FastRTPS: /opt/ros/humble/include  
[10.727s] -- Using RMW implementation 'rmw_fastrtps_cpp' as default
[10.863s] -- Looking for pthread.h
[11.840s] -- Looking for pthread.h - found
[11.846s] -- Performing Test CMAKE_HAVE_LIBC_PTHREAD
[12.678s] -- Performing Test CMAKE_HAVE_LIBC_PTHREAD - Success
[12.690s] -- Found Threads: TRUE  
[14.997s] -- Found sensor_msgs: 4.2.4 (/opt/ros/humble/share/sensor_msgs/cmake)
[16.770s] -- Found ament_lint_auto: 0.12.11 (/opt/ros/humble/share/ament_lint_auto/cmake)
[18.047s] -- Added test 'copyright' to check source files copyright and LICENSE
[18.071s] -- Added test 'cppcheck' to perform static code analysis on C / C++ code
[18.079s] -- Configured cppcheck include dirs: /home/sunrise/wheeltec_robot_ws/src/wheeltec_lidar_ros2/LDlidar/ldlidar06/include;/home/sunrise/wheeltec_robot_ws/src/wheeltec_lidar_ros2/LDlidar/ldlidar06/include/ldlidar_driver/include
[18.080s] -- Configured cppcheck exclude dirs and/or files: 
[18.102s] -- Added test 'cpplint' to check C / C++ code against the Google style
[18.103s] -- Configured cpplint exclude dirs and/or files: 
[18.119s] -- Added test 'flake8' to check Python code syntax and style conventions
[18.132s] -- Added test 'lint_cmake' to check CMake code style
[18.152s] -- Added test 'pep257' to check Python code against some of the docstring style conventions in PEP 257
[18.166s] -- Added test 'uncrustify' to check C / C++ code style
[18.171s] -- Configured uncrustify additional arguments: 
[18.180s] -- Added test 'xmllint' to check XML markup files
[18.208s] -- Configuring done
[18.334s] -- Generating done
[18.378s] -- Build files have been written to: /home/sunrise/wheeltec_robot_ws/build/ldlidar_stl_ros2
[18.471s] Invoked command in '/home/sunrise/wheeltec_robot_ws/build/ldlidar_stl_ros2' returned '0': CMAKE_PREFIX_PATH=${CMAKE_PREFIX_PATH}:/home/sunrise/wheeltec_robot_ws/install/tf2_tools:/opt/ros/humble /usr/bin/cmake /home/sunrise/wheeltec_robot_ws/src/wheeltec_lidar_ros2/LDlidar/ldlidar06 -DCMAKE_INSTALL_PREFIX=/home/sunrise/wheeltec_robot_ws/install/ldlidar_stl_ros2
[18.483s] Invoking command in '/home/sunrise/wheeltec_robot_ws/build/ldlidar_stl_ros2': CMAKE_PREFIX_PATH=${CMAKE_PREFIX_PATH}:/home/sunrise/wheeltec_robot_ws/install/tf2_tools:/opt/ros/humble /usr/bin/cmake --build /home/sunrise/wheeltec_robot_ws/build/ldlidar_stl_ros2 -- -j4 -l4
[18.828s] [ 20%] [32mBuilding CXX object CMakeFiles/ldlidar_stl_ros2_node.dir/src/demo.cpp.o[0m
[70.485s] [ 40%] [32mBuilding CXX object CMakeFiles/ldlidar_stl_ros2_node.dir/include/ldlidar_driver/tofbf.cpp.o[0m
[77.740s] [ 60%] [32mBuilding CXX object CMakeFiles/ldlidar_stl_ros2_node.dir/include/ldlidar_driver/lipkg.cpp.o[0m
[85.912s] [ 80%] [32mBuilding CXX object CMakeFiles/ldlidar_stl_ros2_node.dir/include/ldlidar_driver/cmd_interface_linux.cpp.o[0m
[91.884s] [100%] [32m[1mLinking CXX executable ldlidar_stl_ros2_node[0m
[94.506s] [100%] Built target ldlidar_stl_ros2_node
[94.616s] Invoked command in '/home/sunrise/wheeltec_robot_ws/build/ldlidar_stl_ros2' returned '0': CMAKE_PREFIX_PATH=${CMAKE_PREFIX_PATH}:/home/sunrise/wheeltec_robot_ws/install/tf2_tools:/opt/ros/humble /usr/bin/cmake --build /home/sunrise/wheeltec_robot_ws/build/ldlidar_stl_ros2 -- -j4 -l4
[94.782s] Invoking command in '/home/sunrise/wheeltec_robot_ws/build/ldlidar_stl_ros2': CMAKE_PREFIX_PATH=${CMAKE_PREFIX_PATH}:/home/sunrise/wheeltec_robot_ws/install/tf2_tools:/opt/ros/humble /usr/bin/cmake --install /home/sunrise/wheeltec_robot_ws/build/ldlidar_stl_ros2
[94.857s] -- Install configuration: ""
[94.864s] -- Installing: /home/sunrise/wheeltec_robot_ws/install/ldlidar_stl_ros2/lib/ldlidar_stl_ros2/ldlidar_stl_ros2_node
[94.876s] -- Set runtime path of "/home/sunrise/wheeltec_robot_ws/install/ldlidar_stl_ros2/lib/ldlidar_stl_ros2/ldlidar_stl_ros2_node" to ""
[94.880s] -- Installing: /home/sunrise/wheeltec_robot_ws/install/ldlidar_stl_ros2/share/ldlidar_stl_ros2//launch
[94.888s] -- Installing: /home/sunrise/wheeltec_robot_ws/install/ldlidar_stl_ros2/share/ldlidar_stl_ros2//launch/viewer_ld06.launch.py
[94.893s] -- Installing: /home/sunrise/wheeltec_robot_ws/install/ldlidar_stl_ros2/share/ldlidar_stl_ros2//launch/ld06.launch.py
[94.898s] -- Installing: /home/sunrise/wheeltec_robot_ws/install/ldlidar_stl_ros2/share/ldlidar_stl_ros2//launch/ld19.launch.py
[94.904s] -- Installing: /home/sunrise/wheeltec_robot_ws/install/ldlidar_stl_ros2/share/ldlidar_stl_ros2//launch/viewer_ld19.launch.py
[94.910s] -- Installing: /home/sunrise/wheeltec_robot_ws/install/ldlidar_stl_ros2/share/ldlidar_stl_ros2//rviz2
[94.915s] -- Installing: /home/sunrise/wheeltec_robot_ws/install/ldlidar_stl_ros2/share/ldlidar_stl_ros2//rviz2/ldlidar.rviz
[94.921s] -- Installing: /home/sunrise/wheeltec_robot_ws/install/ldlidar_stl_ros2/share/ament_index/resource_index/package_run_dependencies/ldlidar_stl_ros2
[94.924s] -- Installing: /home/sunrise/wheeltec_robot_ws/install/ldlidar_stl_ros2/share/ament_index/resource_index/parent_prefix_path/ldlidar_stl_ros2
[94.926s] -- Installing: /home/sunrise/wheeltec_robot_ws/install/ldlidar_stl_ros2/share/ldlidar_stl_ros2/environment/ament_prefix_path.sh
[94.930s] -- Installing: /home/sunrise/wheeltec_robot_ws/install/ldlidar_stl_ros2/share/ldlidar_stl_ros2/environment/ament_prefix_path.dsv
[94.932s] -- Installing: /home/sunrise/wheeltec_robot_ws/install/ldlidar_stl_ros2/share/ldlidar_stl_ros2/environment/path.sh
[94.937s] -- Installing: /home/sunrise/wheeltec_robot_ws/install/ldlidar_stl_ros2/share/ldlidar_stl_ros2/environment/path.dsv
[94.939s] -- Installing: /home/sunrise/wheeltec_robot_ws/install/ldlidar_stl_ros2/share/ldlidar_stl_ros2/local_setup.bash
[94.942s] -- Installing: /home/sunrise/wheeltec_robot_ws/install/ldlidar_stl_ros2/share/ldlidar_stl_ros2/local_setup.sh
[94.945s] -- Installing: /home/sunrise/wheeltec_robot_ws/install/ldlidar_stl_ros2/share/ldlidar_stl_ros2/local_setup.zsh
[94.954s] -- Installing: /home/sunrise/wheeltec_robot_ws/install/ldlidar_stl_ros2/share/ldlidar_stl_ros2/local_setup.dsv
[94.958s] -- Installing: /home/sunrise/wheeltec_robot_ws/install/ldlidar_stl_ros2/share/ldlidar_stl_ros2/package.dsv
[94.965s] -- Installing: /home/sunrise/wheeltec_robot_ws/install/ldlidar_stl_ros2/share/ament_index/resource_index/packages/ldlidar_stl_ros2
[94.966s] -- Installing: /home/sunrise/wheeltec_robot_ws/install/ldlidar_stl_ros2/share/ldlidar_stl_ros2/cmake/ldlidar_stl_ros2Config.cmake
[94.967s] -- Installing: /home/sunrise/wheeltec_robot_ws/install/ldlidar_stl_ros2/share/ldlidar_stl_ros2/cmake/ldlidar_stl_ros2Config-version.cmake
[94.968s] -- Installing: /home/sunrise/wheeltec_robot_ws/install/ldlidar_stl_ros2/share/ldlidar_stl_ros2/package.xml
[94.986s] Invoked command in '/home/sunrise/wheeltec_robot_ws/build/ldlidar_stl_ros2' returned '0': CMAKE_PREFIX_PATH=${CMAKE_PREFIX_PATH}:/home/sunrise/wheeltec_robot_ws/install/tf2_tools:/opt/ros/humble /usr/bin/cmake --install /home/sunrise/wheeltec_robot_ws/build/ldlidar_stl_ros2
