[0.828s] DEBUG:colcon:Command line arguments: ['/usr/bin/colcon', 'build', '--packages-select', 'wheeltec_slam_toolbox']
[0.829s] DEBUG:colcon:Parsed command line arguments: Namespace(log_base=None, log_level=None, verb_name='build', build_base='build', install_base='install', merge_install=False, symlink_install=False, test_result_base=None, continue_on_error=False, executor='parallel', parallel_workers=4, event_handlers=None, ignore_user_meta=False, metas=['./colcon.meta'], base_paths=['.'], packages_ignore=None, packages_ignore_regex=None, paths=None, packages_up_to=None, packages_up_to_regex=None, packages_above=None, packages_above_and_dependencies=None, packages_above_depth=None, packages_select_by_dep=None, packages_skip_by_dep=None, packages_skip_up_to=None, packages_select_build_failed=False, packages_skip_build_finished=False, packages_select_test_failures=False, packages_skip_test_passed=False, packages_select=['wheeltec_slam_toolbox'], packages_skip=None, packages_select_regex=None, packages_skip_regex=None, packages_start=None, packages_end=None, allow_overriding=[], cmake_args=None, cmake_target=None, cmake_target_skip_unavailable=False, cmake_clean_cache=False, cmake_clean_first=False, cmake_force_configure=False, ament_cmake_args=None, catkin_cmake_args=None, catkin_skip_building_tests=False, verb_parser=<colcon_defaults.argument_parser.defaults.DefaultArgumentsDecorator object at 0x7fbb558730>, verb_extension=<colcon_core.verb.build.BuildVerb object at 0x7fbb5581f0>, main=<bound method BuildVerb.main of <colcon_core.verb.build.BuildVerb object at 0x7fbb5581f0>>)
[2.244s] Level 1:colcon.colcon_core.package_discovery:discover_packages(colcon_meta) check parameters
[2.245s] Level 1:colcon.colcon_core.package_discovery:discover_packages(recursive) check parameters
[2.245s] Level 1:colcon.colcon_core.package_discovery:discover_packages(ignore) check parameters
[2.245s] Level 1:colcon.colcon_core.package_discovery:discover_packages(path) check parameters
[2.246s] Level 1:colcon.colcon_core.package_discovery:discover_packages(colcon_meta) discover
[2.246s] Level 1:colcon.colcon_core.package_discovery:discover_packages(recursive) discover
[2.246s] INFO:colcon.colcon_core.package_discovery:Crawling recursively for packages in '/home/sunrise/wheeltec_robot_ws'
[2.247s] Level 1:colcon.colcon_core.package_identification:_identify(.) by extensions ['ignore', 'ignore_ament_install']
[2.247s] Level 1:colcon.colcon_core.package_identification:_identify(.) by extension 'ignore'
[2.248s] Level 1:colcon.colcon_core.package_identification:_identify(.) by extension 'ignore_ament_install'
[2.248s] Level 1:colcon.colcon_core.package_identification:_identify(.) by extensions ['colcon_pkg']
[2.249s] Level 1:colcon.colcon_core.package_identification:_identify(.) by extension 'colcon_pkg'
[2.249s] Level 1:colcon.colcon_core.package_identification:_identify(.) by extensions ['colcon_meta']
[2.249s] Level 1:colcon.colcon_core.package_identification:_identify(.) by extension 'colcon_meta'
[2.249s] Level 1:colcon.colcon_core.package_identification:_identify(.) by extensions ['ros']
[2.250s] Level 1:colcon.colcon_core.package_identification:_identify(.) by extension 'ros'
[2.341s] Level 1:colcon.colcon_core.package_identification:_identify(.) by extensions ['cmake', 'python']
[2.341s] Level 1:colcon.colcon_core.package_identification:_identify(.) by extension 'cmake'
[2.342s] Level 1:colcon.colcon_core.package_identification:_identify(.) by extension 'python'
[2.342s] Level 1:colcon.colcon_core.package_identification:_identify(.) by extensions ['python_setup_py']
[2.342s] Level 1:colcon.colcon_core.package_identification:_identify(.) by extension 'python_setup_py'
[2.343s] Level 1:colcon.colcon_core.package_identification:_identify(build) by extensions ['ignore', 'ignore_ament_install']
[2.344s] Level 1:colcon.colcon_core.package_identification:_identify(build) by extension 'ignore'
[2.344s] Level 1:colcon.colcon_core.package_identification:_identify(build) ignored
[2.345s] Level 1:colcon.colcon_core.package_identification:_identify(install) by extensions ['ignore', 'ignore_ament_install']
[2.346s] Level 1:colcon.colcon_core.package_identification:_identify(install) by extension 'ignore'
[2.346s] Level 1:colcon.colcon_core.package_identification:_identify(install) ignored
[2.347s] Level 1:colcon.colcon_core.package_identification:_identify(log) by extensions ['ignore', 'ignore_ament_install']
[2.348s] Level 1:colcon.colcon_core.package_identification:_identify(log) by extension 'ignore'
[2.348s] Level 1:colcon.colcon_core.package_identification:_identify(log) ignored
[2.349s] Level 1:colcon.colcon_core.package_identification:_identify(src) by extensions ['ignore', 'ignore_ament_install']
[2.350s] Level 1:colcon.colcon_core.package_identification:_identify(src) by extension 'ignore'
[2.350s] Level 1:colcon.colcon_core.package_identification:_identify(src) by extension 'ignore_ament_install'
[2.351s] Level 1:colcon.colcon_core.package_identification:_identify(src) by extensions ['colcon_pkg']
[2.351s] Level 1:colcon.colcon_core.package_identification:_identify(src) by extension 'colcon_pkg'
[2.351s] Level 1:colcon.colcon_core.package_identification:_identify(src) by extensions ['colcon_meta']
[2.351s] Level 1:colcon.colcon_core.package_identification:_identify(src) by extension 'colcon_meta'
[2.352s] Level 1:colcon.colcon_core.package_identification:_identify(src) by extensions ['ros']
[2.352s] Level 1:colcon.colcon_core.package_identification:_identify(src) by extension 'ros'
[2.352s] Level 1:colcon.colcon_core.package_identification:_identify(src) by extensions ['cmake', 'python']
[2.353s] Level 1:colcon.colcon_core.package_identification:_identify(src) by extension 'cmake'
[2.353s] Level 1:colcon.colcon_core.package_identification:_identify(src) by extension 'python'
[2.353s] Level 1:colcon.colcon_core.package_identification:_identify(src) by extensions ['python_setup_py']
[2.354s] Level 1:colcon.colcon_core.package_identification:_identify(src) by extension 'python_setup_py'
[2.354s] Level 1:colcon.colcon_core.package_identification:_identify(src/serial_ros2) by extensions ['ignore', 'ignore_ament_install']
[2.355s] Level 1:colcon.colcon_core.package_identification:_identify(src/serial_ros2) by extension 'ignore'
[2.355s] Level 1:colcon.colcon_core.package_identification:_identify(src/serial_ros2) by extension 'ignore_ament_install'
[2.356s] Level 1:colcon.colcon_core.package_identification:_identify(src/serial_ros2) by extensions ['colcon_pkg']
[2.356s] Level 1:colcon.colcon_core.package_identification:_identify(src/serial_ros2) by extension 'colcon_pkg'
[2.356s] Level 1:colcon.colcon_core.package_identification:_identify(src/serial_ros2) by extensions ['colcon_meta']
[2.357s] Level 1:colcon.colcon_core.package_identification:_identify(src/serial_ros2) by extension 'colcon_meta'
[2.357s] Level 1:colcon.colcon_core.package_identification:_identify(src/serial_ros2) by extensions ['ros']
[2.357s] Level 1:colcon.colcon_core.package_identification:_identify(src/serial_ros2) by extension 'ros'
[2.375s] DEBUG:colcon.colcon_core.package_identification:Package 'src/serial_ros2' with type 'ros.ament_cmake' and name 'serial'
[2.375s] Level 1:colcon.colcon_core.package_identification:_identify(src/tf2_tools) by extensions ['ignore', 'ignore_ament_install']
[2.376s] Level 1:colcon.colcon_core.package_identification:_identify(src/tf2_tools) by extension 'ignore'
[2.377s] Level 1:colcon.colcon_core.package_identification:_identify(src/tf2_tools) by extension 'ignore_ament_install'
[2.377s] Level 1:colcon.colcon_core.package_identification:_identify(src/tf2_tools) by extensions ['colcon_pkg']
[2.377s] Level 1:colcon.colcon_core.package_identification:_identify(src/tf2_tools) by extension 'colcon_pkg'
[2.378s] Level 1:colcon.colcon_core.package_identification:_identify(src/tf2_tools) by extensions ['colcon_meta']
[2.378s] Level 1:colcon.colcon_core.package_identification:_identify(src/tf2_tools) by extension 'colcon_meta'
[2.378s] Level 1:colcon.colcon_core.package_identification:_identify(src/tf2_tools) by extensions ['ros']
[2.378s] Level 1:colcon.colcon_core.package_identification:_identify(src/tf2_tools) by extension 'ros'
[2.383s] DEBUG:colcon.colcon_core.package_identification:Package 'src/tf2_tools' with type 'ros.ament_python' and name 'tf2_tools'
[2.384s] Level 1:colcon.colcon_core.package_identification:_identify(src/turn_on_wheeltec_robot) by extensions ['ignore', 'ignore_ament_install']
[2.385s] Level 1:colcon.colcon_core.package_identification:_identify(src/turn_on_wheeltec_robot) by extension 'ignore'
[2.385s] Level 1:colcon.colcon_core.package_identification:_identify(src/turn_on_wheeltec_robot) by extension 'ignore_ament_install'
[2.385s] Level 1:colcon.colcon_core.package_identification:_identify(src/turn_on_wheeltec_robot) by extensions ['colcon_pkg']
[2.386s] Level 1:colcon.colcon_core.package_identification:_identify(src/turn_on_wheeltec_robot) by extension 'colcon_pkg'
[2.386s] Level 1:colcon.colcon_core.package_identification:_identify(src/turn_on_wheeltec_robot) by extensions ['colcon_meta']
[2.386s] Level 1:colcon.colcon_core.package_identification:_identify(src/turn_on_wheeltec_robot) by extension 'colcon_meta'
[2.387s] Level 1:colcon.colcon_core.package_identification:_identify(src/turn_on_wheeltec_robot) by extensions ['ros']
[2.387s] Level 1:colcon.colcon_core.package_identification:_identify(src/turn_on_wheeltec_robot) by extension 'ros'
[2.404s] DEBUG:colcon.colcon_core.package_identification:Package 'src/turn_on_wheeltec_robot' with type 'ros.ament_cmake' and name 'turn_on_wheeltec_robot'
[2.405s] Level 1:colcon.colcon_core.package_identification:_identify(src/usb_cam-ros2) by extensions ['ignore', 'ignore_ament_install']
[2.405s] Level 1:colcon.colcon_core.package_identification:_identify(src/usb_cam-ros2) by extension 'ignore'
[2.406s] Level 1:colcon.colcon_core.package_identification:_identify(src/usb_cam-ros2) by extension 'ignore_ament_install'
[2.406s] Level 1:colcon.colcon_core.package_identification:_identify(src/usb_cam-ros2) by extensions ['colcon_pkg']
[2.406s] Level 1:colcon.colcon_core.package_identification:_identify(src/usb_cam-ros2) by extension 'colcon_pkg'
[2.407s] Level 1:colcon.colcon_core.package_identification:_identify(src/usb_cam-ros2) by extensions ['colcon_meta']
[2.407s] Level 1:colcon.colcon_core.package_identification:_identify(src/usb_cam-ros2) by extension 'colcon_meta'
[2.407s] Level 1:colcon.colcon_core.package_identification:_identify(src/usb_cam-ros2) by extensions ['ros']
[2.408s] Level 1:colcon.colcon_core.package_identification:_identify(src/usb_cam-ros2) by extension 'ros'
[2.408s] Level 1:colcon.colcon_core.package_identification:_identify(src/usb_cam-ros2) by extensions ['cmake', 'python']
[2.408s] Level 1:colcon.colcon_core.package_identification:_identify(src/usb_cam-ros2) by extension 'cmake'
[2.409s] Level 1:colcon.colcon_core.package_identification:_identify(src/usb_cam-ros2) by extension 'python'
[2.409s] Level 1:colcon.colcon_core.package_identification:_identify(src/usb_cam-ros2) by extensions ['python_setup_py']
[2.409s] Level 1:colcon.colcon_core.package_identification:_identify(src/usb_cam-ros2) by extension 'python_setup_py'
[2.410s] Level 1:colcon.colcon_core.package_identification:_identify(src/usb_cam-ros2/usb_cam-ros2) by extensions ['ignore', 'ignore_ament_install']
[2.411s] Level 1:colcon.colcon_core.package_identification:_identify(src/usb_cam-ros2/usb_cam-ros2) by extension 'ignore'
[2.411s] Level 1:colcon.colcon_core.package_identification:_identify(src/usb_cam-ros2/usb_cam-ros2) by extension 'ignore_ament_install'
[2.411s] Level 1:colcon.colcon_core.package_identification:_identify(src/usb_cam-ros2/usb_cam-ros2) by extensions ['colcon_pkg']
[2.412s] Level 1:colcon.colcon_core.package_identification:_identify(src/usb_cam-ros2/usb_cam-ros2) by extension 'colcon_pkg'
[2.412s] Level 1:colcon.colcon_core.package_identification:_identify(src/usb_cam-ros2/usb_cam-ros2) by extensions ['colcon_meta']
[2.412s] Level 1:colcon.colcon_core.package_identification:_identify(src/usb_cam-ros2/usb_cam-ros2) by extension 'colcon_meta'
[2.413s] Level 1:colcon.colcon_core.package_identification:_identify(src/usb_cam-ros2/usb_cam-ros2) by extensions ['ros']
[2.413s] Level 1:colcon.colcon_core.package_identification:_identify(src/usb_cam-ros2/usb_cam-ros2) by extension 'ros'
[2.427s] DEBUG:colcon.colcon_core.package_identification:Package 'src/usb_cam-ros2/usb_cam-ros2' with type 'ros.ament_cmake' and name 'usb_cam'
[2.428s] Level 1:colcon.colcon_core.package_identification:_identify(src/web_video_server-ros2) by extensions ['ignore', 'ignore_ament_install']
[2.428s] Level 1:colcon.colcon_core.package_identification:_identify(src/web_video_server-ros2) by extension 'ignore'
[2.429s] Level 1:colcon.colcon_core.package_identification:_identify(src/web_video_server-ros2) by extension 'ignore_ament_install'
[2.430s] Level 1:colcon.colcon_core.package_identification:_identify(src/web_video_server-ros2) by extensions ['colcon_pkg']
[2.430s] Level 1:colcon.colcon_core.package_identification:_identify(src/web_video_server-ros2) by extension 'colcon_pkg'
[2.430s] Level 1:colcon.colcon_core.package_identification:_identify(src/web_video_server-ros2) by extensions ['colcon_meta']
[2.431s] Level 1:colcon.colcon_core.package_identification:_identify(src/web_video_server-ros2) by extension 'colcon_meta'
[2.431s] Level 1:colcon.colcon_core.package_identification:_identify(src/web_video_server-ros2) by extensions ['ros']
[2.432s] Level 1:colcon.colcon_core.package_identification:_identify(src/web_video_server-ros2) by extension 'ros'
[2.433s] Level 1:colcon.colcon_core.package_identification:_identify(src/web_video_server-ros2) by extensions ['cmake', 'python']
[2.433s] Level 1:colcon.colcon_core.package_identification:_identify(src/web_video_server-ros2) by extension 'cmake'
[2.434s] Level 1:colcon.colcon_core.package_identification:_identify(src/web_video_server-ros2) by extension 'python'
[2.434s] Level 1:colcon.colcon_core.package_identification:_identify(src/web_video_server-ros2) by extensions ['python_setup_py']
[2.435s] Level 1:colcon.colcon_core.package_identification:_identify(src/web_video_server-ros2) by extension 'python_setup_py'
[2.436s] Level 1:colcon.colcon_core.package_identification:_identify(src/web_video_server-ros2/web_video_server-ros2) by extensions ['ignore', 'ignore_ament_install']
[2.437s] Level 1:colcon.colcon_core.package_identification:_identify(src/web_video_server-ros2/web_video_server-ros2) by extension 'ignore'
[2.437s] Level 1:colcon.colcon_core.package_identification:_identify(src/web_video_server-ros2/web_video_server-ros2) by extension 'ignore_ament_install'
[2.438s] Level 1:colcon.colcon_core.package_identification:_identify(src/web_video_server-ros2/web_video_server-ros2) by extensions ['colcon_pkg']
[2.438s] Level 1:colcon.colcon_core.package_identification:_identify(src/web_video_server-ros2/web_video_server-ros2) by extension 'colcon_pkg'
[2.438s] Level 1:colcon.colcon_core.package_identification:_identify(src/web_video_server-ros2/web_video_server-ros2) by extensions ['colcon_meta']
[2.439s] Level 1:colcon.colcon_core.package_identification:_identify(src/web_video_server-ros2/web_video_server-ros2) by extension 'colcon_meta'
[2.439s] Level 1:colcon.colcon_core.package_identification:_identify(src/web_video_server-ros2/web_video_server-ros2) by extensions ['ros']
[2.439s] Level 1:colcon.colcon_core.package_identification:_identify(src/web_video_server-ros2/web_video_server-ros2) by extension 'ros'
[2.445s] DEBUG:colcon.colcon_core.package_identification:Package 'src/web_video_server-ros2/web_video_server-ros2' with type 'ros.ament_cmake' and name 'web_video_server'
[2.446s] Level 1:colcon.colcon_core.package_identification:_identify(src/wheeltec_lidar_ros2) by extensions ['ignore', 'ignore_ament_install']
[2.446s] Level 1:colcon.colcon_core.package_identification:_identify(src/wheeltec_lidar_ros2) by extension 'ignore'
[2.447s] Level 1:colcon.colcon_core.package_identification:_identify(src/wheeltec_lidar_ros2) by extension 'ignore_ament_install'
[2.447s] Level 1:colcon.colcon_core.package_identification:_identify(src/wheeltec_lidar_ros2) by extensions ['colcon_pkg']
[2.447s] Level 1:colcon.colcon_core.package_identification:_identify(src/wheeltec_lidar_ros2) by extension 'colcon_pkg'
[2.448s] Level 1:colcon.colcon_core.package_identification:_identify(src/wheeltec_lidar_ros2) by extensions ['colcon_meta']
[2.448s] Level 1:colcon.colcon_core.package_identification:_identify(src/wheeltec_lidar_ros2) by extension 'colcon_meta'
[2.448s] Level 1:colcon.colcon_core.package_identification:_identify(src/wheeltec_lidar_ros2) by extensions ['ros']
[2.449s] Level 1:colcon.colcon_core.package_identification:_identify(src/wheeltec_lidar_ros2) by extension 'ros'
[2.450s] Level 1:colcon.colcon_core.package_identification:_identify(src/wheeltec_lidar_ros2) by extensions ['cmake', 'python']
[2.450s] Level 1:colcon.colcon_core.package_identification:_identify(src/wheeltec_lidar_ros2) by extension 'cmake'
[2.450s] Level 1:colcon.colcon_core.package_identification:_identify(src/wheeltec_lidar_ros2) by extension 'python'
[2.451s] Level 1:colcon.colcon_core.package_identification:_identify(src/wheeltec_lidar_ros2) by extensions ['python_setup_py']
[2.451s] Level 1:colcon.colcon_core.package_identification:_identify(src/wheeltec_lidar_ros2) by extension 'python_setup_py'
[2.452s] Level 1:colcon.colcon_core.package_identification:_identify(src/wheeltec_lidar_ros2/LDlidar) by extensions ['ignore', 'ignore_ament_install']
[2.452s] Level 1:colcon.colcon_core.package_identification:_identify(src/wheeltec_lidar_ros2/LDlidar) by extension 'ignore'
[2.453s] Level 1:colcon.colcon_core.package_identification:_identify(src/wheeltec_lidar_ros2/LDlidar) by extension 'ignore_ament_install'
[2.453s] Level 1:colcon.colcon_core.package_identification:_identify(src/wheeltec_lidar_ros2/LDlidar) by extensions ['colcon_pkg']
[2.454s] Level 1:colcon.colcon_core.package_identification:_identify(src/wheeltec_lidar_ros2/LDlidar) by extension 'colcon_pkg'
[2.454s] Level 1:colcon.colcon_core.package_identification:_identify(src/wheeltec_lidar_ros2/LDlidar) by extensions ['colcon_meta']
[2.454s] Level 1:colcon.colcon_core.package_identification:_identify(src/wheeltec_lidar_ros2/LDlidar) by extension 'colcon_meta'
[2.454s] Level 1:colcon.colcon_core.package_identification:_identify(src/wheeltec_lidar_ros2/LDlidar) by extensions ['ros']
[2.455s] Level 1:colcon.colcon_core.package_identification:_identify(src/wheeltec_lidar_ros2/LDlidar) by extension 'ros'
[2.455s] Level 1:colcon.colcon_core.package_identification:_identify(src/wheeltec_lidar_ros2/LDlidar) by extensions ['cmake', 'python']
[2.455s] Level 1:colcon.colcon_core.package_identification:_identify(src/wheeltec_lidar_ros2/LDlidar) by extension 'cmake'
[2.456s] Level 1:colcon.colcon_core.package_identification:_identify(src/wheeltec_lidar_ros2/LDlidar) by extension 'python'
[2.456s] Level 1:colcon.colcon_core.package_identification:_identify(src/wheeltec_lidar_ros2/LDlidar) by extensions ['python_setup_py']
[2.456s] Level 1:colcon.colcon_core.package_identification:_identify(src/wheeltec_lidar_ros2/LDlidar) by extension 'python_setup_py'
[2.457s] Level 1:colcon.colcon_core.package_identification:_identify(src/wheeltec_lidar_ros2/LDlidar/ldlidar06) by extensions ['ignore', 'ignore_ament_install']
[2.458s] Level 1:colcon.colcon_core.package_identification:_identify(src/wheeltec_lidar_ros2/LDlidar/ldlidar06) by extension 'ignore'
[2.458s] Level 1:colcon.colcon_core.package_identification:_identify(src/wheeltec_lidar_ros2/LDlidar/ldlidar06) by extension 'ignore_ament_install'
[2.459s] Level 1:colcon.colcon_core.package_identification:_identify(src/wheeltec_lidar_ros2/LDlidar/ldlidar06) by extensions ['colcon_pkg']
[2.459s] Level 1:colcon.colcon_core.package_identification:_identify(src/wheeltec_lidar_ros2/LDlidar/ldlidar06) by extension 'colcon_pkg'
[2.459s] Level 1:colcon.colcon_core.package_identification:_identify(src/wheeltec_lidar_ros2/LDlidar/ldlidar06) by extensions ['colcon_meta']
[2.459s] Level 1:colcon.colcon_core.package_identification:_identify(src/wheeltec_lidar_ros2/LDlidar/ldlidar06) by extension 'colcon_meta'
[2.460s] Level 1:colcon.colcon_core.package_identification:_identify(src/wheeltec_lidar_ros2/LDlidar/ldlidar06) by extensions ['ros']
[2.460s] Level 1:colcon.colcon_core.package_identification:_identify(src/wheeltec_lidar_ros2/LDlidar/ldlidar06) by extension 'ros'
[2.465s] DEBUG:colcon.colcon_core.package_identification:Package 'src/wheeltec_lidar_ros2/LDlidar/ldlidar06' with type 'ros.ament_cmake' and name 'ldlidar_stl_ros2'
[2.466s] Level 1:colcon.colcon_core.package_identification:_identify(src/wheeltec_lidar_ros2/LDlidar/ldlidar14) by extensions ['ignore', 'ignore_ament_install']
[2.467s] Level 1:colcon.colcon_core.package_identification:_identify(src/wheeltec_lidar_ros2/LDlidar/ldlidar14) by extension 'ignore'
[2.467s] Level 1:colcon.colcon_core.package_identification:_identify(src/wheeltec_lidar_ros2/LDlidar/ldlidar14) by extension 'ignore_ament_install'
[2.467s] Level 1:colcon.colcon_core.package_identification:_identify(src/wheeltec_lidar_ros2/LDlidar/ldlidar14) by extensions ['colcon_pkg']
[2.468s] Level 1:colcon.colcon_core.package_identification:_identify(src/wheeltec_lidar_ros2/LDlidar/ldlidar14) by extension 'colcon_pkg'
[2.468s] Level 1:colcon.colcon_core.package_identification:_identify(src/wheeltec_lidar_ros2/LDlidar/ldlidar14) by extensions ['colcon_meta']
[2.468s] Level 1:colcon.colcon_core.package_identification:_identify(src/wheeltec_lidar_ros2/LDlidar/ldlidar14) by extension 'colcon_meta'
[2.469s] Level 1:colcon.colcon_core.package_identification:_identify(src/wheeltec_lidar_ros2/LDlidar/ldlidar14) by extensions ['ros']
[2.469s] Level 1:colcon.colcon_core.package_identification:_identify(src/wheeltec_lidar_ros2/LDlidar/ldlidar14) by extension 'ros'
[2.474s] DEBUG:colcon.colcon_core.package_identification:Package 'src/wheeltec_lidar_ros2/LDlidar/ldlidar14' with type 'ros.ament_cmake' and name 'ldlidar_sl_ros2'
[2.475s] Level 1:colcon.colcon_core.package_identification:_identify(src/wheeltec_lidar_ros2/LSlidar) by extensions ['ignore', 'ignore_ament_install']
[2.475s] Level 1:colcon.colcon_core.package_identification:_identify(src/wheeltec_lidar_ros2/LSlidar) by extension 'ignore'
[2.476s] Level 1:colcon.colcon_core.package_identification:_identify(src/wheeltec_lidar_ros2/LSlidar) by extension 'ignore_ament_install'
[2.476s] Level 1:colcon.colcon_core.package_identification:_identify(src/wheeltec_lidar_ros2/LSlidar) by extensions ['colcon_pkg']
[2.477s] Level 1:colcon.colcon_core.package_identification:_identify(src/wheeltec_lidar_ros2/LSlidar) by extension 'colcon_pkg'
[2.477s] Level 1:colcon.colcon_core.package_identification:_identify(src/wheeltec_lidar_ros2/LSlidar) by extensions ['colcon_meta']
[2.477s] Level 1:colcon.colcon_core.package_identification:_identify(src/wheeltec_lidar_ros2/LSlidar) by extension 'colcon_meta'
[2.478s] Level 1:colcon.colcon_core.package_identification:_identify(src/wheeltec_lidar_ros2/LSlidar) by extensions ['ros']
[2.478s] Level 1:colcon.colcon_core.package_identification:_identify(src/wheeltec_lidar_ros2/LSlidar) by extension 'ros'
[2.478s] Level 1:colcon.colcon_core.package_identification:_identify(src/wheeltec_lidar_ros2/LSlidar) by extensions ['cmake', 'python']
[2.479s] Level 1:colcon.colcon_core.package_identification:_identify(src/wheeltec_lidar_ros2/LSlidar) by extension 'cmake'
[2.479s] Level 1:colcon.colcon_core.package_identification:_identify(src/wheeltec_lidar_ros2/LSlidar) by extension 'python'
[2.479s] Level 1:colcon.colcon_core.package_identification:_identify(src/wheeltec_lidar_ros2/LSlidar) by extensions ['python_setup_py']
[2.480s] Level 1:colcon.colcon_core.package_identification:_identify(src/wheeltec_lidar_ros2/LSlidar) by extension 'python_setup_py'
[2.480s] Level 1:colcon.colcon_core.package_identification:_identify(src/wheeltec_lidar_ros2/LSlidar/lslidar_driver) by extensions ['ignore', 'ignore_ament_install']
[2.481s] Level 1:colcon.colcon_core.package_identification:_identify(src/wheeltec_lidar_ros2/LSlidar/lslidar_driver) by extension 'ignore'
[2.481s] Level 1:colcon.colcon_core.package_identification:_identify(src/wheeltec_lidar_ros2/LSlidar/lslidar_driver) by extension 'ignore_ament_install'
[2.482s] Level 1:colcon.colcon_core.package_identification:_identify(src/wheeltec_lidar_ros2/LSlidar/lslidar_driver) by extensions ['colcon_pkg']
[2.482s] Level 1:colcon.colcon_core.package_identification:_identify(src/wheeltec_lidar_ros2/LSlidar/lslidar_driver) by extension 'colcon_pkg'
[2.482s] Level 1:colcon.colcon_core.package_identification:_identify(src/wheeltec_lidar_ros2/LSlidar/lslidar_driver) by extensions ['colcon_meta']
[2.483s] Level 1:colcon.colcon_core.package_identification:_identify(src/wheeltec_lidar_ros2/LSlidar/lslidar_driver) by extension 'colcon_meta'
[2.483s] Level 1:colcon.colcon_core.package_identification:_identify(src/wheeltec_lidar_ros2/LSlidar/lslidar_driver) by extensions ['ros']
[2.483s] Level 1:colcon.colcon_core.package_identification:_identify(src/wheeltec_lidar_ros2/LSlidar/lslidar_driver) by extension 'ros'
[2.490s] DEBUG:colcon.colcon_core.package_identification:Package 'src/wheeltec_lidar_ros2/LSlidar/lslidar_driver' with type 'ros.ament_cmake' and name 'lslidar_driver'
[2.491s] Level 1:colcon.colcon_core.package_identification:_identify(src/wheeltec_lidar_ros2/LSlidar/lslidar_msgs) by extensions ['ignore', 'ignore_ament_install']
[2.491s] Level 1:colcon.colcon_core.package_identification:_identify(src/wheeltec_lidar_ros2/LSlidar/lslidar_msgs) by extension 'ignore'
[2.492s] Level 1:colcon.colcon_core.package_identification:_identify(src/wheeltec_lidar_ros2/LSlidar/lslidar_msgs) by extension 'ignore_ament_install'
[2.492s] Level 1:colcon.colcon_core.package_identification:_identify(src/wheeltec_lidar_ros2/LSlidar/lslidar_msgs) by extensions ['colcon_pkg']
[2.493s] Level 1:colcon.colcon_core.package_identification:_identify(src/wheeltec_lidar_ros2/LSlidar/lslidar_msgs) by extension 'colcon_pkg'
[2.493s] Level 1:colcon.colcon_core.package_identification:_identify(src/wheeltec_lidar_ros2/LSlidar/lslidar_msgs) by extensions ['colcon_meta']
[2.493s] Level 1:colcon.colcon_core.package_identification:_identify(src/wheeltec_lidar_ros2/LSlidar/lslidar_msgs) by extension 'colcon_meta'
[2.494s] Level 1:colcon.colcon_core.package_identification:_identify(src/wheeltec_lidar_ros2/LSlidar/lslidar_msgs) by extensions ['ros']
[2.494s] Level 1:colcon.colcon_core.package_identification:_identify(src/wheeltec_lidar_ros2/LSlidar/lslidar_msgs) by extension 'ros'
[2.500s] DEBUG:colcon.colcon_core.package_identification:Package 'src/wheeltec_lidar_ros2/LSlidar/lslidar_msgs' with type 'ros.ament_cmake' and name 'lslidar_msgs'
[2.500s] Level 1:colcon.colcon_core.package_identification:_identify(src/wheeltec_robot_keyboard) by extensions ['ignore', 'ignore_ament_install']
[2.501s] Level 1:colcon.colcon_core.package_identification:_identify(src/wheeltec_robot_keyboard) by extension 'ignore'
[2.501s] Level 1:colcon.colcon_core.package_identification:_identify(src/wheeltec_robot_keyboard) by extension 'ignore_ament_install'
[2.502s] Level 1:colcon.colcon_core.package_identification:_identify(src/wheeltec_robot_keyboard) by extensions ['colcon_pkg']
[2.502s] Level 1:colcon.colcon_core.package_identification:_identify(src/wheeltec_robot_keyboard) by extension 'colcon_pkg'
[2.502s] Level 1:colcon.colcon_core.package_identification:_identify(src/wheeltec_robot_keyboard) by extensions ['colcon_meta']
[2.503s] Level 1:colcon.colcon_core.package_identification:_identify(src/wheeltec_robot_keyboard) by extension 'colcon_meta'
[2.503s] Level 1:colcon.colcon_core.package_identification:_identify(src/wheeltec_robot_keyboard) by extensions ['ros']
[2.503s] Level 1:colcon.colcon_core.package_identification:_identify(src/wheeltec_robot_keyboard) by extension 'ros'
[2.507s] DEBUG:colcon.colcon_core.package_identification:Package 'src/wheeltec_robot_keyboard' with type 'ros.ament_python' and name 'wheeltec_robot_keyboard'
[2.508s] Level 1:colcon.colcon_core.package_identification:_identify(src/wheeltec_robot_msg) by extensions ['ignore', 'ignore_ament_install']
[2.509s] Level 1:colcon.colcon_core.package_identification:_identify(src/wheeltec_robot_msg) by extension 'ignore'
[2.509s] Level 1:colcon.colcon_core.package_identification:_identify(src/wheeltec_robot_msg) by extension 'ignore_ament_install'
[2.509s] Level 1:colcon.colcon_core.package_identification:_identify(src/wheeltec_robot_msg) by extensions ['colcon_pkg']
[2.510s] Level 1:colcon.colcon_core.package_identification:_identify(src/wheeltec_robot_msg) by extension 'colcon_pkg'
[2.510s] Level 1:colcon.colcon_core.package_identification:_identify(src/wheeltec_robot_msg) by extensions ['colcon_meta']
[2.510s] Level 1:colcon.colcon_core.package_identification:_identify(src/wheeltec_robot_msg) by extension 'colcon_meta'
[2.511s] Level 1:colcon.colcon_core.package_identification:_identify(src/wheeltec_robot_msg) by extensions ['ros']
[2.511s] Level 1:colcon.colcon_core.package_identification:_identify(src/wheeltec_robot_msg) by extension 'ros'
[2.515s] DEBUG:colcon.colcon_core.package_identification:Package 'src/wheeltec_robot_msg' with type 'ros.ament_cmake' and name 'wheeltec_robot_msg'
[2.516s] Level 1:colcon.colcon_core.package_identification:_identify(src/wheeltec_robot_nav2) by extensions ['ignore', 'ignore_ament_install']
[2.516s] Level 1:colcon.colcon_core.package_identification:_identify(src/wheeltec_robot_nav2) by extension 'ignore'
[2.517s] Level 1:colcon.colcon_core.package_identification:_identify(src/wheeltec_robot_nav2) by extension 'ignore_ament_install'
[2.517s] Level 1:colcon.colcon_core.package_identification:_identify(src/wheeltec_robot_nav2) by extensions ['colcon_pkg']
[2.517s] Level 1:colcon.colcon_core.package_identification:_identify(src/wheeltec_robot_nav2) by extension 'colcon_pkg'
[2.518s] Level 1:colcon.colcon_core.package_identification:_identify(src/wheeltec_robot_nav2) by extensions ['colcon_meta']
[2.518s] Level 1:colcon.colcon_core.package_identification:_identify(src/wheeltec_robot_nav2) by extension 'colcon_meta'
[2.518s] Level 1:colcon.colcon_core.package_identification:_identify(src/wheeltec_robot_nav2) by extensions ['ros']
[2.518s] Level 1:colcon.colcon_core.package_identification:_identify(src/wheeltec_robot_nav2) by extension 'ros'
[2.523s] DEBUG:colcon.colcon_core.package_identification:Package 'src/wheeltec_robot_nav2' with type 'ros.ament_cmake' and name 'wheeltec_nav2'
[2.524s] Level 1:colcon.colcon_core.package_identification:_identify(src/wheeltec_robot_slam) by extensions ['ignore', 'ignore_ament_install']
[2.524s] Level 1:colcon.colcon_core.package_identification:_identify(src/wheeltec_robot_slam) by extension 'ignore'
[2.525s] Level 1:colcon.colcon_core.package_identification:_identify(src/wheeltec_robot_slam) by extension 'ignore_ament_install'
[2.525s] Level 1:colcon.colcon_core.package_identification:_identify(src/wheeltec_robot_slam) by extensions ['colcon_pkg']
[2.525s] Level 1:colcon.colcon_core.package_identification:_identify(src/wheeltec_robot_slam) by extension 'colcon_pkg'
[2.526s] Level 1:colcon.colcon_core.package_identification:_identify(src/wheeltec_robot_slam) by extensions ['colcon_meta']
[2.526s] Level 1:colcon.colcon_core.package_identification:_identify(src/wheeltec_robot_slam) by extension 'colcon_meta'
[2.526s] Level 1:colcon.colcon_core.package_identification:_identify(src/wheeltec_robot_slam) by extensions ['ros']
[2.526s] Level 1:colcon.colcon_core.package_identification:_identify(src/wheeltec_robot_slam) by extension 'ros'
[2.527s] Level 1:colcon.colcon_core.package_identification:_identify(src/wheeltec_robot_slam) by extensions ['cmake', 'python']
[2.527s] Level 1:colcon.colcon_core.package_identification:_identify(src/wheeltec_robot_slam) by extension 'cmake'
[2.527s] Level 1:colcon.colcon_core.package_identification:_identify(src/wheeltec_robot_slam) by extension 'python'
[2.528s] Level 1:colcon.colcon_core.package_identification:_identify(src/wheeltec_robot_slam) by extensions ['python_setup_py']
[2.528s] Level 1:colcon.colcon_core.package_identification:_identify(src/wheeltec_robot_slam) by extension 'python_setup_py'
[2.529s] Level 1:colcon.colcon_core.package_identification:_identify(src/wheeltec_robot_slam/openslam_gmapping) by extensions ['ignore', 'ignore_ament_install']
[2.530s] Level 1:colcon.colcon_core.package_identification:_identify(src/wheeltec_robot_slam/openslam_gmapping) by extension 'ignore'
[2.530s] Level 1:colcon.colcon_core.package_identification:_identify(src/wheeltec_robot_slam/openslam_gmapping) by extension 'ignore_ament_install'
[2.530s] Level 1:colcon.colcon_core.package_identification:_identify(src/wheeltec_robot_slam/openslam_gmapping) by extensions ['colcon_pkg']
[2.531s] Level 1:colcon.colcon_core.package_identification:_identify(src/wheeltec_robot_slam/openslam_gmapping) by extension 'colcon_pkg'
[2.531s] Level 1:colcon.colcon_core.package_identification:_identify(src/wheeltec_robot_slam/openslam_gmapping) by extensions ['colcon_meta']
[2.531s] Level 1:colcon.colcon_core.package_identification:_identify(src/wheeltec_robot_slam/openslam_gmapping) by extension 'colcon_meta'
[2.531s] Level 1:colcon.colcon_core.package_identification:_identify(src/wheeltec_robot_slam/openslam_gmapping) by extensions ['ros']
[2.532s] Level 1:colcon.colcon_core.package_identification:_identify(src/wheeltec_robot_slam/openslam_gmapping) by extension 'ros'
[2.536s] DEBUG:colcon.colcon_core.package_identification:Package 'src/wheeltec_robot_slam/openslam_gmapping' with type 'ros.ament_cmake' and name 'openslam_gmapping'
[2.537s] Level 1:colcon.colcon_core.package_identification:_identify(src/wheeltec_robot_slam/slam_gmapping) by extensions ['ignore', 'ignore_ament_install']
[2.538s] Level 1:colcon.colcon_core.package_identification:_identify(src/wheeltec_robot_slam/slam_gmapping) by extension 'ignore'
[2.538s] Level 1:colcon.colcon_core.package_identification:_identify(src/wheeltec_robot_slam/slam_gmapping) by extension 'ignore_ament_install'
[2.538s] Level 1:colcon.colcon_core.package_identification:_identify(src/wheeltec_robot_slam/slam_gmapping) by extensions ['colcon_pkg']
[2.539s] Level 1:colcon.colcon_core.package_identification:_identify(src/wheeltec_robot_slam/slam_gmapping) by extension 'colcon_pkg'
[2.539s] Level 1:colcon.colcon_core.package_identification:_identify(src/wheeltec_robot_slam/slam_gmapping) by extensions ['colcon_meta']
[2.539s] Level 1:colcon.colcon_core.package_identification:_identify(src/wheeltec_robot_slam/slam_gmapping) by extension 'colcon_meta'
[2.539s] Level 1:colcon.colcon_core.package_identification:_identify(src/wheeltec_robot_slam/slam_gmapping) by extensions ['ros']
[2.540s] Level 1:colcon.colcon_core.package_identification:_identify(src/wheeltec_robot_slam/slam_gmapping) by extension 'ros'
[2.551s] DEBUG:colcon.colcon_core.package_identification:Package 'src/wheeltec_robot_slam/slam_gmapping' with type 'ros.ament_cmake' and name 'slam_gmapping'
[2.551s] Level 1:colcon.colcon_core.package_identification:_identify(src/wheeltec_robot_slam/wheeltec_cartographer) by extensions ['ignore', 'ignore_ament_install']
[2.552s] Level 1:colcon.colcon_core.package_identification:_identify(src/wheeltec_robot_slam/wheeltec_cartographer) by extension 'ignore'
[2.552s] Level 1:colcon.colcon_core.package_identification:_identify(src/wheeltec_robot_slam/wheeltec_cartographer) by extension 'ignore_ament_install'
[2.553s] Level 1:colcon.colcon_core.package_identification:_identify(src/wheeltec_robot_slam/wheeltec_cartographer) by extensions ['colcon_pkg']
[2.553s] Level 1:colcon.colcon_core.package_identification:_identify(src/wheeltec_robot_slam/wheeltec_cartographer) by extension 'colcon_pkg'
[2.553s] Level 1:colcon.colcon_core.package_identification:_identify(src/wheeltec_robot_slam/wheeltec_cartographer) by extensions ['colcon_meta']
[2.554s] Level 1:colcon.colcon_core.package_identification:_identify(src/wheeltec_robot_slam/wheeltec_cartographer) by extension 'colcon_meta'
[2.554s] Level 1:colcon.colcon_core.package_identification:_identify(src/wheeltec_robot_slam/wheeltec_cartographer) by extensions ['ros']
[2.554s] Level 1:colcon.colcon_core.package_identification:_identify(src/wheeltec_robot_slam/wheeltec_cartographer) by extension 'ros'
[2.559s] DEBUG:colcon.colcon_core.package_identification:Package 'src/wheeltec_robot_slam/wheeltec_cartographer' with type 'ros.ament_cmake' and name 'wheeltec_cartographer'
[2.560s] Level 1:colcon.colcon_core.package_identification:_identify(src/wheeltec_robot_slam/wheeltec_slam_toolbox) by extensions ['ignore', 'ignore_ament_install']
[2.560s] Level 1:colcon.colcon_core.package_identification:_identify(src/wheeltec_robot_slam/wheeltec_slam_toolbox) by extension 'ignore'
[2.561s] Level 1:colcon.colcon_core.package_identification:_identify(src/wheeltec_robot_slam/wheeltec_slam_toolbox) by extension 'ignore_ament_install'
[2.561s] Level 1:colcon.colcon_core.package_identification:_identify(src/wheeltec_robot_slam/wheeltec_slam_toolbox) by extensions ['colcon_pkg']
[2.561s] Level 1:colcon.colcon_core.package_identification:_identify(src/wheeltec_robot_slam/wheeltec_slam_toolbox) by extension 'colcon_pkg'
[2.562s] Level 1:colcon.colcon_core.package_identification:_identify(src/wheeltec_robot_slam/wheeltec_slam_toolbox) by extensions ['colcon_meta']
[2.562s] Level 1:colcon.colcon_core.package_identification:_identify(src/wheeltec_robot_slam/wheeltec_slam_toolbox) by extension 'colcon_meta'
[2.562s] Level 1:colcon.colcon_core.package_identification:_identify(src/wheeltec_robot_slam/wheeltec_slam_toolbox) by extensions ['ros']
[2.562s] Level 1:colcon.colcon_core.package_identification:_identify(src/wheeltec_robot_slam/wheeltec_slam_toolbox) by extension 'ros'
[2.568s] DEBUG:colcon.colcon_core.package_identification:Package 'src/wheeltec_robot_slam/wheeltec_slam_toolbox' with type 'ros.ament_cmake' and name 'wheeltec_slam_toolbox'
[2.569s] Level 1:colcon.colcon_core.package_identification:_identify(src/wheeltec_robot_urdf) by extensions ['ignore', 'ignore_ament_install']
[2.570s] Level 1:colcon.colcon_core.package_identification:_identify(src/wheeltec_robot_urdf) by extension 'ignore'
[2.570s] Level 1:colcon.colcon_core.package_identification:_identify(src/wheeltec_robot_urdf) by extension 'ignore_ament_install'
[2.570s] Level 1:colcon.colcon_core.package_identification:_identify(src/wheeltec_robot_urdf) by extensions ['colcon_pkg']
[2.571s] Level 1:colcon.colcon_core.package_identification:_identify(src/wheeltec_robot_urdf) by extension 'colcon_pkg'
[2.571s] Level 1:colcon.colcon_core.package_identification:_identify(src/wheeltec_robot_urdf) by extensions ['colcon_meta']
[2.571s] Level 1:colcon.colcon_core.package_identification:_identify(src/wheeltec_robot_urdf) by extension 'colcon_meta'
[2.571s] Level 1:colcon.colcon_core.package_identification:_identify(src/wheeltec_robot_urdf) by extensions ['ros']
[2.572s] Level 1:colcon.colcon_core.package_identification:_identify(src/wheeltec_robot_urdf) by extension 'ros'
[2.572s] Level 1:colcon.colcon_core.package_identification:_identify(src/wheeltec_robot_urdf) by extensions ['cmake', 'python']
[2.573s] Level 1:colcon.colcon_core.package_identification:_identify(src/wheeltec_robot_urdf) by extension 'cmake'
[2.573s] Level 1:colcon.colcon_core.package_identification:_identify(src/wheeltec_robot_urdf) by extension 'python'
[2.573s] Level 1:colcon.colcon_core.package_identification:_identify(src/wheeltec_robot_urdf) by extensions ['python_setup_py']
[2.573s] Level 1:colcon.colcon_core.package_identification:_identify(src/wheeltec_robot_urdf) by extension 'python_setup_py'
[2.574s] Level 1:colcon.colcon_core.package_identification:_identify(src/wheeltec_robot_urdf/wheeltec_robot_urdf) by extensions ['ignore', 'ignore_ament_install']
[2.575s] Level 1:colcon.colcon_core.package_identification:_identify(src/wheeltec_robot_urdf/wheeltec_robot_urdf) by extension 'ignore'
[2.575s] Level 1:colcon.colcon_core.package_identification:_identify(src/wheeltec_robot_urdf/wheeltec_robot_urdf) by extension 'ignore_ament_install'
[2.575s] Level 1:colcon.colcon_core.package_identification:_identify(src/wheeltec_robot_urdf/wheeltec_robot_urdf) by extensions ['colcon_pkg']
[2.576s] Level 1:colcon.colcon_core.package_identification:_identify(src/wheeltec_robot_urdf/wheeltec_robot_urdf) by extension 'colcon_pkg'
[2.576s] Level 1:colcon.colcon_core.package_identification:_identify(src/wheeltec_robot_urdf/wheeltec_robot_urdf) by extensions ['colcon_meta']
[2.576s] Level 1:colcon.colcon_core.package_identification:_identify(src/wheeltec_robot_urdf/wheeltec_robot_urdf) by extension 'colcon_meta'
[2.577s] Level 1:colcon.colcon_core.package_identification:_identify(src/wheeltec_robot_urdf/wheeltec_robot_urdf) by extensions ['ros']
[2.577s] Level 1:colcon.colcon_core.package_identification:_identify(src/wheeltec_robot_urdf/wheeltec_robot_urdf) by extension 'ros'
[2.581s] DEBUG:colcon.colcon_core.package_identification:Package 'src/wheeltec_robot_urdf/wheeltec_robot_urdf' with type 'ros.ament_cmake' and name 'wheeltec_robot_urdf'
[2.581s] Level 1:colcon.colcon_core.package_discovery:discover_packages(recursive) using defaults
[2.582s] Level 1:colcon.colcon_core.package_discovery:discover_packages(ignore) discover
[2.582s] Level 1:colcon.colcon_core.package_discovery:discover_packages(ignore) using defaults
[2.582s] Level 1:colcon.colcon_core.package_discovery:discover_packages(path) discover
[2.582s] Level 1:colcon.colcon_core.package_discovery:discover_packages(path) using defaults
[2.754s] INFO:colcon.colcon_core.package_selection:Skipping not selected package 'ldlidar_sl_ros2' in 'src/wheeltec_lidar_ros2/LDlidar/ldlidar14'
[2.754s] INFO:colcon.colcon_core.package_selection:Skipping not selected package 'ldlidar_stl_ros2' in 'src/wheeltec_lidar_ros2/LDlidar/ldlidar06'
[2.754s] INFO:colcon.colcon_core.package_selection:Skipping not selected package 'lslidar_msgs' in 'src/wheeltec_lidar_ros2/LSlidar/lslidar_msgs'
[2.754s] INFO:colcon.colcon_core.package_selection:Skipping not selected package 'openslam_gmapping' in 'src/wheeltec_robot_slam/openslam_gmapping'
[2.755s] INFO:colcon.colcon_core.package_selection:Skipping not selected package 'serial' in 'src/serial_ros2'
[2.755s] INFO:colcon.colcon_core.package_selection:Skipping not selected package 'tf2_tools' in 'src/tf2_tools'
[2.755s] INFO:colcon.colcon_core.package_selection:Skipping not selected package 'usb_cam' in 'src/usb_cam-ros2/usb_cam-ros2'
[2.755s] INFO:colcon.colcon_core.package_selection:Skipping not selected package 'web_video_server' in 'src/web_video_server-ros2/web_video_server-ros2'
[2.755s] INFO:colcon.colcon_core.package_selection:Skipping not selected package 'wheeltec_cartographer' in 'src/wheeltec_robot_slam/wheeltec_cartographer'
[2.756s] INFO:colcon.colcon_core.package_selection:Skipping not selected package 'wheeltec_nav2' in 'src/wheeltec_robot_nav2'
[2.756s] INFO:colcon.colcon_core.package_selection:Skipping not selected package 'wheeltec_robot_keyboard' in 'src/wheeltec_robot_keyboard'
[2.756s] INFO:colcon.colcon_core.package_selection:Skipping not selected package 'wheeltec_robot_msg' in 'src/wheeltec_robot_msg'
[2.756s] INFO:colcon.colcon_core.package_selection:Skipping not selected package 'wheeltec_robot_urdf' in 'src/wheeltec_robot_urdf/wheeltec_robot_urdf'
[2.756s] INFO:colcon.colcon_core.package_selection:Skipping not selected package 'lslidar_driver' in 'src/wheeltec_lidar_ros2/LSlidar/lslidar_driver'
[2.757s] INFO:colcon.colcon_core.package_selection:Skipping not selected package 'slam_gmapping' in 'src/wheeltec_robot_slam/slam_gmapping'
[2.757s] INFO:colcon.colcon_core.package_selection:Skipping not selected package 'turn_on_wheeltec_robot' in 'src/turn_on_wheeltec_robot'
[2.760s] Level 1:colcon.colcon_core.package_discovery:discover_packages(prefix_path) check parameters
[2.760s] Level 1:colcon.colcon_core.package_discovery:discover_packages(prefix_path) discover
[2.778s] DEBUG:colcon.colcon_installed_package_information.package_discovery:Found 17 installed packages in /home/sunrise/wheeltec_robot_ws/install
[2.791s] DEBUG:colcon.colcon_installed_package_information.package_discovery:Found 331 installed packages in /opt/ros/humble
[2.883s] Level 1:colcon.colcon_core.package_discovery:discover_packages(prefix_path) using defaults
[3.291s] Level 5:colcon.colcon_core.verb:set package 'wheeltec_slam_toolbox' build argument 'cmake_args' from command line to 'None'
[3.291s] Level 5:colcon.colcon_core.verb:set package 'wheeltec_slam_toolbox' build argument 'cmake_target' from command line to 'None'
[3.291s] Level 5:colcon.colcon_core.verb:set package 'wheeltec_slam_toolbox' build argument 'cmake_target_skip_unavailable' from command line to 'False'
[3.291s] Level 5:colcon.colcon_core.verb:set package 'wheeltec_slam_toolbox' build argument 'cmake_clean_cache' from command line to 'False'
[3.292s] Level 5:colcon.colcon_core.verb:set package 'wheeltec_slam_toolbox' build argument 'cmake_clean_first' from command line to 'False'
[3.292s] Level 5:colcon.colcon_core.verb:set package 'wheeltec_slam_toolbox' build argument 'cmake_force_configure' from command line to 'False'
[3.292s] Level 5:colcon.colcon_core.verb:set package 'wheeltec_slam_toolbox' build argument 'ament_cmake_args' from command line to 'None'
[3.292s] Level 5:colcon.colcon_core.verb:set package 'wheeltec_slam_toolbox' build argument 'catkin_cmake_args' from command line to 'None'
[3.292s] Level 5:colcon.colcon_core.verb:set package 'wheeltec_slam_toolbox' build argument 'catkin_skip_building_tests' from command line to 'False'
[3.293s] DEBUG:colcon.colcon_core.verb:Building package 'wheeltec_slam_toolbox' with the following arguments: {'ament_cmake_args': None, 'build_base': '/home/sunrise/wheeltec_robot_ws/build/wheeltec_slam_toolbox', 'catkin_cmake_args': None, 'catkin_skip_building_tests': False, 'cmake_args': None, 'cmake_clean_cache': False, 'cmake_clean_first': False, 'cmake_force_configure': False, 'cmake_target': None, 'cmake_target_skip_unavailable': False, 'install_base': '/home/sunrise/wheeltec_robot_ws/install/wheeltec_slam_toolbox', 'merge_install': False, 'path': '/home/sunrise/wheeltec_robot_ws/src/wheeltec_robot_slam/wheeltec_slam_toolbox', 'symlink_install': False, 'test_result_base': None}
[3.294s] INFO:colcon.colcon_core.executor:Executing jobs using 'parallel' executor
[3.300s] DEBUG:colcon.colcon_parallel_executor.executor.parallel:run_until_complete
[3.301s] INFO:colcon.colcon_ros.task.ament_cmake.build:Building ROS package in '/home/sunrise/wheeltec_robot_ws/src/wheeltec_robot_slam/wheeltec_slam_toolbox' with build type 'ament_cmake'
[3.302s] INFO:colcon.colcon_cmake.task.cmake.build:Building CMake package in '/home/sunrise/wheeltec_robot_ws/src/wheeltec_robot_slam/wheeltec_slam_toolbox'
[3.320s] INFO:colcon.colcon_core.plugin_system:Skipping extension 'colcon_core.shell.bat': Not used on non-Windows systems
[3.321s] INFO:colcon.colcon_core.shell:Skip shell extension 'powershell' for command environment: Not usable outside of PowerShell
[3.321s] DEBUG:colcon.colcon_core.shell:Skip shell extension 'dsv' for command environment
[3.377s] DEBUG:colcon.colcon_core.event_handler.log_command:Invoking command in '/home/sunrise/wheeltec_robot_ws/build/wheeltec_slam_toolbox': CMAKE_PREFIX_PATH=${CMAKE_PREFIX_PATH}:/home/sunrise/wheeltec_robot_ws/install/tf2_tools:/opt/ros/humble /usr/bin/cmake --build /home/sunrise/wheeltec_robot_ws/build/wheeltec_slam_toolbox -- -j4 -l4
[3.760s] DEBUG:colcon.colcon_core.event_handler.log_command:Invoked command in '/home/sunrise/wheeltec_robot_ws/build/wheeltec_slam_toolbox' returned '0': CMAKE_PREFIX_PATH=${CMAKE_PREFIX_PATH}:/home/sunrise/wheeltec_robot_ws/install/tf2_tools:/opt/ros/humble /usr/bin/cmake --build /home/sunrise/wheeltec_robot_ws/build/wheeltec_slam_toolbox -- -j4 -l4
[3.884s] DEBUG:colcon.colcon_core.event_handler.log_command:Invoking command in '/home/sunrise/wheeltec_robot_ws/build/wheeltec_slam_toolbox': CMAKE_PREFIX_PATH=${CMAKE_PREFIX_PATH}:/home/sunrise/wheeltec_robot_ws/install/tf2_tools:/opt/ros/humble /usr/bin/cmake --install /home/sunrise/wheeltec_robot_ws/build/wheeltec_slam_toolbox
[3.937s] Level 1:colcon.colcon_core.environment:create_environment_scripts_only(wheeltec_slam_toolbox)
[3.944s] DEBUG:colcon.colcon_core.event_handler.log_command:Invoked command in '/home/sunrise/wheeltec_robot_ws/build/wheeltec_slam_toolbox' returned '0': CMAKE_PREFIX_PATH=${CMAKE_PREFIX_PATH}:/home/sunrise/wheeltec_robot_ws/install/tf2_tools:/opt/ros/humble /usr/bin/cmake --install /home/sunrise/wheeltec_robot_ws/build/wheeltec_slam_toolbox
[3.959s] Level 1:colcon.colcon_core.environment:checking '/home/sunrise/wheeltec_robot_ws/install/wheeltec_slam_toolbox' for CMake module files
[3.963s] Level 1:colcon.colcon_core.environment:checking '/home/sunrise/wheeltec_robot_ws/install/wheeltec_slam_toolbox' for CMake config files
[3.964s] Level 1:colcon.colcon_core.shell:create_environment_hook('wheeltec_slam_toolbox', 'cmake_prefix_path')
[3.966s] INFO:colcon.colcon_core.shell:Creating environment hook '/home/sunrise/wheeltec_robot_ws/install/wheeltec_slam_toolbox/share/wheeltec_slam_toolbox/hook/cmake_prefix_path.ps1'
[3.971s] INFO:colcon.colcon_core.shell:Creating environment descriptor '/home/sunrise/wheeltec_robot_ws/install/wheeltec_slam_toolbox/share/wheeltec_slam_toolbox/hook/cmake_prefix_path.dsv'
[3.974s] INFO:colcon.colcon_core.shell:Creating environment hook '/home/sunrise/wheeltec_robot_ws/install/wheeltec_slam_toolbox/share/wheeltec_slam_toolbox/hook/cmake_prefix_path.sh'
[3.981s] Level 1:colcon.colcon_core.environment:checking '/home/sunrise/wheeltec_robot_ws/install/wheeltec_slam_toolbox/lib'
[3.982s] Level 1:colcon.colcon_core.environment:checking '/home/sunrise/wheeltec_robot_ws/install/wheeltec_slam_toolbox/bin'
[3.982s] Level 1:colcon.colcon_core.environment:checking '/home/sunrise/wheeltec_robot_ws/install/wheeltec_slam_toolbox/lib/pkgconfig/wheeltec_slam_toolbox.pc'
[3.984s] Level 1:colcon.colcon_core.environment:checking '/home/sunrise/wheeltec_robot_ws/install/wheeltec_slam_toolbox/lib/python3.10/site-packages'
[3.986s] Level 1:colcon.colcon_core.environment:checking '/home/sunrise/wheeltec_robot_ws/install/wheeltec_slam_toolbox/bin'
[3.989s] INFO:colcon.colcon_core.shell:Creating package script '/home/sunrise/wheeltec_robot_ws/install/wheeltec_slam_toolbox/share/wheeltec_slam_toolbox/package.ps1'
[3.994s] INFO:colcon.colcon_core.shell:Creating package descriptor '/home/sunrise/wheeltec_robot_ws/install/wheeltec_slam_toolbox/share/wheeltec_slam_toolbox/package.dsv'
[3.999s] INFO:colcon.colcon_core.shell:Creating package script '/home/sunrise/wheeltec_robot_ws/install/wheeltec_slam_toolbox/share/wheeltec_slam_toolbox/package.sh'
[4.006s] INFO:colcon.colcon_core.shell:Creating package script '/home/sunrise/wheeltec_robot_ws/install/wheeltec_slam_toolbox/share/wheeltec_slam_toolbox/package.bash'
[4.012s] INFO:colcon.colcon_core.shell:Creating package script '/home/sunrise/wheeltec_robot_ws/install/wheeltec_slam_toolbox/share/wheeltec_slam_toolbox/package.zsh'
[4.018s] Level 1:colcon.colcon_core.environment:create_file_with_runtime_dependencies(/home/sunrise/wheeltec_robot_ws/install/wheeltec_slam_toolbox/share/colcon-core/packages/wheeltec_slam_toolbox)
[4.104s] Level 1:colcon.colcon_core.environment:create_environment_scripts_only(wheeltec_slam_toolbox)
[4.106s] Level 1:colcon.colcon_core.environment:checking '/home/sunrise/wheeltec_robot_ws/install/wheeltec_slam_toolbox' for CMake module files
[4.111s] Level 1:colcon.colcon_core.environment:checking '/home/sunrise/wheeltec_robot_ws/install/wheeltec_slam_toolbox' for CMake config files
[4.113s] Level 1:colcon.colcon_core.shell:create_environment_hook('wheeltec_slam_toolbox', 'cmake_prefix_path')
[4.115s] INFO:colcon.colcon_core.shell:Creating environment hook '/home/sunrise/wheeltec_robot_ws/install/wheeltec_slam_toolbox/share/wheeltec_slam_toolbox/hook/cmake_prefix_path.ps1'
[4.117s] INFO:colcon.colcon_core.shell:Creating environment descriptor '/home/sunrise/wheeltec_robot_ws/install/wheeltec_slam_toolbox/share/wheeltec_slam_toolbox/hook/cmake_prefix_path.dsv'
[4.120s] INFO:colcon.colcon_core.shell:Creating environment hook '/home/sunrise/wheeltec_robot_ws/install/wheeltec_slam_toolbox/share/wheeltec_slam_toolbox/hook/cmake_prefix_path.sh'
[4.123s] Level 1:colcon.colcon_core.environment:checking '/home/sunrise/wheeltec_robot_ws/install/wheeltec_slam_toolbox/lib'
[4.124s] Level 1:colcon.colcon_core.environment:checking '/home/sunrise/wheeltec_robot_ws/install/wheeltec_slam_toolbox/bin'
[4.124s] Level 1:colcon.colcon_core.environment:checking '/home/sunrise/wheeltec_robot_ws/install/wheeltec_slam_toolbox/lib/pkgconfig/wheeltec_slam_toolbox.pc'
[4.126s] Level 1:colcon.colcon_core.environment:checking '/home/sunrise/wheeltec_robot_ws/install/wheeltec_slam_toolbox/lib/python3.10/site-packages'
[4.128s] Level 1:colcon.colcon_core.environment:checking '/home/sunrise/wheeltec_robot_ws/install/wheeltec_slam_toolbox/bin'
[4.130s] INFO:colcon.colcon_core.shell:Creating package script '/home/sunrise/wheeltec_robot_ws/install/wheeltec_slam_toolbox/share/wheeltec_slam_toolbox/package.ps1'
[4.135s] INFO:colcon.colcon_core.shell:Creating package descriptor '/home/sunrise/wheeltec_robot_ws/install/wheeltec_slam_toolbox/share/wheeltec_slam_toolbox/package.dsv'
[4.138s] INFO:colcon.colcon_core.shell:Creating package script '/home/sunrise/wheeltec_robot_ws/install/wheeltec_slam_toolbox/share/wheeltec_slam_toolbox/package.sh'
[4.141s] INFO:colcon.colcon_core.shell:Creating package script '/home/sunrise/wheeltec_robot_ws/install/wheeltec_slam_toolbox/share/wheeltec_slam_toolbox/package.bash'
[4.144s] INFO:colcon.colcon_core.shell:Creating package script '/home/sunrise/wheeltec_robot_ws/install/wheeltec_slam_toolbox/share/wheeltec_slam_toolbox/package.zsh'
[4.146s] Level 1:colcon.colcon_core.environment:create_file_with_runtime_dependencies(/home/sunrise/wheeltec_robot_ws/install/wheeltec_slam_toolbox/share/colcon-core/packages/wheeltec_slam_toolbox)
[4.148s] DEBUG:colcon.colcon_parallel_executor.executor.parallel:closing loop
[4.149s] DEBUG:colcon.colcon_parallel_executor.executor.parallel:loop closed
[4.150s] DEBUG:colcon.colcon_parallel_executor.executor.parallel:run_until_complete finished with '0'
[4.151s] DEBUG:colcon.colcon_core.event_reactor:joining thread
[4.184s] INFO:colcon.colcon_core.plugin_system:Skipping extension 'colcon_notification.desktop_notification.notify_send': Could not find 'notify-send'
[4.185s] INFO:colcon.colcon_core.plugin_system:Skipping extension 'colcon_notification.desktop_notification.terminal_notifier': Not used on non-Darwin systems
[4.185s] INFO:colcon.colcon_core.plugin_system:Skipping extension 'colcon_notification.desktop_notification.win32': Not used on non-Windows systems
[4.186s] INFO:colcon.colcon_notification.desktop_notification:Sending desktop notification using 'notify2'
[4.210s] DEBUG:colcon.colcon_core.event_reactor:joined thread
[4.212s] INFO:colcon.colcon_core.shell:Creating prefix script '/home/sunrise/wheeltec_robot_ws/install/local_setup.ps1'
[4.220s] INFO:colcon.colcon_core.shell:Creating prefix util module '/home/sunrise/wheeltec_robot_ws/install/_local_setup_util_ps1.py'
[4.232s] INFO:colcon.colcon_core.shell:Creating prefix chain script '/home/sunrise/wheeltec_robot_ws/install/setup.ps1'
[4.243s] INFO:colcon.colcon_core.shell:Creating prefix script '/home/sunrise/wheeltec_robot_ws/install/local_setup.sh'
[4.247s] INFO:colcon.colcon_core.shell:Creating prefix util module '/home/sunrise/wheeltec_robot_ws/install/_local_setup_util_sh.py'
[4.250s] INFO:colcon.colcon_core.shell:Creating prefix chain script '/home/sunrise/wheeltec_robot_ws/install/setup.sh'
[4.261s] INFO:colcon.colcon_core.shell:Creating prefix script '/home/sunrise/wheeltec_robot_ws/install/local_setup.bash'
[4.265s] INFO:colcon.colcon_core.shell:Creating prefix chain script '/home/sunrise/wheeltec_robot_ws/install/setup.bash'
[4.275s] INFO:colcon.colcon_core.shell:Creating prefix script '/home/sunrise/wheeltec_robot_ws/install/local_setup.zsh'
[4.278s] INFO:colcon.colcon_core.shell:Creating prefix chain script '/home/sunrise/wheeltec_robot_ws/install/setup.zsh'
