[0.828s] DEBUG:colcon:Command line arguments: ['/usr/bin/colcon', 'build', '--packages-select', 'turn_on_wheeltec_robot']
[0.829s] DEBUG:colcon:Parsed command line arguments: Namespace(log_base=None, log_level=None, verb_name='build', build_base='build', install_base='install', merge_install=False, symlink_install=False, test_result_base=None, continue_on_error=False, executor='parallel', parallel_workers=4, event_handlers=None, ignore_user_meta=False, metas=['./colcon.meta'], base_paths=['.'], packages_ignore=None, packages_ignore_regex=None, paths=None, packages_up_to=None, packages_up_to_regex=None, packages_above=None, packages_above_and_dependencies=None, packages_above_depth=None, packages_select_by_dep=None, packages_skip_by_dep=None, packages_skip_up_to=None, packages_select_build_failed=False, packages_skip_build_finished=False, packages_select_test_failures=False, packages_skip_test_passed=False, packages_select=['turn_on_wheeltec_robot'], packages_skip=None, packages_select_regex=None, packages_skip_regex=None, packages_start=None, packages_end=None, allow_overriding=[], cmake_args=None, cmake_target=None, cmake_target_skip_unavailable=False, cmake_clean_cache=False, cmake_clean_first=False, cmake_force_configure=False, ament_cmake_args=None, catkin_cmake_args=None, catkin_skip_building_tests=False, verb_parser=<colcon_defaults.argument_parser.defaults.DefaultArgumentsDecorator object at 0x7fb34b87c0>, verb_extension=<colcon_core.verb.build.BuildVerb object at 0x7fb34b8280>, main=<bound method BuildVerb.main of <colcon_core.verb.build.BuildVerb object at 0x7fb34b8280>>)
[2.253s] Level 1:colcon.colcon_core.package_discovery:discover_packages(colcon_meta) check parameters
[2.254s] Level 1:colcon.colcon_core.package_discovery:discover_packages(recursive) check parameters
[2.254s] Level 1:colcon.colcon_core.package_discovery:discover_packages(ignore) check parameters
[2.254s] Level 1:colcon.colcon_core.package_discovery:discover_packages(path) check parameters
[2.254s] Level 1:colcon.colcon_core.package_discovery:discover_packages(colcon_meta) discover
[2.255s] Level 1:colcon.colcon_core.package_discovery:discover_packages(recursive) discover
[2.255s] INFO:colcon.colcon_core.package_discovery:Crawling recursively for packages in '/home/sunrise/wheeltec_robot_ws'
[2.256s] Level 1:colcon.colcon_core.package_identification:_identify(.) by extensions ['ignore', 'ignore_ament_install']
[2.257s] Level 1:colcon.colcon_core.package_identification:_identify(.) by extension 'ignore'
[2.257s] Level 1:colcon.colcon_core.package_identification:_identify(.) by extension 'ignore_ament_install'
[2.257s] Level 1:colcon.colcon_core.package_identification:_identify(.) by extensions ['colcon_pkg']
[2.258s] Level 1:colcon.colcon_core.package_identification:_identify(.) by extension 'colcon_pkg'
[2.258s] Level 1:colcon.colcon_core.package_identification:_identify(.) by extensions ['colcon_meta']
[2.258s] Level 1:colcon.colcon_core.package_identification:_identify(.) by extension 'colcon_meta'
[2.259s] Level 1:colcon.colcon_core.package_identification:_identify(.) by extensions ['ros']
[2.259s] Level 1:colcon.colcon_core.package_identification:_identify(.) by extension 'ros'
[2.353s] Level 1:colcon.colcon_core.package_identification:_identify(.) by extensions ['cmake', 'python']
[2.354s] Level 1:colcon.colcon_core.package_identification:_identify(.) by extension 'cmake'
[2.354s] Level 1:colcon.colcon_core.package_identification:_identify(.) by extension 'python'
[2.355s] Level 1:colcon.colcon_core.package_identification:_identify(.) by extensions ['python_setup_py']
[2.355s] Level 1:colcon.colcon_core.package_identification:_identify(.) by extension 'python_setup_py'
[2.356s] Level 1:colcon.colcon_core.package_identification:_identify(build) by extensions ['ignore', 'ignore_ament_install']
[2.356s] Level 1:colcon.colcon_core.package_identification:_identify(build) by extension 'ignore'
[2.357s] Level 1:colcon.colcon_core.package_identification:_identify(build) ignored
[2.358s] Level 1:colcon.colcon_core.package_identification:_identify(install) by extensions ['ignore', 'ignore_ament_install']
[2.359s] Level 1:colcon.colcon_core.package_identification:_identify(install) by extension 'ignore'
[2.359s] Level 1:colcon.colcon_core.package_identification:_identify(install) ignored
[2.360s] Level 1:colcon.colcon_core.package_identification:_identify(log) by extensions ['ignore', 'ignore_ament_install']
[2.361s] Level 1:colcon.colcon_core.package_identification:_identify(log) by extension 'ignore'
[2.361s] Level 1:colcon.colcon_core.package_identification:_identify(log) ignored
[2.362s] Level 1:colcon.colcon_core.package_identification:_identify(src) by extensions ['ignore', 'ignore_ament_install']
[2.362s] Level 1:colcon.colcon_core.package_identification:_identify(src) by extension 'ignore'
[2.363s] Level 1:colcon.colcon_core.package_identification:_identify(src) by extension 'ignore_ament_install'
[2.363s] Level 1:colcon.colcon_core.package_identification:_identify(src) by extensions ['colcon_pkg']
[2.364s] Level 1:colcon.colcon_core.package_identification:_identify(src) by extension 'colcon_pkg'
[2.364s] Level 1:colcon.colcon_core.package_identification:_identify(src) by extensions ['colcon_meta']
[2.364s] Level 1:colcon.colcon_core.package_identification:_identify(src) by extension 'colcon_meta'
[2.365s] Level 1:colcon.colcon_core.package_identification:_identify(src) by extensions ['ros']
[2.365s] Level 1:colcon.colcon_core.package_identification:_identify(src) by extension 'ros'
[2.366s] Level 1:colcon.colcon_core.package_identification:_identify(src) by extensions ['cmake', 'python']
[2.366s] Level 1:colcon.colcon_core.package_identification:_identify(src) by extension 'cmake'
[2.366s] Level 1:colcon.colcon_core.package_identification:_identify(src) by extension 'python'
[2.367s] Level 1:colcon.colcon_core.package_identification:_identify(src) by extensions ['python_setup_py']
[2.367s] Level 1:colcon.colcon_core.package_identification:_identify(src) by extension 'python_setup_py'
[2.368s] Level 1:colcon.colcon_core.package_identification:_identify(src/serial_ros2) by extensions ['ignore', 'ignore_ament_install']
[2.368s] Level 1:colcon.colcon_core.package_identification:_identify(src/serial_ros2) by extension 'ignore'
[2.369s] Level 1:colcon.colcon_core.package_identification:_identify(src/serial_ros2) by extension 'ignore_ament_install'
[2.369s] Level 1:colcon.colcon_core.package_identification:_identify(src/serial_ros2) by extensions ['colcon_pkg']
[2.370s] Level 1:colcon.colcon_core.package_identification:_identify(src/serial_ros2) by extension 'colcon_pkg'
[2.370s] Level 1:colcon.colcon_core.package_identification:_identify(src/serial_ros2) by extensions ['colcon_meta']
[2.370s] Level 1:colcon.colcon_core.package_identification:_identify(src/serial_ros2) by extension 'colcon_meta'
[2.371s] Level 1:colcon.colcon_core.package_identification:_identify(src/serial_ros2) by extensions ['ros']
[2.371s] Level 1:colcon.colcon_core.package_identification:_identify(src/serial_ros2) by extension 'ros'
[2.389s] DEBUG:colcon.colcon_core.package_identification:Package 'src/serial_ros2' with type 'ros.ament_cmake' and name 'serial'
[2.390s] Level 1:colcon.colcon_core.package_identification:_identify(src/tf2_tools) by extensions ['ignore', 'ignore_ament_install']
[2.390s] Level 1:colcon.colcon_core.package_identification:_identify(src/tf2_tools) by extension 'ignore'
[2.391s] Level 1:colcon.colcon_core.package_identification:_identify(src/tf2_tools) by extension 'ignore_ament_install'
[2.391s] Level 1:colcon.colcon_core.package_identification:_identify(src/tf2_tools) by extensions ['colcon_pkg']
[2.392s] Level 1:colcon.colcon_core.package_identification:_identify(src/tf2_tools) by extension 'colcon_pkg'
[2.392s] Level 1:colcon.colcon_core.package_identification:_identify(src/tf2_tools) by extensions ['colcon_meta']
[2.392s] Level 1:colcon.colcon_core.package_identification:_identify(src/tf2_tools) by extension 'colcon_meta'
[2.393s] Level 1:colcon.colcon_core.package_identification:_identify(src/tf2_tools) by extensions ['ros']
[2.393s] Level 1:colcon.colcon_core.package_identification:_identify(src/tf2_tools) by extension 'ros'
[2.398s] DEBUG:colcon.colcon_core.package_identification:Package 'src/tf2_tools' with type 'ros.ament_python' and name 'tf2_tools'
[2.399s] Level 1:colcon.colcon_core.package_identification:_identify(src/turn_on_wheeltec_robot) by extensions ['ignore', 'ignore_ament_install']
[2.399s] Level 1:colcon.colcon_core.package_identification:_identify(src/turn_on_wheeltec_robot) by extension 'ignore'
[2.400s] Level 1:colcon.colcon_core.package_identification:_identify(src/turn_on_wheeltec_robot) by extension 'ignore_ament_install'
[2.400s] Level 1:colcon.colcon_core.package_identification:_identify(src/turn_on_wheeltec_robot) by extensions ['colcon_pkg']
[2.401s] Level 1:colcon.colcon_core.package_identification:_identify(src/turn_on_wheeltec_robot) by extension 'colcon_pkg'
[2.401s] Level 1:colcon.colcon_core.package_identification:_identify(src/turn_on_wheeltec_robot) by extensions ['colcon_meta']
[2.401s] Level 1:colcon.colcon_core.package_identification:_identify(src/turn_on_wheeltec_robot) by extension 'colcon_meta'
[2.402s] Level 1:colcon.colcon_core.package_identification:_identify(src/turn_on_wheeltec_robot) by extensions ['ros']
[2.402s] Level 1:colcon.colcon_core.package_identification:_identify(src/turn_on_wheeltec_robot) by extension 'ros'
[2.419s] DEBUG:colcon.colcon_core.package_identification:Package 'src/turn_on_wheeltec_robot' with type 'ros.ament_cmake' and name 'turn_on_wheeltec_robot'
[2.420s] Level 1:colcon.colcon_core.package_identification:_identify(src/usb_cam-ros2) by extensions ['ignore', 'ignore_ament_install']
[2.421s] Level 1:colcon.colcon_core.package_identification:_identify(src/usb_cam-ros2) by extension 'ignore'
[2.421s] Level 1:colcon.colcon_core.package_identification:_identify(src/usb_cam-ros2) by extension 'ignore_ament_install'
[2.422s] Level 1:colcon.colcon_core.package_identification:_identify(src/usb_cam-ros2) by extensions ['colcon_pkg']
[2.422s] Level 1:colcon.colcon_core.package_identification:_identify(src/usb_cam-ros2) by extension 'colcon_pkg'
[2.423s] Level 1:colcon.colcon_core.package_identification:_identify(src/usb_cam-ros2) by extensions ['colcon_meta']
[2.423s] Level 1:colcon.colcon_core.package_identification:_identify(src/usb_cam-ros2) by extension 'colcon_meta'
[2.423s] Level 1:colcon.colcon_core.package_identification:_identify(src/usb_cam-ros2) by extensions ['ros']
[2.424s] Level 1:colcon.colcon_core.package_identification:_identify(src/usb_cam-ros2) by extension 'ros'
[2.424s] Level 1:colcon.colcon_core.package_identification:_identify(src/usb_cam-ros2) by extensions ['cmake', 'python']
[2.425s] Level 1:colcon.colcon_core.package_identification:_identify(src/usb_cam-ros2) by extension 'cmake'
[2.425s] Level 1:colcon.colcon_core.package_identification:_identify(src/usb_cam-ros2) by extension 'python'
[2.425s] Level 1:colcon.colcon_core.package_identification:_identify(src/usb_cam-ros2) by extensions ['python_setup_py']
[2.425s] Level 1:colcon.colcon_core.package_identification:_identify(src/usb_cam-ros2) by extension 'python_setup_py'
[2.426s] Level 1:colcon.colcon_core.package_identification:_identify(src/usb_cam-ros2/usb_cam-ros2) by extensions ['ignore', 'ignore_ament_install']
[2.427s] Level 1:colcon.colcon_core.package_identification:_identify(src/usb_cam-ros2/usb_cam-ros2) by extension 'ignore'
[2.428s] Level 1:colcon.colcon_core.package_identification:_identify(src/usb_cam-ros2/usb_cam-ros2) by extension 'ignore_ament_install'
[2.428s] Level 1:colcon.colcon_core.package_identification:_identify(src/usb_cam-ros2/usb_cam-ros2) by extensions ['colcon_pkg']
[2.428s] Level 1:colcon.colcon_core.package_identification:_identify(src/usb_cam-ros2/usb_cam-ros2) by extension 'colcon_pkg'
[2.429s] Level 1:colcon.colcon_core.package_identification:_identify(src/usb_cam-ros2/usb_cam-ros2) by extensions ['colcon_meta']
[2.429s] Level 1:colcon.colcon_core.package_identification:_identify(src/usb_cam-ros2/usb_cam-ros2) by extension 'colcon_meta'
[2.429s] Level 1:colcon.colcon_core.package_identification:_identify(src/usb_cam-ros2/usb_cam-ros2) by extensions ['ros']
[2.430s] Level 1:colcon.colcon_core.package_identification:_identify(src/usb_cam-ros2/usb_cam-ros2) by extension 'ros'
[2.444s] DEBUG:colcon.colcon_core.package_identification:Package 'src/usb_cam-ros2/usb_cam-ros2' with type 'ros.ament_cmake' and name 'usb_cam'
[2.445s] Level 1:colcon.colcon_core.package_identification:_identify(src/wheeltec_robot_msg) by extensions ['ignore', 'ignore_ament_install']
[2.445s] Level 1:colcon.colcon_core.package_identification:_identify(src/wheeltec_robot_msg) by extension 'ignore'
[2.446s] Level 1:colcon.colcon_core.package_identification:_identify(src/wheeltec_robot_msg) by extension 'ignore_ament_install'
[2.446s] Level 1:colcon.colcon_core.package_identification:_identify(src/wheeltec_robot_msg) by extensions ['colcon_pkg']
[2.446s] Level 1:colcon.colcon_core.package_identification:_identify(src/wheeltec_robot_msg) by extension 'colcon_pkg'
[2.447s] Level 1:colcon.colcon_core.package_identification:_identify(src/wheeltec_robot_msg) by extensions ['colcon_meta']
[2.447s] Level 1:colcon.colcon_core.package_identification:_identify(src/wheeltec_robot_msg) by extension 'colcon_meta'
[2.448s] Level 1:colcon.colcon_core.package_identification:_identify(src/wheeltec_robot_msg) by extensions ['ros']
[2.448s] Level 1:colcon.colcon_core.package_identification:_identify(src/wheeltec_robot_msg) by extension 'ros'
[2.452s] DEBUG:colcon.colcon_core.package_identification:Package 'src/wheeltec_robot_msg' with type 'ros.ament_cmake' and name 'wheeltec_robot_msg'
[2.453s] Level 1:colcon.colcon_core.package_identification:_identify(src/wheeltec_robot_urdf) by extensions ['ignore', 'ignore_ament_install']
[2.454s] Level 1:colcon.colcon_core.package_identification:_identify(src/wheeltec_robot_urdf) by extension 'ignore'
[2.454s] Level 1:colcon.colcon_core.package_identification:_identify(src/wheeltec_robot_urdf) by extension 'ignore_ament_install'
[2.454s] Level 1:colcon.colcon_core.package_identification:_identify(src/wheeltec_robot_urdf) by extensions ['colcon_pkg']
[2.455s] Level 1:colcon.colcon_core.package_identification:_identify(src/wheeltec_robot_urdf) by extension 'colcon_pkg'
[2.455s] Level 1:colcon.colcon_core.package_identification:_identify(src/wheeltec_robot_urdf) by extensions ['colcon_meta']
[2.455s] Level 1:colcon.colcon_core.package_identification:_identify(src/wheeltec_robot_urdf) by extension 'colcon_meta'
[2.456s] Level 1:colcon.colcon_core.package_identification:_identify(src/wheeltec_robot_urdf) by extensions ['ros']
[2.456s] Level 1:colcon.colcon_core.package_identification:_identify(src/wheeltec_robot_urdf) by extension 'ros'
[2.457s] Level 1:colcon.colcon_core.package_identification:_identify(src/wheeltec_robot_urdf) by extensions ['cmake', 'python']
[2.457s] Level 1:colcon.colcon_core.package_identification:_identify(src/wheeltec_robot_urdf) by extension 'cmake'
[2.457s] Level 1:colcon.colcon_core.package_identification:_identify(src/wheeltec_robot_urdf) by extension 'python'
[2.458s] Level 1:colcon.colcon_core.package_identification:_identify(src/wheeltec_robot_urdf) by extensions ['python_setup_py']
[2.458s] Level 1:colcon.colcon_core.package_identification:_identify(src/wheeltec_robot_urdf) by extension 'python_setup_py'
[2.459s] Level 1:colcon.colcon_core.package_identification:_identify(src/wheeltec_robot_urdf/bkwindbot_urdf) by extensions ['ignore', 'ignore_ament_install']
[2.460s] Level 1:colcon.colcon_core.package_identification:_identify(src/wheeltec_robot_urdf/bkwindbot_urdf) by extension 'ignore'
[2.460s] Level 1:colcon.colcon_core.package_identification:_identify(src/wheeltec_robot_urdf/bkwindbot_urdf) by extension 'ignore_ament_install'
[2.461s] Level 1:colcon.colcon_core.package_identification:_identify(src/wheeltec_robot_urdf/bkwindbot_urdf) by extensions ['colcon_pkg']
[2.461s] Level 1:colcon.colcon_core.package_identification:_identify(src/wheeltec_robot_urdf/bkwindbot_urdf) by extension 'colcon_pkg'
[2.461s] Level 1:colcon.colcon_core.package_identification:_identify(src/wheeltec_robot_urdf/bkwindbot_urdf) by extensions ['colcon_meta']
[2.462s] Level 1:colcon.colcon_core.package_identification:_identify(src/wheeltec_robot_urdf/bkwindbot_urdf) by extension 'colcon_meta'
[2.462s] Level 1:colcon.colcon_core.package_identification:_identify(src/wheeltec_robot_urdf/bkwindbot_urdf) by extensions ['ros']
[2.462s] Level 1:colcon.colcon_core.package_identification:_identify(src/wheeltec_robot_urdf/bkwindbot_urdf) by extension 'ros'
[2.466s] DEBUG:colcon.colcon_core.package_identification:Package 'src/wheeltec_robot_urdf/bkwindbot_urdf' with type 'ros.ament_cmake' and name 'bkwindbot_urdf'
[2.467s] Level 1:colcon.colcon_core.package_identification:_identify(src/wheeltec_robot_urdf/wheeltec_robot_urdf) by extensions ['ignore', 'ignore_ament_install']
[2.468s] Level 1:colcon.colcon_core.package_identification:_identify(src/wheeltec_robot_urdf/wheeltec_robot_urdf) by extension 'ignore'
[2.468s] Level 1:colcon.colcon_core.package_identification:_identify(src/wheeltec_robot_urdf/wheeltec_robot_urdf) by extension 'ignore_ament_install'
[2.469s] Level 1:colcon.colcon_core.package_identification:_identify(src/wheeltec_robot_urdf/wheeltec_robot_urdf) by extensions ['colcon_pkg']
[2.469s] Level 1:colcon.colcon_core.package_identification:_identify(src/wheeltec_robot_urdf/wheeltec_robot_urdf) by extension 'colcon_pkg'
[2.470s] Level 1:colcon.colcon_core.package_identification:_identify(src/wheeltec_robot_urdf/wheeltec_robot_urdf) by extensions ['colcon_meta']
[2.470s] Level 1:colcon.colcon_core.package_identification:_identify(src/wheeltec_robot_urdf/wheeltec_robot_urdf) by extension 'colcon_meta'
[2.470s] Level 1:colcon.colcon_core.package_identification:_identify(src/wheeltec_robot_urdf/wheeltec_robot_urdf) by extensions ['ros']
[2.471s] Level 1:colcon.colcon_core.package_identification:_identify(src/wheeltec_robot_urdf/wheeltec_robot_urdf) by extension 'ros'
[2.475s] DEBUG:colcon.colcon_core.package_identification:Package 'src/wheeltec_robot_urdf/wheeltec_robot_urdf' with type 'ros.ament_cmake' and name 'wheeltec_robot_urdf'
[2.475s] Level 1:colcon.colcon_core.package_discovery:discover_packages(recursive) using defaults
[2.476s] Level 1:colcon.colcon_core.package_discovery:discover_packages(ignore) discover
[2.476s] Level 1:colcon.colcon_core.package_discovery:discover_packages(ignore) using defaults
[2.476s] Level 1:colcon.colcon_core.package_discovery:discover_packages(path) discover
[2.476s] Level 1:colcon.colcon_core.package_discovery:discover_packages(path) using defaults
[2.629s] INFO:colcon.colcon_core.package_selection:Skipping not selected package 'bkwindbot_urdf' in 'src/wheeltec_robot_urdf/bkwindbot_urdf'
[2.630s] INFO:colcon.colcon_core.package_selection:Skipping not selected package 'serial' in 'src/serial_ros2'
[2.630s] INFO:colcon.colcon_core.package_selection:Skipping not selected package 'tf2_tools' in 'src/tf2_tools'
[2.630s] INFO:colcon.colcon_core.package_selection:Skipping not selected package 'usb_cam' in 'src/usb_cam-ros2/usb_cam-ros2'
[2.631s] INFO:colcon.colcon_core.package_selection:Skipping not selected package 'wheeltec_robot_msg' in 'src/wheeltec_robot_msg'
[2.631s] INFO:colcon.colcon_core.package_selection:Skipping not selected package 'wheeltec_robot_urdf' in 'src/wheeltec_robot_urdf/wheeltec_robot_urdf'
[2.634s] Level 1:colcon.colcon_core.package_discovery:discover_packages(prefix_path) check parameters
[2.634s] Level 1:colcon.colcon_core.package_discovery:discover_packages(prefix_path) discover
[2.643s] WARNING:colcon.colcon_ros.prefix_path.ament:The path '/home/sunrise/wheeltec_robot_ws/install/image_common' in the environment variable AMENT_PREFIX_PATH doesn't exist
[2.643s] WARNING:colcon.colcon_ros.prefix_path.ament:The path '/home/sunrise/wheeltec_robot_ws/install/image_transport' in the environment variable AMENT_PREFIX_PATH doesn't exist
[2.644s] WARNING:colcon.colcon_ros.prefix_path.ament:The path '/home/sunrise/wheeltec_robot_ws/install/camera_info_manager' in the environment variable AMENT_PREFIX_PATH doesn't exist
[2.644s] WARNING:colcon.colcon_ros.prefix_path.ament:The path '/home/sunrise/wheeltec_robot_ws/install/camera_calibration_parsers' in the environment variable AMENT_PREFIX_PATH doesn't exist
[2.645s] WARNING:colcon.colcon_ros.prefix_path.ament:The path '/home/sunrise/wheeltec_robot_ws/install/astra_camera_msgs' in the environment variable AMENT_PREFIX_PATH doesn't exist
[2.647s] WARNING:colcon.colcon_ros.prefix_path.catkin:The path '/home/sunrise/wheeltec_robot_ws/install/image_common' in the environment variable CMAKE_PREFIX_PATH doesn't exist
[2.648s] WARNING:colcon.colcon_ros.prefix_path.catkin:The path '/home/sunrise/wheeltec_robot_ws/install/image_transport' in the environment variable CMAKE_PREFIX_PATH doesn't exist
[2.648s] WARNING:colcon.colcon_ros.prefix_path.catkin:The path '/home/sunrise/wheeltec_robot_ws/install/camera_info_manager' in the environment variable CMAKE_PREFIX_PATH doesn't exist
[2.649s] WARNING:colcon.colcon_ros.prefix_path.catkin:The path '/home/sunrise/wheeltec_robot_ws/install/camera_calibration_parsers' in the environment variable CMAKE_PREFIX_PATH doesn't exist
[2.649s] WARNING:colcon.colcon_ros.prefix_path.catkin:The path '/home/sunrise/wheeltec_robot_ws/install/astra_camera_msgs' in the environment variable CMAKE_PREFIX_PATH doesn't exist
[2.656s] DEBUG:colcon.colcon_installed_package_information.package_discovery:Found 7 installed packages in /home/sunrise/wheeltec_robot_ws/install
[2.668s] DEBUG:colcon.colcon_installed_package_information.package_discovery:Found 328 installed packages in /opt/ros/humble
[2.694s] Level 1:colcon.colcon_core.package_discovery:discover_packages(prefix_path) using defaults
[3.175s] Level 5:colcon.colcon_core.verb:set package 'turn_on_wheeltec_robot' build argument 'cmake_args' from command line to 'None'
[3.176s] Level 5:colcon.colcon_core.verb:set package 'turn_on_wheeltec_robot' build argument 'cmake_target' from command line to 'None'
[3.176s] Level 5:colcon.colcon_core.verb:set package 'turn_on_wheeltec_robot' build argument 'cmake_target_skip_unavailable' from command line to 'False'
[3.176s] Level 5:colcon.colcon_core.verb:set package 'turn_on_wheeltec_robot' build argument 'cmake_clean_cache' from command line to 'False'
[3.176s] Level 5:colcon.colcon_core.verb:set package 'turn_on_wheeltec_robot' build argument 'cmake_clean_first' from command line to 'False'
[3.177s] Level 5:colcon.colcon_core.verb:set package 'turn_on_wheeltec_robot' build argument 'cmake_force_configure' from command line to 'False'
[3.177s] Level 5:colcon.colcon_core.verb:set package 'turn_on_wheeltec_robot' build argument 'ament_cmake_args' from command line to 'None'
[3.177s] Level 5:colcon.colcon_core.verb:set package 'turn_on_wheeltec_robot' build argument 'catkin_cmake_args' from command line to 'None'
[3.177s] Level 5:colcon.colcon_core.verb:set package 'turn_on_wheeltec_robot' build argument 'catkin_skip_building_tests' from command line to 'False'
[3.178s] DEBUG:colcon.colcon_core.verb:Building package 'turn_on_wheeltec_robot' with the following arguments: {'ament_cmake_args': None, 'build_base': '/home/sunrise/wheeltec_robot_ws/build/turn_on_wheeltec_robot', 'catkin_cmake_args': None, 'catkin_skip_building_tests': False, 'cmake_args': None, 'cmake_clean_cache': False, 'cmake_clean_first': False, 'cmake_force_configure': False, 'cmake_target': None, 'cmake_target_skip_unavailable': False, 'install_base': '/home/sunrise/wheeltec_robot_ws/install/turn_on_wheeltec_robot', 'merge_install': False, 'path': '/home/sunrise/wheeltec_robot_ws/src/turn_on_wheeltec_robot', 'symlink_install': False, 'test_result_base': None}
[3.179s] INFO:colcon.colcon_core.executor:Executing jobs using 'parallel' executor
[3.185s] DEBUG:colcon.colcon_parallel_executor.executor.parallel:run_until_complete
[3.186s] INFO:colcon.colcon_ros.task.ament_cmake.build:Building ROS package in '/home/sunrise/wheeltec_robot_ws/src/turn_on_wheeltec_robot' with build type 'ament_cmake'
[3.187s] INFO:colcon.colcon_cmake.task.cmake.build:Building CMake package in '/home/sunrise/wheeltec_robot_ws/src/turn_on_wheeltec_robot'
[3.203s] INFO:colcon.colcon_core.plugin_system:Skipping extension 'colcon_core.shell.bat': Not used on non-Windows systems
[3.204s] INFO:colcon.colcon_core.shell:Skip shell extension 'powershell' for command environment: Not usable outside of PowerShell
[3.204s] DEBUG:colcon.colcon_core.shell:Skip shell extension 'dsv' for command environment
[3.271s] DEBUG:colcon.colcon_core.event_handler.log_command:Invoking command in '/home/sunrise/wheeltec_robot_ws/build/turn_on_wheeltec_robot': CMAKE_PREFIX_PATH=/home/sunrise/wheeltec_robot_ws/install/wheeltec_robot_msg:/home/sunrise/wheeltec_robot_ws/install/serial:/home/sunrise/wheeltec_robot_ws/install/usb_cam:/home/sunrise/wheeltec_robot_ws/install/image_common:/home/sunrise/wheeltec_robot_ws/install/image_transport:/home/sunrise/wheeltec_robot_ws/install/camera_info_manager:/home/sunrise/wheeltec_robot_ws/install/camera_calibration_parsers:/home/sunrise/wheeltec_robot_ws/install/astra_camera_msgs:/home/sunrise/wheeltec_robot_ws/install/wheeltec_robot_urdf:/home/sunrise/wheeltec_robot_ws/install/turn_on_wheeltec_robot:/home/sunrise/wheeltec_robot_ws/install/bkwindbot_urdf:/home/sunrise/wheeltec_robot_ws/install/tf2_tools:/opt/ros/humble LD_LIBRARY_PATH=/home/sunrise/wheeltec_robot_ws/install/wheeltec_robot_msg/lib:/home/sunrise/wheeltec_robot_ws/install/usb_cam/lib:/home/sunrise/wheeltec_robot_ws/install/image_transport/lib:/home/sunrise/wheeltec_robot_ws/install/camera_info_manager/lib:/home/sunrise/wheeltec_robot_ws/install/camera_calibration_parsers/lib:/home/sunrise/wheeltec_robot_ws/install/astra_camera_msgs/lib:/home/sunrise/wheeltec_robot_ws/install/turn_on_wheeltec_robot/lib:/home/sunrise/wheeltec_robot_ws/install/serial/lib:/opt/ros/humble/opt/rviz_ogre_vendor/lib:/opt/ros/humble/lib/aarch64-linux-gnu:/opt/ros/humble/lib /usr/bin/cmake --build /home/sunrise/wheeltec_robot_ws/build/turn_on_wheeltec_robot -- -j4 -l4
[6.027s] DEBUG:colcon.colcon_core.event_handler.log_command:Invoked command in '/home/sunrise/wheeltec_robot_ws/build/turn_on_wheeltec_robot' returned '0': CMAKE_PREFIX_PATH=/home/sunrise/wheeltec_robot_ws/install/wheeltec_robot_msg:/home/sunrise/wheeltec_robot_ws/install/serial:/home/sunrise/wheeltec_robot_ws/install/usb_cam:/home/sunrise/wheeltec_robot_ws/install/image_common:/home/sunrise/wheeltec_robot_ws/install/image_transport:/home/sunrise/wheeltec_robot_ws/install/camera_info_manager:/home/sunrise/wheeltec_robot_ws/install/camera_calibration_parsers:/home/sunrise/wheeltec_robot_ws/install/astra_camera_msgs:/home/sunrise/wheeltec_robot_ws/install/wheeltec_robot_urdf:/home/sunrise/wheeltec_robot_ws/install/turn_on_wheeltec_robot:/home/sunrise/wheeltec_robot_ws/install/bkwindbot_urdf:/home/sunrise/wheeltec_robot_ws/install/tf2_tools:/opt/ros/humble LD_LIBRARY_PATH=/home/sunrise/wheeltec_robot_ws/install/wheeltec_robot_msg/lib:/home/sunrise/wheeltec_robot_ws/install/usb_cam/lib:/home/sunrise/wheeltec_robot_ws/install/image_transport/lib:/home/sunrise/wheeltec_robot_ws/install/camera_info_manager/lib:/home/sunrise/wheeltec_robot_ws/install/camera_calibration_parsers/lib:/home/sunrise/wheeltec_robot_ws/install/astra_camera_msgs/lib:/home/sunrise/wheeltec_robot_ws/install/turn_on_wheeltec_robot/lib:/home/sunrise/wheeltec_robot_ws/install/serial/lib:/opt/ros/humble/opt/rviz_ogre_vendor/lib:/opt/ros/humble/lib/aarch64-linux-gnu:/opt/ros/humble/lib /usr/bin/cmake --build /home/sunrise/wheeltec_robot_ws/build/turn_on_wheeltec_robot -- -j4 -l4
[6.295s] DEBUG:colcon.colcon_core.event_handler.log_command:Invoking command in '/home/sunrise/wheeltec_robot_ws/build/turn_on_wheeltec_robot': CMAKE_PREFIX_PATH=/home/sunrise/wheeltec_robot_ws/install/wheeltec_robot_msg:/home/sunrise/wheeltec_robot_ws/install/serial:/home/sunrise/wheeltec_robot_ws/install/usb_cam:/home/sunrise/wheeltec_robot_ws/install/image_common:/home/sunrise/wheeltec_robot_ws/install/image_transport:/home/sunrise/wheeltec_robot_ws/install/camera_info_manager:/home/sunrise/wheeltec_robot_ws/install/camera_calibration_parsers:/home/sunrise/wheeltec_robot_ws/install/astra_camera_msgs:/home/sunrise/wheeltec_robot_ws/install/wheeltec_robot_urdf:/home/sunrise/wheeltec_robot_ws/install/turn_on_wheeltec_robot:/home/sunrise/wheeltec_robot_ws/install/bkwindbot_urdf:/home/sunrise/wheeltec_robot_ws/install/tf2_tools:/opt/ros/humble LD_LIBRARY_PATH=/home/sunrise/wheeltec_robot_ws/install/wheeltec_robot_msg/lib:/home/sunrise/wheeltec_robot_ws/install/usb_cam/lib:/home/sunrise/wheeltec_robot_ws/install/image_transport/lib:/home/sunrise/wheeltec_robot_ws/install/camera_info_manager/lib:/home/sunrise/wheeltec_robot_ws/install/camera_calibration_parsers/lib:/home/sunrise/wheeltec_robot_ws/install/astra_camera_msgs/lib:/home/sunrise/wheeltec_robot_ws/install/turn_on_wheeltec_robot/lib:/home/sunrise/wheeltec_robot_ws/install/serial/lib:/opt/ros/humble/opt/rviz_ogre_vendor/lib:/opt/ros/humble/lib/aarch64-linux-gnu:/opt/ros/humble/lib /usr/bin/cmake --install /home/sunrise/wheeltec_robot_ws/build/turn_on_wheeltec_robot
[6.663s] Level 1:colcon.colcon_core.environment:create_environment_scripts_only(turn_on_wheeltec_robot)
[6.698s] DEBUG:colcon.colcon_core.event_handler.log_command:Invoked command in '/home/sunrise/wheeltec_robot_ws/build/turn_on_wheeltec_robot' returned '0': CMAKE_PREFIX_PATH=/home/sunrise/wheeltec_robot_ws/install/wheeltec_robot_msg:/home/sunrise/wheeltec_robot_ws/install/serial:/home/sunrise/wheeltec_robot_ws/install/usb_cam:/home/sunrise/wheeltec_robot_ws/install/image_common:/home/sunrise/wheeltec_robot_ws/install/image_transport:/home/sunrise/wheeltec_robot_ws/install/camera_info_manager:/home/sunrise/wheeltec_robot_ws/install/camera_calibration_parsers:/home/sunrise/wheeltec_robot_ws/install/astra_camera_msgs:/home/sunrise/wheeltec_robot_ws/install/wheeltec_robot_urdf:/home/sunrise/wheeltec_robot_ws/install/turn_on_wheeltec_robot:/home/sunrise/wheeltec_robot_ws/install/bkwindbot_urdf:/home/sunrise/wheeltec_robot_ws/install/tf2_tools:/opt/ros/humble LD_LIBRARY_PATH=/home/sunrise/wheeltec_robot_ws/install/wheeltec_robot_msg/lib:/home/sunrise/wheeltec_robot_ws/install/usb_cam/lib:/home/sunrise/wheeltec_robot_ws/install/image_transport/lib:/home/sunrise/wheeltec_robot_ws/install/camera_info_manager/lib:/home/sunrise/wheeltec_robot_ws/install/camera_calibration_parsers/lib:/home/sunrise/wheeltec_robot_ws/install/astra_camera_msgs/lib:/home/sunrise/wheeltec_robot_ws/install/turn_on_wheeltec_robot/lib:/home/sunrise/wheeltec_robot_ws/install/serial/lib:/opt/ros/humble/opt/rviz_ogre_vendor/lib:/opt/ros/humble/lib/aarch64-linux-gnu:/opt/ros/humble/lib /usr/bin/cmake --install /home/sunrise/wheeltec_robot_ws/build/turn_on_wheeltec_robot
[6.704s] Level 1:colcon.colcon_core.environment:checking '/home/sunrise/wheeltec_robot_ws/install/turn_on_wheeltec_robot' for CMake module files
[6.710s] Level 1:colcon.colcon_core.environment:checking '/home/sunrise/wheeltec_robot_ws/install/turn_on_wheeltec_robot' for CMake config files
[6.712s] Level 1:colcon.colcon_core.shell:create_environment_hook('turn_on_wheeltec_robot', 'cmake_prefix_path')
[6.714s] INFO:colcon.colcon_core.shell:Creating environment hook '/home/sunrise/wheeltec_robot_ws/install/turn_on_wheeltec_robot/share/turn_on_wheeltec_robot/hook/cmake_prefix_path.ps1'
[6.718s] INFO:colcon.colcon_core.shell:Creating environment descriptor '/home/sunrise/wheeltec_robot_ws/install/turn_on_wheeltec_robot/share/turn_on_wheeltec_robot/hook/cmake_prefix_path.dsv'
[6.721s] INFO:colcon.colcon_core.shell:Creating environment hook '/home/sunrise/wheeltec_robot_ws/install/turn_on_wheeltec_robot/share/turn_on_wheeltec_robot/hook/cmake_prefix_path.sh'
[6.727s] Level 1:colcon.colcon_core.environment:checking '/home/sunrise/wheeltec_robot_ws/install/turn_on_wheeltec_robot/lib'
[6.729s] Level 1:colcon.colcon_core.shell:create_environment_hook('turn_on_wheeltec_robot', 'ld_library_path_lib')
[6.730s] INFO:colcon.colcon_core.shell:Creating environment hook '/home/sunrise/wheeltec_robot_ws/install/turn_on_wheeltec_robot/share/turn_on_wheeltec_robot/hook/ld_library_path_lib.ps1'
[6.733s] INFO:colcon.colcon_core.shell:Creating environment descriptor '/home/sunrise/wheeltec_robot_ws/install/turn_on_wheeltec_robot/share/turn_on_wheeltec_robot/hook/ld_library_path_lib.dsv'
[6.736s] INFO:colcon.colcon_core.shell:Creating environment hook '/home/sunrise/wheeltec_robot_ws/install/turn_on_wheeltec_robot/share/turn_on_wheeltec_robot/hook/ld_library_path_lib.sh'
[6.738s] Level 1:colcon.colcon_core.environment:checking '/home/sunrise/wheeltec_robot_ws/install/turn_on_wheeltec_robot/bin'
[6.739s] Level 1:colcon.colcon_core.environment:checking '/home/sunrise/wheeltec_robot_ws/install/turn_on_wheeltec_robot/lib/pkgconfig/turn_on_wheeltec_robot.pc'
[6.741s] Level 1:colcon.colcon_core.environment:checking '/home/sunrise/wheeltec_robot_ws/install/turn_on_wheeltec_robot/lib/python3.10/site-packages'
[6.743s] Level 1:colcon.colcon_core.environment:checking '/home/sunrise/wheeltec_robot_ws/install/turn_on_wheeltec_robot/bin'
[6.746s] INFO:colcon.colcon_core.shell:Creating package script '/home/sunrise/wheeltec_robot_ws/install/turn_on_wheeltec_robot/share/turn_on_wheeltec_robot/package.ps1'
[6.752s] INFO:colcon.colcon_core.shell:Creating package descriptor '/home/sunrise/wheeltec_robot_ws/install/turn_on_wheeltec_robot/share/turn_on_wheeltec_robot/package.dsv'
[6.757s] INFO:colcon.colcon_core.shell:Creating package script '/home/sunrise/wheeltec_robot_ws/install/turn_on_wheeltec_robot/share/turn_on_wheeltec_robot/package.sh'
[6.763s] INFO:colcon.colcon_core.shell:Creating package script '/home/sunrise/wheeltec_robot_ws/install/turn_on_wheeltec_robot/share/turn_on_wheeltec_robot/package.bash'
[6.768s] INFO:colcon.colcon_core.shell:Creating package script '/home/sunrise/wheeltec_robot_ws/install/turn_on_wheeltec_robot/share/turn_on_wheeltec_robot/package.zsh'
[6.774s] Level 1:colcon.colcon_core.environment:create_file_with_runtime_dependencies(/home/sunrise/wheeltec_robot_ws/install/turn_on_wheeltec_robot/share/colcon-core/packages/turn_on_wheeltec_robot)
[6.971s] Level 1:colcon.colcon_core.environment:create_environment_scripts_only(turn_on_wheeltec_robot)
[6.973s] Level 1:colcon.colcon_core.environment:checking '/home/sunrise/wheeltec_robot_ws/install/turn_on_wheeltec_robot' for CMake module files
[6.978s] Level 1:colcon.colcon_core.environment:checking '/home/sunrise/wheeltec_robot_ws/install/turn_on_wheeltec_robot' for CMake config files
[6.981s] Level 1:colcon.colcon_core.shell:create_environment_hook('turn_on_wheeltec_robot', 'cmake_prefix_path')
[6.982s] INFO:colcon.colcon_core.shell:Creating environment hook '/home/sunrise/wheeltec_robot_ws/install/turn_on_wheeltec_robot/share/turn_on_wheeltec_robot/hook/cmake_prefix_path.ps1'
[6.986s] INFO:colcon.colcon_core.shell:Creating environment descriptor '/home/sunrise/wheeltec_robot_ws/install/turn_on_wheeltec_robot/share/turn_on_wheeltec_robot/hook/cmake_prefix_path.dsv'
[6.989s] INFO:colcon.colcon_core.shell:Creating environment hook '/home/sunrise/wheeltec_robot_ws/install/turn_on_wheeltec_robot/share/turn_on_wheeltec_robot/hook/cmake_prefix_path.sh'
[6.993s] Level 1:colcon.colcon_core.environment:checking '/home/sunrise/wheeltec_robot_ws/install/turn_on_wheeltec_robot/lib'
[6.993s] Level 1:colcon.colcon_core.shell:create_environment_hook('turn_on_wheeltec_robot', 'ld_library_path_lib')
[6.995s] INFO:colcon.colcon_core.shell:Creating environment hook '/home/sunrise/wheeltec_robot_ws/install/turn_on_wheeltec_robot/share/turn_on_wheeltec_robot/hook/ld_library_path_lib.ps1'
[6.998s] INFO:colcon.colcon_core.shell:Creating environment descriptor '/home/sunrise/wheeltec_robot_ws/install/turn_on_wheeltec_robot/share/turn_on_wheeltec_robot/hook/ld_library_path_lib.dsv'
[7.001s] INFO:colcon.colcon_core.shell:Creating environment hook '/home/sunrise/wheeltec_robot_ws/install/turn_on_wheeltec_robot/share/turn_on_wheeltec_robot/hook/ld_library_path_lib.sh'
[7.004s] Level 1:colcon.colcon_core.environment:checking '/home/sunrise/wheeltec_robot_ws/install/turn_on_wheeltec_robot/bin'
[7.004s] Level 1:colcon.colcon_core.environment:checking '/home/sunrise/wheeltec_robot_ws/install/turn_on_wheeltec_robot/lib/pkgconfig/turn_on_wheeltec_robot.pc'
[7.007s] Level 1:colcon.colcon_core.environment:checking '/home/sunrise/wheeltec_robot_ws/install/turn_on_wheeltec_robot/lib/python3.10/site-packages'
[7.009s] Level 1:colcon.colcon_core.environment:checking '/home/sunrise/wheeltec_robot_ws/install/turn_on_wheeltec_robot/bin'
[7.013s] INFO:colcon.colcon_core.shell:Creating package script '/home/sunrise/wheeltec_robot_ws/install/turn_on_wheeltec_robot/share/turn_on_wheeltec_robot/package.ps1'
[7.018s] INFO:colcon.colcon_core.shell:Creating package descriptor '/home/sunrise/wheeltec_robot_ws/install/turn_on_wheeltec_robot/share/turn_on_wheeltec_robot/package.dsv'
[7.023s] INFO:colcon.colcon_core.shell:Creating package script '/home/sunrise/wheeltec_robot_ws/install/turn_on_wheeltec_robot/share/turn_on_wheeltec_robot/package.sh'
[7.028s] INFO:colcon.colcon_core.shell:Creating package script '/home/sunrise/wheeltec_robot_ws/install/turn_on_wheeltec_robot/share/turn_on_wheeltec_robot/package.bash'
[7.032s] INFO:colcon.colcon_core.shell:Creating package script '/home/sunrise/wheeltec_robot_ws/install/turn_on_wheeltec_robot/share/turn_on_wheeltec_robot/package.zsh'
[7.035s] Level 1:colcon.colcon_core.environment:create_file_with_runtime_dependencies(/home/sunrise/wheeltec_robot_ws/install/turn_on_wheeltec_robot/share/colcon-core/packages/turn_on_wheeltec_robot)
[7.038s] DEBUG:colcon.colcon_parallel_executor.executor.parallel:closing loop
[7.039s] DEBUG:colcon.colcon_parallel_executor.executor.parallel:loop closed
[7.039s] DEBUG:colcon.colcon_parallel_executor.executor.parallel:run_until_complete finished with '0'
[7.040s] DEBUG:colcon.colcon_core.event_reactor:joining thread
[7.071s] INFO:colcon.colcon_core.plugin_system:Skipping extension 'colcon_notification.desktop_notification.notify_send': Could not find 'notify-send'
[7.071s] INFO:colcon.colcon_core.plugin_system:Skipping extension 'colcon_notification.desktop_notification.terminal_notifier': Not used on non-Darwin systems
[7.072s] INFO:colcon.colcon_core.plugin_system:Skipping extension 'colcon_notification.desktop_notification.win32': Not used on non-Windows systems
[7.072s] INFO:colcon.colcon_notification.desktop_notification:Sending desktop notification using 'notify2'
[7.095s] DEBUG:colcon.colcon_core.event_reactor:joined thread
[7.097s] INFO:colcon.colcon_core.shell:Creating prefix script '/home/sunrise/wheeltec_robot_ws/install/local_setup.ps1'
[7.105s] INFO:colcon.colcon_core.shell:Creating prefix util module '/home/sunrise/wheeltec_robot_ws/install/_local_setup_util_ps1.py'
[7.117s] INFO:colcon.colcon_core.shell:Creating prefix chain script '/home/sunrise/wheeltec_robot_ws/install/setup.ps1'
[7.126s] INFO:colcon.colcon_core.shell:Creating prefix script '/home/sunrise/wheeltec_robot_ws/install/local_setup.sh'
[7.130s] INFO:colcon.colcon_core.shell:Creating prefix util module '/home/sunrise/wheeltec_robot_ws/install/_local_setup_util_sh.py'
[7.134s] INFO:colcon.colcon_core.shell:Creating prefix chain script '/home/sunrise/wheeltec_robot_ws/install/setup.sh'
[7.143s] INFO:colcon.colcon_core.shell:Creating prefix script '/home/sunrise/wheeltec_robot_ws/install/local_setup.bash'
[7.146s] INFO:colcon.colcon_core.shell:Creating prefix chain script '/home/sunrise/wheeltec_robot_ws/install/setup.bash'
[7.156s] INFO:colcon.colcon_core.shell:Creating prefix script '/home/sunrise/wheeltec_robot_ws/install/local_setup.zsh'
[7.159s] INFO:colcon.colcon_core.shell:Creating prefix chain script '/home/sunrise/wheeltec_robot_ws/install/setup.zsh'
