[1.234s] DEBUG:colcon:Command line arguments: ['/usr/bin/colcon', 'build', '--packages-select', 'camera_info_manager']
[1.235s] DEBUG:colcon:Parsed command line arguments: Namespace(log_base=None, log_level=None, verb_name='build', build_base='build', install_base='install', merge_install=False, symlink_install=False, test_result_base=None, continue_on_error=False, executor='parallel', parallel_workers=4, event_handlers=None, ignore_user_meta=False, metas=['./colcon.meta'], base_paths=['.'], packages_ignore=None, packages_ignore_regex=None, paths=None, packages_up_to=None, packages_up_to_regex=None, packages_above=None, packages_above_and_dependencies=None, packages_above_depth=None, packages_select_by_dep=None, packages_skip_by_dep=None, packages_skip_up_to=None, packages_select_build_failed=False, packages_skip_build_finished=False, packages_select_test_failures=False, packages_skip_test_passed=False, packages_select=['camera_info_manager'], packages_skip=None, packages_select_regex=None, packages_skip_regex=None, packages_start=None, packages_end=None, allow_overriding=[], cmake_args=None, cmake_target=None, cmake_target_skip_unavailable=False, cmake_clean_cache=False, cmake_clean_first=False, cmake_force_configure=False, ament_cmake_args=None, catkin_cmake_args=None, catkin_skip_building_tests=False, verb_parser=<colcon_defaults.argument_parser.defaults.DefaultArgumentsDecorator object at 0x7f8ebb8700>, verb_extension=<colcon_core.verb.build.BuildVerb object at 0x7f8ebb81c0>, main=<bound method BuildVerb.main of <colcon_core.verb.build.BuildVerb object at 0x7f8ebb81c0>>)
[3.466s] Level 1:colcon.colcon_core.package_discovery:discover_packages(colcon_meta) check parameters
[3.467s] Level 1:colcon.colcon_core.package_discovery:discover_packages(recursive) check parameters
[3.468s] Level 1:colcon.colcon_core.package_discovery:discover_packages(ignore) check parameters
[3.468s] Level 1:colcon.colcon_core.package_discovery:discover_packages(path) check parameters
[3.468s] Level 1:colcon.colcon_core.package_discovery:discover_packages(colcon_meta) discover
[3.469s] Level 1:colcon.colcon_core.package_discovery:discover_packages(recursive) discover
[3.470s] INFO:colcon.colcon_core.package_discovery:Crawling recursively for packages in '/home/sunrise/wheeltec_robot_ws'
[3.470s] Level 1:colcon.colcon_core.package_identification:_identify(.) by extensions ['ignore', 'ignore_ament_install']
[3.471s] Level 1:colcon.colcon_core.package_identification:_identify(.) by extension 'ignore'
[3.472s] Level 1:colcon.colcon_core.package_identification:_identify(.) by extension 'ignore_ament_install'
[3.473s] Level 1:colcon.colcon_core.package_identification:_identify(.) by extensions ['colcon_pkg']
[3.473s] Level 1:colcon.colcon_core.package_identification:_identify(.) by extension 'colcon_pkg'
[3.474s] Level 1:colcon.colcon_core.package_identification:_identify(.) by extensions ['colcon_meta']
[3.474s] Level 1:colcon.colcon_core.package_identification:_identify(.) by extension 'colcon_meta'
[3.475s] Level 1:colcon.colcon_core.package_identification:_identify(.) by extensions ['ros']
[3.476s] Level 1:colcon.colcon_core.package_identification:_identify(.) by extension 'ros'
[3.599s] Level 1:colcon.colcon_core.package_identification:_identify(.) by extensions ['cmake', 'python']
[3.600s] Level 1:colcon.colcon_core.package_identification:_identify(.) by extension 'cmake'
[3.600s] Level 1:colcon.colcon_core.package_identification:_identify(.) by extension 'python'
[3.601s] Level 1:colcon.colcon_core.package_identification:_identify(.) by extensions ['python_setup_py']
[3.602s] Level 1:colcon.colcon_core.package_identification:_identify(.) by extension 'python_setup_py'
[3.603s] Level 1:colcon.colcon_core.package_identification:_identify(build) by extensions ['ignore', 'ignore_ament_install']
[3.604s] Level 1:colcon.colcon_core.package_identification:_identify(build) by extension 'ignore'
[3.605s] Level 1:colcon.colcon_core.package_identification:_identify(build) ignored
[3.606s] Level 1:colcon.colcon_core.package_identification:_identify(install) by extensions ['ignore', 'ignore_ament_install']
[3.608s] Level 1:colcon.colcon_core.package_identification:_identify(install) by extension 'ignore'
[3.608s] Level 1:colcon.colcon_core.package_identification:_identify(install) ignored
[3.610s] Level 1:colcon.colcon_core.package_identification:_identify(log) by extensions ['ignore', 'ignore_ament_install']
[3.611s] Level 1:colcon.colcon_core.package_identification:_identify(log) by extension 'ignore'
[3.611s] Level 1:colcon.colcon_core.package_identification:_identify(log) ignored
[3.613s] Level 1:colcon.colcon_core.package_identification:_identify(src) by extensions ['ignore', 'ignore_ament_install']
[3.614s] Level 1:colcon.colcon_core.package_identification:_identify(src) by extension 'ignore'
[3.615s] Level 1:colcon.colcon_core.package_identification:_identify(src) by extension 'ignore_ament_install'
[3.615s] Level 1:colcon.colcon_core.package_identification:_identify(src) by extensions ['colcon_pkg']
[3.616s] Level 1:colcon.colcon_core.package_identification:_identify(src) by extension 'colcon_pkg'
[3.617s] Level 1:colcon.colcon_core.package_identification:_identify(src) by extensions ['colcon_meta']
[3.617s] Level 1:colcon.colcon_core.package_identification:_identify(src) by extension 'colcon_meta'
[3.618s] Level 1:colcon.colcon_core.package_identification:_identify(src) by extensions ['ros']
[3.619s] Level 1:colcon.colcon_core.package_identification:_identify(src) by extension 'ros'
[3.620s] Level 1:colcon.colcon_core.package_identification:_identify(src) by extensions ['cmake', 'python']
[3.620s] Level 1:colcon.colcon_core.package_identification:_identify(src) by extension 'cmake'
[3.621s] Level 1:colcon.colcon_core.package_identification:_identify(src) by extension 'python'
[3.622s] Level 1:colcon.colcon_core.package_identification:_identify(src) by extensions ['python_setup_py']
[3.622s] Level 1:colcon.colcon_core.package_identification:_identify(src) by extension 'python_setup_py'
[3.624s] Level 1:colcon.colcon_core.package_identification:_identify(src/camera_info_manager) by extensions ['ignore', 'ignore_ament_install']
[3.625s] Level 1:colcon.colcon_core.package_identification:_identify(src/camera_info_manager) by extension 'ignore'
[3.625s] Level 1:colcon.colcon_core.package_identification:_identify(src/camera_info_manager) by extension 'ignore_ament_install'
[3.626s] Level 1:colcon.colcon_core.package_identification:_identify(src/camera_info_manager) by extensions ['colcon_pkg']
[3.627s] Level 1:colcon.colcon_core.package_identification:_identify(src/camera_info_manager) by extension 'colcon_pkg'
[3.628s] Level 1:colcon.colcon_core.package_identification:_identify(src/camera_info_manager) by extensions ['colcon_meta']
[3.628s] Level 1:colcon.colcon_core.package_identification:_identify(src/camera_info_manager) by extension 'colcon_meta'
[3.629s] Level 1:colcon.colcon_core.package_identification:_identify(src/camera_info_manager) by extensions ['ros']
[3.630s] Level 1:colcon.colcon_core.package_identification:_identify(src/camera_info_manager) by extension 'ros'
[3.658s] DEBUG:colcon.colcon_core.package_identification:Package 'src/camera_info_manager' with type 'ros.ament_cmake' and name 'camera_info_manager'
[3.659s] Level 1:colcon.colcon_core.package_identification:_identify(src/ros2_astra_camera) by extensions ['ignore', 'ignore_ament_install']
[3.660s] Level 1:colcon.colcon_core.package_identification:_identify(src/ros2_astra_camera) by extension 'ignore'
[3.661s] Level 1:colcon.colcon_core.package_identification:_identify(src/ros2_astra_camera) by extension 'ignore_ament_install'
[3.661s] Level 1:colcon.colcon_core.package_identification:_identify(src/ros2_astra_camera) by extensions ['colcon_pkg']
[3.662s] Level 1:colcon.colcon_core.package_identification:_identify(src/ros2_astra_camera) by extension 'colcon_pkg'
[3.663s] Level 1:colcon.colcon_core.package_identification:_identify(src/ros2_astra_camera) by extensions ['colcon_meta']
[3.663s] Level 1:colcon.colcon_core.package_identification:_identify(src/ros2_astra_camera) by extension 'colcon_meta'
[3.664s] Level 1:colcon.colcon_core.package_identification:_identify(src/ros2_astra_camera) by extensions ['ros']
[3.665s] Level 1:colcon.colcon_core.package_identification:_identify(src/ros2_astra_camera) by extension 'ros'
[3.666s] Level 1:colcon.colcon_core.package_identification:_identify(src/ros2_astra_camera) by extensions ['cmake', 'python']
[3.666s] Level 1:colcon.colcon_core.package_identification:_identify(src/ros2_astra_camera) by extension 'cmake'
[3.667s] Level 1:colcon.colcon_core.package_identification:_identify(src/ros2_astra_camera) by extension 'python'
[3.668s] Level 1:colcon.colcon_core.package_identification:_identify(src/ros2_astra_camera) by extensions ['python_setup_py']
[3.669s] Level 1:colcon.colcon_core.package_identification:_identify(src/ros2_astra_camera) by extension 'python_setup_py'
[3.670s] Level 1:colcon.colcon_core.package_identification:_identify(src/ros2_astra_camera/astra_camera) by extensions ['ignore', 'ignore_ament_install']
[3.671s] Level 1:colcon.colcon_core.package_identification:_identify(src/ros2_astra_camera/astra_camera) by extension 'ignore'
[3.672s] Level 1:colcon.colcon_core.package_identification:_identify(src/ros2_astra_camera/astra_camera) by extension 'ignore_ament_install'
[3.673s] Level 1:colcon.colcon_core.package_identification:_identify(src/ros2_astra_camera/astra_camera) by extensions ['colcon_pkg']
[3.673s] Level 1:colcon.colcon_core.package_identification:_identify(src/ros2_astra_camera/astra_camera) by extension 'colcon_pkg'
[3.674s] Level 1:colcon.colcon_core.package_identification:_identify(src/ros2_astra_camera/astra_camera) by extensions ['colcon_meta']
[3.674s] Level 1:colcon.colcon_core.package_identification:_identify(src/ros2_astra_camera/astra_camera) by extension 'colcon_meta'
[3.675s] Level 1:colcon.colcon_core.package_identification:_identify(src/ros2_astra_camera/astra_camera) by extensions ['ros']
[3.676s] Level 1:colcon.colcon_core.package_identification:_identify(src/ros2_astra_camera/astra_camera) by extension 'ros'
[3.699s] DEBUG:colcon.colcon_core.package_identification:Package 'src/ros2_astra_camera/astra_camera' with type 'ros.ament_cmake' and name 'astra_camera'
[3.700s] Level 1:colcon.colcon_core.package_identification:_identify(src/ros2_astra_camera/astra_camera_msgs) by extensions ['ignore', 'ignore_ament_install']
[3.701s] Level 1:colcon.colcon_core.package_identification:_identify(src/ros2_astra_camera/astra_camera_msgs) by extension 'ignore'
[3.702s] Level 1:colcon.colcon_core.package_identification:_identify(src/ros2_astra_camera/astra_camera_msgs) by extension 'ignore_ament_install'
[3.703s] Level 1:colcon.colcon_core.package_identification:_identify(src/ros2_astra_camera/astra_camera_msgs) by extensions ['colcon_pkg']
[3.703s] Level 1:colcon.colcon_core.package_identification:_identify(src/ros2_astra_camera/astra_camera_msgs) by extension 'colcon_pkg'
[3.704s] Level 1:colcon.colcon_core.package_identification:_identify(src/ros2_astra_camera/astra_camera_msgs) by extensions ['colcon_meta']
[3.705s] Level 1:colcon.colcon_core.package_identification:_identify(src/ros2_astra_camera/astra_camera_msgs) by extension 'colcon_meta'
[3.705s] Level 1:colcon.colcon_core.package_identification:_identify(src/ros2_astra_camera/astra_camera_msgs) by extensions ['ros']
[3.706s] Level 1:colcon.colcon_core.package_identification:_identify(src/ros2_astra_camera/astra_camera_msgs) by extension 'ros'
[3.712s] DEBUG:colcon.colcon_core.package_identification:Package 'src/ros2_astra_camera/astra_camera_msgs' with type 'ros.ament_cmake' and name 'astra_camera_msgs'
[3.713s] Level 1:colcon.colcon_core.package_identification:_identify(src/serial_ros2) by extensions ['ignore', 'ignore_ament_install']
[3.714s] Level 1:colcon.colcon_core.package_identification:_identify(src/serial_ros2) by extension 'ignore'
[3.715s] Level 1:colcon.colcon_core.package_identification:_identify(src/serial_ros2) by extension 'ignore_ament_install'
[3.716s] Level 1:colcon.colcon_core.package_identification:_identify(src/serial_ros2) by extensions ['colcon_pkg']
[3.716s] Level 1:colcon.colcon_core.package_identification:_identify(src/serial_ros2) by extension 'colcon_pkg'
[3.717s] Level 1:colcon.colcon_core.package_identification:_identify(src/serial_ros2) by extensions ['colcon_meta']
[3.718s] Level 1:colcon.colcon_core.package_identification:_identify(src/serial_ros2) by extension 'colcon_meta'
[3.718s] Level 1:colcon.colcon_core.package_identification:_identify(src/serial_ros2) by extensions ['ros']
[3.719s] Level 1:colcon.colcon_core.package_identification:_identify(src/serial_ros2) by extension 'ros'
[3.725s] DEBUG:colcon.colcon_core.package_identification:Package 'src/serial_ros2' with type 'ros.ament_cmake' and name 'serial'
[3.726s] Level 1:colcon.colcon_core.package_identification:_identify(src/tf2_tools) by extensions ['ignore', 'ignore_ament_install']
[3.727s] Level 1:colcon.colcon_core.package_identification:_identify(src/tf2_tools) by extension 'ignore'
[3.728s] Level 1:colcon.colcon_core.package_identification:_identify(src/tf2_tools) by extension 'ignore_ament_install'
[3.729s] Level 1:colcon.colcon_core.package_identification:_identify(src/tf2_tools) by extensions ['colcon_pkg']
[3.729s] Level 1:colcon.colcon_core.package_identification:_identify(src/tf2_tools) by extension 'colcon_pkg'
[3.730s] Level 1:colcon.colcon_core.package_identification:_identify(src/tf2_tools) by extensions ['colcon_meta']
[3.730s] Level 1:colcon.colcon_core.package_identification:_identify(src/tf2_tools) by extension 'colcon_meta'
[3.731s] Level 1:colcon.colcon_core.package_identification:_identify(src/tf2_tools) by extensions ['ros']
[3.732s] Level 1:colcon.colcon_core.package_identification:_identify(src/tf2_tools) by extension 'ros'
[3.739s] DEBUG:colcon.colcon_core.package_identification:Package 'src/tf2_tools' with type 'ros.ament_python' and name 'tf2_tools'
[3.740s] Level 1:colcon.colcon_core.package_identification:_identify(src/turn_on_wheeltec_robot) by extensions ['ignore', 'ignore_ament_install']
[3.741s] Level 1:colcon.colcon_core.package_identification:_identify(src/turn_on_wheeltec_robot) by extension 'ignore'
[3.742s] Level 1:colcon.colcon_core.package_identification:_identify(src/turn_on_wheeltec_robot) by extension 'ignore_ament_install'
[3.743s] Level 1:colcon.colcon_core.package_identification:_identify(src/turn_on_wheeltec_robot) by extensions ['colcon_pkg']
[3.743s] Level 1:colcon.colcon_core.package_identification:_identify(src/turn_on_wheeltec_robot) by extension 'colcon_pkg'
[3.744s] Level 1:colcon.colcon_core.package_identification:_identify(src/turn_on_wheeltec_robot) by extensions ['colcon_meta']
[3.744s] Level 1:colcon.colcon_core.package_identification:_identify(src/turn_on_wheeltec_robot) by extension 'colcon_meta'
[3.745s] Level 1:colcon.colcon_core.package_identification:_identify(src/turn_on_wheeltec_robot) by extensions ['ros']
[3.746s] Level 1:colcon.colcon_core.package_identification:_identify(src/turn_on_wheeltec_robot) by extension 'ros'
[3.766s] DEBUG:colcon.colcon_core.package_identification:Package 'src/turn_on_wheeltec_robot' with type 'ros.ament_cmake' and name 'turn_on_wheeltec_robot'
[3.767s] Level 1:colcon.colcon_core.package_identification:_identify(src/usb_cam-ros2) by extensions ['ignore', 'ignore_ament_install']
[3.768s] Level 1:colcon.colcon_core.package_identification:_identify(src/usb_cam-ros2) by extension 'ignore'
[3.769s] Level 1:colcon.colcon_core.package_identification:_identify(src/usb_cam-ros2) by extension 'ignore_ament_install'
[3.770s] Level 1:colcon.colcon_core.package_identification:_identify(src/usb_cam-ros2) by extensions ['colcon_pkg']
[3.770s] Level 1:colcon.colcon_core.package_identification:_identify(src/usb_cam-ros2) by extension 'colcon_pkg'
[3.771s] Level 1:colcon.colcon_core.package_identification:_identify(src/usb_cam-ros2) by extensions ['colcon_meta']
[3.772s] Level 1:colcon.colcon_core.package_identification:_identify(src/usb_cam-ros2) by extension 'colcon_meta'
[3.772s] Level 1:colcon.colcon_core.package_identification:_identify(src/usb_cam-ros2) by extensions ['ros']
[3.773s] Level 1:colcon.colcon_core.package_identification:_identify(src/usb_cam-ros2) by extension 'ros'
[3.774s] Level 1:colcon.colcon_core.package_identification:_identify(src/usb_cam-ros2) by extensions ['cmake', 'python']
[3.775s] Level 1:colcon.colcon_core.package_identification:_identify(src/usb_cam-ros2) by extension 'cmake'
[3.776s] Level 1:colcon.colcon_core.package_identification:_identify(src/usb_cam-ros2) by extension 'python'
[3.776s] Level 1:colcon.colcon_core.package_identification:_identify(src/usb_cam-ros2) by extensions ['python_setup_py']
[3.777s] Level 1:colcon.colcon_core.package_identification:_identify(src/usb_cam-ros2) by extension 'python_setup_py'
[3.778s] Level 1:colcon.colcon_core.package_identification:_identify(src/usb_cam-ros2/usb_cam-ros2) by extensions ['ignore', 'ignore_ament_install']
[3.779s] Level 1:colcon.colcon_core.package_identification:_identify(src/usb_cam-ros2/usb_cam-ros2) by extension 'ignore'
[3.780s] Level 1:colcon.colcon_core.package_identification:_identify(src/usb_cam-ros2/usb_cam-ros2) by extension 'ignore_ament_install'
[3.781s] Level 1:colcon.colcon_core.package_identification:_identify(src/usb_cam-ros2/usb_cam-ros2) by extensions ['colcon_pkg']
[3.781s] Level 1:colcon.colcon_core.package_identification:_identify(src/usb_cam-ros2/usb_cam-ros2) by extension 'colcon_pkg'
[3.782s] Level 1:colcon.colcon_core.package_identification:_identify(src/usb_cam-ros2/usb_cam-ros2) by extensions ['colcon_meta']
[3.783s] Level 1:colcon.colcon_core.package_identification:_identify(src/usb_cam-ros2/usb_cam-ros2) by extension 'colcon_meta'
[3.783s] Level 1:colcon.colcon_core.package_identification:_identify(src/usb_cam-ros2/usb_cam-ros2) by extensions ['ros']
[3.784s] Level 1:colcon.colcon_core.package_identification:_identify(src/usb_cam-ros2/usb_cam-ros2) by extension 'ros'
[3.800s] DEBUG:colcon.colcon_core.package_identification:Package 'src/usb_cam-ros2/usb_cam-ros2' with type 'ros.ament_cmake' and name 'usb_cam'
[3.801s] Level 1:colcon.colcon_core.package_identification:_identify(src/wheeltec_robot_msg) by extensions ['ignore', 'ignore_ament_install']
[3.802s] Level 1:colcon.colcon_core.package_identification:_identify(src/wheeltec_robot_msg) by extension 'ignore'
[3.803s] Level 1:colcon.colcon_core.package_identification:_identify(src/wheeltec_robot_msg) by extension 'ignore_ament_install'
[3.804s] Level 1:colcon.colcon_core.package_identification:_identify(src/wheeltec_robot_msg) by extensions ['colcon_pkg']
[3.804s] Level 1:colcon.colcon_core.package_identification:_identify(src/wheeltec_robot_msg) by extension 'colcon_pkg'
[3.805s] Level 1:colcon.colcon_core.package_identification:_identify(src/wheeltec_robot_msg) by extensions ['colcon_meta']
[3.806s] Level 1:colcon.colcon_core.package_identification:_identify(src/wheeltec_robot_msg) by extension 'colcon_meta'
[3.806s] Level 1:colcon.colcon_core.package_identification:_identify(src/wheeltec_robot_msg) by extensions ['ros']
[3.807s] Level 1:colcon.colcon_core.package_identification:_identify(src/wheeltec_robot_msg) by extension 'ros'
[3.812s] DEBUG:colcon.colcon_core.package_identification:Package 'src/wheeltec_robot_msg' with type 'ros.ament_cmake' and name 'wheeltec_robot_msg'
[3.814s] Level 1:colcon.colcon_core.package_identification:_identify(src/wheeltec_robot_urdf) by extensions ['ignore', 'ignore_ament_install']
[3.815s] Level 1:colcon.colcon_core.package_identification:_identify(src/wheeltec_robot_urdf) by extension 'ignore'
[3.815s] Level 1:colcon.colcon_core.package_identification:_identify(src/wheeltec_robot_urdf) by extension 'ignore_ament_install'
[3.816s] Level 1:colcon.colcon_core.package_identification:_identify(src/wheeltec_robot_urdf) by extensions ['colcon_pkg']
[3.817s] Level 1:colcon.colcon_core.package_identification:_identify(src/wheeltec_robot_urdf) by extension 'colcon_pkg'
[3.818s] Level 1:colcon.colcon_core.package_identification:_identify(src/wheeltec_robot_urdf) by extensions ['colcon_meta']
[3.818s] Level 1:colcon.colcon_core.package_identification:_identify(src/wheeltec_robot_urdf) by extension 'colcon_meta'
[3.819s] Level 1:colcon.colcon_core.package_identification:_identify(src/wheeltec_robot_urdf) by extensions ['ros']
[3.820s] Level 1:colcon.colcon_core.package_identification:_identify(src/wheeltec_robot_urdf) by extension 'ros'
[3.821s] Level 1:colcon.colcon_core.package_identification:_identify(src/wheeltec_robot_urdf) by extensions ['cmake', 'python']
[3.821s] Level 1:colcon.colcon_core.package_identification:_identify(src/wheeltec_robot_urdf) by extension 'cmake'
[3.822s] Level 1:colcon.colcon_core.package_identification:_identify(src/wheeltec_robot_urdf) by extension 'python'
[3.823s] Level 1:colcon.colcon_core.package_identification:_identify(src/wheeltec_robot_urdf) by extensions ['python_setup_py']
[3.824s] Level 1:colcon.colcon_core.package_identification:_identify(src/wheeltec_robot_urdf) by extension 'python_setup_py'
[3.825s] Level 1:colcon.colcon_core.package_identification:_identify(src/wheeltec_robot_urdf/bkwindbot_urdf) by extensions ['ignore', 'ignore_ament_install']
[3.826s] Level 1:colcon.colcon_core.package_identification:_identify(src/wheeltec_robot_urdf/bkwindbot_urdf) by extension 'ignore'
[3.827s] Level 1:colcon.colcon_core.package_identification:_identify(src/wheeltec_robot_urdf/bkwindbot_urdf) by extension 'ignore_ament_install'
[3.828s] Level 1:colcon.colcon_core.package_identification:_identify(src/wheeltec_robot_urdf/bkwindbot_urdf) by extensions ['colcon_pkg']
[3.829s] Level 1:colcon.colcon_core.package_identification:_identify(src/wheeltec_robot_urdf/bkwindbot_urdf) by extension 'colcon_pkg'
[3.829s] Level 1:colcon.colcon_core.package_identification:_identify(src/wheeltec_robot_urdf/bkwindbot_urdf) by extensions ['colcon_meta']
[3.830s] Level 1:colcon.colcon_core.package_identification:_identify(src/wheeltec_robot_urdf/bkwindbot_urdf) by extension 'colcon_meta'
[3.831s] Level 1:colcon.colcon_core.package_identification:_identify(src/wheeltec_robot_urdf/bkwindbot_urdf) by extensions ['ros']
[3.832s] Level 1:colcon.colcon_core.package_identification:_identify(src/wheeltec_robot_urdf/bkwindbot_urdf) by extension 'ros'
[3.838s] DEBUG:colcon.colcon_core.package_identification:Package 'src/wheeltec_robot_urdf/bkwindbot_urdf' with type 'ros.ament_cmake' and name 'bkwindbot_urdf'
[3.839s] Level 1:colcon.colcon_core.package_identification:_identify(src/wheeltec_robot_urdf/wheeltec_robot_urdf) by extensions ['ignore', 'ignore_ament_install']
[3.841s] Level 1:colcon.colcon_core.package_identification:_identify(src/wheeltec_robot_urdf/wheeltec_robot_urdf) by extension 'ignore'
[3.841s] Level 1:colcon.colcon_core.package_identification:_identify(src/wheeltec_robot_urdf/wheeltec_robot_urdf) by extension 'ignore_ament_install'
[3.842s] Level 1:colcon.colcon_core.package_identification:_identify(src/wheeltec_robot_urdf/wheeltec_robot_urdf) by extensions ['colcon_pkg']
[3.843s] Level 1:colcon.colcon_core.package_identification:_identify(src/wheeltec_robot_urdf/wheeltec_robot_urdf) by extension 'colcon_pkg'
[3.844s] Level 1:colcon.colcon_core.package_identification:_identify(src/wheeltec_robot_urdf/wheeltec_robot_urdf) by extensions ['colcon_meta']
[3.844s] Level 1:colcon.colcon_core.package_identification:_identify(src/wheeltec_robot_urdf/wheeltec_robot_urdf) by extension 'colcon_meta'
[3.845s] Level 1:colcon.colcon_core.package_identification:_identify(src/wheeltec_robot_urdf/wheeltec_robot_urdf) by extensions ['ros']
[3.846s] Level 1:colcon.colcon_core.package_identification:_identify(src/wheeltec_robot_urdf/wheeltec_robot_urdf) by extension 'ros'
[3.851s] DEBUG:colcon.colcon_core.package_identification:Package 'src/wheeltec_robot_urdf/wheeltec_robot_urdf' with type 'ros.ament_cmake' and name 'wheeltec_robot_urdf'
[3.852s] Level 1:colcon.colcon_core.package_discovery:discover_packages(recursive) using defaults
[3.853s] Level 1:colcon.colcon_core.package_discovery:discover_packages(ignore) discover
[3.853s] Level 1:colcon.colcon_core.package_discovery:discover_packages(ignore) using defaults
[3.854s] Level 1:colcon.colcon_core.package_discovery:discover_packages(path) discover
[3.854s] Level 1:colcon.colcon_core.package_discovery:discover_packages(path) using defaults
[4.062s] INFO:colcon.colcon_core.package_selection:Skipping not selected package 'astra_camera_msgs' in 'src/ros2_astra_camera/astra_camera_msgs'
[4.062s] INFO:colcon.colcon_core.package_selection:Skipping not selected package 'bkwindbot_urdf' in 'src/wheeltec_robot_urdf/bkwindbot_urdf'
[4.063s] INFO:colcon.colcon_core.package_selection:Skipping not selected package 'serial' in 'src/serial_ros2'
[4.063s] INFO:colcon.colcon_core.package_selection:Skipping not selected package 'tf2_tools' in 'src/tf2_tools'
[4.064s] INFO:colcon.colcon_core.package_selection:Skipping not selected package 'wheeltec_robot_msg' in 'src/wheeltec_robot_msg'
[4.064s] INFO:colcon.colcon_core.package_selection:Skipping not selected package 'wheeltec_robot_urdf' in 'src/wheeltec_robot_urdf/wheeltec_robot_urdf'
[4.065s] INFO:colcon.colcon_core.package_selection:Skipping not selected package 'astra_camera' in 'src/ros2_astra_camera/astra_camera'
[4.065s] INFO:colcon.colcon_core.package_selection:Skipping not selected package 'turn_on_wheeltec_robot' in 'src/turn_on_wheeltec_robot'
[4.066s] INFO:colcon.colcon_core.package_selection:Skipping not selected package 'usb_cam' in 'src/usb_cam-ros2/usb_cam-ros2'
[4.070s] Level 1:colcon.colcon_core.package_discovery:discover_packages(prefix_path) check parameters
[4.070s] Level 1:colcon.colcon_core.package_discovery:discover_packages(prefix_path) discover
[4.080s] WARNING:colcon.colcon_ros.prefix_path.ament:The path '/home/sunrise/wheeltec_robot_ws/install/image_common' in the environment variable AMENT_PREFIX_PATH doesn't exist
[4.084s] WARNING:colcon.colcon_ros.prefix_path.catkin:The path '/home/sunrise/wheeltec_robot_ws/install/image_common' in the environment variable CMAKE_PREFIX_PATH doesn't exist
[4.095s] DEBUG:colcon.colcon_installed_package_information.package_discovery:Found 11 installed packages in /home/sunrise/wheeltec_robot_ws/install
[4.109s] DEBUG:colcon.colcon_installed_package_information.package_discovery:Found 328 installed packages in /opt/ros/humble
[4.225s] Level 1:colcon.colcon_core.package_discovery:discover_packages(prefix_path) using defaults
[4.776s] WARNING:colcon.colcon_core.package_selection:Some selected packages are already built in one or more underlay workspaces:
	'camera_info_manager' is in: /home/sunrise/wheeltec_robot_ws/install/camera_info_manager, /opt/ros/humble
If a package in a merged underlay workspace is overridden and it installs headers, then all packages in the overlay must sort their include directories by workspace order. Failure to do so may result in build failures or undefined behavior at run time.
If the overridden package is used by another package in any underlay, then the overriding package in the overlay must be API and ABI compatible or undefined behavior at run time may occur.

If you understand the risks and want to override a package anyways, add the following to the command line:
	--allow-overriding camera_info_manager

This may be promoted to an error in a future release of colcon-override-check.
[4.787s] Level 5:colcon.colcon_core.verb:set package 'camera_info_manager' build argument 'cmake_args' from command line to 'None'
[4.787s] Level 5:colcon.colcon_core.verb:set package 'camera_info_manager' build argument 'cmake_target' from command line to 'None'
[4.788s] Level 5:colcon.colcon_core.verb:set package 'camera_info_manager' build argument 'cmake_target_skip_unavailable' from command line to 'False'
[4.788s] Level 5:colcon.colcon_core.verb:set package 'camera_info_manager' build argument 'cmake_clean_cache' from command line to 'False'
[4.789s] Level 5:colcon.colcon_core.verb:set package 'camera_info_manager' build argument 'cmake_clean_first' from command line to 'False'
[4.790s] Level 5:colcon.colcon_core.verb:set package 'camera_info_manager' build argument 'cmake_force_configure' from command line to 'False'
[4.790s] Level 5:colcon.colcon_core.verb:set package 'camera_info_manager' build argument 'ament_cmake_args' from command line to 'None'
[4.791s] Level 5:colcon.colcon_core.verb:set package 'camera_info_manager' build argument 'catkin_cmake_args' from command line to 'None'
[4.791s] Level 5:colcon.colcon_core.verb:set package 'camera_info_manager' build argument 'catkin_skip_building_tests' from command line to 'False'
[4.792s] DEBUG:colcon.colcon_core.verb:Building package 'camera_info_manager' with the following arguments: {'ament_cmake_args': None, 'build_base': '/home/sunrise/wheeltec_robot_ws/build/camera_info_manager', 'catkin_cmake_args': None, 'catkin_skip_building_tests': False, 'cmake_args': None, 'cmake_clean_cache': False, 'cmake_clean_first': False, 'cmake_force_configure': False, 'cmake_target': None, 'cmake_target_skip_unavailable': False, 'install_base': '/home/sunrise/wheeltec_robot_ws/install/camera_info_manager', 'merge_install': False, 'path': '/home/sunrise/wheeltec_robot_ws/src/camera_info_manager', 'symlink_install': False, 'test_result_base': None}
[4.794s] INFO:colcon.colcon_core.executor:Executing jobs using 'parallel' executor
[4.801s] DEBUG:colcon.colcon_parallel_executor.executor.parallel:run_until_complete
[4.804s] INFO:colcon.colcon_ros.task.ament_cmake.build:Building ROS package in '/home/sunrise/wheeltec_robot_ws/src/camera_info_manager' with build type 'ament_cmake'
[4.805s] INFO:colcon.colcon_cmake.task.cmake.build:Building CMake package in '/home/sunrise/wheeltec_robot_ws/src/camera_info_manager'
[4.829s] INFO:colcon.colcon_core.plugin_system:Skipping extension 'colcon_core.shell.bat': Not used on non-Windows systems
[4.830s] INFO:colcon.colcon_core.shell:Skip shell extension 'powershell' for command environment: Not usable outside of PowerShell
[4.831s] DEBUG:colcon.colcon_core.shell:Skip shell extension 'dsv' for command environment
[4.922s] DEBUG:colcon.colcon_core.event_handler.log_command:Invoking command in '/home/sunrise/wheeltec_robot_ws/build/camera_info_manager': CMAKE_PREFIX_PATH=${CMAKE_PREFIX_PATH}:/home/sunrise/wheeltec_robot_ws/install/tf2_tools:/opt/ros/humble /usr/bin/cmake --build /home/sunrise/wheeltec_robot_ws/build/camera_info_manager -- -j4 -l4
[5.061s] DEBUG:colcon.colcon_core.event_handler.log_command:Invoked command in '/home/sunrise/wheeltec_robot_ws/build/camera_info_manager' returned '2': CMAKE_PREFIX_PATH=${CMAKE_PREFIX_PATH}:/home/sunrise/wheeltec_robot_ws/install/tf2_tools:/opt/ros/humble /usr/bin/cmake --build /home/sunrise/wheeltec_robot_ws/build/camera_info_manager -- -j4 -l4
[5.191s] Level 1:colcon.colcon_core.environment:create_environment_scripts_only(camera_info_manager)
[5.220s] Level 1:colcon.colcon_core.environment:checking '/home/sunrise/wheeltec_robot_ws/install/camera_info_manager' for CMake module files
[5.234s] Level 1:colcon.colcon_core.environment:checking '/home/sunrise/wheeltec_robot_ws/install/camera_info_manager' for CMake config files
[5.236s] Level 1:colcon.colcon_core.shell:create_environment_hook('camera_info_manager', 'cmake_prefix_path')
[5.243s] INFO:colcon.colcon_core.shell:Creating environment hook '/home/sunrise/wheeltec_robot_ws/install/camera_info_manager/share/camera_info_manager/hook/cmake_prefix_path.ps1'
[5.249s] INFO:colcon.colcon_core.shell:Creating environment descriptor '/home/sunrise/wheeltec_robot_ws/install/camera_info_manager/share/camera_info_manager/hook/cmake_prefix_path.dsv'
[5.253s] INFO:colcon.colcon_core.shell:Creating environment hook '/home/sunrise/wheeltec_robot_ws/install/camera_info_manager/share/camera_info_manager/hook/cmake_prefix_path.sh'
[5.265s] Level 1:colcon.colcon_core.environment:checking '/home/sunrise/wheeltec_robot_ws/install/camera_info_manager/lib'
[5.271s] Level 1:colcon.colcon_core.shell:create_environment_hook('camera_info_manager', 'ld_library_path_lib')
[5.274s] INFO:colcon.colcon_core.shell:Creating environment hook '/home/sunrise/wheeltec_robot_ws/install/camera_info_manager/share/camera_info_manager/hook/ld_library_path_lib.ps1'
[5.277s] INFO:colcon.colcon_core.shell:Creating environment descriptor '/home/sunrise/wheeltec_robot_ws/install/camera_info_manager/share/camera_info_manager/hook/ld_library_path_lib.dsv'
[5.280s] INFO:colcon.colcon_core.shell:Creating environment hook '/home/sunrise/wheeltec_robot_ws/install/camera_info_manager/share/camera_info_manager/hook/ld_library_path_lib.sh'
[5.288s] Level 1:colcon.colcon_core.environment:checking '/home/sunrise/wheeltec_robot_ws/install/camera_info_manager/bin'
[5.288s] Level 1:colcon.colcon_core.environment:checking '/home/sunrise/wheeltec_robot_ws/install/camera_info_manager/lib/pkgconfig/camera_info_manager.pc'
[5.295s] Level 1:colcon.colcon_core.environment:checking '/home/sunrise/wheeltec_robot_ws/install/camera_info_manager/lib/python3.10/site-packages'
[5.297s] Level 1:colcon.colcon_core.environment:checking '/home/sunrise/wheeltec_robot_ws/install/camera_info_manager/bin'
[5.301s] INFO:colcon.colcon_core.shell:Creating package script '/home/sunrise/wheeltec_robot_ws/install/camera_info_manager/share/camera_info_manager/package.ps1'
[5.310s] INFO:colcon.colcon_core.shell:Creating package descriptor '/home/sunrise/wheeltec_robot_ws/install/camera_info_manager/share/camera_info_manager/package.dsv'
[5.317s] INFO:colcon.colcon_core.shell:Creating package script '/home/sunrise/wheeltec_robot_ws/install/camera_info_manager/share/camera_info_manager/package.sh'
[5.325s] INFO:colcon.colcon_core.shell:Creating package script '/home/sunrise/wheeltec_robot_ws/install/camera_info_manager/share/camera_info_manager/package.bash'
[5.335s] INFO:colcon.colcon_core.shell:Creating package script '/home/sunrise/wheeltec_robot_ws/install/camera_info_manager/share/camera_info_manager/package.zsh'
[5.343s] Level 1:colcon.colcon_core.environment:create_file_with_runtime_dependencies(/home/sunrise/wheeltec_robot_ws/install/camera_info_manager/share/colcon-core/packages/camera_info_manager)
[5.356s] DEBUG:colcon.colcon_parallel_executor.executor.parallel:closing loop
[5.357s] DEBUG:colcon.colcon_parallel_executor.executor.parallel:loop closed
[5.358s] DEBUG:colcon.colcon_parallel_executor.executor.parallel:run_until_complete finished with '2'
[5.358s] DEBUG:colcon.colcon_core.event_reactor:joining thread
[5.414s] INFO:colcon.colcon_core.plugin_system:Skipping extension 'colcon_notification.desktop_notification.notify_send': Could not find 'notify-send'
[5.415s] INFO:colcon.colcon_core.plugin_system:Skipping extension 'colcon_notification.desktop_notification.terminal_notifier': Not used on non-Darwin systems
[5.417s] INFO:colcon.colcon_core.plugin_system:Skipping extension 'colcon_notification.desktop_notification.win32': Not used on non-Windows systems
[5.418s] INFO:colcon.colcon_notification.desktop_notification:Sending desktop notification using 'notify2'
[5.459s] DEBUG:colcon.colcon_core.event_reactor:joined thread
[5.461s] INFO:colcon.colcon_core.shell:Creating prefix script '/home/sunrise/wheeltec_robot_ws/install/local_setup.ps1'
[5.472s] INFO:colcon.colcon_core.shell:Creating prefix util module '/home/sunrise/wheeltec_robot_ws/install/_local_setup_util_ps1.py'
[5.502s] INFO:colcon.colcon_core.shell:Creating prefix chain script '/home/sunrise/wheeltec_robot_ws/install/setup.ps1'
[5.520s] INFO:colcon.colcon_core.shell:Creating prefix script '/home/sunrise/wheeltec_robot_ws/install/local_setup.sh'
[5.526s] INFO:colcon.colcon_core.shell:Creating prefix util module '/home/sunrise/wheeltec_robot_ws/install/_local_setup_util_sh.py'
[5.531s] INFO:colcon.colcon_core.shell:Creating prefix chain script '/home/sunrise/wheeltec_robot_ws/install/setup.sh'
[5.548s] INFO:colcon.colcon_core.shell:Creating prefix script '/home/sunrise/wheeltec_robot_ws/install/local_setup.bash'
[5.553s] INFO:colcon.colcon_core.shell:Creating prefix chain script '/home/sunrise/wheeltec_robot_ws/install/setup.bash'
[5.565s] INFO:colcon.colcon_core.shell:Creating prefix script '/home/sunrise/wheeltec_robot_ws/install/local_setup.zsh'
[5.569s] INFO:colcon.colcon_core.shell:Creating prefix chain script '/home/sunrise/wheeltec_robot_ws/install/setup.zsh'
