[0.065s] Invoking command in '/home/sunrise/wheeltec_robot_ws/build/camera_info_manager': CMAKE_PREFIX_PATH=${CMAKE_PREFIX_PATH}:/home/sunrise/wheeltec_robot_ws/install/tf2_tools:/opt/ros/humble /usr/bin/cmake /home/sunrise/wheeltec_robot_ws/src/camera_info_manager -DCMAKE_INSTALL_PREFIX=/home/sunrise/wheeltec_robot_ws/install/camera_info_manager
[0.412s] -- The C compiler identification is GNU 11.2.0
[0.789s] -- The CXX compiler identification is GNU 11.2.0
[0.832s] -- Detecting C compiler ABI info
[1.260s] -- Detecting C compiler ABI info - done
[1.331s] -- Check for working C compiler: /usr/bin/cc - skipped
[1.333s] -- Detecting C compile features
[1.336s] -- Detecting C compile features - done
[1.358s] -- Detecting CXX compiler ABI info
[1.835s] -- Detecting CXX compiler ABI info - done
[1.922s] -- Check for working CXX compiler: /usr/bin/c++ - skipped
[1.928s] -- Detecting CXX compile features
[1.931s] -- Detecting CXX compile features - done
[1.949s] -- Found ament_cmake_ros: 0.10.0 (/opt/ros/humble/share/ament_cmake_ros/cmake)
[3.441s] -- Found Python3: /usr/bin/python3 (found version "3.10.12") found components: Interpreter 
[4.196s] -- Found ament_index_cpp: 1.4.0 (/opt/ros/humble/share/ament_index_cpp/cmake)
[4.203s] -- Found camera_calibration_parsers: 3.1.9 (/home/sunrise/wheeltec_robot_ws/install/camera_calibration_parsers/share/camera_calibration_parsers/cmake)
[4.527s] -- Found rosidl_generator_c: 3.1.5 (/opt/ros/humble/share/rosidl_generator_c/cmake)
[4.566s] -- Found rosidl_adapter: 3.1.5 (/opt/ros/humble/share/rosidl_adapter/cmake)
[4.639s] -- Found rosidl_generator_cpp: 3.1.5 (/opt/ros/humble/share/rosidl_generator_cpp/cmake)
[4.769s] -- Using all available rosidl_typesupport_c: rosidl_typesupport_fastrtps_c;rosidl_typesupport_introspection_c
[4.936s] -- Using all available rosidl_typesupport_cpp: rosidl_typesupport_fastrtps_cpp;rosidl_typesupport_introspection_cpp
[5.544s] -- Found rmw_implementation_cmake: 6.1.2 (/opt/ros/humble/share/rmw_implementation_cmake/cmake)
[5.566s] -- Found rmw_fastrtps_cpp: 6.2.6 (/opt/ros/humble/share/rmw_fastrtps_cpp/cmake)
[6.179s] -- Found OpenSSL: /usr/lib/aarch64-linux-gnu/libcrypto.so (found version "3.0.2")  
[6.340s] -- Found FastRTPS: /opt/ros/humble/include  
[6.636s] -- Using RMW implementation 'rmw_fastrtps_cpp' as default
[6.709s] -- Looking for pthread.h
[7.129s] -- Looking for pthread.h - found
[7.131s] -- Performing Test CMAKE_HAVE_LIBC_PTHREAD
[7.554s] -- Performing Test CMAKE_HAVE_LIBC_PTHREAD - Success
[7.560s] -- Found Threads: TRUE  
[10.435s] -- Found ament_cmake_cpplint: 0.12.11 (/opt/ros/humble/share/ament_cmake_cpplint/cmake)
[10.449s] -- Found ament_cmake_lint_cmake: 0.12.11 (/opt/ros/humble/share/ament_cmake_lint_cmake/cmake)
[10.462s] -- Found ament_cmake_uncrustify: 0.12.11 (/opt/ros/humble/share/ament_cmake_uncrustify/cmake)
[11.067s] -- Configuring done
[11.135s] -- Generating done
[11.152s] -- Build files have been written to: /home/sunrise/wheeltec_robot_ws/build/camera_info_manager
[11.226s] Invoked command in '/home/sunrise/wheeltec_robot_ws/build/camera_info_manager' returned '0': CMAKE_PREFIX_PATH=${CMAKE_PREFIX_PATH}:/home/sunrise/wheeltec_robot_ws/install/tf2_tools:/opt/ros/humble /usr/bin/cmake /home/sunrise/wheeltec_robot_ws/src/camera_info_manager -DCMAKE_INSTALL_PREFIX=/home/sunrise/wheeltec_robot_ws/install/camera_info_manager
[11.239s] Invoking command in '/home/sunrise/wheeltec_robot_ws/build/camera_info_manager': CMAKE_PREFIX_PATH=${CMAKE_PREFIX_PATH}:/home/sunrise/wheeltec_robot_ws/install/tf2_tools:/opt/ros/humble /usr/bin/cmake --build /home/sunrise/wheeltec_robot_ws/build/camera_info_manager -- -j4 -l4
[11.479s] [ 50%] [32mBuilding CXX object CMakeFiles/camera_info_manager.dir/src/camera_info_manager.cpp.o[0m
[32.276s] [100%] [32m[1mLinking CXX shared library libcamera_info_manager.so[0m
[33.711s] [100%] Built target camera_info_manager
[33.760s] Invoked command in '/home/sunrise/wheeltec_robot_ws/build/camera_info_manager' returned '0': CMAKE_PREFIX_PATH=${CMAKE_PREFIX_PATH}:/home/sunrise/wheeltec_robot_ws/install/tf2_tools:/opt/ros/humble /usr/bin/cmake --build /home/sunrise/wheeltec_robot_ws/build/camera_info_manager -- -j4 -l4
[33.901s] Invoking command in '/home/sunrise/wheeltec_robot_ws/build/camera_info_manager': CMAKE_PREFIX_PATH=${CMAKE_PREFIX_PATH}:/home/sunrise/wheeltec_robot_ws/install/tf2_tools:/opt/ros/humble /usr/bin/cmake --install /home/sunrise/wheeltec_robot_ws/build/camera_info_manager
[33.937s] -- Install configuration: ""
[33.938s] -- Installing: /home/sunrise/wheeltec_robot_ws/install/camera_info_manager/lib/libcamera_info_manager.so
[33.944s] -- Set runtime path of "/home/sunrise/wheeltec_robot_ws/install/camera_info_manager/lib/libcamera_info_manager.so" to ""
[33.946s] -- Installing: /home/sunrise/wheeltec_robot_ws/install/camera_info_manager/include/camera_info_manager
[33.947s] -- Installing: /home/sunrise/wheeltec_robot_ws/install/camera_info_manager/include/camera_info_manager/camera_info_manager
[33.948s] -- Installing: /home/sunrise/wheeltec_robot_ws/install/camera_info_manager/include/camera_info_manager/camera_info_manager/camera_info_manager.hpp
[33.949s] -- Installing: /home/sunrise/wheeltec_robot_ws/install/camera_info_manager/include/camera_info_manager/camera_info_manager/visibility_control.h
[33.951s] -- Installing: /home/sunrise/wheeltec_robot_ws/install/camera_info_manager/include/camera_info_manager/camera_info_manager/camera_info_manager.h
[33.955s] -- Installing: /home/sunrise/wheeltec_robot_ws/install/camera_info_manager/share/ament_index/resource_index/package_run_dependencies/camera_info_manager
[33.956s] -- Installing: /home/sunrise/wheeltec_robot_ws/install/camera_info_manager/share/ament_index/resource_index/parent_prefix_path/camera_info_manager
[33.957s] -- Installing: /home/sunrise/wheeltec_robot_ws/install/camera_info_manager/share/camera_info_manager/environment/ament_prefix_path.sh
[33.959s] -- Installing: /home/sunrise/wheeltec_robot_ws/install/camera_info_manager/share/camera_info_manager/environment/ament_prefix_path.dsv
[33.960s] -- Installing: /home/sunrise/wheeltec_robot_ws/install/camera_info_manager/share/camera_info_manager/environment/path.sh
[33.961s] -- Installing: /home/sunrise/wheeltec_robot_ws/install/camera_info_manager/share/camera_info_manager/environment/path.dsv
[33.963s] -- Installing: /home/sunrise/wheeltec_robot_ws/install/camera_info_manager/share/camera_info_manager/local_setup.bash
[33.964s] -- Installing: /home/sunrise/wheeltec_robot_ws/install/camera_info_manager/share/camera_info_manager/local_setup.sh
[33.965s] -- Installing: /home/sunrise/wheeltec_robot_ws/install/camera_info_manager/share/camera_info_manager/local_setup.zsh
[33.966s] -- Installing: /home/sunrise/wheeltec_robot_ws/install/camera_info_manager/share/camera_info_manager/local_setup.dsv
[33.967s] -- Installing: /home/sunrise/wheeltec_robot_ws/install/camera_info_manager/share/camera_info_manager/package.dsv
[33.968s] -- Installing: /home/sunrise/wheeltec_robot_ws/install/camera_info_manager/share/ament_index/resource_index/packages/camera_info_manager
[33.969s] -- Installing: /home/sunrise/wheeltec_robot_ws/install/camera_info_manager/share/camera_info_manager/cmake/export_camera_info_managerExport.cmake
[33.971s] -- Installing: /home/sunrise/wheeltec_robot_ws/install/camera_info_manager/share/camera_info_manager/cmake/export_camera_info_managerExport-noconfig.cmake
[33.975s] -- Installing: /home/sunrise/wheeltec_robot_ws/install/camera_info_manager/share/camera_info_manager/cmake/ament_cmake_export_dependencies-extras.cmake
[33.980s] -- Installing: /home/sunrise/wheeltec_robot_ws/install/camera_info_manager/share/camera_info_manager/cmake/ament_cmake_export_targets-extras.cmake
[33.982s] -- Installing: /home/sunrise/wheeltec_robot_ws/install/camera_info_manager/share/camera_info_manager/cmake/camera_info_managerConfig.cmake
[33.983s] -- Installing: /home/sunrise/wheeltec_robot_ws/install/camera_info_manager/share/camera_info_manager/cmake/camera_info_managerConfig-version.cmake
[33.985s] -- Installing: /home/sunrise/wheeltec_robot_ws/install/camera_info_manager/share/camera_info_manager/package.xml
[33.987s] Invoked command in '/home/sunrise/wheeltec_robot_ws/build/camera_info_manager' returned '0': CMAKE_PREFIX_PATH=${CMAKE_PREFIX_PATH}:/home/sunrise/wheeltec_robot_ws/install/tf2_tools:/opt/ros/humble /usr/bin/cmake --install /home/sunrise/wheeltec_robot_ws/build/camera_info_manager
