[0.155s] Invoking command in '/home/sunrise/wheeltec_robot_ws/build/serial': CMAKE_PREFIX_PATH=${CMAKE_PREFIX_PATH}:/home/sunrise/wheeltec_robot_ws/install/tf2_tools:/opt/ros/humble /usr/bin/cmake --build /home/sunrise/wheeltec_robot_ws/build/serial -- -j4 -l4
[0.419s] [35m[1mConsolidate compiler generated dependencies of target serial[0m
[0.576s] [100%] Built target serial
[0.684s] Invoked command in '/home/sunrise/wheeltec_robot_ws/build/serial' returned '0': CMAKE_PREFIX_PATH=${CMAKE_PREFIX_PATH}:/home/sunrise/wheeltec_robot_ws/install/tf2_tools:/opt/ros/humble /usr/bin/cmake --build /home/sunrise/wheeltec_robot_ws/build/serial -- -j4 -l4
[1.119s] Invoking command in '/home/sunrise/wheeltec_robot_ws/build/serial': CMAKE_PREFIX_PATH=${CMAKE_PREFIX_PATH}:/home/sunrise/wheeltec_robot_ws/install/tf2_tools:/opt/ros/humble /usr/bin/cmake --install /home/sunrise/wheeltec_robot_ws/build/serial
[1.469s] -- Install configuration: ""
[1.489s] -- Up-to-date: /home/sunrise/wheeltec_robot_ws/install/serial/lib/libserial.a
[1.491s] -- Up-to-date: /home/sunrise/wheeltec_robot_ws/install/serial/share/serial/environment/library_path.sh
[1.491s] -- Up-to-date: /home/sunrise/wheeltec_robot_ws/install/serial/share/serial/environment/library_path.dsv
[1.492s] -- Up-to-date: /home/sunrise/wheeltec_robot_ws/install/serial/include/serial
[1.493s] -- Up-to-date: /home/sunrise/wheeltec_robot_ws/install/serial/include/serial/serial.h
[1.494s] -- Up-to-date: /home/sunrise/wheeltec_robot_ws/install/serial/include/serial/impl
[1.495s] -- Up-to-date: /home/sunrise/wheeltec_robot_ws/install/serial/include/serial/impl/win.h
[1.496s] -- Up-to-date: /home/sunrise/wheeltec_robot_ws/install/serial/include/serial/impl/unix.h
[1.497s] -- Up-to-date: /home/sunrise/wheeltec_robot_ws/install/serial/include/serial/v8stdint.h
[1.498s] -- Up-to-date: /home/sunrise/wheeltec_robot_ws/install/serial/share/ament_index/resource_index/package_run_dependencies/serial
[1.516s] -- Up-to-date: /home/sunrise/wheeltec_robot_ws/install/serial/share/ament_index/resource_index/parent_prefix_path/serial
[1.524s] -- Up-to-date: /home/sunrise/wheeltec_robot_ws/install/serial/share/serial/environment/ament_prefix_path.sh
[1.529s] -- Up-to-date: /home/sunrise/wheeltec_robot_ws/install/serial/share/serial/environment/ament_prefix_path.dsv
[1.530s] -- Up-to-date: /home/sunrise/wheeltec_robot_ws/install/serial/share/serial/environment/path.sh
[1.536s] -- Up-to-date: /home/sunrise/wheeltec_robot_ws/install/serial/share/serial/environment/path.dsv
[1.538s] -- Up-to-date: /home/sunrise/wheeltec_robot_ws/install/serial/share/serial/local_setup.bash
[1.538s] -- Up-to-date: /home/sunrise/wheeltec_robot_ws/install/serial/share/serial/local_setup.sh
[1.540s] -- Up-to-date: /home/sunrise/wheeltec_robot_ws/install/serial/share/serial/local_setup.zsh
[1.541s] -- Up-to-date: /home/sunrise/wheeltec_robot_ws/install/serial/share/serial/local_setup.dsv
[1.542s] -- Installing: /home/sunrise/wheeltec_robot_ws/install/serial/share/serial/package.dsv
[1.542s] -- Up-to-date: /home/sunrise/wheeltec_robot_ws/install/serial/share/ament_index/resource_index/packages/serial
[1.555s] -- Up-to-date: /home/sunrise/wheeltec_robot_ws/install/serial/share/serial/cmake/ament_cmake_export_include_directories-extras.cmake
[1.558s] -- Up-to-date: /home/sunrise/wheeltec_robot_ws/install/serial/share/serial/cmake/ament_cmake_export_libraries-extras.cmake
[1.559s] -- Up-to-date: /home/sunrise/wheeltec_robot_ws/install/serial/share/serial/cmake/ament_cmake_export_dependencies-extras.cmake
[1.560s] -- Up-to-date: /home/sunrise/wheeltec_robot_ws/install/serial/share/serial/cmake/serialConfig.cmake
[1.561s] -- Up-to-date: /home/sunrise/wheeltec_robot_ws/install/serial/share/serial/cmake/serialConfig-version.cmake
[1.562s] -- Up-to-date: /home/sunrise/wheeltec_robot_ws/install/serial/share/serial/package.xml
[1.575s] Invoked command in '/home/sunrise/wheeltec_robot_ws/build/serial' returned '0': CMAKE_PREFIX_PATH=${CMAKE_PREFIX_PATH}:/home/sunrise/wheeltec_robot_ws/install/tf2_tools:/opt/ros/humble /usr/bin/cmake --install /home/sunrise/wheeltec_robot_ws/build/serial
