[0.161s] Invoking command in '/home/sunrise/wheeltec_robot_ws/build/serial': CMAKE_PREFIX_PATH=${CMAKE_PREFIX_PATH}:/home/sunrise/wheeltec_robot_ws/install/tf2_tools:/opt/ros/humble /usr/bin/cmake --build /home/sunrise/wheeltec_robot_ws/build/serial -- -j4 -l4
[0.458s] [35m[1mConsolidate compiler generated dependencies of target serial[0m
[0.623s] [100%] Built target serial
[0.716s] Invoked command in '/home/sunrise/wheeltec_robot_ws/build/serial' returned '0': CMAKE_PREFIX_PATH=${CMAKE_PREFIX_PATH}:/home/sunrise/wheeltec_robot_ws/install/tf2_tools:/opt/ros/humble /usr/bin/cmake --build /home/sunrise/wheeltec_robot_ws/build/serial -- -j4 -l4
[1.031s] Invoking command in '/home/sunrise/wheeltec_robot_ws/build/serial': CMAKE_PREFIX_PATH=${CMAKE_PREFIX_PATH}:/home/sunrise/wheeltec_robot_ws/install/tf2_tools:/opt/ros/humble /usr/bin/cmake --install /home/sunrise/wheeltec_robot_ws/build/serial
[1.385s] -- Install configuration: ""
[1.386s] -- Up-to-date: /home/sunrise/wheeltec_robot_ws/install/serial/lib/libserial.a
[1.387s] -- Up-to-date: /home/sunrise/wheeltec_robot_ws/install/serial/share/serial/environment/library_path.sh
[1.392s] -- Up-to-date: /home/sunrise/wheeltec_robot_ws/install/serial/share/serial/environment/library_path.dsv
[1.397s] -- Up-to-date: /home/sunrise/wheeltec_robot_ws/install/serial/include/serial
[1.398s] -- Up-to-date: /home/sunrise/wheeltec_robot_ws/install/serial/include/serial/serial.h
[1.399s] -- Up-to-date: /home/sunrise/wheeltec_robot_ws/install/serial/include/serial/impl
[1.400s] -- Up-to-date: /home/sunrise/wheeltec_robot_ws/install/serial/include/serial/impl/win.h
[1.418s] -- Up-to-date: /home/sunrise/wheeltec_robot_ws/install/serial/include/serial/impl/unix.h
[1.438s] -- Up-to-date: /home/sunrise/wheeltec_robot_ws/install/serial/include/serial/v8stdint.h
[1.439s] -- Up-to-date: /home/sunrise/wheeltec_robot_ws/install/serial/share/ament_index/resource_index/package_run_dependencies/serial
[1.440s] -- Up-to-date: /home/sunrise/wheeltec_robot_ws/install/serial/share/ament_index/resource_index/parent_prefix_path/serial
[1.441s] -- Up-to-date: /home/sunrise/wheeltec_robot_ws/install/serial/share/serial/environment/ament_prefix_path.sh
[1.442s] -- Up-to-date: /home/sunrise/wheeltec_robot_ws/install/serial/share/serial/environment/ament_prefix_path.dsv
[1.443s] -- Up-to-date: /home/sunrise/wheeltec_robot_ws/install/serial/share/serial/environment/path.sh
[1.444s] -- Up-to-date: /home/sunrise/wheeltec_robot_ws/install/serial/share/serial/environment/path.dsv
[1.445s] -- Up-to-date: /home/sunrise/wheeltec_robot_ws/install/serial/share/serial/local_setup.bash
[1.446s] -- Up-to-date: /home/sunrise/wheeltec_robot_ws/install/serial/share/serial/local_setup.sh
[1.447s] -- Up-to-date: /home/sunrise/wheeltec_robot_ws/install/serial/share/serial/local_setup.zsh
[1.448s] -- Up-to-date: /home/sunrise/wheeltec_robot_ws/install/serial/share/serial/local_setup.dsv
[1.449s] -- Installing: /home/sunrise/wheeltec_robot_ws/install/serial/share/serial/package.dsv
[1.465s] -- Up-to-date: /home/sunrise/wheeltec_robot_ws/install/serial/share/ament_index/resource_index/packages/serial
[1.466s] -- Up-to-date: /home/sunrise/wheeltec_robot_ws/install/serial/share/serial/cmake/ament_cmake_export_include_directories-extras.cmake
[1.467s] -- Up-to-date: /home/sunrise/wheeltec_robot_ws/install/serial/share/serial/cmake/ament_cmake_export_libraries-extras.cmake
[1.480s] -- Up-to-date: /home/sunrise/wheeltec_robot_ws/install/serial/share/serial/cmake/ament_cmake_export_dependencies-extras.cmake
[1.481s] -- Up-to-date: /home/sunrise/wheeltec_robot_ws/install/serial/share/serial/cmake/serialConfig.cmake
[1.482s] -- Up-to-date: /home/sunrise/wheeltec_robot_ws/install/serial/share/serial/cmake/serialConfig-version.cmake
[1.486s] -- Up-to-date: /home/sunrise/wheeltec_robot_ws/install/serial/share/serial/package.xml
[1.545s] Invoked command in '/home/sunrise/wheeltec_robot_ws/build/serial' returned '0': CMAKE_PREFIX_PATH=${CMAKE_PREFIX_PATH}:/home/sunrise/wheeltec_robot_ws/install/tf2_tools:/opt/ros/humble /usr/bin/cmake --install /home/sunrise/wheeltec_robot_ws/build/serial
