[0.080s] Invoking command in '/home/sunrise/wheeltec_robot_ws/build/turn_on_wheeltec_robot': CMAKE_PREFIX_PATH=/home/sunrise/wheeltec_robot_ws/install/wheeltec_robot_msg:/home/sunrise/wheeltec_robot_ws/install/serial:/home/sunrise/wheeltec_robot_ws/install/usb_cam:/home/sunrise/wheeltec_robot_ws/install/image_common:/home/sunrise/wheeltec_robot_ws/install/image_transport:/home/sunrise/wheeltec_robot_ws/install/camera_info_manager:/home/sunrise/wheeltec_robot_ws/install/camera_calibration_parsers:/home/sunrise/wheeltec_robot_ws/install/astra_camera_msgs:/home/sunrise/wheeltec_robot_ws/install/wheeltec_robot_urdf:/home/sunrise/wheeltec_robot_ws/install/turn_on_wheeltec_robot:/home/sunrise/wheeltec_robot_ws/install/bkwindbot_urdf:/home/sunrise/wheeltec_robot_ws/install/tf2_tools:/opt/ros/humble LD_LIBRARY_PATH=/home/sunrise/wheeltec_robot_ws/install/wheeltec_robot_msg/lib:/home/sunrise/wheeltec_robot_ws/install/usb_cam/lib:/home/sunrise/wheeltec_robot_ws/install/image_transport/lib:/home/sunrise/wheeltec_robot_ws/install/camera_info_manager/lib:/home/sunrise/wheeltec_robot_ws/install/camera_calibration_parsers/lib:/home/sunrise/wheeltec_robot_ws/install/astra_camera_msgs/lib:/home/sunrise/wheeltec_robot_ws/install/turn_on_wheeltec_robot/lib:/home/sunrise/wheeltec_robot_ws/install/serial/lib:/opt/ros/humble/opt/rviz_ogre_vendor/lib:/opt/ros/humble/lib/aarch64-linux-gnu:/opt/ros/humble/lib /usr/bin/cmake --build /home/sunrise/wheeltec_robot_ws/build/turn_on_wheeltec_robot -- -j4 -l4
[0.339s] [  2%] Built target turn_on_wheeltec_robot__cpp
[0.358s] [ 11%] Built target turn_on_wheeltec_robot__rosidl_generator_c
[0.384s] [ 11%] Built target ament_cmake_python_copy_turn_on_wheeltec_robot
[0.420s] [ 20%] Built target wheeltec_robot_node
[0.461s] [ 29%] Built target turn_on_wheeltec_robot__rosidl_typesupport_cpp
[0.463s] [ 38%] Built target turn_on_wheeltec_robot__rosidl_typesupport_fastrtps_cpp
[0.502s] [ 47%] Built target turn_on_wheeltec_robot__rosidl_typesupport_introspection_c
[0.511s] [ 55%] Built target turn_on_wheeltec_robot__rosidl_typesupport_c
[0.596s] [ 64%] Built target turn_on_wheeltec_robot__rosidl_typesupport_introspection_cpp
[0.618s] [ 73%] Built target turn_on_wheeltec_robot__rosidl_typesupport_fastrtps_c
[0.709s] [ 73%] Built target turn_on_wheeltec_robot
[0.803s] [ 76%] Built target turn_on_wheeltec_robot__py
[0.902s] [ 82%] Built target turn_on_wheeltec_robot__rosidl_generator_py
[1.013s] [ 88%] Built target turn_on_wheeltec_robot__rosidl_typesupport_introspection_c__pyext
[1.015s] [ 94%] Built target turn_on_wheeltec_robot__rosidl_typesupport_fastrtps_c__pyext
[1.041s] [100%] Built target turn_on_wheeltec_robot__rosidl_typesupport_c__pyext
[2.604s] running egg_info
[2.610s] writing turn_on_wheeltec_robot.egg-info/PKG-INFO
[2.611s] writing dependency_links to turn_on_wheeltec_robot.egg-info/dependency_links.txt
[2.612s] writing top-level names to turn_on_wheeltec_robot.egg-info/top_level.txt
[2.630s] reading manifest file 'turn_on_wheeltec_robot.egg-info/SOURCES.txt'
[2.635s] writing manifest file 'turn_on_wheeltec_robot.egg-info/SOURCES.txt'
[2.844s] [100%] Built target ament_cmake_python_build_turn_on_wheeltec_robot_egg
[2.892s] Invoked command in '/home/sunrise/wheeltec_robot_ws/build/turn_on_wheeltec_robot' returned '0': CMAKE_PREFIX_PATH=/home/sunrise/wheeltec_robot_ws/install/wheeltec_robot_msg:/home/sunrise/wheeltec_robot_ws/install/serial:/home/sunrise/wheeltec_robot_ws/install/usb_cam:/home/sunrise/wheeltec_robot_ws/install/image_common:/home/sunrise/wheeltec_robot_ws/install/image_transport:/home/sunrise/wheeltec_robot_ws/install/camera_info_manager:/home/sunrise/wheeltec_robot_ws/install/camera_calibration_parsers:/home/sunrise/wheeltec_robot_ws/install/astra_camera_msgs:/home/sunrise/wheeltec_robot_ws/install/wheeltec_robot_urdf:/home/sunrise/wheeltec_robot_ws/install/turn_on_wheeltec_robot:/home/sunrise/wheeltec_robot_ws/install/bkwindbot_urdf:/home/sunrise/wheeltec_robot_ws/install/tf2_tools:/opt/ros/humble LD_LIBRARY_PATH=/home/sunrise/wheeltec_robot_ws/install/wheeltec_robot_msg/lib:/home/sunrise/wheeltec_robot_ws/install/usb_cam/lib:/home/sunrise/wheeltec_robot_ws/install/image_transport/lib:/home/sunrise/wheeltec_robot_ws/install/camera_info_manager/lib:/home/sunrise/wheeltec_robot_ws/install/camera_calibration_parsers/lib:/home/sunrise/wheeltec_robot_ws/install/astra_camera_msgs/lib:/home/sunrise/wheeltec_robot_ws/install/turn_on_wheeltec_robot/lib:/home/sunrise/wheeltec_robot_ws/install/serial/lib:/opt/ros/humble/opt/rviz_ogre_vendor/lib:/opt/ros/humble/lib/aarch64-linux-gnu:/opt/ros/humble/lib /usr/bin/cmake --build /home/sunrise/wheeltec_robot_ws/build/turn_on_wheeltec_robot -- -j4 -l4
[3.149s] Invoking command in '/home/sunrise/wheeltec_robot_ws/build/turn_on_wheeltec_robot': CMAKE_PREFIX_PATH=/home/sunrise/wheeltec_robot_ws/install/wheeltec_robot_msg:/home/sunrise/wheeltec_robot_ws/install/serial:/home/sunrise/wheeltec_robot_ws/install/usb_cam:/home/sunrise/wheeltec_robot_ws/install/image_common:/home/sunrise/wheeltec_robot_ws/install/image_transport:/home/sunrise/wheeltec_robot_ws/install/camera_info_manager:/home/sunrise/wheeltec_robot_ws/install/camera_calibration_parsers:/home/sunrise/wheeltec_robot_ws/install/astra_camera_msgs:/home/sunrise/wheeltec_robot_ws/install/wheeltec_robot_urdf:/home/sunrise/wheeltec_robot_ws/install/turn_on_wheeltec_robot:/home/sunrise/wheeltec_robot_ws/install/bkwindbot_urdf:/home/sunrise/wheeltec_robot_ws/install/tf2_tools:/opt/ros/humble LD_LIBRARY_PATH=/home/sunrise/wheeltec_robot_ws/install/wheeltec_robot_msg/lib:/home/sunrise/wheeltec_robot_ws/install/usb_cam/lib:/home/sunrise/wheeltec_robot_ws/install/image_transport/lib:/home/sunrise/wheeltec_robot_ws/install/camera_info_manager/lib:/home/sunrise/wheeltec_robot_ws/install/camera_calibration_parsers/lib:/home/sunrise/wheeltec_robot_ws/install/astra_camera_msgs/lib:/home/sunrise/wheeltec_robot_ws/install/turn_on_wheeltec_robot/lib:/home/sunrise/wheeltec_robot_ws/install/serial/lib:/opt/ros/humble/opt/rviz_ogre_vendor/lib:/opt/ros/humble/lib/aarch64-linux-gnu:/opt/ros/humble/lib /usr/bin/cmake --install /home/sunrise/wheeltec_robot_ws/build/turn_on_wheeltec_robot
[3.184s] -- Install configuration: ""
[3.185s] -- Up-to-date: /home/sunrise/wheeltec_robot_ws/install/turn_on_wheeltec_robot/share/ament_index/resource_index/rosidl_interfaces/turn_on_wheeltec_robot
[3.186s] -- Up-to-date: /home/sunrise/wheeltec_robot_ws/install/turn_on_wheeltec_robot/include/turn_on_wheeltec_robot/turn_on_wheeltec_robot
[3.187s] -- Up-to-date: /home/sunrise/wheeltec_robot_ws/install/turn_on_wheeltec_robot/include/turn_on_wheeltec_robot/turn_on_wheeltec_robot/msg
[3.188s] -- Up-to-date: /home/sunrise/wheeltec_robot_ws/install/turn_on_wheeltec_robot/include/turn_on_wheeltec_robot/turn_on_wheeltec_robot/msg/rosidl_generator_c__visibility_control.h
[3.189s] -- Up-to-date: /home/sunrise/wheeltec_robot_ws/install/turn_on_wheeltec_robot/include/turn_on_wheeltec_robot/turn_on_wheeltec_robot/msg/detail
[3.190s] -- Up-to-date: /home/sunrise/wheeltec_robot_ws/install/turn_on_wheeltec_robot/include/turn_on_wheeltec_robot/turn_on_wheeltec_robot/msg/detail/position__functions.h
[3.191s] -- Up-to-date: /home/sunrise/wheeltec_robot_ws/install/turn_on_wheeltec_robot/include/turn_on_wheeltec_robot/turn_on_wheeltec_robot/msg/detail/position__type_support.h
[3.193s] -- Up-to-date: /home/sunrise/wheeltec_robot_ws/install/turn_on_wheeltec_robot/include/turn_on_wheeltec_robot/turn_on_wheeltec_robot/msg/detail/position__struct.h
[3.194s] -- Up-to-date: /home/sunrise/wheeltec_robot_ws/install/turn_on_wheeltec_robot/include/turn_on_wheeltec_robot/turn_on_wheeltec_robot/msg/detail/position__functions.c
[3.195s] -- Up-to-date: /home/sunrise/wheeltec_robot_ws/install/turn_on_wheeltec_robot/include/turn_on_wheeltec_robot/turn_on_wheeltec_robot/msg/position.h
[3.196s] -- Up-to-date: /home/sunrise/wheeltec_robot_ws/install/turn_on_wheeltec_robot/share/turn_on_wheeltec_robot/environment/library_path.sh
[3.197s] -- Up-to-date: /home/sunrise/wheeltec_robot_ws/install/turn_on_wheeltec_robot/share/turn_on_wheeltec_robot/environment/library_path.dsv
[3.198s] -- Up-to-date: /home/sunrise/wheeltec_robot_ws/install/turn_on_wheeltec_robot/lib/libturn_on_wheeltec_robot__rosidl_generator_c.so
[3.199s] -- Up-to-date: /home/sunrise/wheeltec_robot_ws/install/turn_on_wheeltec_robot/include/turn_on_wheeltec_robot/turn_on_wheeltec_robot
[3.200s] -- Up-to-date: /home/sunrise/wheeltec_robot_ws/install/turn_on_wheeltec_robot/include/turn_on_wheeltec_robot/turn_on_wheeltec_robot/msg
[3.201s] -- Up-to-date: /home/sunrise/wheeltec_robot_ws/install/turn_on_wheeltec_robot/include/turn_on_wheeltec_robot/turn_on_wheeltec_robot/msg/rosidl_typesupport_fastrtps_c__visibility_control.h
[3.202s] -- Up-to-date: /home/sunrise/wheeltec_robot_ws/install/turn_on_wheeltec_robot/include/turn_on_wheeltec_robot/turn_on_wheeltec_robot/msg/detail
[3.203s] -- Up-to-date: /home/sunrise/wheeltec_robot_ws/install/turn_on_wheeltec_robot/include/turn_on_wheeltec_robot/turn_on_wheeltec_robot/msg/detail/position__rosidl_typesupport_fastrtps_c.h
[3.205s] -- Up-to-date: /home/sunrise/wheeltec_robot_ws/install/turn_on_wheeltec_robot/lib/libturn_on_wheeltec_robot__rosidl_typesupport_fastrtps_c.so
[3.206s] -- Up-to-date: /home/sunrise/wheeltec_robot_ws/install/turn_on_wheeltec_robot/include/turn_on_wheeltec_robot/turn_on_wheeltec_robot
[3.208s] -- Up-to-date: /home/sunrise/wheeltec_robot_ws/install/turn_on_wheeltec_robot/include/turn_on_wheeltec_robot/turn_on_wheeltec_robot/msg
[3.209s] -- Up-to-date: /home/sunrise/wheeltec_robot_ws/install/turn_on_wheeltec_robot/include/turn_on_wheeltec_robot/turn_on_wheeltec_robot/msg/position.hpp
[3.209s] -- Up-to-date: /home/sunrise/wheeltec_robot_ws/install/turn_on_wheeltec_robot/include/turn_on_wheeltec_robot/turn_on_wheeltec_robot/msg/detail
[3.210s] -- Up-to-date: /home/sunrise/wheeltec_robot_ws/install/turn_on_wheeltec_robot/include/turn_on_wheeltec_robot/turn_on_wheeltec_robot/msg/detail/position__struct.hpp
[3.211s] -- Up-to-date: /home/sunrise/wheeltec_robot_ws/install/turn_on_wheeltec_robot/include/turn_on_wheeltec_robot/turn_on_wheeltec_robot/msg/detail/position__builder.hpp
[3.212s] -- Up-to-date: /home/sunrise/wheeltec_robot_ws/install/turn_on_wheeltec_robot/include/turn_on_wheeltec_robot/turn_on_wheeltec_robot/msg/detail/position__traits.hpp
[3.213s] -- Up-to-date: /home/sunrise/wheeltec_robot_ws/install/turn_on_wheeltec_robot/include/turn_on_wheeltec_robot/turn_on_wheeltec_robot
[3.214s] -- Up-to-date: /home/sunrise/wheeltec_robot_ws/install/turn_on_wheeltec_robot/include/turn_on_wheeltec_robot/turn_on_wheeltec_robot/msg
[3.214s] -- Up-to-date: /home/sunrise/wheeltec_robot_ws/install/turn_on_wheeltec_robot/include/turn_on_wheeltec_robot/turn_on_wheeltec_robot/msg/rosidl_typesupport_fastrtps_cpp__visibility_control.h
[3.215s] -- Up-to-date: /home/sunrise/wheeltec_robot_ws/install/turn_on_wheeltec_robot/include/turn_on_wheeltec_robot/turn_on_wheeltec_robot/msg/detail
[3.216s] -- Up-to-date: /home/sunrise/wheeltec_robot_ws/install/turn_on_wheeltec_robot/include/turn_on_wheeltec_robot/turn_on_wheeltec_robot/msg/detail/position__rosidl_typesupport_fastrtps_cpp.hpp
[3.218s] -- Up-to-date: /home/sunrise/wheeltec_robot_ws/install/turn_on_wheeltec_robot/include/turn_on_wheeltec_robot/turn_on_wheeltec_robot/msg/detail/dds_fastrtps
[3.219s] -- Up-to-date: /home/sunrise/wheeltec_robot_ws/install/turn_on_wheeltec_robot/lib/libturn_on_wheeltec_robot__rosidl_typesupport_fastrtps_cpp.so
[3.220s] -- Up-to-date: /home/sunrise/wheeltec_robot_ws/install/turn_on_wheeltec_robot/include/turn_on_wheeltec_robot/turn_on_wheeltec_robot
[3.221s] -- Up-to-date: /home/sunrise/wheeltec_robot_ws/install/turn_on_wheeltec_robot/include/turn_on_wheeltec_robot/turn_on_wheeltec_robot/msg
[3.222s] -- Up-to-date: /home/sunrise/wheeltec_robot_ws/install/turn_on_wheeltec_robot/include/turn_on_wheeltec_robot/turn_on_wheeltec_robot/msg/rosidl_typesupport_introspection_c__visibility_control.h
[3.224s] -- Up-to-date: /home/sunrise/wheeltec_robot_ws/install/turn_on_wheeltec_robot/include/turn_on_wheeltec_robot/turn_on_wheeltec_robot/msg/detail
[3.225s] -- Up-to-date: /home/sunrise/wheeltec_robot_ws/install/turn_on_wheeltec_robot/include/turn_on_wheeltec_robot/turn_on_wheeltec_robot/msg/detail/position__type_support.c
[3.226s] -- Up-to-date: /home/sunrise/wheeltec_robot_ws/install/turn_on_wheeltec_robot/include/turn_on_wheeltec_robot/turn_on_wheeltec_robot/msg/detail/position__rosidl_typesupport_introspection_c.h
[3.227s] -- Up-to-date: /home/sunrise/wheeltec_robot_ws/install/turn_on_wheeltec_robot/lib/libturn_on_wheeltec_robot__rosidl_typesupport_introspection_c.so
[3.228s] -- Up-to-date: /home/sunrise/wheeltec_robot_ws/install/turn_on_wheeltec_robot/lib/libturn_on_wheeltec_robot__rosidl_typesupport_c.so
[3.229s] -- Up-to-date: /home/sunrise/wheeltec_robot_ws/install/turn_on_wheeltec_robot/include/turn_on_wheeltec_robot/turn_on_wheeltec_robot
[3.230s] -- Up-to-date: /home/sunrise/wheeltec_robot_ws/install/turn_on_wheeltec_robot/include/turn_on_wheeltec_robot/turn_on_wheeltec_robot/msg
[3.230s] -- Up-to-date: /home/sunrise/wheeltec_robot_ws/install/turn_on_wheeltec_robot/include/turn_on_wheeltec_robot/turn_on_wheeltec_robot/msg/detail
[3.231s] -- Up-to-date: /home/sunrise/wheeltec_robot_ws/install/turn_on_wheeltec_robot/include/turn_on_wheeltec_robot/turn_on_wheeltec_robot/msg/detail/position__rosidl_typesupport_introspection_cpp.hpp
[3.232s] -- Up-to-date: /home/sunrise/wheeltec_robot_ws/install/turn_on_wheeltec_robot/include/turn_on_wheeltec_robot/turn_on_wheeltec_robot/msg/detail/position__type_support.cpp
[3.233s] -- Up-to-date: /home/sunrise/wheeltec_robot_ws/install/turn_on_wheeltec_robot/lib/libturn_on_wheeltec_robot__rosidl_typesupport_introspection_cpp.so
[3.233s] -- Up-to-date: /home/sunrise/wheeltec_robot_ws/install/turn_on_wheeltec_robot/lib/libturn_on_wheeltec_robot__rosidl_typesupport_cpp.so
[3.234s] -- Up-to-date: /home/sunrise/wheeltec_robot_ws/install/turn_on_wheeltec_robot/share/turn_on_wheeltec_robot/environment/pythonpath.sh
[3.235s] -- Up-to-date: /home/sunrise/wheeltec_robot_ws/install/turn_on_wheeltec_robot/share/turn_on_wheeltec_robot/environment/pythonpath.dsv
[3.236s] -- Up-to-date: /home/sunrise/wheeltec_robot_ws/install/turn_on_wheeltec_robot/local/lib/python3.10/dist-packages/turn_on_wheeltec_robot-0.0.0-py3.10.egg-info
[3.236s] -- Installing: /home/sunrise/wheeltec_robot_ws/install/turn_on_wheeltec_robot/local/lib/python3.10/dist-packages/turn_on_wheeltec_robot-0.0.0-py3.10.egg-info/top_level.txt
[3.237s] -- Installing: /home/sunrise/wheeltec_robot_ws/install/turn_on_wheeltec_robot/local/lib/python3.10/dist-packages/turn_on_wheeltec_robot-0.0.0-py3.10.egg-info/SOURCES.txt
[3.238s] -- Installing: /home/sunrise/wheeltec_robot_ws/install/turn_on_wheeltec_robot/local/lib/python3.10/dist-packages/turn_on_wheeltec_robot-0.0.0-py3.10.egg-info/PKG-INFO
[3.239s] -- Installing: /home/sunrise/wheeltec_robot_ws/install/turn_on_wheeltec_robot/local/lib/python3.10/dist-packages/turn_on_wheeltec_robot-0.0.0-py3.10.egg-info/dependency_links.txt
[3.239s] -- Up-to-date: /home/sunrise/wheeltec_robot_ws/install/turn_on_wheeltec_robot/local/lib/python3.10/dist-packages/turn_on_wheeltec_robot
[3.240s] -- Up-to-date: /home/sunrise/wheeltec_robot_ws/install/turn_on_wheeltec_robot/local/lib/python3.10/dist-packages/turn_on_wheeltec_robot/_turn_on_wheeltec_robot_s.ep.rosidl_typesupport_fastrtps_c.c
[3.241s] -- Up-to-date: /home/sunrise/wheeltec_robot_ws/install/turn_on_wheeltec_robot/local/lib/python3.10/dist-packages/turn_on_wheeltec_robot/turn_on_wheeltec_robot_s__rosidl_typesupport_c.cpython-310-aarch64-linux-gnu.so
[3.242s] -- Up-to-date: /home/sunrise/wheeltec_robot_ws/install/turn_on_wheeltec_robot/local/lib/python3.10/dist-packages/turn_on_wheeltec_robot/msg
[3.243s] -- Up-to-date: /home/sunrise/wheeltec_robot_ws/install/turn_on_wheeltec_robot/local/lib/python3.10/dist-packages/turn_on_wheeltec_robot/msg/_position.py
[3.243s] -- Up-to-date: /home/sunrise/wheeltec_robot_ws/install/turn_on_wheeltec_robot/local/lib/python3.10/dist-packages/turn_on_wheeltec_robot/msg/_position_s.c
[3.244s] -- Up-to-date: /home/sunrise/wheeltec_robot_ws/install/turn_on_wheeltec_robot/local/lib/python3.10/dist-packages/turn_on_wheeltec_robot/msg/__init__.py
[3.245s] -- Up-to-date: /home/sunrise/wheeltec_robot_ws/install/turn_on_wheeltec_robot/local/lib/python3.10/dist-packages/turn_on_wheeltec_robot/_turn_on_wheeltec_robot_s.ep.rosidl_typesupport_c.c
[3.246s] -- Up-to-date: /home/sunrise/wheeltec_robot_ws/install/turn_on_wheeltec_robot/local/lib/python3.10/dist-packages/turn_on_wheeltec_robot/__init__.py
[3.246s] -- Up-to-date: /home/sunrise/wheeltec_robot_ws/install/turn_on_wheeltec_robot/local/lib/python3.10/dist-packages/turn_on_wheeltec_robot/libturn_on_wheeltec_robot__rosidl_generator_py.so
[3.247s] -- Up-to-date: /home/sunrise/wheeltec_robot_ws/install/turn_on_wheeltec_robot/local/lib/python3.10/dist-packages/turn_on_wheeltec_robot/turn_on_wheeltec_robot_s__rosidl_typesupport_fastrtps_c.cpython-310-aarch64-linux-gnu.so
[3.248s] -- Up-to-date: /home/sunrise/wheeltec_robot_ws/install/turn_on_wheeltec_robot/local/lib/python3.10/dist-packages/turn_on_wheeltec_robot/turn_on_wheeltec_robot_s__rosidl_typesupport_introspection_c.cpython-310-aarch64-linux-gnu.so
[3.249s] -- Up-to-date: /home/sunrise/wheeltec_robot_ws/install/turn_on_wheeltec_robot/local/lib/python3.10/dist-packages/turn_on_wheeltec_robot/_turn_on_wheeltec_robot_s.ep.rosidl_typesupport_introspection_c.c
[3.442s] Listing '/home/sunrise/wheeltec_robot_ws/install/turn_on_wheeltec_robot/local/lib/python3.10/dist-packages/turn_on_wheeltec_robot'...
[3.443s] Listing '/home/sunrise/wheeltec_robot_ws/install/turn_on_wheeltec_robot/local/lib/python3.10/dist-packages/turn_on_wheeltec_robot/msg'...
[3.484s] -- Up-to-date: /home/sunrise/wheeltec_robot_ws/install/turn_on_wheeltec_robot/local/lib/python3.10/dist-packages/turn_on_wheeltec_robot/turn_on_wheeltec_robot_s__rosidl_typesupport_fastrtps_c.cpython-310-aarch64-linux-gnu.so
[3.486s] -- Up-to-date: /home/sunrise/wheeltec_robot_ws/install/turn_on_wheeltec_robot/local/lib/python3.10/dist-packages/turn_on_wheeltec_robot/turn_on_wheeltec_robot_s__rosidl_typesupport_introspection_c.cpython-310-aarch64-linux-gnu.so
[3.487s] -- Up-to-date: /home/sunrise/wheeltec_robot_ws/install/turn_on_wheeltec_robot/local/lib/python3.10/dist-packages/turn_on_wheeltec_robot/turn_on_wheeltec_robot_s__rosidl_typesupport_c.cpython-310-aarch64-linux-gnu.so
[3.489s] -- Up-to-date: /home/sunrise/wheeltec_robot_ws/install/turn_on_wheeltec_robot/lib/libturn_on_wheeltec_robot__rosidl_generator_py.so
[3.490s] -- Up-to-date: /home/sunrise/wheeltec_robot_ws/install/turn_on_wheeltec_robot/share/turn_on_wheeltec_robot/msg/Position.idl
[3.491s] -- Up-to-date: /home/sunrise/wheeltec_robot_ws/install/turn_on_wheeltec_robot/share/turn_on_wheeltec_robot/msg/Position.msg
[3.492s] -- Up-to-date: /home/sunrise/wheeltec_robot_ws/install/turn_on_wheeltec_robot/lib/turn_on_wheeltec_robot/wheeltec_robot_node
[3.493s] -- Up-to-date: /home/sunrise/wheeltec_robot_ws/install/turn_on_wheeltec_robot/share/turn_on_wheeltec_robot/launch
[3.494s] -- Up-to-date: /home/sunrise/wheeltec_robot_ws/install/turn_on_wheeltec_robot/share/turn_on_wheeltec_robot/launch/robot_mode_description.launch.py
[3.496s] -- Up-to-date: /home/sunrise/wheeltec_robot_ws/install/turn_on_wheeltec_robot/share/turn_on_wheeltec_robot/launch/wheeltec_lidar.launch.py
[3.497s] -- Up-to-date: /home/sunrise/wheeltec_robot_ws/install/turn_on_wheeltec_robot/share/turn_on_wheeltec_robot/launch/__pycache__
[3.498s] -- Up-to-date: /home/sunrise/wheeltec_robot_ws/install/turn_on_wheeltec_robot/share/turn_on_wheeltec_robot/launch/__pycache__/testtwo.launch.cpython-38.pyc
[3.499s] -- Up-to-date: /home/sunrise/wheeltec_robot_ws/install/turn_on_wheeltec_robot/share/turn_on_wheeltec_robot/launch/robot_mode_description_minibot.launch.py
[3.500s] -- Up-to-date: /home/sunrise/wheeltec_robot_ws/install/turn_on_wheeltec_robot/share/turn_on_wheeltec_robot/launch/base_serial.launch.py
[3.501s] -- Up-to-date: /home/sunrise/wheeltec_robot_ws/install/turn_on_wheeltec_robot/share/turn_on_wheeltec_robot/launch/turn_on_wheeltec_robot.launch.py
[3.502s] -- Up-to-date: /home/sunrise/wheeltec_robot_ws/install/turn_on_wheeltec_robot/share/turn_on_wheeltec_robot/launch/wheeltec_camera.launch.py
[3.504s] -- Up-to-date: /home/sunrise/wheeltec_robot_ws/install/turn_on_wheeltec_robot/share/turn_on_wheeltec_robot/launch/wheeltec_sensors.launch.py
[3.505s] -- Up-to-date: /home/sunrise/wheeltec_robot_ws/install/turn_on_wheeltec_robot/share/turn_on_wheeltec_robot/launch/wheeltec_ekf.launch.py
[3.506s] -- Up-to-date: /home/sunrise/wheeltec_robot_ws/install/turn_on_wheeltec_robot/share/turn_on_wheeltec_robot/config
[3.507s] -- Up-to-date: /home/sunrise/wheeltec_robot_ws/install/turn_on_wheeltec_robot/share/turn_on_wheeltec_robot/config/camera_info.yaml
[3.509s] -- Up-to-date: /home/sunrise/wheeltec_robot_ws/install/turn_on_wheeltec_robot/share/turn_on_wheeltec_robot/config/ekf.yaml
[3.510s] -- Up-to-date: /home/sunrise/wheeltec_robot_ws/install/turn_on_wheeltec_robot/share/turn_on_wheeltec_robot/config/ekf_carto.yaml
[3.511s] -- Up-to-date: /home/sunrise/wheeltec_robot_ws/install/turn_on_wheeltec_robot/share/turn_on_wheeltec_robot/config/imu.yaml
[3.512s] -- Up-to-date: /home/sunrise/wheeltec_robot_ws/install/turn_on_wheeltec_robot/share/ament_index/resource_index/package_run_dependencies/turn_on_wheeltec_robot
[3.513s] -- Up-to-date: /home/sunrise/wheeltec_robot_ws/install/turn_on_wheeltec_robot/share/ament_index/resource_index/parent_prefix_path/turn_on_wheeltec_robot
[3.514s] -- Up-to-date: /home/sunrise/wheeltec_robot_ws/install/turn_on_wheeltec_robot/share/turn_on_wheeltec_robot/environment/ament_prefix_path.sh
[3.514s] -- Up-to-date: /home/sunrise/wheeltec_robot_ws/install/turn_on_wheeltec_robot/share/turn_on_wheeltec_robot/environment/ament_prefix_path.dsv
[3.515s] -- Up-to-date: /home/sunrise/wheeltec_robot_ws/install/turn_on_wheeltec_robot/share/turn_on_wheeltec_robot/environment/path.sh
[3.516s] -- Up-to-date: /home/sunrise/wheeltec_robot_ws/install/turn_on_wheeltec_robot/share/turn_on_wheeltec_robot/environment/path.dsv
[3.517s] -- Up-to-date: /home/sunrise/wheeltec_robot_ws/install/turn_on_wheeltec_robot/share/turn_on_wheeltec_robot/local_setup.bash
[3.517s] -- Up-to-date: /home/sunrise/wheeltec_robot_ws/install/turn_on_wheeltec_robot/share/turn_on_wheeltec_robot/local_setup.sh
[3.519s] -- Up-to-date: /home/sunrise/wheeltec_robot_ws/install/turn_on_wheeltec_robot/share/turn_on_wheeltec_robot/local_setup.zsh
[3.522s] -- Up-to-date: /home/sunrise/wheeltec_robot_ws/install/turn_on_wheeltec_robot/share/turn_on_wheeltec_robot/local_setup.dsv
[3.524s] -- Installing: /home/sunrise/wheeltec_robot_ws/install/turn_on_wheeltec_robot/share/turn_on_wheeltec_robot/package.dsv
[3.525s] -- Up-to-date: /home/sunrise/wheeltec_robot_ws/install/turn_on_wheeltec_robot/share/ament_index/resource_index/packages/turn_on_wheeltec_robot
[3.527s] -- Up-to-date: /home/sunrise/wheeltec_robot_ws/install/turn_on_wheeltec_robot/share/turn_on_wheeltec_robot/cmake/export_turn_on_wheeltec_robot__rosidl_generator_cExport.cmake
[3.528s] -- Up-to-date: /home/sunrise/wheeltec_robot_ws/install/turn_on_wheeltec_robot/share/turn_on_wheeltec_robot/cmake/export_turn_on_wheeltec_robot__rosidl_generator_cExport-noconfig.cmake
[3.529s] -- Up-to-date: /home/sunrise/wheeltec_robot_ws/install/turn_on_wheeltec_robot/share/turn_on_wheeltec_robot/cmake/export_turn_on_wheeltec_robot__rosidl_typesupport_fastrtps_cExport.cmake
[3.530s] -- Up-to-date: /home/sunrise/wheeltec_robot_ws/install/turn_on_wheeltec_robot/share/turn_on_wheeltec_robot/cmake/export_turn_on_wheeltec_robot__rosidl_typesupport_fastrtps_cExport-noconfig.cmake
[3.531s] -- Up-to-date: /home/sunrise/wheeltec_robot_ws/install/turn_on_wheeltec_robot/share/turn_on_wheeltec_robot/cmake/export_turn_on_wheeltec_robot__rosidl_generator_cppExport.cmake
[3.532s] -- Up-to-date: /home/sunrise/wheeltec_robot_ws/install/turn_on_wheeltec_robot/share/turn_on_wheeltec_robot/cmake/export_turn_on_wheeltec_robot__rosidl_typesupport_fastrtps_cppExport.cmake
[3.533s] -- Up-to-date: /home/sunrise/wheeltec_robot_ws/install/turn_on_wheeltec_robot/share/turn_on_wheeltec_robot/cmake/export_turn_on_wheeltec_robot__rosidl_typesupport_fastrtps_cppExport-noconfig.cmake
[3.534s] -- Up-to-date: /home/sunrise/wheeltec_robot_ws/install/turn_on_wheeltec_robot/share/turn_on_wheeltec_robot/cmake/turn_on_wheeltec_robot__rosidl_typesupport_introspection_cExport.cmake
[3.535s] -- Up-to-date: /home/sunrise/wheeltec_robot_ws/install/turn_on_wheeltec_robot/share/turn_on_wheeltec_robot/cmake/turn_on_wheeltec_robot__rosidl_typesupport_introspection_cExport-noconfig.cmake
[3.536s] -- Up-to-date: /home/sunrise/wheeltec_robot_ws/install/turn_on_wheeltec_robot/share/turn_on_wheeltec_robot/cmake/turn_on_wheeltec_robot__rosidl_typesupport_cExport.cmake
[3.538s] -- Up-to-date: /home/sunrise/wheeltec_robot_ws/install/turn_on_wheeltec_robot/share/turn_on_wheeltec_robot/cmake/turn_on_wheeltec_robot__rosidl_typesupport_cExport-noconfig.cmake
[3.539s] -- Up-to-date: /home/sunrise/wheeltec_robot_ws/install/turn_on_wheeltec_robot/share/turn_on_wheeltec_robot/cmake/turn_on_wheeltec_robot__rosidl_typesupport_introspection_cppExport.cmake
[3.540s] -- Up-to-date: /home/sunrise/wheeltec_robot_ws/install/turn_on_wheeltec_robot/share/turn_on_wheeltec_robot/cmake/turn_on_wheeltec_robot__rosidl_typesupport_introspection_cppExport-noconfig.cmake
[3.541s] -- Up-to-date: /home/sunrise/wheeltec_robot_ws/install/turn_on_wheeltec_robot/share/turn_on_wheeltec_robot/cmake/turn_on_wheeltec_robot__rosidl_typesupport_cppExport.cmake
[3.542s] -- Up-to-date: /home/sunrise/wheeltec_robot_ws/install/turn_on_wheeltec_robot/share/turn_on_wheeltec_robot/cmake/turn_on_wheeltec_robot__rosidl_typesupport_cppExport-noconfig.cmake
[3.543s] -- Up-to-date: /home/sunrise/wheeltec_robot_ws/install/turn_on_wheeltec_robot/share/turn_on_wheeltec_robot/cmake/export_turn_on_wheeltec_robot__rosidl_generator_pyExport.cmake
[3.545s] -- Up-to-date: /home/sunrise/wheeltec_robot_ws/install/turn_on_wheeltec_robot/share/turn_on_wheeltec_robot/cmake/export_turn_on_wheeltec_robot__rosidl_generator_pyExport-noconfig.cmake
[3.546s] -- Up-to-date: /home/sunrise/wheeltec_robot_ws/install/turn_on_wheeltec_robot/share/turn_on_wheeltec_robot/cmake/rosidl_cmake-extras.cmake
[3.548s] -- Up-to-date: /home/sunrise/wheeltec_robot_ws/install/turn_on_wheeltec_robot/share/turn_on_wheeltec_robot/cmake/ament_cmake_export_include_directories-extras.cmake
[3.549s] -- Up-to-date: /home/sunrise/wheeltec_robot_ws/install/turn_on_wheeltec_robot/share/turn_on_wheeltec_robot/cmake/ament_cmake_export_libraries-extras.cmake
[3.550s] -- Up-to-date: /home/sunrise/wheeltec_robot_ws/install/turn_on_wheeltec_robot/share/turn_on_wheeltec_robot/cmake/ament_cmake_export_targets-extras.cmake
[3.551s] -- Up-to-date: /home/sunrise/wheeltec_robot_ws/install/turn_on_wheeltec_robot/share/turn_on_wheeltec_robot/cmake/rosidl_cmake_export_typesupport_targets-extras.cmake
[3.552s] -- Up-to-date: /home/sunrise/wheeltec_robot_ws/install/turn_on_wheeltec_robot/share/turn_on_wheeltec_robot/cmake/ament_cmake_export_dependencies-extras.cmake
[3.553s] -- Up-to-date: /home/sunrise/wheeltec_robot_ws/install/turn_on_wheeltec_robot/share/turn_on_wheeltec_robot/cmake/rosidl_cmake_export_typesupport_libraries-extras.cmake
[3.554s] -- Up-to-date: /home/sunrise/wheeltec_robot_ws/install/turn_on_wheeltec_robot/share/turn_on_wheeltec_robot/cmake/turn_on_wheeltec_robotConfig.cmake
[3.555s] -- Up-to-date: /home/sunrise/wheeltec_robot_ws/install/turn_on_wheeltec_robot/share/turn_on_wheeltec_robot/cmake/turn_on_wheeltec_robotConfig-version.cmake
[3.556s] -- Up-to-date: /home/sunrise/wheeltec_robot_ws/install/turn_on_wheeltec_robot/share/turn_on_wheeltec_robot/package.xml
[3.557s] Invoked command in '/home/sunrise/wheeltec_robot_ws/build/turn_on_wheeltec_robot' returned '0': CMAKE_PREFIX_PATH=/home/sunrise/wheeltec_robot_ws/install/wheeltec_robot_msg:/home/sunrise/wheeltec_robot_ws/install/serial:/home/sunrise/wheeltec_robot_ws/install/usb_cam:/home/sunrise/wheeltec_robot_ws/install/image_common:/home/sunrise/wheeltec_robot_ws/install/image_transport:/home/sunrise/wheeltec_robot_ws/install/camera_info_manager:/home/sunrise/wheeltec_robot_ws/install/camera_calibration_parsers:/home/sunrise/wheeltec_robot_ws/install/astra_camera_msgs:/home/sunrise/wheeltec_robot_ws/install/wheeltec_robot_urdf:/home/sunrise/wheeltec_robot_ws/install/turn_on_wheeltec_robot:/home/sunrise/wheeltec_robot_ws/install/bkwindbot_urdf:/home/sunrise/wheeltec_robot_ws/install/tf2_tools:/opt/ros/humble LD_LIBRARY_PATH=/home/sunrise/wheeltec_robot_ws/install/wheeltec_robot_msg/lib:/home/sunrise/wheeltec_robot_ws/install/usb_cam/lib:/home/sunrise/wheeltec_robot_ws/install/image_transport/lib:/home/sunrise/wheeltec_robot_ws/install/camera_info_manager/lib:/home/sunrise/wheeltec_robot_ws/install/camera_calibration_parsers/lib:/home/sunrise/wheeltec_robot_ws/install/astra_camera_msgs/lib:/home/sunrise/wheeltec_robot_ws/install/turn_on_wheeltec_robot/lib:/home/sunrise/wheeltec_robot_ws/install/serial/lib:/opt/ros/humble/opt/rviz_ogre_vendor/lib:/opt/ros/humble/lib/aarch64-linux-gnu:/opt/ros/humble/lib /usr/bin/cmake --install /home/sunrise/wheeltec_robot_ws/build/turn_on_wheeltec_robot
