[0.241s] Invoking command in '/home/sunrise/wheeltec_robot_ws/build/turn_on_wheeltec_robot': CMAKE_PREFIX_PATH=/home/sunrise/wheeltec_robot_ws/install/wheeltec_robot_msg:/home/sunrise/wheeltec_robot_ws/install/serial:/home/sunrise/wheeltec_robot_ws/install/wheeltec_robot_urdf:/home/sunrise/wheeltec_robot_ws/install/turn_on_wheeltec_robot:/home/sunrise/wheeltec_robot_ws/install/bkwindbot_urdf:/home/sunrise/wheeltec_robot_ws/install/tf2_tools:/opt/ros/humble LD_LIBRARY_PATH=/home/sunrise/wheeltec_robot_ws/install/wheeltec_robot_msg/lib:/home/sunrise/wheeltec_robot_ws/install/turn_on_wheeltec_robot/lib:/home/sunrise/wheeltec_robot_ws/install/serial/lib:/opt/ros/humble/opt/rviz_ogre_vendor/lib:/opt/ros/humble/lib/aarch64-linux-gnu:/opt/ros/humble/lib /usr/bin/cmake --build /home/sunrise/wheeltec_robot_ws/build/turn_on_wheeltec_robot -- -j4 -l4
[1.019s] [  2%] Built target turn_on_wheeltec_robot__cpp
[1.502s] [ 11%] Built target wheeltec_robot_node
[1.803s] [ 20%] Built target turn_on_wheeltec_robot__rosidl_typesupport_cpp
[2.068s] [ 29%] Built target turn_on_wheeltec_robot__rosidl_typesupport_fastrtps_cpp
[2.301s] [ 38%] Built target turn_on_wheeltec_robot__rosidl_typesupport_introspection_cpp
[2.608s] [ 38%] Built target ament_cmake_python_copy_turn_on_wheeltec_robot
[2.925s] [ 47%] Built target turn_on_wheeltec_robot__rosidl_generator_c
[9.319s] running egg_info
[9.333s] writing turn_on_wheeltec_robot.egg-info/PKG-INFO
[9.339s] writing dependency_links to turn_on_wheeltec_robot.egg-info/dependency_links.txt
[9.343s] writing top-level names to turn_on_wheeltec_robot.egg-info/top_level.txt
[9.394s] reading manifest file 'turn_on_wheeltec_robot.egg-info/SOURCES.txt'
[9.414s] writing manifest file 'turn_on_wheeltec_robot.egg-info/SOURCES.txt'
[9.960s] [ 47%] Built target ament_cmake_python_build_turn_on_wheeltec_robot_egg
[10.231s] [ 55%] Built target turn_on_wheeltec_robot__rosidl_typesupport_c
[10.504s] [ 64%] Built target turn_on_wheeltec_robot__rosidl_typesupport_introspection_c
[10.824s] [ 73%] Built target turn_on_wheeltec_robot__rosidl_typesupport_fastrtps_c
[11.074s] [ 73%] Built target turn_on_wheeltec_robot
[11.375s] [ 76%] Built target turn_on_wheeltec_robot__py
[11.648s] [ 82%] Built target turn_on_wheeltec_robot__rosidl_generator_py
[11.907s] [ 88%] Built target turn_on_wheeltec_robot__rosidl_typesupport_fastrtps_c__pyext
[12.315s] [ 94%] Built target turn_on_wheeltec_robot__rosidl_typesupport_c__pyext
[12.570s] [100%] Built target turn_on_wheeltec_robot__rosidl_typesupport_introspection_c__pyext
[12.697s] Invoked command in '/home/sunrise/wheeltec_robot_ws/build/turn_on_wheeltec_robot' returned '0': CMAKE_PREFIX_PATH=/home/sunrise/wheeltec_robot_ws/install/wheeltec_robot_msg:/home/sunrise/wheeltec_robot_ws/install/serial:/home/sunrise/wheeltec_robot_ws/install/wheeltec_robot_urdf:/home/sunrise/wheeltec_robot_ws/install/turn_on_wheeltec_robot:/home/sunrise/wheeltec_robot_ws/install/bkwindbot_urdf:/home/sunrise/wheeltec_robot_ws/install/tf2_tools:/opt/ros/humble LD_LIBRARY_PATH=/home/sunrise/wheeltec_robot_ws/install/wheeltec_robot_msg/lib:/home/sunrise/wheeltec_robot_ws/install/turn_on_wheeltec_robot/lib:/home/sunrise/wheeltec_robot_ws/install/serial/lib:/opt/ros/humble/opt/rviz_ogre_vendor/lib:/opt/ros/humble/lib/aarch64-linux-gnu:/opt/ros/humble/lib /usr/bin/cmake --build /home/sunrise/wheeltec_robot_ws/build/turn_on_wheeltec_robot -- -j4 -l4
[13.879s] Invoking command in '/home/sunrise/wheeltec_robot_ws/build/turn_on_wheeltec_robot': CMAKE_PREFIX_PATH=/home/sunrise/wheeltec_robot_ws/install/wheeltec_robot_msg:/home/sunrise/wheeltec_robot_ws/install/serial:/home/sunrise/wheeltec_robot_ws/install/wheeltec_robot_urdf:/home/sunrise/wheeltec_robot_ws/install/turn_on_wheeltec_robot:/home/sunrise/wheeltec_robot_ws/install/bkwindbot_urdf:/home/sunrise/wheeltec_robot_ws/install/tf2_tools:/opt/ros/humble LD_LIBRARY_PATH=/home/sunrise/wheeltec_robot_ws/install/wheeltec_robot_msg/lib:/home/sunrise/wheeltec_robot_ws/install/turn_on_wheeltec_robot/lib:/home/sunrise/wheeltec_robot_ws/install/serial/lib:/opt/ros/humble/opt/rviz_ogre_vendor/lib:/opt/ros/humble/lib/aarch64-linux-gnu:/opt/ros/humble/lib /usr/bin/cmake --install /home/sunrise/wheeltec_robot_ws/build/turn_on_wheeltec_robot
[14.011s] -- Install configuration: ""
[14.012s] -- Up-to-date: /home/sunrise/wheeltec_robot_ws/install/turn_on_wheeltec_robot/share/ament_index/resource_index/rosidl_interfaces/turn_on_wheeltec_robot
[14.013s] -- Up-to-date: /home/sunrise/wheeltec_robot_ws/install/turn_on_wheeltec_robot/include/turn_on_wheeltec_robot/turn_on_wheeltec_robot
[14.014s] -- Up-to-date: /home/sunrise/wheeltec_robot_ws/install/turn_on_wheeltec_robot/include/turn_on_wheeltec_robot/turn_on_wheeltec_robot/msg
[14.016s] -- Up-to-date: /home/sunrise/wheeltec_robot_ws/install/turn_on_wheeltec_robot/include/turn_on_wheeltec_robot/turn_on_wheeltec_robot/msg/rosidl_generator_c__visibility_control.h
[14.017s] -- Up-to-date: /home/sunrise/wheeltec_robot_ws/install/turn_on_wheeltec_robot/include/turn_on_wheeltec_robot/turn_on_wheeltec_robot/msg/detail
[14.019s] -- Up-to-date: /home/sunrise/wheeltec_robot_ws/install/turn_on_wheeltec_robot/include/turn_on_wheeltec_robot/turn_on_wheeltec_robot/msg/detail/position__functions.h
[14.020s] -- Up-to-date: /home/sunrise/wheeltec_robot_ws/install/turn_on_wheeltec_robot/include/turn_on_wheeltec_robot/turn_on_wheeltec_robot/msg/detail/position__type_support.h
[14.022s] -- Up-to-date: /home/sunrise/wheeltec_robot_ws/install/turn_on_wheeltec_robot/include/turn_on_wheeltec_robot/turn_on_wheeltec_robot/msg/detail/position__struct.h
[14.023s] -- Up-to-date: /home/sunrise/wheeltec_robot_ws/install/turn_on_wheeltec_robot/include/turn_on_wheeltec_robot/turn_on_wheeltec_robot/msg/detail/position__functions.c
[14.024s] -- Up-to-date: /home/sunrise/wheeltec_robot_ws/install/turn_on_wheeltec_robot/include/turn_on_wheeltec_robot/turn_on_wheeltec_robot/msg/position.h
[14.025s] -- Up-to-date: /home/sunrise/wheeltec_robot_ws/install/turn_on_wheeltec_robot/share/turn_on_wheeltec_robot/environment/library_path.sh
[14.034s] -- Up-to-date: /home/sunrise/wheeltec_robot_ws/install/turn_on_wheeltec_robot/share/turn_on_wheeltec_robot/environment/library_path.dsv
[14.039s] -- Up-to-date: /home/sunrise/wheeltec_robot_ws/install/turn_on_wheeltec_robot/lib/libturn_on_wheeltec_robot__rosidl_generator_c.so
[14.041s] -- Up-to-date: /home/sunrise/wheeltec_robot_ws/install/turn_on_wheeltec_robot/include/turn_on_wheeltec_robot/turn_on_wheeltec_robot
[14.047s] -- Up-to-date: /home/sunrise/wheeltec_robot_ws/install/turn_on_wheeltec_robot/include/turn_on_wheeltec_robot/turn_on_wheeltec_robot/msg
[14.048s] -- Up-to-date: /home/sunrise/wheeltec_robot_ws/install/turn_on_wheeltec_robot/include/turn_on_wheeltec_robot/turn_on_wheeltec_robot/msg/rosidl_typesupport_fastrtps_c__visibility_control.h
[14.049s] -- Up-to-date: /home/sunrise/wheeltec_robot_ws/install/turn_on_wheeltec_robot/include/turn_on_wheeltec_robot/turn_on_wheeltec_robot/msg/detail
[14.054s] -- Up-to-date: /home/sunrise/wheeltec_robot_ws/install/turn_on_wheeltec_robot/include/turn_on_wheeltec_robot/turn_on_wheeltec_robot/msg/detail/position__rosidl_typesupport_fastrtps_c.h
[14.059s] -- Up-to-date: /home/sunrise/wheeltec_robot_ws/install/turn_on_wheeltec_robot/lib/libturn_on_wheeltec_robot__rosidl_typesupport_fastrtps_c.so
[14.060s] -- Up-to-date: /home/sunrise/wheeltec_robot_ws/install/turn_on_wheeltec_robot/include/turn_on_wheeltec_robot/turn_on_wheeltec_robot
[14.061s] -- Up-to-date: /home/sunrise/wheeltec_robot_ws/install/turn_on_wheeltec_robot/include/turn_on_wheeltec_robot/turn_on_wheeltec_robot/msg
[14.066s] -- Up-to-date: /home/sunrise/wheeltec_robot_ws/install/turn_on_wheeltec_robot/include/turn_on_wheeltec_robot/turn_on_wheeltec_robot/msg/position.hpp
[14.067s] -- Up-to-date: /home/sunrise/wheeltec_robot_ws/install/turn_on_wheeltec_robot/include/turn_on_wheeltec_robot/turn_on_wheeltec_robot/msg/detail
[14.069s] -- Up-to-date: /home/sunrise/wheeltec_robot_ws/install/turn_on_wheeltec_robot/include/turn_on_wheeltec_robot/turn_on_wheeltec_robot/msg/detail/position__struct.hpp
[14.069s] -- Up-to-date: /home/sunrise/wheeltec_robot_ws/install/turn_on_wheeltec_robot/include/turn_on_wheeltec_robot/turn_on_wheeltec_robot/msg/detail/position__builder.hpp
[14.076s] -- Up-to-date: /home/sunrise/wheeltec_robot_ws/install/turn_on_wheeltec_robot/include/turn_on_wheeltec_robot/turn_on_wheeltec_robot/msg/detail/position__traits.hpp
[14.077s] -- Up-to-date: /home/sunrise/wheeltec_robot_ws/install/turn_on_wheeltec_robot/include/turn_on_wheeltec_robot/turn_on_wheeltec_robot
[14.078s] -- Up-to-date: /home/sunrise/wheeltec_robot_ws/install/turn_on_wheeltec_robot/include/turn_on_wheeltec_robot/turn_on_wheeltec_robot/msg
[14.079s] -- Up-to-date: /home/sunrise/wheeltec_robot_ws/install/turn_on_wheeltec_robot/include/turn_on_wheeltec_robot/turn_on_wheeltec_robot/msg/rosidl_typesupport_fastrtps_cpp__visibility_control.h
[14.080s] -- Up-to-date: /home/sunrise/wheeltec_robot_ws/install/turn_on_wheeltec_robot/include/turn_on_wheeltec_robot/turn_on_wheeltec_robot/msg/detail
[14.086s] -- Up-to-date: /home/sunrise/wheeltec_robot_ws/install/turn_on_wheeltec_robot/include/turn_on_wheeltec_robot/turn_on_wheeltec_robot/msg/detail/position__rosidl_typesupport_fastrtps_cpp.hpp
[14.088s] -- Up-to-date: /home/sunrise/wheeltec_robot_ws/install/turn_on_wheeltec_robot/include/turn_on_wheeltec_robot/turn_on_wheeltec_robot/msg/detail/dds_fastrtps
[14.090s] -- Up-to-date: /home/sunrise/wheeltec_robot_ws/install/turn_on_wheeltec_robot/lib/libturn_on_wheeltec_robot__rosidl_typesupport_fastrtps_cpp.so
[14.094s] -- Up-to-date: /home/sunrise/wheeltec_robot_ws/install/turn_on_wheeltec_robot/include/turn_on_wheeltec_robot/turn_on_wheeltec_robot
[14.095s] -- Up-to-date: /home/sunrise/wheeltec_robot_ws/install/turn_on_wheeltec_robot/include/turn_on_wheeltec_robot/turn_on_wheeltec_robot/msg
[14.099s] -- Up-to-date: /home/sunrise/wheeltec_robot_ws/install/turn_on_wheeltec_robot/include/turn_on_wheeltec_robot/turn_on_wheeltec_robot/msg/rosidl_typesupport_introspection_c__visibility_control.h
[14.102s] -- Up-to-date: /home/sunrise/wheeltec_robot_ws/install/turn_on_wheeltec_robot/include/turn_on_wheeltec_robot/turn_on_wheeltec_robot/msg/detail
[14.106s] -- Up-to-date: /home/sunrise/wheeltec_robot_ws/install/turn_on_wheeltec_robot/include/turn_on_wheeltec_robot/turn_on_wheeltec_robot/msg/detail/position__type_support.c
[14.107s] -- Up-to-date: /home/sunrise/wheeltec_robot_ws/install/turn_on_wheeltec_robot/include/turn_on_wheeltec_robot/turn_on_wheeltec_robot/msg/detail/position__rosidl_typesupport_introspection_c.h
[14.108s] -- Up-to-date: /home/sunrise/wheeltec_robot_ws/install/turn_on_wheeltec_robot/lib/libturn_on_wheeltec_robot__rosidl_typesupport_introspection_c.so
[14.109s] -- Up-to-date: /home/sunrise/wheeltec_robot_ws/install/turn_on_wheeltec_robot/lib/libturn_on_wheeltec_robot__rosidl_typesupport_c.so
[14.109s] -- Up-to-date: /home/sunrise/wheeltec_robot_ws/install/turn_on_wheeltec_robot/include/turn_on_wheeltec_robot/turn_on_wheeltec_robot
[14.119s] -- Up-to-date: /home/sunrise/wheeltec_robot_ws/install/turn_on_wheeltec_robot/include/turn_on_wheeltec_robot/turn_on_wheeltec_robot/msg
[14.120s] -- Up-to-date: /home/sunrise/wheeltec_robot_ws/install/turn_on_wheeltec_robot/include/turn_on_wheeltec_robot/turn_on_wheeltec_robot/msg/detail
[14.121s] -- Up-to-date: /home/sunrise/wheeltec_robot_ws/install/turn_on_wheeltec_robot/include/turn_on_wheeltec_robot/turn_on_wheeltec_robot/msg/detail/position__rosidl_typesupport_introspection_cpp.hpp
[14.130s] -- Up-to-date: /home/sunrise/wheeltec_robot_ws/install/turn_on_wheeltec_robot/include/turn_on_wheeltec_robot/turn_on_wheeltec_robot/msg/detail/position__type_support.cpp
[14.131s] -- Up-to-date: /home/sunrise/wheeltec_robot_ws/install/turn_on_wheeltec_robot/lib/libturn_on_wheeltec_robot__rosidl_typesupport_introspection_cpp.so
[14.133s] -- Up-to-date: /home/sunrise/wheeltec_robot_ws/install/turn_on_wheeltec_robot/lib/libturn_on_wheeltec_robot__rosidl_typesupport_cpp.so
[14.142s] -- Up-to-date: /home/sunrise/wheeltec_robot_ws/install/turn_on_wheeltec_robot/share/turn_on_wheeltec_robot/environment/pythonpath.sh
[14.143s] -- Up-to-date: /home/sunrise/wheeltec_robot_ws/install/turn_on_wheeltec_robot/share/turn_on_wheeltec_robot/environment/pythonpath.dsv
[14.144s] -- Up-to-date: /home/sunrise/wheeltec_robot_ws/install/turn_on_wheeltec_robot/local/lib/python3.10/dist-packages/turn_on_wheeltec_robot-0.0.0-py3.10.egg-info
[14.145s] -- Installing: /home/sunrise/wheeltec_robot_ws/install/turn_on_wheeltec_robot/local/lib/python3.10/dist-packages/turn_on_wheeltec_robot-0.0.0-py3.10.egg-info/top_level.txt
[14.155s] -- Installing: /home/sunrise/wheeltec_robot_ws/install/turn_on_wheeltec_robot/local/lib/python3.10/dist-packages/turn_on_wheeltec_robot-0.0.0-py3.10.egg-info/SOURCES.txt
[14.156s] -- Installing: /home/sunrise/wheeltec_robot_ws/install/turn_on_wheeltec_robot/local/lib/python3.10/dist-packages/turn_on_wheeltec_robot-0.0.0-py3.10.egg-info/PKG-INFO
[14.157s] -- Installing: /home/sunrise/wheeltec_robot_ws/install/turn_on_wheeltec_robot/local/lib/python3.10/dist-packages/turn_on_wheeltec_robot-0.0.0-py3.10.egg-info/dependency_links.txt
[14.170s] -- Up-to-date: /home/sunrise/wheeltec_robot_ws/install/turn_on_wheeltec_robot/local/lib/python3.10/dist-packages/turn_on_wheeltec_robot
[14.171s] -- Up-to-date: /home/sunrise/wheeltec_robot_ws/install/turn_on_wheeltec_robot/local/lib/python3.10/dist-packages/turn_on_wheeltec_robot/_turn_on_wheeltec_robot_s.ep.rosidl_typesupport_fastrtps_c.c
[14.172s] -- Up-to-date: /home/sunrise/wheeltec_robot_ws/install/turn_on_wheeltec_robot/local/lib/python3.10/dist-packages/turn_on_wheeltec_robot/turn_on_wheeltec_robot_s__rosidl_typesupport_c.cpython-310-aarch64-linux-gnu.so
[14.173s] -- Up-to-date: /home/sunrise/wheeltec_robot_ws/install/turn_on_wheeltec_robot/local/lib/python3.10/dist-packages/turn_on_wheeltec_robot/msg
[14.174s] -- Up-to-date: /home/sunrise/wheeltec_robot_ws/install/turn_on_wheeltec_robot/local/lib/python3.10/dist-packages/turn_on_wheeltec_robot/msg/_position.py
[14.176s] -- Up-to-date: /home/sunrise/wheeltec_robot_ws/install/turn_on_wheeltec_robot/local/lib/python3.10/dist-packages/turn_on_wheeltec_robot/msg/_position_s.c
[14.177s] -- Up-to-date: /home/sunrise/wheeltec_robot_ws/install/turn_on_wheeltec_robot/local/lib/python3.10/dist-packages/turn_on_wheeltec_robot/msg/__init__.py
[14.198s] -- Up-to-date: /home/sunrise/wheeltec_robot_ws/install/turn_on_wheeltec_robot/local/lib/python3.10/dist-packages/turn_on_wheeltec_robot/_turn_on_wheeltec_robot_s.ep.rosidl_typesupport_c.c
[14.200s] -- Up-to-date: /home/sunrise/wheeltec_robot_ws/install/turn_on_wheeltec_robot/local/lib/python3.10/dist-packages/turn_on_wheeltec_robot/__init__.py
[14.201s] -- Up-to-date: /home/sunrise/wheeltec_robot_ws/install/turn_on_wheeltec_robot/local/lib/python3.10/dist-packages/turn_on_wheeltec_robot/libturn_on_wheeltec_robot__rosidl_generator_py.so
[14.202s] -- Up-to-date: /home/sunrise/wheeltec_robot_ws/install/turn_on_wheeltec_robot/local/lib/python3.10/dist-packages/turn_on_wheeltec_robot/turn_on_wheeltec_robot_s__rosidl_typesupport_fastrtps_c.cpython-310-aarch64-linux-gnu.so
[14.203s] -- Up-to-date: /home/sunrise/wheeltec_robot_ws/install/turn_on_wheeltec_robot/local/lib/python3.10/dist-packages/turn_on_wheeltec_robot/turn_on_wheeltec_robot_s__rosidl_typesupport_introspection_c.cpython-310-aarch64-linux-gnu.so
[14.204s] -- Up-to-date: /home/sunrise/wheeltec_robot_ws/install/turn_on_wheeltec_robot/local/lib/python3.10/dist-packages/turn_on_wheeltec_robot/_turn_on_wheeltec_robot_s.ep.rosidl_typesupport_introspection_c.c
[14.748s] Listing '/home/sunrise/wheeltec_robot_ws/install/turn_on_wheeltec_robot/local/lib/python3.10/dist-packages/turn_on_wheeltec_robot'...
[14.753s] Listing '/home/sunrise/wheeltec_robot_ws/install/turn_on_wheeltec_robot/local/lib/python3.10/dist-packages/turn_on_wheeltec_robot/msg'...
[14.858s] -- Up-to-date: /home/sunrise/wheeltec_robot_ws/install/turn_on_wheeltec_robot/local/lib/python3.10/dist-packages/turn_on_wheeltec_robot/turn_on_wheeltec_robot_s__rosidl_typesupport_fastrtps_c.cpython-310-aarch64-linux-gnu.so
[14.859s] -- Up-to-date: /home/sunrise/wheeltec_robot_ws/install/turn_on_wheeltec_robot/local/lib/python3.10/dist-packages/turn_on_wheeltec_robot/turn_on_wheeltec_robot_s__rosidl_typesupport_introspection_c.cpython-310-aarch64-linux-gnu.so
[14.861s] -- Up-to-date: /home/sunrise/wheeltec_robot_ws/install/turn_on_wheeltec_robot/local/lib/python3.10/dist-packages/turn_on_wheeltec_robot/turn_on_wheeltec_robot_s__rosidl_typesupport_c.cpython-310-aarch64-linux-gnu.so
[14.862s] -- Up-to-date: /home/sunrise/wheeltec_robot_ws/install/turn_on_wheeltec_robot/lib/libturn_on_wheeltec_robot__rosidl_generator_py.so
[14.864s] -- Up-to-date: /home/sunrise/wheeltec_robot_ws/install/turn_on_wheeltec_robot/share/turn_on_wheeltec_robot/msg/Position.idl
[14.867s] -- Up-to-date: /home/sunrise/wheeltec_robot_ws/install/turn_on_wheeltec_robot/share/turn_on_wheeltec_robot/msg/Position.msg
[14.871s] -- Up-to-date: /home/sunrise/wheeltec_robot_ws/install/turn_on_wheeltec_robot/lib/turn_on_wheeltec_robot/wheeltec_robot_node
[14.879s] -- Up-to-date: /home/sunrise/wheeltec_robot_ws/install/turn_on_wheeltec_robot/share/turn_on_wheeltec_robot/launch
[14.881s] -- Up-to-date: /home/sunrise/wheeltec_robot_ws/install/turn_on_wheeltec_robot/share/turn_on_wheeltec_robot/launch/robot_mode_description.launch.py
[14.883s] -- Up-to-date: /home/sunrise/wheeltec_robot_ws/install/turn_on_wheeltec_robot/share/turn_on_wheeltec_robot/launch/wheeltec_lidar.launch.py
[14.886s] -- Up-to-date: /home/sunrise/wheeltec_robot_ws/install/turn_on_wheeltec_robot/share/turn_on_wheeltec_robot/launch/__pycache__
[14.887s] -- Up-to-date: /home/sunrise/wheeltec_robot_ws/install/turn_on_wheeltec_robot/share/turn_on_wheeltec_robot/launch/__pycache__/testtwo.launch.cpython-38.pyc
[14.888s] -- Up-to-date: /home/sunrise/wheeltec_robot_ws/install/turn_on_wheeltec_robot/share/turn_on_wheeltec_robot/launch/robot_mode_description_minibot.launch.py
[14.905s] -- Up-to-date: /home/sunrise/wheeltec_robot_ws/install/turn_on_wheeltec_robot/share/turn_on_wheeltec_robot/launch/base_serial.launch.py
[14.906s] -- Up-to-date: /home/sunrise/wheeltec_robot_ws/install/turn_on_wheeltec_robot/share/turn_on_wheeltec_robot/launch/turn_on_wheeltec_robot.launch.py
[14.907s] -- Installing: /home/sunrise/wheeltec_robot_ws/install/turn_on_wheeltec_robot/share/turn_on_wheeltec_robot/launch/wheeltec_camera.launch.py
[14.919s] -- Up-to-date: /home/sunrise/wheeltec_robot_ws/install/turn_on_wheeltec_robot/share/turn_on_wheeltec_robot/launch/wheeltec_sensors.launch.py
[14.920s] -- Up-to-date: /home/sunrise/wheeltec_robot_ws/install/turn_on_wheeltec_robot/share/turn_on_wheeltec_robot/launch/wheeltec_ekf.launch.py
[14.930s] -- Up-to-date: /home/sunrise/wheeltec_robot_ws/install/turn_on_wheeltec_robot/share/turn_on_wheeltec_robot/config
[14.931s] -- Up-to-date: /home/sunrise/wheeltec_robot_ws/install/turn_on_wheeltec_robot/share/turn_on_wheeltec_robot/config/camera_info.yaml
[14.932s] -- Up-to-date: /home/sunrise/wheeltec_robot_ws/install/turn_on_wheeltec_robot/share/turn_on_wheeltec_robot/config/ekf.yaml
[14.933s] -- Up-to-date: /home/sunrise/wheeltec_robot_ws/install/turn_on_wheeltec_robot/share/turn_on_wheeltec_robot/config/ekf_carto.yaml
[14.950s] -- Up-to-date: /home/sunrise/wheeltec_robot_ws/install/turn_on_wheeltec_robot/share/turn_on_wheeltec_robot/config/imu.yaml
[14.952s] -- Up-to-date: /home/sunrise/wheeltec_robot_ws/install/turn_on_wheeltec_robot/share/ament_index/resource_index/package_run_dependencies/turn_on_wheeltec_robot
[14.953s] -- Up-to-date: /home/sunrise/wheeltec_robot_ws/install/turn_on_wheeltec_robot/share/ament_index/resource_index/parent_prefix_path/turn_on_wheeltec_robot
[14.953s] -- Up-to-date: /home/sunrise/wheeltec_robot_ws/install/turn_on_wheeltec_robot/share/turn_on_wheeltec_robot/environment/ament_prefix_path.sh
[14.963s] -- Up-to-date: /home/sunrise/wheeltec_robot_ws/install/turn_on_wheeltec_robot/share/turn_on_wheeltec_robot/environment/ament_prefix_path.dsv
[14.963s] -- Up-to-date: /home/sunrise/wheeltec_robot_ws/install/turn_on_wheeltec_robot/share/turn_on_wheeltec_robot/environment/path.sh
[14.964s] -- Up-to-date: /home/sunrise/wheeltec_robot_ws/install/turn_on_wheeltec_robot/share/turn_on_wheeltec_robot/environment/path.dsv
[14.965s] -- Up-to-date: /home/sunrise/wheeltec_robot_ws/install/turn_on_wheeltec_robot/share/turn_on_wheeltec_robot/local_setup.bash
[14.980s] -- Up-to-date: /home/sunrise/wheeltec_robot_ws/install/turn_on_wheeltec_robot/share/turn_on_wheeltec_robot/local_setup.sh
[14.982s] -- Up-to-date: /home/sunrise/wheeltec_robot_ws/install/turn_on_wheeltec_robot/share/turn_on_wheeltec_robot/local_setup.zsh
[14.983s] -- Up-to-date: /home/sunrise/wheeltec_robot_ws/install/turn_on_wheeltec_robot/share/turn_on_wheeltec_robot/local_setup.dsv
[14.984s] -- Installing: /home/sunrise/wheeltec_robot_ws/install/turn_on_wheeltec_robot/share/turn_on_wheeltec_robot/package.dsv
[14.985s] -- Up-to-date: /home/sunrise/wheeltec_robot_ws/install/turn_on_wheeltec_robot/share/ament_index/resource_index/packages/turn_on_wheeltec_robot
[14.996s] -- Up-to-date: /home/sunrise/wheeltec_robot_ws/install/turn_on_wheeltec_robot/share/turn_on_wheeltec_robot/cmake/export_turn_on_wheeltec_robot__rosidl_generator_cExport.cmake
[14.997s] -- Up-to-date: /home/sunrise/wheeltec_robot_ws/install/turn_on_wheeltec_robot/share/turn_on_wheeltec_robot/cmake/export_turn_on_wheeltec_robot__rosidl_generator_cExport-noconfig.cmake
[15.003s] -- Up-to-date: /home/sunrise/wheeltec_robot_ws/install/turn_on_wheeltec_robot/share/turn_on_wheeltec_robot/cmake/export_turn_on_wheeltec_robot__rosidl_typesupport_fastrtps_cExport.cmake
[15.004s] -- Up-to-date: /home/sunrise/wheeltec_robot_ws/install/turn_on_wheeltec_robot/share/turn_on_wheeltec_robot/cmake/export_turn_on_wheeltec_robot__rosidl_typesupport_fastrtps_cExport-noconfig.cmake
[15.004s] -- Up-to-date: /home/sunrise/wheeltec_robot_ws/install/turn_on_wheeltec_robot/share/turn_on_wheeltec_robot/cmake/export_turn_on_wheeltec_robot__rosidl_generator_cppExport.cmake
[15.005s] -- Up-to-date: /home/sunrise/wheeltec_robot_ws/install/turn_on_wheeltec_robot/share/turn_on_wheeltec_robot/cmake/export_turn_on_wheeltec_robot__rosidl_typesupport_fastrtps_cppExport.cmake
[15.026s] -- Up-to-date: /home/sunrise/wheeltec_robot_ws/install/turn_on_wheeltec_robot/share/turn_on_wheeltec_robot/cmake/export_turn_on_wheeltec_robot__rosidl_typesupport_fastrtps_cppExport-noconfig.cmake
[15.031s] -- Up-to-date: /home/sunrise/wheeltec_robot_ws/install/turn_on_wheeltec_robot/share/turn_on_wheeltec_robot/cmake/turn_on_wheeltec_robot__rosidl_typesupport_introspection_cExport.cmake
[15.032s] -- Up-to-date: /home/sunrise/wheeltec_robot_ws/install/turn_on_wheeltec_robot/share/turn_on_wheeltec_robot/cmake/turn_on_wheeltec_robot__rosidl_typesupport_introspection_cExport-noconfig.cmake
[15.033s] -- Up-to-date: /home/sunrise/wheeltec_robot_ws/install/turn_on_wheeltec_robot/share/turn_on_wheeltec_robot/cmake/turn_on_wheeltec_robot__rosidl_typesupport_cExport.cmake
[15.039s] -- Up-to-date: /home/sunrise/wheeltec_robot_ws/install/turn_on_wheeltec_robot/share/turn_on_wheeltec_robot/cmake/turn_on_wheeltec_robot__rosidl_typesupport_cExport-noconfig.cmake
[15.040s] -- Up-to-date: /home/sunrise/wheeltec_robot_ws/install/turn_on_wheeltec_robot/share/turn_on_wheeltec_robot/cmake/turn_on_wheeltec_robot__rosidl_typesupport_introspection_cppExport.cmake
[15.050s] -- Up-to-date: /home/sunrise/wheeltec_robot_ws/install/turn_on_wheeltec_robot/share/turn_on_wheeltec_robot/cmake/turn_on_wheeltec_robot__rosidl_typesupport_introspection_cppExport-noconfig.cmake
[15.051s] -- Up-to-date: /home/sunrise/wheeltec_robot_ws/install/turn_on_wheeltec_robot/share/turn_on_wheeltec_robot/cmake/turn_on_wheeltec_robot__rosidl_typesupport_cppExport.cmake
[15.052s] -- Up-to-date: /home/sunrise/wheeltec_robot_ws/install/turn_on_wheeltec_robot/share/turn_on_wheeltec_robot/cmake/turn_on_wheeltec_robot__rosidl_typesupport_cppExport-noconfig.cmake
[15.053s] -- Up-to-date: /home/sunrise/wheeltec_robot_ws/install/turn_on_wheeltec_robot/share/turn_on_wheeltec_robot/cmake/export_turn_on_wheeltec_robot__rosidl_generator_pyExport.cmake
[15.065s] -- Up-to-date: /home/sunrise/wheeltec_robot_ws/install/turn_on_wheeltec_robot/share/turn_on_wheeltec_robot/cmake/export_turn_on_wheeltec_robot__rosidl_generator_pyExport-noconfig.cmake
[15.066s] -- Up-to-date: /home/sunrise/wheeltec_robot_ws/install/turn_on_wheeltec_robot/share/turn_on_wheeltec_robot/cmake/rosidl_cmake-extras.cmake
[15.067s] -- Up-to-date: /home/sunrise/wheeltec_robot_ws/install/turn_on_wheeltec_robot/share/turn_on_wheeltec_robot/cmake/ament_cmake_export_include_directories-extras.cmake
[15.068s] -- Up-to-date: /home/sunrise/wheeltec_robot_ws/install/turn_on_wheeltec_robot/share/turn_on_wheeltec_robot/cmake/ament_cmake_export_libraries-extras.cmake
[15.069s] -- Up-to-date: /home/sunrise/wheeltec_robot_ws/install/turn_on_wheeltec_robot/share/turn_on_wheeltec_robot/cmake/ament_cmake_export_targets-extras.cmake
[15.075s] -- Up-to-date: /home/sunrise/wheeltec_robot_ws/install/turn_on_wheeltec_robot/share/turn_on_wheeltec_robot/cmake/rosidl_cmake_export_typesupport_targets-extras.cmake
[15.076s] -- Up-to-date: /home/sunrise/wheeltec_robot_ws/install/turn_on_wheeltec_robot/share/turn_on_wheeltec_robot/cmake/ament_cmake_export_dependencies-extras.cmake
[15.077s] -- Up-to-date: /home/sunrise/wheeltec_robot_ws/install/turn_on_wheeltec_robot/share/turn_on_wheeltec_robot/cmake/rosidl_cmake_export_typesupport_libraries-extras.cmake
[15.099s] -- Up-to-date: /home/sunrise/wheeltec_robot_ws/install/turn_on_wheeltec_robot/share/turn_on_wheeltec_robot/cmake/turn_on_wheeltec_robotConfig.cmake
[15.100s] -- Up-to-date: /home/sunrise/wheeltec_robot_ws/install/turn_on_wheeltec_robot/share/turn_on_wheeltec_robot/cmake/turn_on_wheeltec_robotConfig-version.cmake
[15.100s] -- Up-to-date: /home/sunrise/wheeltec_robot_ws/install/turn_on_wheeltec_robot/share/turn_on_wheeltec_robot/package.xml
[15.102s] Invoked command in '/home/sunrise/wheeltec_robot_ws/build/turn_on_wheeltec_robot' returned '0': CMAKE_PREFIX_PATH=/home/sunrise/wheeltec_robot_ws/install/wheeltec_robot_msg:/home/sunrise/wheeltec_robot_ws/install/serial:/home/sunrise/wheeltec_robot_ws/install/wheeltec_robot_urdf:/home/sunrise/wheeltec_robot_ws/install/turn_on_wheeltec_robot:/home/sunrise/wheeltec_robot_ws/install/bkwindbot_urdf:/home/sunrise/wheeltec_robot_ws/install/tf2_tools:/opt/ros/humble LD_LIBRARY_PATH=/home/sunrise/wheeltec_robot_ws/install/wheeltec_robot_msg/lib:/home/sunrise/wheeltec_robot_ws/install/turn_on_wheeltec_robot/lib:/home/sunrise/wheeltec_robot_ws/install/serial/lib:/opt/ros/humble/opt/rviz_ogre_vendor/lib:/opt/ros/humble/lib/aarch64-linux-gnu:/opt/ros/humble/lib /usr/bin/cmake --install /home/sunrise/wheeltec_robot_ws/build/turn_on_wheeltec_robot
