[0.176s] Invoking command in '/home/sunrise/wheeltec_robot_ws/build/lslidar_msgs': CMAKE_PREFIX_PATH=${CMAKE_PREFIX_PATH}:/home/sunrise/wheeltec_robot_ws/install/tf2_tools:/opt/ros/humble /usr/bin/cmake /home/sunrise/wheeltec_robot_ws/src/wheeltec_lidar_ros2/LSlidar/lslidar_msgs -DCMAKE_INSTALL_PREFIX=/home/sunrise/wheeltec_robot_ws/install/lslidar_msgs
[0.933s] -- The C compiler identification is GNU 11.2.0
[2.023s] -- The CXX compiler identification is GNU 11.2.0
[2.106s] -- Detecting C compiler ABI info
[3.181s] -- Detecting C compiler ABI info - done
[3.259s] -- Check for working C compiler: /usr/bin/cc - skipped
[3.263s] -- Detecting C compile features
[3.269s] -- Detecting C compile features - done
[3.309s] -- Detecting CXX compiler ABI info
[4.100s] -- Detecting CXX compiler ABI info - done
[4.256s] -- Check for working CXX compiler: /usr/bin/c++ - skipped
[4.277s] -- Detecting CXX compile features
[4.278s] -- Detecting CXX compile features - done
[4.303s] -- Found ament_cmake: 1.3.9 (/opt/ros/humble/share/ament_cmake/cmake)
[6.309s] -- Found Python3: /usr/bin/python3 (found version "3.10.12") found components: Interpreter 
[7.387s] -- Found std_msgs: 4.2.4 (/opt/ros/humble/share/std_msgs/cmake)
[8.106s] -- Found rosidl_generator_c: 3.1.5 (/opt/ros/humble/share/rosidl_generator_c/cmake)
[8.243s] -- Found rosidl_adapter: 3.1.5 (/opt/ros/humble/share/rosidl_adapter/cmake)
[8.405s] -- Found rosidl_generator_cpp: 3.1.5 (/opt/ros/humble/share/rosidl_generator_cpp/cmake)
[8.625s] -- Using all available rosidl_typesupport_c: rosidl_typesupport_fastrtps_c;rosidl_typesupport_introspection_c
[8.877s] -- Using all available rosidl_typesupport_cpp: rosidl_typesupport_fastrtps_cpp;rosidl_typesupport_introspection_cpp
[9.648s] -- Found sensor_msgs: 4.2.4 (/opt/ros/humble/share/sensor_msgs/cmake)
[11.890s] -- Found rosidl_default_generators: 1.2.0 (/opt/ros/humble/share/rosidl_default_generators/cmake)
[12.112s] -- Found ament_lint_auto: 0.12.11 (/opt/ros/humble/share/ament_lint_auto/cmake)
[16.770s] -- Found ament_cmake_ros: 0.10.0 (/opt/ros/humble/share/ament_cmake_ros/cmake)
[21.494s] -- Using all available rosidl_typesupport_c: rosidl_typesupport_fastrtps_c;rosidl_typesupport_introspection_c
[23.742s] -- Using all available rosidl_typesupport_cpp: rosidl_typesupport_fastrtps_cpp;rosidl_typesupport_introspection_cpp
[24.174s] -- Found PythonInterp: /usr/bin/python3 (found suitable version "3.10.12", minimum required is "3.6") 
[24.194s] -- Found python_cmake_module: 0.10.0 (/opt/ros/humble/share/python_cmake_module/cmake)
[24.581s] -- Found PythonLibs: /usr/lib/aarch64-linux-gnu/libpython3.10.so (found suitable version "3.10.12", minimum required is "3.5") 
[24.582s] -- Using PYTHON_EXECUTABLE: /usr/bin/python3
[24.583s] -- Using PYTHON_INCLUDE_DIRS: /usr/include/python3.10
[24.587s] -- Using PYTHON_LIBRARIES: /usr/lib/aarch64-linux-gnu/libpython3.10.so
[24.932s] -- Found PythonExtra: .so  
[25.961s] -- Added test 'copyright' to check source files copyright and LICENSE
[25.979s] -- Added test 'lint_cmake' to check CMake code style
[25.993s] -- Added test 'xmllint' to check XML markup files
[26.079s] -- Configuring done
[26.549s] -- Generating done
[26.621s] -- Build files have been written to: /home/sunrise/wheeltec_robot_ws/build/lslidar_msgs
[26.738s] Invoked command in '/home/sunrise/wheeltec_robot_ws/build/lslidar_msgs' returned '0': CMAKE_PREFIX_PATH=${CMAKE_PREFIX_PATH}:/home/sunrise/wheeltec_robot_ws/install/tf2_tools:/opt/ros/humble /usr/bin/cmake /home/sunrise/wheeltec_robot_ws/src/wheeltec_lidar_ros2/LSlidar/lslidar_msgs -DCMAKE_INSTALL_PREFIX=/home/sunrise/wheeltec_robot_ws/install/lslidar_msgs
[26.755s] Invoking command in '/home/sunrise/wheeltec_robot_ws/build/lslidar_msgs': CMAKE_PREFIX_PATH=${CMAKE_PREFIX_PATH}:/home/sunrise/wheeltec_robot_ws/install/tf2_tools:/opt/ros/humble /usr/bin/cmake --build /home/sunrise/wheeltec_robot_ws/build/lslidar_msgs -- -j4 -l4
[27.285s] [  1%] [34m[1mGenerating C++ code for ROS interfaces[0m
[37.513s] [  1%] Built target lslidar_msgs__cpp
[37.763s] [  1%] Built target ament_cmake_python_copy_lslidar_msgs
[37.884s] [  3%] [34m[1mGenerating C++ type support for eProsima Fast-RTPS[0m
[45.385s] [  4%] [32mBuilding CXX object CMakeFiles/lslidar_msgs__rosidl_typesupport_fastrtps_cpp.dir/rosidl_typesupport_fastrtps_cpp/lslidar_msgs/msg/detail/dds_fastrtps/lslidar_difop__type_support.cpp.o[0m
[49.322s] [  6%] [32mBuilding CXX object CMakeFiles/lslidar_msgs__rosidl_typesupport_fastrtps_cpp.dir/rosidl_typesupport_fastrtps_cpp/lslidar_msgs/msg/detail/dds_fastrtps/lslidar_packet__type_support.cpp.o[0m
[53.401s] [  7%] [32mBuilding CXX object CMakeFiles/lslidar_msgs__rosidl_typesupport_fastrtps_cpp.dir/rosidl_typesupport_fastrtps_cpp/lslidar_msgs/msg/detail/dds_fastrtps/lslidar_point__type_support.cpp.o[0m
[57.437s] [  9%] [32mBuilding CXX object CMakeFiles/lslidar_msgs__rosidl_typesupport_fastrtps_cpp.dir/rosidl_typesupport_fastrtps_cpp/lslidar_msgs/msg/detail/dds_fastrtps/lslidar_scan__type_support.cpp.o[0m
[61.995s] [ 11%] [32mBuilding CXX object CMakeFiles/lslidar_msgs__rosidl_typesupport_fastrtps_cpp.dir/rosidl_typesupport_fastrtps_cpp/lslidar_msgs/msg/detail/dds_fastrtps/lslidar_sweep__type_support.cpp.o[0m
[66.166s] [ 12%] [32m[1mLinking CXX shared library liblslidar_msgs__rosidl_typesupport_fastrtps_cpp.so[0m
[66.738s] [ 12%] Built target lslidar_msgs__rosidl_typesupport_fastrtps_cpp
[66.787s] [ 14%] [34m[1mGenerating C++ introspection for ROS interfaces[0m
[72.275s] [ 15%] [32mBuilding CXX object CMakeFiles/lslidar_msgs__rosidl_typesupport_introspection_cpp.dir/rosidl_typesupport_introspection_cpp/lslidar_msgs/msg/detail/lslidar_difop__type_support.cpp.o[0m
[76.103s] [ 17%] [32mBuilding CXX object CMakeFiles/lslidar_msgs__rosidl_typesupport_introspection_cpp.dir/rosidl_typesupport_introspection_cpp/lslidar_msgs/msg/detail/lslidar_packet__type_support.cpp.o[0m
[79.825s] [ 19%] [32mBuilding CXX object CMakeFiles/lslidar_msgs__rosidl_typesupport_introspection_cpp.dir/rosidl_typesupport_introspection_cpp/lslidar_msgs/msg/detail/lslidar_point__type_support.cpp.o[0m
[83.270s] [ 20%] [32mBuilding CXX object CMakeFiles/lslidar_msgs__rosidl_typesupport_introspection_cpp.dir/rosidl_typesupport_introspection_cpp/lslidar_msgs/msg/detail/lslidar_scan__type_support.cpp.o[0m
[87.209s] [ 22%] [32mBuilding CXX object CMakeFiles/lslidar_msgs__rosidl_typesupport_introspection_cpp.dir/rosidl_typesupport_introspection_cpp/lslidar_msgs/msg/detail/lslidar_sweep__type_support.cpp.o[0m
[91.430s] [ 23%] [32m[1mLinking CXX shared library liblslidar_msgs__rosidl_typesupport_introspection_cpp.so[0m
[91.965s] [ 23%] Built target lslidar_msgs__rosidl_typesupport_introspection_cpp
[95.353s] running egg_info
[95.358s] creating lslidar_msgs.egg-info
[95.360s] writing lslidar_msgs.egg-info/PKG-INFO
[95.365s] writing dependency_links to lslidar_msgs.egg-info/dependency_links.txt
[95.369s] writing top-level names to lslidar_msgs.egg-info/top_level.txt
[95.377s] writing manifest file 'lslidar_msgs.egg-info/SOURCES.txt'
[95.403s] reading manifest file 'lslidar_msgs.egg-info/SOURCES.txt'
[95.414s] writing manifest file 'lslidar_msgs.egg-info/SOURCES.txt'
[95.705s] [ 23%] Built target ament_cmake_python_build_lslidar_msgs_egg
[95.753s] [ 25%] [34m[1mGenerating C++ type support dispatch for ROS interfaces[0m
[100.493s] [ 26%] [32mBuilding CXX object CMakeFiles/lslidar_msgs__rosidl_typesupport_cpp.dir/rosidl_typesupport_cpp/lslidar_msgs/msg/lslidar_difop__type_support.cpp.o[0m
[102.510s] [ 28%] [32mBuilding CXX object CMakeFiles/lslidar_msgs__rosidl_typesupport_cpp.dir/rosidl_typesupport_cpp/lslidar_msgs/msg/lslidar_point__type_support.cpp.o[0m
[104.577s] [ 30%] [32mBuilding CXX object CMakeFiles/lslidar_msgs__rosidl_typesupport_cpp.dir/rosidl_typesupport_cpp/lslidar_msgs/msg/lslidar_scan__type_support.cpp.o[0m
[106.602s] [ 31%] [32mBuilding CXX object CMakeFiles/lslidar_msgs__rosidl_typesupport_cpp.dir/rosidl_typesupport_cpp/lslidar_msgs/msg/lslidar_sweep__type_support.cpp.o[0m
[108.599s] [ 33%] [32mBuilding CXX object CMakeFiles/lslidar_msgs__rosidl_typesupport_cpp.dir/rosidl_typesupport_cpp/lslidar_msgs/msg/lslidar_packet__type_support.cpp.o[0m
[110.651s] [ 34%] [32m[1mLinking CXX shared library liblslidar_msgs__rosidl_typesupport_cpp.so[0m
[110.842s] [ 34%] Built target lslidar_msgs__rosidl_typesupport_cpp
[110.886s] [ 36%] [34m[1mGenerating C code for ROS interfaces[0m
[116.976s] [ 38%] [32mBuilding C object CMakeFiles/lslidar_msgs__rosidl_generator_c.dir/rosidl_generator_c/lslidar_msgs/msg/detail/lslidar_difop__functions.c.o[0m
[117.265s] [ 39%] [32mBuilding C object CMakeFiles/lslidar_msgs__rosidl_generator_c.dir/rosidl_generator_c/lslidar_msgs/msg/detail/lslidar_scan__functions.c.o[0m
[117.570s] [ 41%] [32mBuilding C object CMakeFiles/lslidar_msgs__rosidl_generator_c.dir/rosidl_generator_c/lslidar_msgs/msg/detail/lslidar_sweep__functions.c.o[0m
[117.896s] [ 42%] [32mBuilding C object CMakeFiles/lslidar_msgs__rosidl_generator_c.dir/rosidl_generator_c/lslidar_msgs/msg/detail/lslidar_point__functions.c.o[0m
[118.201s] [ 44%] [32mBuilding C object CMakeFiles/lslidar_msgs__rosidl_generator_c.dir/rosidl_generator_c/lslidar_msgs/msg/detail/lslidar_packet__functions.c.o[0m
[118.508s] [ 46%] [32m[1mLinking C shared library liblslidar_msgs__rosidl_generator_c.so[0m
[118.782s] [ 46%] Built target lslidar_msgs__rosidl_generator_c
[118.832s] [ 47%] [34m[1mGenerating C type support for eProsima Fast-RTPS[0m
[123.781s] [ 49%] [32mBuilding CXX object CMakeFiles/lslidar_msgs__rosidl_typesupport_fastrtps_c.dir/rosidl_typesupport_fastrtps_c/lslidar_msgs/msg/detail/lslidar_difop__type_support_c.cpp.o[0m
[126.293s] [ 50%] [32mBuilding CXX object CMakeFiles/lslidar_msgs__rosidl_typesupport_fastrtps_c.dir/rosidl_typesupport_fastrtps_c/lslidar_msgs/msg/detail/lslidar_packet__type_support_c.cpp.o[0m
[128.814s] [ 52%] [32mBuilding CXX object CMakeFiles/lslidar_msgs__rosidl_typesupport_fastrtps_c.dir/rosidl_typesupport_fastrtps_c/lslidar_msgs/msg/detail/lslidar_point__type_support_c.cpp.o[0m
[131.353s] [ 53%] [32mBuilding CXX object CMakeFiles/lslidar_msgs__rosidl_typesupport_fastrtps_c.dir/rosidl_typesupport_fastrtps_c/lslidar_msgs/msg/detail/lslidar_scan__type_support_c.cpp.o[0m
[133.891s] [ 55%] [32mBuilding CXX object CMakeFiles/lslidar_msgs__rosidl_typesupport_fastrtps_c.dir/rosidl_typesupport_fastrtps_c/lslidar_msgs/msg/detail/lslidar_sweep__type_support_c.cpp.o[0m
[136.419s] [ 57%] [32m[1mLinking CXX shared library liblslidar_msgs__rosidl_typesupport_fastrtps_c.so[0m
[136.921s] [ 57%] Built target lslidar_msgs__rosidl_typesupport_fastrtps_c
[136.966s] [ 58%] [34m[1mGenerating C type support dispatch for ROS interfaces[0m
[140.837s] [ 60%] [32mBuilding CXX object CMakeFiles/lslidar_msgs__rosidl_typesupport_c.dir/rosidl_typesupport_c/lslidar_msgs/msg/lslidar_difop__type_support.cpp.o[0m
[141.000s] [ 61%] [32mBuilding CXX object CMakeFiles/lslidar_msgs__rosidl_typesupport_c.dir/rosidl_typesupport_c/lslidar_msgs/msg/lslidar_point__type_support.cpp.o[0m
[141.166s] [ 63%] [32mBuilding CXX object CMakeFiles/lslidar_msgs__rosidl_typesupport_c.dir/rosidl_typesupport_c/lslidar_msgs/msg/lslidar_scan__type_support.cpp.o[0m
[141.333s] [ 65%] [32mBuilding CXX object CMakeFiles/lslidar_msgs__rosidl_typesupport_c.dir/rosidl_typesupport_c/lslidar_msgs/msg/lslidar_sweep__type_support.cpp.o[0m
[141.501s] [ 66%] [32mBuilding CXX object CMakeFiles/lslidar_msgs__rosidl_typesupport_c.dir/rosidl_typesupport_c/lslidar_msgs/msg/lslidar_packet__type_support.cpp.o[0m
[141.666s] [ 68%] [32m[1mLinking CXX shared library liblslidar_msgs__rosidl_typesupport_c.so[0m
[141.862s] [ 68%] Built target lslidar_msgs__rosidl_typesupport_c
[141.907s] [ 69%] [34m[1mGenerating C introspection for ROS interfaces[0m
[146.643s] [ 71%] [32mBuilding C object CMakeFiles/lslidar_msgs__rosidl_typesupport_introspection_c.dir/rosidl_typesupport_introspection_c/lslidar_msgs/msg/detail/lslidar_difop__type_support.c.o[0m
[146.817s] [ 73%] [32mBuilding C object CMakeFiles/lslidar_msgs__rosidl_typesupport_introspection_c.dir/rosidl_typesupport_introspection_c/lslidar_msgs/msg/detail/lslidar_scan__type_support.c.o[0m
[147.028s] [ 74%] [32mBuilding C object CMakeFiles/lslidar_msgs__rosidl_typesupport_introspection_c.dir/rosidl_typesupport_introspection_c/lslidar_msgs/msg/detail/lslidar_sweep__type_support.c.o[0m
[147.243s] [ 76%] [32mBuilding C object CMakeFiles/lslidar_msgs__rosidl_typesupport_introspection_c.dir/rosidl_typesupport_introspection_c/lslidar_msgs/msg/detail/lslidar_point__type_support.c.o[0m
[147.425s] [ 77%] [32mBuilding C object CMakeFiles/lslidar_msgs__rosidl_typesupport_introspection_c.dir/rosidl_typesupport_introspection_c/lslidar_msgs/msg/detail/lslidar_packet__type_support.c.o[0m
[147.628s] [ 79%] [32m[1mLinking C shared library liblslidar_msgs__rosidl_typesupport_introspection_c.so[0m
[147.773s] [ 79%] Built target lslidar_msgs__rosidl_typesupport_introspection_c
[147.856s] [ 79%] Built target lslidar_msgs
[147.945s] [ 80%] [34m[1mGenerating Python code for ROS interfaces[0m
[156.553s] [ 80%] Built target lslidar_msgs__py
[156.642s] [ 82%] [32mBuilding C object CMakeFiles/lslidar_msgs__rosidl_generator_py.dir/rosidl_generator_py/lslidar_msgs/msg/_lslidar_difop_s.c.o[0m
[157.364s] [ 84%] [32mBuilding C object CMakeFiles/lslidar_msgs__rosidl_generator_py.dir/rosidl_generator_py/lslidar_msgs/msg/_lslidar_scan_s.c.o[0m
[158.127s] [ 85%] [32mBuilding C object CMakeFiles/lslidar_msgs__rosidl_generator_py.dir/rosidl_generator_py/lslidar_msgs/msg/_lslidar_sweep_s.c.o[0m
[158.889s] [ 87%] [32mBuilding C object CMakeFiles/lslidar_msgs__rosidl_generator_py.dir/rosidl_generator_py/lslidar_msgs/msg/_lslidar_point_s.c.o[0m
[159.670s] [ 88%] [32mBuilding C object CMakeFiles/lslidar_msgs__rosidl_generator_py.dir/rosidl_generator_py/lslidar_msgs/msg/_lslidar_packet_s.c.o[0m
[160.434s] [ 90%] [32m[1mLinking C shared library rosidl_generator_py/lslidar_msgs/liblslidar_msgs__rosidl_generator_py.so[0m
[160.684s] [ 90%] Built target lslidar_msgs__rosidl_generator_py
[160.770s] [ 92%] [32mBuilding C object CMakeFiles/lslidar_msgs__rosidl_typesupport_fastrtps_c__pyext.dir/rosidl_generator_py/lslidar_msgs/_lslidar_msgs_s.ep.rosidl_typesupport_fastrtps_c.c.o[0m
[161.549s] [ 93%] [32m[1mLinking C shared library rosidl_generator_py/lslidar_msgs/lslidar_msgs_s__rosidl_typesupport_fastrtps_c.cpython-310-aarch64-linux-gnu.so[0m
[161.790s] [ 93%] Built target lslidar_msgs__rosidl_typesupport_fastrtps_c__pyext
[161.875s] [ 95%] [32mBuilding C object CMakeFiles/lslidar_msgs__rosidl_typesupport_c__pyext.dir/rosidl_generator_py/lslidar_msgs/_lslidar_msgs_s.ep.rosidl_typesupport_c.c.o[0m
[162.651s] [ 96%] [32m[1mLinking C shared library rosidl_generator_py/lslidar_msgs/lslidar_msgs_s__rosidl_typesupport_c.cpython-310-aarch64-linux-gnu.so[0m
[162.887s] [ 96%] Built target lslidar_msgs__rosidl_typesupport_c__pyext
[162.966s] [ 98%] [32mBuilding C object CMakeFiles/lslidar_msgs__rosidl_typesupport_introspection_c__pyext.dir/rosidl_generator_py/lslidar_msgs/_lslidar_msgs_s.ep.rosidl_typesupport_introspection_c.c.o[0m
[163.741s] [100%] [32m[1mLinking C shared library rosidl_generator_py/lslidar_msgs/lslidar_msgs_s__rosidl_typesupport_introspection_c.cpython-310-aarch64-linux-gnu.so[0m
[163.982s] [100%] Built target lslidar_msgs__rosidl_typesupport_introspection_c__pyext
[164.035s] Invoked command in '/home/sunrise/wheeltec_robot_ws/build/lslidar_msgs' returned '0': CMAKE_PREFIX_PATH=${CMAKE_PREFIX_PATH}:/home/sunrise/wheeltec_robot_ws/install/tf2_tools:/opt/ros/humble /usr/bin/cmake --build /home/sunrise/wheeltec_robot_ws/build/lslidar_msgs -- -j4 -l4
[164.498s] Invoking command in '/home/sunrise/wheeltec_robot_ws/build/lslidar_msgs': CMAKE_PREFIX_PATH=${CMAKE_PREFIX_PATH}:/home/sunrise/wheeltec_robot_ws/install/tf2_tools:/opt/ros/humble /usr/bin/cmake --install /home/sunrise/wheeltec_robot_ws/build/lslidar_msgs
[164.537s] -- Install configuration: ""
[164.538s] -- Installing: /home/sunrise/wheeltec_robot_ws/install/lslidar_msgs/share/ament_index/resource_index/rosidl_interfaces/lslidar_msgs
[164.540s] -- Installing: /home/sunrise/wheeltec_robot_ws/install/lslidar_msgs/include/lslidar_msgs/lslidar_msgs
[164.542s] -- Installing: /home/sunrise/wheeltec_robot_ws/install/lslidar_msgs/include/lslidar_msgs/lslidar_msgs/msg
[164.544s] -- Installing: /home/sunrise/wheeltec_robot_ws/install/lslidar_msgs/include/lslidar_msgs/lslidar_msgs/msg/lslidar_sweep.h
[164.546s] -- Installing: /home/sunrise/wheeltec_robot_ws/install/lslidar_msgs/include/lslidar_msgs/lslidar_msgs/msg/lslidar_difop.h
[164.547s] -- Installing: /home/sunrise/wheeltec_robot_ws/install/lslidar_msgs/include/lslidar_msgs/lslidar_msgs/msg/lslidar_packet.h
[164.549s] -- Installing: /home/sunrise/wheeltec_robot_ws/install/lslidar_msgs/include/lslidar_msgs/lslidar_msgs/msg/lslidar_scan.h
[164.551s] -- Installing: /home/sunrise/wheeltec_robot_ws/install/lslidar_msgs/include/lslidar_msgs/lslidar_msgs/msg/rosidl_generator_c__visibility_control.h
[164.553s] -- Installing: /home/sunrise/wheeltec_robot_ws/install/lslidar_msgs/include/lslidar_msgs/lslidar_msgs/msg/lslidar_point.h
[164.555s] -- Installing: /home/sunrise/wheeltec_robot_ws/install/lslidar_msgs/include/lslidar_msgs/lslidar_msgs/msg/detail
[164.559s] -- Installing: /home/sunrise/wheeltec_robot_ws/install/lslidar_msgs/include/lslidar_msgs/lslidar_msgs/msg/detail/lslidar_packet__functions.h
[164.560s] -- Installing: /home/sunrise/wheeltec_robot_ws/install/lslidar_msgs/include/lslidar_msgs/lslidar_msgs/msg/detail/lslidar_point__functions.h
[164.561s] -- Installing: /home/sunrise/wheeltec_robot_ws/install/lslidar_msgs/include/lslidar_msgs/lslidar_msgs/msg/detail/lslidar_sweep__type_support.h
[164.563s] -- Installing: /home/sunrise/wheeltec_robot_ws/install/lslidar_msgs/include/lslidar_msgs/lslidar_msgs/msg/detail/lslidar_scan__type_support.h
[164.566s] -- Installing: /home/sunrise/wheeltec_robot_ws/install/lslidar_msgs/include/lslidar_msgs/lslidar_msgs/msg/detail/lslidar_packet__functions.c
[164.567s] -- Installing: /home/sunrise/wheeltec_robot_ws/install/lslidar_msgs/include/lslidar_msgs/lslidar_msgs/msg/detail/lslidar_scan__functions.h
[164.569s] -- Installing: /home/sunrise/wheeltec_robot_ws/install/lslidar_msgs/include/lslidar_msgs/lslidar_msgs/msg/detail/lslidar_scan__struct.h
[164.570s] -- Installing: /home/sunrise/wheeltec_robot_ws/install/lslidar_msgs/include/lslidar_msgs/lslidar_msgs/msg/detail/lslidar_point__struct.h
[164.572s] -- Installing: /home/sunrise/wheeltec_robot_ws/install/lslidar_msgs/include/lslidar_msgs/lslidar_msgs/msg/detail/lslidar_difop__struct.h
[164.574s] -- Installing: /home/sunrise/wheeltec_robot_ws/install/lslidar_msgs/include/lslidar_msgs/lslidar_msgs/msg/detail/lslidar_sweep__struct.h
[164.575s] -- Installing: /home/sunrise/wheeltec_robot_ws/install/lslidar_msgs/include/lslidar_msgs/lslidar_msgs/msg/detail/lslidar_sweep__functions.c
[164.577s] -- Installing: /home/sunrise/wheeltec_robot_ws/install/lslidar_msgs/include/lslidar_msgs/lslidar_msgs/msg/detail/lslidar_difop__type_support.h
[164.581s] -- Installing: /home/sunrise/wheeltec_robot_ws/install/lslidar_msgs/include/lslidar_msgs/lslidar_msgs/msg/detail/lslidar_sweep__functions.h
[164.583s] -- Installing: /home/sunrise/wheeltec_robot_ws/install/lslidar_msgs/include/lslidar_msgs/lslidar_msgs/msg/detail/lslidar_difop__functions.h
[164.586s] -- Installing: /home/sunrise/wheeltec_robot_ws/install/lslidar_msgs/include/lslidar_msgs/lslidar_msgs/msg/detail/lslidar_packet__type_support.h
[164.588s] -- Installing: /home/sunrise/wheeltec_robot_ws/install/lslidar_msgs/include/lslidar_msgs/lslidar_msgs/msg/detail/lslidar_point__type_support.h
[164.590s] -- Installing: /home/sunrise/wheeltec_robot_ws/install/lslidar_msgs/include/lslidar_msgs/lslidar_msgs/msg/detail/lslidar_packet__struct.h
[164.591s] -- Installing: /home/sunrise/wheeltec_robot_ws/install/lslidar_msgs/include/lslidar_msgs/lslidar_msgs/msg/detail/lslidar_difop__functions.c
[164.592s] -- Installing: /home/sunrise/wheeltec_robot_ws/install/lslidar_msgs/include/lslidar_msgs/lslidar_msgs/msg/detail/lslidar_scan__functions.c
[164.594s] -- Installing: /home/sunrise/wheeltec_robot_ws/install/lslidar_msgs/include/lslidar_msgs/lslidar_msgs/msg/detail/lslidar_point__functions.c
[164.596s] -- Installing: /home/sunrise/wheeltec_robot_ws/install/lslidar_msgs/share/lslidar_msgs/environment/library_path.sh
[164.597s] -- Installing: /home/sunrise/wheeltec_robot_ws/install/lslidar_msgs/share/lslidar_msgs/environment/library_path.dsv
[164.599s] -- Installing: /home/sunrise/wheeltec_robot_ws/install/lslidar_msgs/lib/liblslidar_msgs__rosidl_generator_c.so
[164.600s] -- Set runtime path of "/home/sunrise/wheeltec_robot_ws/install/lslidar_msgs/lib/liblslidar_msgs__rosidl_generator_c.so" to ""
[164.602s] -- Up-to-date: /home/sunrise/wheeltec_robot_ws/install/lslidar_msgs/include/lslidar_msgs/lslidar_msgs
[164.603s] -- Up-to-date: /home/sunrise/wheeltec_robot_ws/install/lslidar_msgs/include/lslidar_msgs/lslidar_msgs/msg
[164.604s] -- Installing: /home/sunrise/wheeltec_robot_ws/install/lslidar_msgs/include/lslidar_msgs/lslidar_msgs/msg/rosidl_typesupport_fastrtps_c__visibility_control.h
[164.606s] -- Up-to-date: /home/sunrise/wheeltec_robot_ws/install/lslidar_msgs/include/lslidar_msgs/lslidar_msgs/msg/detail
[164.608s] -- Installing: /home/sunrise/wheeltec_robot_ws/install/lslidar_msgs/include/lslidar_msgs/lslidar_msgs/msg/detail/lslidar_sweep__rosidl_typesupport_fastrtps_c.h
[164.610s] -- Installing: /home/sunrise/wheeltec_robot_ws/install/lslidar_msgs/include/lslidar_msgs/lslidar_msgs/msg/detail/lslidar_scan__rosidl_typesupport_fastrtps_c.h
[164.611s] -- Installing: /home/sunrise/wheeltec_robot_ws/install/lslidar_msgs/include/lslidar_msgs/lslidar_msgs/msg/detail/lslidar_packet__rosidl_typesupport_fastrtps_c.h
[164.613s] -- Installing: /home/sunrise/wheeltec_robot_ws/install/lslidar_msgs/include/lslidar_msgs/lslidar_msgs/msg/detail/lslidar_point__rosidl_typesupport_fastrtps_c.h
[164.614s] -- Installing: /home/sunrise/wheeltec_robot_ws/install/lslidar_msgs/include/lslidar_msgs/lslidar_msgs/msg/detail/lslidar_difop__rosidl_typesupport_fastrtps_c.h
[164.615s] -- Installing: /home/sunrise/wheeltec_robot_ws/install/lslidar_msgs/lib/liblslidar_msgs__rosidl_typesupport_fastrtps_c.so
[164.616s] -- Set runtime path of "/home/sunrise/wheeltec_robot_ws/install/lslidar_msgs/lib/liblslidar_msgs__rosidl_typesupport_fastrtps_c.so" to ""
[164.617s] -- Up-to-date: /home/sunrise/wheeltec_robot_ws/install/lslidar_msgs/include/lslidar_msgs/lslidar_msgs
[164.619s] -- Up-to-date: /home/sunrise/wheeltec_robot_ws/install/lslidar_msgs/include/lslidar_msgs/lslidar_msgs/msg
[164.623s] -- Installing: /home/sunrise/wheeltec_robot_ws/install/lslidar_msgs/include/lslidar_msgs/lslidar_msgs/msg/lslidar_point.hpp
[164.624s] -- Installing: /home/sunrise/wheeltec_robot_ws/install/lslidar_msgs/include/lslidar_msgs/lslidar_msgs/msg/lslidar_sweep.hpp
[164.626s] -- Installing: /home/sunrise/wheeltec_robot_ws/install/lslidar_msgs/include/lslidar_msgs/lslidar_msgs/msg/lslidar_difop.hpp
[164.628s] -- Installing: /home/sunrise/wheeltec_robot_ws/install/lslidar_msgs/include/lslidar_msgs/lslidar_msgs/msg/lslidar_scan.hpp
[164.630s] -- Installing: /home/sunrise/wheeltec_robot_ws/install/lslidar_msgs/include/lslidar_msgs/lslidar_msgs/msg/lslidar_packet.hpp
[164.632s] -- Up-to-date: /home/sunrise/wheeltec_robot_ws/install/lslidar_msgs/include/lslidar_msgs/lslidar_msgs/msg/detail
[164.634s] -- Installing: /home/sunrise/wheeltec_robot_ws/install/lslidar_msgs/include/lslidar_msgs/lslidar_msgs/msg/detail/lslidar_point__builder.hpp
[164.635s] -- Installing: /home/sunrise/wheeltec_robot_ws/install/lslidar_msgs/include/lslidar_msgs/lslidar_msgs/msg/detail/lslidar_packet__traits.hpp
[164.637s] -- Installing: /home/sunrise/wheeltec_robot_ws/install/lslidar_msgs/include/lslidar_msgs/lslidar_msgs/msg/detail/lslidar_difop__struct.hpp
[164.639s] -- Installing: /home/sunrise/wheeltec_robot_ws/install/lslidar_msgs/include/lslidar_msgs/lslidar_msgs/msg/detail/lslidar_difop__traits.hpp
[164.640s] -- Installing: /home/sunrise/wheeltec_robot_ws/install/lslidar_msgs/include/lslidar_msgs/lslidar_msgs/msg/detail/lslidar_point__traits.hpp
[164.641s] -- Installing: /home/sunrise/wheeltec_robot_ws/install/lslidar_msgs/include/lslidar_msgs/lslidar_msgs/msg/detail/lslidar_point__struct.hpp
[164.642s] -- Installing: /home/sunrise/wheeltec_robot_ws/install/lslidar_msgs/include/lslidar_msgs/lslidar_msgs/msg/detail/lslidar_packet__struct.hpp
[164.643s] -- Installing: /home/sunrise/wheeltec_robot_ws/install/lslidar_msgs/include/lslidar_msgs/lslidar_msgs/msg/detail/lslidar_sweep__builder.hpp
[164.644s] -- Installing: /home/sunrise/wheeltec_robot_ws/install/lslidar_msgs/include/lslidar_msgs/lslidar_msgs/msg/detail/lslidar_scan__builder.hpp
[164.645s] -- Installing: /home/sunrise/wheeltec_robot_ws/install/lslidar_msgs/include/lslidar_msgs/lslidar_msgs/msg/detail/lslidar_difop__builder.hpp
[164.646s] -- Installing: /home/sunrise/wheeltec_robot_ws/install/lslidar_msgs/include/lslidar_msgs/lslidar_msgs/msg/detail/lslidar_sweep__struct.hpp
[164.647s] -- Installing: /home/sunrise/wheeltec_robot_ws/install/lslidar_msgs/include/lslidar_msgs/lslidar_msgs/msg/detail/lslidar_scan__traits.hpp
[164.648s] -- Installing: /home/sunrise/wheeltec_robot_ws/install/lslidar_msgs/include/lslidar_msgs/lslidar_msgs/msg/detail/lslidar_scan__struct.hpp
[164.649s] -- Installing: /home/sunrise/wheeltec_robot_ws/install/lslidar_msgs/include/lslidar_msgs/lslidar_msgs/msg/detail/lslidar_packet__builder.hpp
[164.650s] -- Installing: /home/sunrise/wheeltec_robot_ws/install/lslidar_msgs/include/lslidar_msgs/lslidar_msgs/msg/detail/lslidar_sweep__traits.hpp
[164.651s] -- Up-to-date: /home/sunrise/wheeltec_robot_ws/install/lslidar_msgs/include/lslidar_msgs/lslidar_msgs
[164.652s] -- Up-to-date: /home/sunrise/wheeltec_robot_ws/install/lslidar_msgs/include/lslidar_msgs/lslidar_msgs/msg
[164.653s] -- Installing: /home/sunrise/wheeltec_robot_ws/install/lslidar_msgs/include/lslidar_msgs/lslidar_msgs/msg/rosidl_typesupport_fastrtps_cpp__visibility_control.h
[164.654s] -- Up-to-date: /home/sunrise/wheeltec_robot_ws/install/lslidar_msgs/include/lslidar_msgs/lslidar_msgs/msg/detail
[164.655s] -- Installing: /home/sunrise/wheeltec_robot_ws/install/lslidar_msgs/include/lslidar_msgs/lslidar_msgs/msg/detail/lslidar_difop__rosidl_typesupport_fastrtps_cpp.hpp
[164.656s] -- Installing: /home/sunrise/wheeltec_robot_ws/install/lslidar_msgs/include/lslidar_msgs/lslidar_msgs/msg/detail/dds_fastrtps
[164.657s] -- Installing: /home/sunrise/wheeltec_robot_ws/install/lslidar_msgs/include/lslidar_msgs/lslidar_msgs/msg/detail/lslidar_sweep__rosidl_typesupport_fastrtps_cpp.hpp
[164.658s] -- Installing: /home/sunrise/wheeltec_robot_ws/install/lslidar_msgs/include/lslidar_msgs/lslidar_msgs/msg/detail/lslidar_point__rosidl_typesupport_fastrtps_cpp.hpp
[164.659s] -- Installing: /home/sunrise/wheeltec_robot_ws/install/lslidar_msgs/include/lslidar_msgs/lslidar_msgs/msg/detail/lslidar_packet__rosidl_typesupport_fastrtps_cpp.hpp
[164.661s] -- Installing: /home/sunrise/wheeltec_robot_ws/install/lslidar_msgs/include/lslidar_msgs/lslidar_msgs/msg/detail/lslidar_scan__rosidl_typesupport_fastrtps_cpp.hpp
[164.662s] -- Installing: /home/sunrise/wheeltec_robot_ws/install/lslidar_msgs/lib/liblslidar_msgs__rosidl_typesupport_fastrtps_cpp.so
[164.663s] -- Set runtime path of "/home/sunrise/wheeltec_robot_ws/install/lslidar_msgs/lib/liblslidar_msgs__rosidl_typesupport_fastrtps_cpp.so" to ""
[164.664s] -- Up-to-date: /home/sunrise/wheeltec_robot_ws/install/lslidar_msgs/include/lslidar_msgs/lslidar_msgs
[164.665s] -- Up-to-date: /home/sunrise/wheeltec_robot_ws/install/lslidar_msgs/include/lslidar_msgs/lslidar_msgs/msg
[164.667s] -- Installing: /home/sunrise/wheeltec_robot_ws/install/lslidar_msgs/include/lslidar_msgs/lslidar_msgs/msg/rosidl_typesupport_introspection_c__visibility_control.h
[164.673s] -- Up-to-date: /home/sunrise/wheeltec_robot_ws/install/lslidar_msgs/include/lslidar_msgs/lslidar_msgs/msg/detail
[164.674s] -- Installing: /home/sunrise/wheeltec_robot_ws/install/lslidar_msgs/include/lslidar_msgs/lslidar_msgs/msg/detail/lslidar_packet__type_support.c
[164.675s] -- Installing: /home/sunrise/wheeltec_robot_ws/install/lslidar_msgs/include/lslidar_msgs/lslidar_msgs/msg/detail/lslidar_scan__rosidl_typesupport_introspection_c.h
[164.676s] -- Installing: /home/sunrise/wheeltec_robot_ws/install/lslidar_msgs/include/lslidar_msgs/lslidar_msgs/msg/detail/lslidar_sweep__type_support.c
[164.677s] -- Installing: /home/sunrise/wheeltec_robot_ws/install/lslidar_msgs/include/lslidar_msgs/lslidar_msgs/msg/detail/lslidar_difop__rosidl_typesupport_introspection_c.h
[164.678s] -- Installing: /home/sunrise/wheeltec_robot_ws/install/lslidar_msgs/include/lslidar_msgs/lslidar_msgs/msg/detail/lslidar_point__type_support.c
[164.680s] -- Installing: /home/sunrise/wheeltec_robot_ws/install/lslidar_msgs/include/lslidar_msgs/lslidar_msgs/msg/detail/lslidar_sweep__rosidl_typesupport_introspection_c.h
[164.681s] -- Installing: /home/sunrise/wheeltec_robot_ws/install/lslidar_msgs/include/lslidar_msgs/lslidar_msgs/msg/detail/lslidar_point__rosidl_typesupport_introspection_c.h
[164.682s] -- Installing: /home/sunrise/wheeltec_robot_ws/install/lslidar_msgs/include/lslidar_msgs/lslidar_msgs/msg/detail/lslidar_difop__type_support.c
[164.683s] -- Installing: /home/sunrise/wheeltec_robot_ws/install/lslidar_msgs/include/lslidar_msgs/lslidar_msgs/msg/detail/lslidar_packet__rosidl_typesupport_introspection_c.h
[164.684s] -- Installing: /home/sunrise/wheeltec_robot_ws/install/lslidar_msgs/include/lslidar_msgs/lslidar_msgs/msg/detail/lslidar_scan__type_support.c
[164.687s] -- Installing: /home/sunrise/wheeltec_robot_ws/install/lslidar_msgs/lib/liblslidar_msgs__rosidl_typesupport_introspection_c.so
[164.688s] -- Set runtime path of "/home/sunrise/wheeltec_robot_ws/install/lslidar_msgs/lib/liblslidar_msgs__rosidl_typesupport_introspection_c.so" to ""
[164.689s] -- Installing: /home/sunrise/wheeltec_robot_ws/install/lslidar_msgs/lib/liblslidar_msgs__rosidl_typesupport_c.so
[164.690s] -- Set runtime path of "/home/sunrise/wheeltec_robot_ws/install/lslidar_msgs/lib/liblslidar_msgs__rosidl_typesupport_c.so" to ""
[164.691s] -- Up-to-date: /home/sunrise/wheeltec_robot_ws/install/lslidar_msgs/include/lslidar_msgs/lslidar_msgs
[164.692s] -- Up-to-date: /home/sunrise/wheeltec_robot_ws/install/lslidar_msgs/include/lslidar_msgs/lslidar_msgs/msg
[164.693s] -- Up-to-date: /home/sunrise/wheeltec_robot_ws/install/lslidar_msgs/include/lslidar_msgs/lslidar_msgs/msg/detail
[164.694s] -- Installing: /home/sunrise/wheeltec_robot_ws/install/lslidar_msgs/include/lslidar_msgs/lslidar_msgs/msg/detail/lslidar_packet__type_support.cpp
[164.695s] -- Installing: /home/sunrise/wheeltec_robot_ws/install/lslidar_msgs/include/lslidar_msgs/lslidar_msgs/msg/detail/lslidar_packet__rosidl_typesupport_introspection_cpp.hpp
[164.696s] -- Installing: /home/sunrise/wheeltec_robot_ws/install/lslidar_msgs/include/lslidar_msgs/lslidar_msgs/msg/detail/lslidar_sweep__type_support.cpp
[164.697s] -- Installing: /home/sunrise/wheeltec_robot_ws/install/lslidar_msgs/include/lslidar_msgs/lslidar_msgs/msg/detail/lslidar_difop__rosidl_typesupport_introspection_cpp.hpp
[164.698s] -- Installing: /home/sunrise/wheeltec_robot_ws/install/lslidar_msgs/include/lslidar_msgs/lslidar_msgs/msg/detail/lslidar_point__rosidl_typesupport_introspection_cpp.hpp
[164.699s] -- Installing: /home/sunrise/wheeltec_robot_ws/install/lslidar_msgs/include/lslidar_msgs/lslidar_msgs/msg/detail/lslidar_point__type_support.cpp
[164.702s] -- Installing: /home/sunrise/wheeltec_robot_ws/install/lslidar_msgs/include/lslidar_msgs/lslidar_msgs/msg/detail/lslidar_sweep__rosidl_typesupport_introspection_cpp.hpp
[164.703s] -- Installing: /home/sunrise/wheeltec_robot_ws/install/lslidar_msgs/include/lslidar_msgs/lslidar_msgs/msg/detail/lslidar_scan__rosidl_typesupport_introspection_cpp.hpp
[164.704s] -- Installing: /home/sunrise/wheeltec_robot_ws/install/lslidar_msgs/include/lslidar_msgs/lslidar_msgs/msg/detail/lslidar_difop__type_support.cpp
[164.705s] -- Installing: /home/sunrise/wheeltec_robot_ws/install/lslidar_msgs/include/lslidar_msgs/lslidar_msgs/msg/detail/lslidar_scan__type_support.cpp
[164.706s] -- Installing: /home/sunrise/wheeltec_robot_ws/install/lslidar_msgs/lib/liblslidar_msgs__rosidl_typesupport_introspection_cpp.so
[164.707s] -- Set runtime path of "/home/sunrise/wheeltec_robot_ws/install/lslidar_msgs/lib/liblslidar_msgs__rosidl_typesupport_introspection_cpp.so" to ""
[164.709s] -- Installing: /home/sunrise/wheeltec_robot_ws/install/lslidar_msgs/lib/liblslidar_msgs__rosidl_typesupport_cpp.so
[164.710s] -- Set runtime path of "/home/sunrise/wheeltec_robot_ws/install/lslidar_msgs/lib/liblslidar_msgs__rosidl_typesupport_cpp.so" to ""
[164.710s] -- Installing: /home/sunrise/wheeltec_robot_ws/install/lslidar_msgs/share/lslidar_msgs/environment/pythonpath.sh
[164.711s] -- Installing: /home/sunrise/wheeltec_robot_ws/install/lslidar_msgs/share/lslidar_msgs/environment/pythonpath.dsv
[164.712s] -- Installing: /home/sunrise/wheeltec_robot_ws/install/lslidar_msgs/local/lib/python3.10/dist-packages/lslidar_msgs-1.2.0-py3.10.egg-info
[164.714s] -- Installing: /home/sunrise/wheeltec_robot_ws/install/lslidar_msgs/local/lib/python3.10/dist-packages/lslidar_msgs-1.2.0-py3.10.egg-info/top_level.txt
[164.714s] -- Installing: /home/sunrise/wheeltec_robot_ws/install/lslidar_msgs/local/lib/python3.10/dist-packages/lslidar_msgs-1.2.0-py3.10.egg-info/SOURCES.txt
[164.715s] -- Installing: /home/sunrise/wheeltec_robot_ws/install/lslidar_msgs/local/lib/python3.10/dist-packages/lslidar_msgs-1.2.0-py3.10.egg-info/PKG-INFO
[164.716s] -- Installing: /home/sunrise/wheeltec_robot_ws/install/lslidar_msgs/local/lib/python3.10/dist-packages/lslidar_msgs-1.2.0-py3.10.egg-info/dependency_links.txt
[164.717s] -- Installing: /home/sunrise/wheeltec_robot_ws/install/lslidar_msgs/local/lib/python3.10/dist-packages/lslidar_msgs
[164.718s] -- Installing: /home/sunrise/wheeltec_robot_ws/install/lslidar_msgs/local/lib/python3.10/dist-packages/lslidar_msgs/_lslidar_msgs_s.ep.rosidl_typesupport_c.c
[164.719s] -- Installing: /home/sunrise/wheeltec_robot_ws/install/lslidar_msgs/local/lib/python3.10/dist-packages/lslidar_msgs/lslidar_msgs_s__rosidl_typesupport_introspection_c.cpython-310-aarch64-linux-gnu.so
[164.720s] -- Installing: /home/sunrise/wheeltec_robot_ws/install/lslidar_msgs/local/lib/python3.10/dist-packages/lslidar_msgs/msg
[164.721s] -- Installing: /home/sunrise/wheeltec_robot_ws/install/lslidar_msgs/local/lib/python3.10/dist-packages/lslidar_msgs/msg/_lslidar_packet.py
[164.722s] -- Installing: /home/sunrise/wheeltec_robot_ws/install/lslidar_msgs/local/lib/python3.10/dist-packages/lslidar_msgs/msg/_lslidar_scan.py
[164.723s] -- Installing: /home/sunrise/wheeltec_robot_ws/install/lslidar_msgs/local/lib/python3.10/dist-packages/lslidar_msgs/msg/_lslidar_sweep.py
[164.724s] -- Installing: /home/sunrise/wheeltec_robot_ws/install/lslidar_msgs/local/lib/python3.10/dist-packages/lslidar_msgs/msg/_lslidar_difop_s.c
[164.725s] -- Installing: /home/sunrise/wheeltec_robot_ws/install/lslidar_msgs/local/lib/python3.10/dist-packages/lslidar_msgs/msg/__init__.py
[164.726s] -- Installing: /home/sunrise/wheeltec_robot_ws/install/lslidar_msgs/local/lib/python3.10/dist-packages/lslidar_msgs/msg/_lslidar_point_s.c
[164.727s] -- Installing: /home/sunrise/wheeltec_robot_ws/install/lslidar_msgs/local/lib/python3.10/dist-packages/lslidar_msgs/msg/_lslidar_packet_s.c
[164.729s] -- Installing: /home/sunrise/wheeltec_robot_ws/install/lslidar_msgs/local/lib/python3.10/dist-packages/lslidar_msgs/msg/_lslidar_scan_s.c
[164.730s] -- Installing: /home/sunrise/wheeltec_robot_ws/install/lslidar_msgs/local/lib/python3.10/dist-packages/lslidar_msgs/msg/_lslidar_sweep_s.c
[164.731s] -- Installing: /home/sunrise/wheeltec_robot_ws/install/lslidar_msgs/local/lib/python3.10/dist-packages/lslidar_msgs/msg/_lslidar_difop.py
[164.740s] -- Installing: /home/sunrise/wheeltec_robot_ws/install/lslidar_msgs/local/lib/python3.10/dist-packages/lslidar_msgs/msg/_lslidar_point.py
[164.741s] -- Installing: /home/sunrise/wheeltec_robot_ws/install/lslidar_msgs/local/lib/python3.10/dist-packages/lslidar_msgs/liblslidar_msgs__rosidl_generator_py.so
[164.742s] -- Installing: /home/sunrise/wheeltec_robot_ws/install/lslidar_msgs/local/lib/python3.10/dist-packages/lslidar_msgs/_lslidar_msgs_s.ep.rosidl_typesupport_fastrtps_c.c
[164.743s] -- Installing: /home/sunrise/wheeltec_robot_ws/install/lslidar_msgs/local/lib/python3.10/dist-packages/lslidar_msgs/lslidar_msgs_s__rosidl_typesupport_c.cpython-310-aarch64-linux-gnu.so
[164.746s] -- Installing: /home/sunrise/wheeltec_robot_ws/install/lslidar_msgs/local/lib/python3.10/dist-packages/lslidar_msgs/__init__.py
[164.748s] -- Installing: /home/sunrise/wheeltec_robot_ws/install/lslidar_msgs/local/lib/python3.10/dist-packages/lslidar_msgs/lslidar_msgs_s__rosidl_typesupport_fastrtps_c.cpython-310-aarch64-linux-gnu.so
[164.749s] -- Installing: /home/sunrise/wheeltec_robot_ws/install/lslidar_msgs/local/lib/python3.10/dist-packages/lslidar_msgs/_lslidar_msgs_s.ep.rosidl_typesupport_introspection_c.c
[164.961s] Listing '/home/sunrise/wheeltec_robot_ws/install/lslidar_msgs/local/lib/python3.10/dist-packages/lslidar_msgs'...
[164.962s] Compiling '/home/sunrise/wheeltec_robot_ws/install/lslidar_msgs/local/lib/python3.10/dist-packages/lslidar_msgs/__init__.py'...
[164.963s] Listing '/home/sunrise/wheeltec_robot_ws/install/lslidar_msgs/local/lib/python3.10/dist-packages/lslidar_msgs/msg'...
[164.964s] Compiling '/home/sunrise/wheeltec_robot_ws/install/lslidar_msgs/local/lib/python3.10/dist-packages/lslidar_msgs/msg/__init__.py'...
[164.965s] Compiling '/home/sunrise/wheeltec_robot_ws/install/lslidar_msgs/local/lib/python3.10/dist-packages/lslidar_msgs/msg/_lslidar_difop.py'...
[164.966s] Compiling '/home/sunrise/wheeltec_robot_ws/install/lslidar_msgs/local/lib/python3.10/dist-packages/lslidar_msgs/msg/_lslidar_packet.py'...
[164.967s] Compiling '/home/sunrise/wheeltec_robot_ws/install/lslidar_msgs/local/lib/python3.10/dist-packages/lslidar_msgs/msg/_lslidar_point.py'...
[164.976s] Compiling '/home/sunrise/wheeltec_robot_ws/install/lslidar_msgs/local/lib/python3.10/dist-packages/lslidar_msgs/msg/_lslidar_scan.py'...
[164.977s] Compiling '/home/sunrise/wheeltec_robot_ws/install/lslidar_msgs/local/lib/python3.10/dist-packages/lslidar_msgs/msg/_lslidar_sweep.py'...
[165.033s] -- Installing: /home/sunrise/wheeltec_robot_ws/install/lslidar_msgs/local/lib/python3.10/dist-packages/lslidar_msgs/lslidar_msgs_s__rosidl_typesupport_fastrtps_c.cpython-310-aarch64-linux-gnu.so
[165.035s] -- Set runtime path of "/home/sunrise/wheeltec_robot_ws/install/lslidar_msgs/local/lib/python3.10/dist-packages/lslidar_msgs/lslidar_msgs_s__rosidl_typesupport_fastrtps_c.cpython-310-aarch64-linux-gnu.so" to ""
[165.036s] -- Installing: /home/sunrise/wheeltec_robot_ws/install/lslidar_msgs/local/lib/python3.10/dist-packages/lslidar_msgs/lslidar_msgs_s__rosidl_typesupport_introspection_c.cpython-310-aarch64-linux-gnu.so
[165.037s] -- Set runtime path of "/home/sunrise/wheeltec_robot_ws/install/lslidar_msgs/local/lib/python3.10/dist-packages/lslidar_msgs/lslidar_msgs_s__rosidl_typesupport_introspection_c.cpython-310-aarch64-linux-gnu.so" to ""
[165.038s] -- Installing: /home/sunrise/wheeltec_robot_ws/install/lslidar_msgs/local/lib/python3.10/dist-packages/lslidar_msgs/lslidar_msgs_s__rosidl_typesupport_c.cpython-310-aarch64-linux-gnu.so
[165.045s] -- Set runtime path of "/home/sunrise/wheeltec_robot_ws/install/lslidar_msgs/local/lib/python3.10/dist-packages/lslidar_msgs/lslidar_msgs_s__rosidl_typesupport_c.cpython-310-aarch64-linux-gnu.so" to ""
[165.047s] -- Installing: /home/sunrise/wheeltec_robot_ws/install/lslidar_msgs/lib/liblslidar_msgs__rosidl_generator_py.so
[165.049s] -- Set runtime path of "/home/sunrise/wheeltec_robot_ws/install/lslidar_msgs/lib/liblslidar_msgs__rosidl_generator_py.so" to ""
[165.053s] -- Installing: /home/sunrise/wheeltec_robot_ws/install/lslidar_msgs/share/lslidar_msgs/msg/LslidarDifop.idl
[165.055s] -- Installing: /home/sunrise/wheeltec_robot_ws/install/lslidar_msgs/share/lslidar_msgs/msg/LslidarPacket.idl
[165.058s] -- Installing: /home/sunrise/wheeltec_robot_ws/install/lslidar_msgs/share/lslidar_msgs/msg/LslidarPoint.idl
[165.059s] -- Installing: /home/sunrise/wheeltec_robot_ws/install/lslidar_msgs/share/lslidar_msgs/msg/LslidarScan.idl
[165.060s] -- Installing: /home/sunrise/wheeltec_robot_ws/install/lslidar_msgs/share/lslidar_msgs/msg/LslidarSweep.idl
[165.062s] -- Installing: /home/sunrise/wheeltec_robot_ws/install/lslidar_msgs/share/lslidar_msgs/msg/LslidarDifop.msg
[165.065s] -- Installing: /home/sunrise/wheeltec_robot_ws/install/lslidar_msgs/share/lslidar_msgs/msg/LslidarPacket.msg
[165.067s] -- Installing: /home/sunrise/wheeltec_robot_ws/install/lslidar_msgs/share/lslidar_msgs/msg/LslidarPoint.msg
[165.068s] -- Installing: /home/sunrise/wheeltec_robot_ws/install/lslidar_msgs/share/lslidar_msgs/msg/LslidarScan.msg
[165.069s] -- Installing: /home/sunrise/wheeltec_robot_ws/install/lslidar_msgs/share/lslidar_msgs/msg/LslidarSweep.msg
[165.071s] -- Installing: /home/sunrise/wheeltec_robot_ws/install/lslidar_msgs/share/ament_index/resource_index/package_run_dependencies/lslidar_msgs
[165.072s] -- Installing: /home/sunrise/wheeltec_robot_ws/install/lslidar_msgs/share/ament_index/resource_index/parent_prefix_path/lslidar_msgs
[165.073s] -- Installing: /home/sunrise/wheeltec_robot_ws/install/lslidar_msgs/share/lslidar_msgs/environment/ament_prefix_path.sh
[165.074s] -- Installing: /home/sunrise/wheeltec_robot_ws/install/lslidar_msgs/share/lslidar_msgs/environment/ament_prefix_path.dsv
[165.075s] -- Installing: /home/sunrise/wheeltec_robot_ws/install/lslidar_msgs/share/lslidar_msgs/environment/path.sh
[165.076s] -- Installing: /home/sunrise/wheeltec_robot_ws/install/lslidar_msgs/share/lslidar_msgs/environment/path.dsv
[165.077s] -- Installing: /home/sunrise/wheeltec_robot_ws/install/lslidar_msgs/share/lslidar_msgs/local_setup.bash
[165.078s] -- Installing: /home/sunrise/wheeltec_robot_ws/install/lslidar_msgs/share/lslidar_msgs/local_setup.sh
[165.079s] -- Installing: /home/sunrise/wheeltec_robot_ws/install/lslidar_msgs/share/lslidar_msgs/local_setup.zsh
[165.079s] -- Installing: /home/sunrise/wheeltec_robot_ws/install/lslidar_msgs/share/lslidar_msgs/local_setup.dsv
[165.081s] -- Installing: /home/sunrise/wheeltec_robot_ws/install/lslidar_msgs/share/lslidar_msgs/package.dsv
[165.083s] -- Installing: /home/sunrise/wheeltec_robot_ws/install/lslidar_msgs/share/ament_index/resource_index/packages/lslidar_msgs
[165.084s] -- Installing: /home/sunrise/wheeltec_robot_ws/install/lslidar_msgs/share/lslidar_msgs/cmake/export_lslidar_msgs__rosidl_generator_cExport.cmake
[165.085s] -- Installing: /home/sunrise/wheeltec_robot_ws/install/lslidar_msgs/share/lslidar_msgs/cmake/export_lslidar_msgs__rosidl_generator_cExport-noconfig.cmake
[165.086s] -- Installing: /home/sunrise/wheeltec_robot_ws/install/lslidar_msgs/share/lslidar_msgs/cmake/export_lslidar_msgs__rosidl_typesupport_fastrtps_cExport.cmake
[165.088s] -- Installing: /home/sunrise/wheeltec_robot_ws/install/lslidar_msgs/share/lslidar_msgs/cmake/export_lslidar_msgs__rosidl_typesupport_fastrtps_cExport-noconfig.cmake
[165.089s] -- Installing: /home/sunrise/wheeltec_robot_ws/install/lslidar_msgs/share/lslidar_msgs/cmake/export_lslidar_msgs__rosidl_generator_cppExport.cmake
[165.090s] -- Installing: /home/sunrise/wheeltec_robot_ws/install/lslidar_msgs/share/lslidar_msgs/cmake/export_lslidar_msgs__rosidl_typesupport_fastrtps_cppExport.cmake
[165.091s] -- Installing: /home/sunrise/wheeltec_robot_ws/install/lslidar_msgs/share/lslidar_msgs/cmake/export_lslidar_msgs__rosidl_typesupport_fastrtps_cppExport-noconfig.cmake
[165.092s] -- Installing: /home/sunrise/wheeltec_robot_ws/install/lslidar_msgs/share/lslidar_msgs/cmake/lslidar_msgs__rosidl_typesupport_introspection_cExport.cmake
[165.093s] -- Installing: /home/sunrise/wheeltec_robot_ws/install/lslidar_msgs/share/lslidar_msgs/cmake/lslidar_msgs__rosidl_typesupport_introspection_cExport-noconfig.cmake
[165.094s] -- Installing: /home/sunrise/wheeltec_robot_ws/install/lslidar_msgs/share/lslidar_msgs/cmake/lslidar_msgs__rosidl_typesupport_cExport.cmake
[165.096s] -- Installing: /home/sunrise/wheeltec_robot_ws/install/lslidar_msgs/share/lslidar_msgs/cmake/lslidar_msgs__rosidl_typesupport_cExport-noconfig.cmake
[165.097s] -- Installing: /home/sunrise/wheeltec_robot_ws/install/lslidar_msgs/share/lslidar_msgs/cmake/lslidar_msgs__rosidl_typesupport_introspection_cppExport.cmake
[165.098s] -- Installing: /home/sunrise/wheeltec_robot_ws/install/lslidar_msgs/share/lslidar_msgs/cmake/lslidar_msgs__rosidl_typesupport_introspection_cppExport-noconfig.cmake
[165.100s] -- Installing: /home/sunrise/wheeltec_robot_ws/install/lslidar_msgs/share/lslidar_msgs/cmake/lslidar_msgs__rosidl_typesupport_cppExport.cmake
[165.101s] -- Installing: /home/sunrise/wheeltec_robot_ws/install/lslidar_msgs/share/lslidar_msgs/cmake/lslidar_msgs__rosidl_typesupport_cppExport-noconfig.cmake
[165.102s] -- Installing: /home/sunrise/wheeltec_robot_ws/install/lslidar_msgs/share/lslidar_msgs/cmake/export_lslidar_msgs__rosidl_generator_pyExport.cmake
[165.113s] -- Installing: /home/sunrise/wheeltec_robot_ws/install/lslidar_msgs/share/lslidar_msgs/cmake/export_lslidar_msgs__rosidl_generator_pyExport-noconfig.cmake
[165.114s] -- Installing: /home/sunrise/wheeltec_robot_ws/install/lslidar_msgs/share/lslidar_msgs/cmake/rosidl_cmake-extras.cmake
[165.115s] -- Installing: /home/sunrise/wheeltec_robot_ws/install/lslidar_msgs/share/lslidar_msgs/cmake/ament_cmake_export_dependencies-extras.cmake
[165.117s] -- Installing: /home/sunrise/wheeltec_robot_ws/install/lslidar_msgs/share/lslidar_msgs/cmake/ament_cmake_export_include_directories-extras.cmake
[165.118s] -- Installing: /home/sunrise/wheeltec_robot_ws/install/lslidar_msgs/share/lslidar_msgs/cmake/ament_cmake_export_libraries-extras.cmake
[165.119s] -- Installing: /home/sunrise/wheeltec_robot_ws/install/lslidar_msgs/share/lslidar_msgs/cmake/ament_cmake_export_targets-extras.cmake
[165.120s] -- Installing: /home/sunrise/wheeltec_robot_ws/install/lslidar_msgs/share/lslidar_msgs/cmake/rosidl_cmake_export_typesupport_targets-extras.cmake
[165.121s] -- Installing: /home/sunrise/wheeltec_robot_ws/install/lslidar_msgs/share/lslidar_msgs/cmake/rosidl_cmake_export_typesupport_libraries-extras.cmake
[165.122s] -- Installing: /home/sunrise/wheeltec_robot_ws/install/lslidar_msgs/share/lslidar_msgs/cmake/lslidar_msgsConfig.cmake
[165.125s] -- Installing: /home/sunrise/wheeltec_robot_ws/install/lslidar_msgs/share/lslidar_msgs/cmake/lslidar_msgsConfig-version.cmake
[165.126s] -- Installing: /home/sunrise/wheeltec_robot_ws/install/lslidar_msgs/share/lslidar_msgs/package.xml
[165.139s] Invoked command in '/home/sunrise/wheeltec_robot_ws/build/lslidar_msgs' returned '0': CMAKE_PREFIX_PATH=${CMAKE_PREFIX_PATH}:/home/sunrise/wheeltec_robot_ws/install/tf2_tools:/opt/ros/humble /usr/bin/cmake --install /home/sunrise/wheeltec_robot_ws/build/lslidar_msgs
