[0.855s] DEBUG:colcon:Command line arguments: ['/usr/bin/colcon', 'build', '--packages-select', 'turn_on_wheeltec_robot']
[0.855s] DEBUG:colcon:Parsed command line arguments: Namespace(log_base=None, log_level=None, verb_name='build', build_base='build', install_base='install', merge_install=False, symlink_install=False, test_result_base=None, continue_on_error=False, executor='parallel', parallel_workers=4, event_handlers=None, ignore_user_meta=False, metas=['./colcon.meta'], base_paths=['.'], packages_ignore=None, packages_ignore_regex=None, paths=None, packages_up_to=None, packages_up_to_regex=None, packages_above=None, packages_above_and_dependencies=None, packages_above_depth=None, packages_select_by_dep=None, packages_skip_by_dep=None, packages_skip_up_to=None, packages_select_build_failed=False, packages_skip_build_finished=False, packages_select_test_failures=False, packages_skip_test_passed=False, packages_select=['turn_on_wheeltec_robot'], packages_skip=None, packages_select_regex=None, packages_skip_regex=None, packages_start=None, packages_end=None, allow_overriding=[], cmake_args=None, cmake_target=None, cmake_target_skip_unavailable=False, cmake_clean_cache=False, cmake_clean_first=False, cmake_force_configure=False, ament_cmake_args=None, catkin_cmake_args=None, catkin_skip_building_tests=False, verb_parser=<colcon_defaults.argument_parser.defaults.DefaultArgumentsDecorator object at 0x7fa0e187c0>, verb_extension=<colcon_core.verb.build.BuildVerb object at 0x7fa0e18280>, main=<bound method BuildVerb.main of <colcon_core.verb.build.BuildVerb object at 0x7fa0e18280>>)
[2.267s] Level 1:colcon.colcon_core.package_discovery:discover_packages(colcon_meta) check parameters
[2.268s] Level 1:colcon.colcon_core.package_discovery:discover_packages(recursive) check parameters
[2.268s] Level 1:colcon.colcon_core.package_discovery:discover_packages(ignore) check parameters
[2.269s] Level 1:colcon.colcon_core.package_discovery:discover_packages(path) check parameters
[2.269s] Level 1:colcon.colcon_core.package_discovery:discover_packages(colcon_meta) discover
[2.269s] Level 1:colcon.colcon_core.package_discovery:discover_packages(recursive) discover
[2.270s] INFO:colcon.colcon_core.package_discovery:Crawling recursively for packages in '/home/sunrise/wheeltec_robot_ws'
[2.270s] Level 1:colcon.colcon_core.package_identification:_identify(.) by extensions ['ignore', 'ignore_ament_install']
[2.271s] Level 1:colcon.colcon_core.package_identification:_identify(.) by extension 'ignore'
[2.271s] Level 1:colcon.colcon_core.package_identification:_identify(.) by extension 'ignore_ament_install'
[2.272s] Level 1:colcon.colcon_core.package_identification:_identify(.) by extensions ['colcon_pkg']
[2.272s] Level 1:colcon.colcon_core.package_identification:_identify(.) by extension 'colcon_pkg'
[2.273s] Level 1:colcon.colcon_core.package_identification:_identify(.) by extensions ['colcon_meta']
[2.273s] Level 1:colcon.colcon_core.package_identification:_identify(.) by extension 'colcon_meta'
[2.273s] Level 1:colcon.colcon_core.package_identification:_identify(.) by extensions ['ros']
[2.273s] Level 1:colcon.colcon_core.package_identification:_identify(.) by extension 'ros'
[2.366s] Level 1:colcon.colcon_core.package_identification:_identify(.) by extensions ['cmake', 'python']
[2.366s] Level 1:colcon.colcon_core.package_identification:_identify(.) by extension 'cmake'
[2.367s] Level 1:colcon.colcon_core.package_identification:_identify(.) by extension 'python'
[2.367s] Level 1:colcon.colcon_core.package_identification:_identify(.) by extensions ['python_setup_py']
[2.367s] Level 1:colcon.colcon_core.package_identification:_identify(.) by extension 'python_setup_py'
[2.368s] Level 1:colcon.colcon_core.package_identification:_identify(build) by extensions ['ignore', 'ignore_ament_install']
[2.369s] Level 1:colcon.colcon_core.package_identification:_identify(build) by extension 'ignore'
[2.369s] Level 1:colcon.colcon_core.package_identification:_identify(build) ignored
[2.370s] Level 1:colcon.colcon_core.package_identification:_identify(install) by extensions ['ignore', 'ignore_ament_install']
[2.371s] Level 1:colcon.colcon_core.package_identification:_identify(install) by extension 'ignore'
[2.372s] Level 1:colcon.colcon_core.package_identification:_identify(install) ignored
[2.372s] Level 1:colcon.colcon_core.package_identification:_identify(log) by extensions ['ignore', 'ignore_ament_install']
[2.373s] Level 1:colcon.colcon_core.package_identification:_identify(log) by extension 'ignore'
[2.374s] Level 1:colcon.colcon_core.package_identification:_identify(log) ignored
[2.374s] Level 1:colcon.colcon_core.package_identification:_identify(src) by extensions ['ignore', 'ignore_ament_install']
[2.375s] Level 1:colcon.colcon_core.package_identification:_identify(src) by extension 'ignore'
[2.375s] Level 1:colcon.colcon_core.package_identification:_identify(src) by extension 'ignore_ament_install'
[2.376s] Level 1:colcon.colcon_core.package_identification:_identify(src) by extensions ['colcon_pkg']
[2.376s] Level 1:colcon.colcon_core.package_identification:_identify(src) by extension 'colcon_pkg'
[2.377s] Level 1:colcon.colcon_core.package_identification:_identify(src) by extensions ['colcon_meta']
[2.377s] Level 1:colcon.colcon_core.package_identification:_identify(src) by extension 'colcon_meta'
[2.377s] Level 1:colcon.colcon_core.package_identification:_identify(src) by extensions ['ros']
[2.377s] Level 1:colcon.colcon_core.package_identification:_identify(src) by extension 'ros'
[2.378s] Level 1:colcon.colcon_core.package_identification:_identify(src) by extensions ['cmake', 'python']
[2.378s] Level 1:colcon.colcon_core.package_identification:_identify(src) by extension 'cmake'
[2.379s] Level 1:colcon.colcon_core.package_identification:_identify(src) by extension 'python'
[2.379s] Level 1:colcon.colcon_core.package_identification:_identify(src) by extensions ['python_setup_py']
[2.379s] Level 1:colcon.colcon_core.package_identification:_identify(src) by extension 'python_setup_py'
[2.380s] Level 1:colcon.colcon_core.package_identification:_identify(src/serial_ros2) by extensions ['ignore', 'ignore_ament_install']
[2.381s] Level 1:colcon.colcon_core.package_identification:_identify(src/serial_ros2) by extension 'ignore'
[2.381s] Level 1:colcon.colcon_core.package_identification:_identify(src/serial_ros2) by extension 'ignore_ament_install'
[2.382s] Level 1:colcon.colcon_core.package_identification:_identify(src/serial_ros2) by extensions ['colcon_pkg']
[2.382s] Level 1:colcon.colcon_core.package_identification:_identify(src/serial_ros2) by extension 'colcon_pkg'
[2.382s] Level 1:colcon.colcon_core.package_identification:_identify(src/serial_ros2) by extensions ['colcon_meta']
[2.383s] Level 1:colcon.colcon_core.package_identification:_identify(src/serial_ros2) by extension 'colcon_meta'
[2.384s] Level 1:colcon.colcon_core.package_identification:_identify(src/serial_ros2) by extensions ['ros']
[2.384s] Level 1:colcon.colcon_core.package_identification:_identify(src/serial_ros2) by extension 'ros'
[2.402s] DEBUG:colcon.colcon_core.package_identification:Package 'src/serial_ros2' with type 'ros.ament_cmake' and name 'serial'
[2.402s] Level 1:colcon.colcon_core.package_identification:_identify(src/tf2_tools) by extensions ['ignore', 'ignore_ament_install']
[2.403s] Level 1:colcon.colcon_core.package_identification:_identify(src/tf2_tools) by extension 'ignore'
[2.404s] Level 1:colcon.colcon_core.package_identification:_identify(src/tf2_tools) by extension 'ignore_ament_install'
[2.404s] Level 1:colcon.colcon_core.package_identification:_identify(src/tf2_tools) by extensions ['colcon_pkg']
[2.405s] Level 1:colcon.colcon_core.package_identification:_identify(src/tf2_tools) by extension 'colcon_pkg'
[2.405s] Level 1:colcon.colcon_core.package_identification:_identify(src/tf2_tools) by extensions ['colcon_meta']
[2.405s] Level 1:colcon.colcon_core.package_identification:_identify(src/tf2_tools) by extension 'colcon_meta'
[2.406s] Level 1:colcon.colcon_core.package_identification:_identify(src/tf2_tools) by extensions ['ros']
[2.406s] Level 1:colcon.colcon_core.package_identification:_identify(src/tf2_tools) by extension 'ros'
[2.411s] DEBUG:colcon.colcon_core.package_identification:Package 'src/tf2_tools' with type 'ros.ament_python' and name 'tf2_tools'
[2.412s] Level 1:colcon.colcon_core.package_identification:_identify(src/turn_on_wheeltec_robot) by extensions ['ignore', 'ignore_ament_install']
[2.412s] Level 1:colcon.colcon_core.package_identification:_identify(src/turn_on_wheeltec_robot) by extension 'ignore'
[2.413s] Level 1:colcon.colcon_core.package_identification:_identify(src/turn_on_wheeltec_robot) by extension 'ignore_ament_install'
[2.413s] Level 1:colcon.colcon_core.package_identification:_identify(src/turn_on_wheeltec_robot) by extensions ['colcon_pkg']
[2.414s] Level 1:colcon.colcon_core.package_identification:_identify(src/turn_on_wheeltec_robot) by extension 'colcon_pkg'
[2.414s] Level 1:colcon.colcon_core.package_identification:_identify(src/turn_on_wheeltec_robot) by extensions ['colcon_meta']
[2.414s] Level 1:colcon.colcon_core.package_identification:_identify(src/turn_on_wheeltec_robot) by extension 'colcon_meta'
[2.415s] Level 1:colcon.colcon_core.package_identification:_identify(src/turn_on_wheeltec_robot) by extensions ['ros']
[2.415s] Level 1:colcon.colcon_core.package_identification:_identify(src/turn_on_wheeltec_robot) by extension 'ros'
[2.432s] DEBUG:colcon.colcon_core.package_identification:Package 'src/turn_on_wheeltec_robot' with type 'ros.ament_cmake' and name 'turn_on_wheeltec_robot'
[2.433s] Level 1:colcon.colcon_core.package_identification:_identify(src/usb_cam-ros2) by extensions ['ignore', 'ignore_ament_install']
[2.434s] Level 1:colcon.colcon_core.package_identification:_identify(src/usb_cam-ros2) by extension 'ignore'
[2.434s] Level 1:colcon.colcon_core.package_identification:_identify(src/usb_cam-ros2) by extension 'ignore_ament_install'
[2.435s] Level 1:colcon.colcon_core.package_identification:_identify(src/usb_cam-ros2) by extensions ['colcon_pkg']
[2.435s] Level 1:colcon.colcon_core.package_identification:_identify(src/usb_cam-ros2) by extension 'colcon_pkg'
[2.436s] Level 1:colcon.colcon_core.package_identification:_identify(src/usb_cam-ros2) by extensions ['colcon_meta']
[2.436s] Level 1:colcon.colcon_core.package_identification:_identify(src/usb_cam-ros2) by extension 'colcon_meta'
[2.436s] Level 1:colcon.colcon_core.package_identification:_identify(src/usb_cam-ros2) by extensions ['ros']
[2.437s] Level 1:colcon.colcon_core.package_identification:_identify(src/usb_cam-ros2) by extension 'ros'
[2.437s] Level 1:colcon.colcon_core.package_identification:_identify(src/usb_cam-ros2) by extensions ['cmake', 'python']
[2.437s] Level 1:colcon.colcon_core.package_identification:_identify(src/usb_cam-ros2) by extension 'cmake'
[2.438s] Level 1:colcon.colcon_core.package_identification:_identify(src/usb_cam-ros2) by extension 'python'
[2.438s] Level 1:colcon.colcon_core.package_identification:_identify(src/usb_cam-ros2) by extensions ['python_setup_py']
[2.438s] Level 1:colcon.colcon_core.package_identification:_identify(src/usb_cam-ros2) by extension 'python_setup_py'
[2.439s] Level 1:colcon.colcon_core.package_identification:_identify(src/usb_cam-ros2/usb_cam-ros2) by extensions ['ignore', 'ignore_ament_install']
[2.440s] Level 1:colcon.colcon_core.package_identification:_identify(src/usb_cam-ros2/usb_cam-ros2) by extension 'ignore'
[2.440s] Level 1:colcon.colcon_core.package_identification:_identify(src/usb_cam-ros2/usb_cam-ros2) by extension 'ignore_ament_install'
[2.441s] Level 1:colcon.colcon_core.package_identification:_identify(src/usb_cam-ros2/usb_cam-ros2) by extensions ['colcon_pkg']
[2.441s] Level 1:colcon.colcon_core.package_identification:_identify(src/usb_cam-ros2/usb_cam-ros2) by extension 'colcon_pkg'
[2.442s] Level 1:colcon.colcon_core.package_identification:_identify(src/usb_cam-ros2/usb_cam-ros2) by extensions ['colcon_meta']
[2.442s] Level 1:colcon.colcon_core.package_identification:_identify(src/usb_cam-ros2/usb_cam-ros2) by extension 'colcon_meta'
[2.442s] Level 1:colcon.colcon_core.package_identification:_identify(src/usb_cam-ros2/usb_cam-ros2) by extensions ['ros']
[2.443s] Level 1:colcon.colcon_core.package_identification:_identify(src/usb_cam-ros2/usb_cam-ros2) by extension 'ros'
[2.457s] DEBUG:colcon.colcon_core.package_identification:Package 'src/usb_cam-ros2/usb_cam-ros2' with type 'ros.ament_cmake' and name 'usb_cam'
[2.458s] Level 1:colcon.colcon_core.package_identification:_identify(src/wheeltec_robot_msg) by extensions ['ignore', 'ignore_ament_install']
[2.459s] Level 1:colcon.colcon_core.package_identification:_identify(src/wheeltec_robot_msg) by extension 'ignore'
[2.459s] Level 1:colcon.colcon_core.package_identification:_identify(src/wheeltec_robot_msg) by extension 'ignore_ament_install'
[2.460s] Level 1:colcon.colcon_core.package_identification:_identify(src/wheeltec_robot_msg) by extensions ['colcon_pkg']
[2.460s] Level 1:colcon.colcon_core.package_identification:_identify(src/wheeltec_robot_msg) by extension 'colcon_pkg'
[2.460s] Level 1:colcon.colcon_core.package_identification:_identify(src/wheeltec_robot_msg) by extensions ['colcon_meta']
[2.461s] Level 1:colcon.colcon_core.package_identification:_identify(src/wheeltec_robot_msg) by extension 'colcon_meta'
[2.461s] Level 1:colcon.colcon_core.package_identification:_identify(src/wheeltec_robot_msg) by extensions ['ros']
[2.461s] Level 1:colcon.colcon_core.package_identification:_identify(src/wheeltec_robot_msg) by extension 'ros'
[2.465s] DEBUG:colcon.colcon_core.package_identification:Package 'src/wheeltec_robot_msg' with type 'ros.ament_cmake' and name 'wheeltec_robot_msg'
[2.466s] Level 1:colcon.colcon_core.package_identification:_identify(src/wheeltec_robot_urdf) by extensions ['ignore', 'ignore_ament_install']
[2.467s] Level 1:colcon.colcon_core.package_identification:_identify(src/wheeltec_robot_urdf) by extension 'ignore'
[2.468s] Level 1:colcon.colcon_core.package_identification:_identify(src/wheeltec_robot_urdf) by extension 'ignore_ament_install'
[2.468s] Level 1:colcon.colcon_core.package_identification:_identify(src/wheeltec_robot_urdf) by extensions ['colcon_pkg']
[2.468s] Level 1:colcon.colcon_core.package_identification:_identify(src/wheeltec_robot_urdf) by extension 'colcon_pkg'
[2.469s] Level 1:colcon.colcon_core.package_identification:_identify(src/wheeltec_robot_urdf) by extensions ['colcon_meta']
[2.469s] Level 1:colcon.colcon_core.package_identification:_identify(src/wheeltec_robot_urdf) by extension 'colcon_meta'
[2.470s] Level 1:colcon.colcon_core.package_identification:_identify(src/wheeltec_robot_urdf) by extensions ['ros']
[2.470s] Level 1:colcon.colcon_core.package_identification:_identify(src/wheeltec_robot_urdf) by extension 'ros'
[2.471s] Level 1:colcon.colcon_core.package_identification:_identify(src/wheeltec_robot_urdf) by extensions ['cmake', 'python']
[2.471s] Level 1:colcon.colcon_core.package_identification:_identify(src/wheeltec_robot_urdf) by extension 'cmake'
[2.472s] Level 1:colcon.colcon_core.package_identification:_identify(src/wheeltec_robot_urdf) by extension 'python'
[2.472s] Level 1:colcon.colcon_core.package_identification:_identify(src/wheeltec_robot_urdf) by extensions ['python_setup_py']
[2.472s] Level 1:colcon.colcon_core.package_identification:_identify(src/wheeltec_robot_urdf) by extension 'python_setup_py'
[2.473s] Level 1:colcon.colcon_core.package_identification:_identify(src/wheeltec_robot_urdf/bkwindbot_urdf) by extensions ['ignore', 'ignore_ament_install']
[2.474s] Level 1:colcon.colcon_core.package_identification:_identify(src/wheeltec_robot_urdf/bkwindbot_urdf) by extension 'ignore'
[2.474s] Level 1:colcon.colcon_core.package_identification:_identify(src/wheeltec_robot_urdf/bkwindbot_urdf) by extension 'ignore_ament_install'
[2.475s] Level 1:colcon.colcon_core.package_identification:_identify(src/wheeltec_robot_urdf/bkwindbot_urdf) by extensions ['colcon_pkg']
[2.475s] Level 1:colcon.colcon_core.package_identification:_identify(src/wheeltec_robot_urdf/bkwindbot_urdf) by extension 'colcon_pkg'
[2.475s] Level 1:colcon.colcon_core.package_identification:_identify(src/wheeltec_robot_urdf/bkwindbot_urdf) by extensions ['colcon_meta']
[2.476s] Level 1:colcon.colcon_core.package_identification:_identify(src/wheeltec_robot_urdf/bkwindbot_urdf) by extension 'colcon_meta'
[2.476s] Level 1:colcon.colcon_core.package_identification:_identify(src/wheeltec_robot_urdf/bkwindbot_urdf) by extensions ['ros']
[2.476s] Level 1:colcon.colcon_core.package_identification:_identify(src/wheeltec_robot_urdf/bkwindbot_urdf) by extension 'ros'
[2.480s] DEBUG:colcon.colcon_core.package_identification:Package 'src/wheeltec_robot_urdf/bkwindbot_urdf' with type 'ros.ament_cmake' and name 'bkwindbot_urdf'
[2.481s] Level 1:colcon.colcon_core.package_identification:_identify(src/wheeltec_robot_urdf/wheeltec_robot_urdf) by extensions ['ignore', 'ignore_ament_install']
[2.482s] Level 1:colcon.colcon_core.package_identification:_identify(src/wheeltec_robot_urdf/wheeltec_robot_urdf) by extension 'ignore'
[2.483s] Level 1:colcon.colcon_core.package_identification:_identify(src/wheeltec_robot_urdf/wheeltec_robot_urdf) by extension 'ignore_ament_install'
[2.483s] Level 1:colcon.colcon_core.package_identification:_identify(src/wheeltec_robot_urdf/wheeltec_robot_urdf) by extensions ['colcon_pkg']
[2.483s] Level 1:colcon.colcon_core.package_identification:_identify(src/wheeltec_robot_urdf/wheeltec_robot_urdf) by extension 'colcon_pkg'
[2.484s] Level 1:colcon.colcon_core.package_identification:_identify(src/wheeltec_robot_urdf/wheeltec_robot_urdf) by extensions ['colcon_meta']
[2.484s] Level 1:colcon.colcon_core.package_identification:_identify(src/wheeltec_robot_urdf/wheeltec_robot_urdf) by extension 'colcon_meta'
[2.484s] Level 1:colcon.colcon_core.package_identification:_identify(src/wheeltec_robot_urdf/wheeltec_robot_urdf) by extensions ['ros']
[2.485s] Level 1:colcon.colcon_core.package_identification:_identify(src/wheeltec_robot_urdf/wheeltec_robot_urdf) by extension 'ros'
[2.489s] DEBUG:colcon.colcon_core.package_identification:Package 'src/wheeltec_robot_urdf/wheeltec_robot_urdf' with type 'ros.ament_cmake' and name 'wheeltec_robot_urdf'
[2.489s] Level 1:colcon.colcon_core.package_discovery:discover_packages(recursive) using defaults
[2.490s] Level 1:colcon.colcon_core.package_discovery:discover_packages(ignore) discover
[2.490s] Level 1:colcon.colcon_core.package_discovery:discover_packages(ignore) using defaults
[2.490s] Level 1:colcon.colcon_core.package_discovery:discover_packages(path) discover
[2.490s] Level 1:colcon.colcon_core.package_discovery:discover_packages(path) using defaults
[2.639s] INFO:colcon.colcon_core.package_selection:Skipping not selected package 'bkwindbot_urdf' in 'src/wheeltec_robot_urdf/bkwindbot_urdf'
[2.640s] INFO:colcon.colcon_core.package_selection:Skipping not selected package 'serial' in 'src/serial_ros2'
[2.640s] INFO:colcon.colcon_core.package_selection:Skipping not selected package 'tf2_tools' in 'src/tf2_tools'
[2.640s] INFO:colcon.colcon_core.package_selection:Skipping not selected package 'usb_cam' in 'src/usb_cam-ros2/usb_cam-ros2'
[2.640s] INFO:colcon.colcon_core.package_selection:Skipping not selected package 'wheeltec_robot_msg' in 'src/wheeltec_robot_msg'
[2.640s] INFO:colcon.colcon_core.package_selection:Skipping not selected package 'wheeltec_robot_urdf' in 'src/wheeltec_robot_urdf/wheeltec_robot_urdf'
[2.643s] Level 1:colcon.colcon_core.package_discovery:discover_packages(prefix_path) check parameters
[2.644s] Level 1:colcon.colcon_core.package_discovery:discover_packages(prefix_path) discover
[2.650s] WARNING:colcon.colcon_ros.prefix_path.ament:The path '/home/sunrise/wheeltec_robot_ws/install/image_common' in the environment variable AMENT_PREFIX_PATH doesn't exist
[2.651s] WARNING:colcon.colcon_ros.prefix_path.ament:The path '/home/sunrise/wheeltec_robot_ws/install/image_transport' in the environment variable AMENT_PREFIX_PATH doesn't exist
[2.651s] WARNING:colcon.colcon_ros.prefix_path.ament:The path '/home/sunrise/wheeltec_robot_ws/install/camera_info_manager' in the environment variable AMENT_PREFIX_PATH doesn't exist
[2.652s] WARNING:colcon.colcon_ros.prefix_path.ament:The path '/home/sunrise/wheeltec_robot_ws/install/camera_calibration_parsers' in the environment variable AMENT_PREFIX_PATH doesn't exist
[2.652s] WARNING:colcon.colcon_ros.prefix_path.ament:The path '/home/sunrise/wheeltec_robot_ws/install/astra_camera_msgs' in the environment variable AMENT_PREFIX_PATH doesn't exist
[2.654s] WARNING:colcon.colcon_ros.prefix_path.catkin:The path '/home/sunrise/wheeltec_robot_ws/install/image_common' in the environment variable CMAKE_PREFIX_PATH doesn't exist
[2.655s] WARNING:colcon.colcon_ros.prefix_path.catkin:The path '/home/sunrise/wheeltec_robot_ws/install/image_transport' in the environment variable CMAKE_PREFIX_PATH doesn't exist
[2.655s] WARNING:colcon.colcon_ros.prefix_path.catkin:The path '/home/sunrise/wheeltec_robot_ws/install/camera_info_manager' in the environment variable CMAKE_PREFIX_PATH doesn't exist
[2.656s] WARNING:colcon.colcon_ros.prefix_path.catkin:The path '/home/sunrise/wheeltec_robot_ws/install/camera_calibration_parsers' in the environment variable CMAKE_PREFIX_PATH doesn't exist
[2.657s] WARNING:colcon.colcon_ros.prefix_path.catkin:The path '/home/sunrise/wheeltec_robot_ws/install/astra_camera_msgs' in the environment variable CMAKE_PREFIX_PATH doesn't exist
[2.665s] DEBUG:colcon.colcon_installed_package_information.package_discovery:Found 7 installed packages in /home/sunrise/wheeltec_robot_ws/install
[2.676s] DEBUG:colcon.colcon_installed_package_information.package_discovery:Found 328 installed packages in /opt/ros/humble
[2.702s] Level 1:colcon.colcon_core.package_discovery:discover_packages(prefix_path) using defaults
[3.175s] Level 5:colcon.colcon_core.verb:set package 'turn_on_wheeltec_robot' build argument 'cmake_args' from command line to 'None'
[3.176s] Level 5:colcon.colcon_core.verb:set package 'turn_on_wheeltec_robot' build argument 'cmake_target' from command line to 'None'
[3.176s] Level 5:colcon.colcon_core.verb:set package 'turn_on_wheeltec_robot' build argument 'cmake_target_skip_unavailable' from command line to 'False'
[3.176s] Level 5:colcon.colcon_core.verb:set package 'turn_on_wheeltec_robot' build argument 'cmake_clean_cache' from command line to 'False'
[3.176s] Level 5:colcon.colcon_core.verb:set package 'turn_on_wheeltec_robot' build argument 'cmake_clean_first' from command line to 'False'
[3.176s] Level 5:colcon.colcon_core.verb:set package 'turn_on_wheeltec_robot' build argument 'cmake_force_configure' from command line to 'False'
[3.177s] Level 5:colcon.colcon_core.verb:set package 'turn_on_wheeltec_robot' build argument 'ament_cmake_args' from command line to 'None'
[3.177s] Level 5:colcon.colcon_core.verb:set package 'turn_on_wheeltec_robot' build argument 'catkin_cmake_args' from command line to 'None'
[3.177s] Level 5:colcon.colcon_core.verb:set package 'turn_on_wheeltec_robot' build argument 'catkin_skip_building_tests' from command line to 'False'
[3.177s] DEBUG:colcon.colcon_core.verb:Building package 'turn_on_wheeltec_robot' with the following arguments: {'ament_cmake_args': None, 'build_base': '/home/sunrise/wheeltec_robot_ws/build/turn_on_wheeltec_robot', 'catkin_cmake_args': None, 'catkin_skip_building_tests': False, 'cmake_args': None, 'cmake_clean_cache': False, 'cmake_clean_first': False, 'cmake_force_configure': False, 'cmake_target': None, 'cmake_target_skip_unavailable': False, 'install_base': '/home/sunrise/wheeltec_robot_ws/install/turn_on_wheeltec_robot', 'merge_install': False, 'path': '/home/sunrise/wheeltec_robot_ws/src/turn_on_wheeltec_robot', 'symlink_install': False, 'test_result_base': None}
[3.179s] INFO:colcon.colcon_core.executor:Executing jobs using 'parallel' executor
[3.185s] DEBUG:colcon.colcon_parallel_executor.executor.parallel:run_until_complete
[3.186s] INFO:colcon.colcon_ros.task.ament_cmake.build:Building ROS package in '/home/sunrise/wheeltec_robot_ws/src/turn_on_wheeltec_robot' with build type 'ament_cmake'
[3.187s] INFO:colcon.colcon_cmake.task.cmake.build:Building CMake package in '/home/sunrise/wheeltec_robot_ws/src/turn_on_wheeltec_robot'
[3.203s] INFO:colcon.colcon_core.plugin_system:Skipping extension 'colcon_core.shell.bat': Not used on non-Windows systems
[3.204s] INFO:colcon.colcon_core.shell:Skip shell extension 'powershell' for command environment: Not usable outside of PowerShell
[3.204s] DEBUG:colcon.colcon_core.shell:Skip shell extension 'dsv' for command environment
[3.271s] DEBUG:colcon.colcon_core.event_handler.log_command:Invoking command in '/home/sunrise/wheeltec_robot_ws/build/turn_on_wheeltec_robot': CMAKE_PREFIX_PATH=/home/sunrise/wheeltec_robot_ws/install/wheeltec_robot_msg:/home/sunrise/wheeltec_robot_ws/install/serial:/home/sunrise/wheeltec_robot_ws/install/usb_cam:/home/sunrise/wheeltec_robot_ws/install/image_common:/home/sunrise/wheeltec_robot_ws/install/image_transport:/home/sunrise/wheeltec_robot_ws/install/camera_info_manager:/home/sunrise/wheeltec_robot_ws/install/camera_calibration_parsers:/home/sunrise/wheeltec_robot_ws/install/astra_camera_msgs:/home/sunrise/wheeltec_robot_ws/install/wheeltec_robot_urdf:/home/sunrise/wheeltec_robot_ws/install/turn_on_wheeltec_robot:/home/sunrise/wheeltec_robot_ws/install/bkwindbot_urdf:/home/sunrise/wheeltec_robot_ws/install/tf2_tools:/opt/ros/humble LD_LIBRARY_PATH=/home/sunrise/wheeltec_robot_ws/install/wheeltec_robot_msg/lib:/home/sunrise/wheeltec_robot_ws/install/usb_cam/lib:/home/sunrise/wheeltec_robot_ws/install/image_transport/lib:/home/sunrise/wheeltec_robot_ws/install/camera_info_manager/lib:/home/sunrise/wheeltec_robot_ws/install/camera_calibration_parsers/lib:/home/sunrise/wheeltec_robot_ws/install/astra_camera_msgs/lib:/home/sunrise/wheeltec_robot_ws/install/turn_on_wheeltec_robot/lib:/home/sunrise/wheeltec_robot_ws/install/serial/lib:/opt/ros/humble/opt/rviz_ogre_vendor/lib:/opt/ros/humble/lib/aarch64-linux-gnu:/opt/ros/humble/lib /usr/bin/cmake --build /home/sunrise/wheeltec_robot_ws/build/turn_on_wheeltec_robot -- -j4 -l4
[6.017s] DEBUG:colcon.colcon_core.event_handler.log_command:Invoked command in '/home/sunrise/wheeltec_robot_ws/build/turn_on_wheeltec_robot' returned '0': CMAKE_PREFIX_PATH=/home/sunrise/wheeltec_robot_ws/install/wheeltec_robot_msg:/home/sunrise/wheeltec_robot_ws/install/serial:/home/sunrise/wheeltec_robot_ws/install/usb_cam:/home/sunrise/wheeltec_robot_ws/install/image_common:/home/sunrise/wheeltec_robot_ws/install/image_transport:/home/sunrise/wheeltec_robot_ws/install/camera_info_manager:/home/sunrise/wheeltec_robot_ws/install/camera_calibration_parsers:/home/sunrise/wheeltec_robot_ws/install/astra_camera_msgs:/home/sunrise/wheeltec_robot_ws/install/wheeltec_robot_urdf:/home/sunrise/wheeltec_robot_ws/install/turn_on_wheeltec_robot:/home/sunrise/wheeltec_robot_ws/install/bkwindbot_urdf:/home/sunrise/wheeltec_robot_ws/install/tf2_tools:/opt/ros/humble LD_LIBRARY_PATH=/home/sunrise/wheeltec_robot_ws/install/wheeltec_robot_msg/lib:/home/sunrise/wheeltec_robot_ws/install/usb_cam/lib:/home/sunrise/wheeltec_robot_ws/install/image_transport/lib:/home/sunrise/wheeltec_robot_ws/install/camera_info_manager/lib:/home/sunrise/wheeltec_robot_ws/install/camera_calibration_parsers/lib:/home/sunrise/wheeltec_robot_ws/install/astra_camera_msgs/lib:/home/sunrise/wheeltec_robot_ws/install/turn_on_wheeltec_robot/lib:/home/sunrise/wheeltec_robot_ws/install/serial/lib:/opt/ros/humble/opt/rviz_ogre_vendor/lib:/opt/ros/humble/lib/aarch64-linux-gnu:/opt/ros/humble/lib /usr/bin/cmake --build /home/sunrise/wheeltec_robot_ws/build/turn_on_wheeltec_robot -- -j4 -l4
[6.274s] DEBUG:colcon.colcon_core.event_handler.log_command:Invoking command in '/home/sunrise/wheeltec_robot_ws/build/turn_on_wheeltec_robot': CMAKE_PREFIX_PATH=/home/sunrise/wheeltec_robot_ws/install/wheeltec_robot_msg:/home/sunrise/wheeltec_robot_ws/install/serial:/home/sunrise/wheeltec_robot_ws/install/usb_cam:/home/sunrise/wheeltec_robot_ws/install/image_common:/home/sunrise/wheeltec_robot_ws/install/image_transport:/home/sunrise/wheeltec_robot_ws/install/camera_info_manager:/home/sunrise/wheeltec_robot_ws/install/camera_calibration_parsers:/home/sunrise/wheeltec_robot_ws/install/astra_camera_msgs:/home/sunrise/wheeltec_robot_ws/install/wheeltec_robot_urdf:/home/sunrise/wheeltec_robot_ws/install/turn_on_wheeltec_robot:/home/sunrise/wheeltec_robot_ws/install/bkwindbot_urdf:/home/sunrise/wheeltec_robot_ws/install/tf2_tools:/opt/ros/humble LD_LIBRARY_PATH=/home/sunrise/wheeltec_robot_ws/install/wheeltec_robot_msg/lib:/home/sunrise/wheeltec_robot_ws/install/usb_cam/lib:/home/sunrise/wheeltec_robot_ws/install/image_transport/lib:/home/sunrise/wheeltec_robot_ws/install/camera_info_manager/lib:/home/sunrise/wheeltec_robot_ws/install/camera_calibration_parsers/lib:/home/sunrise/wheeltec_robot_ws/install/astra_camera_msgs/lib:/home/sunrise/wheeltec_robot_ws/install/turn_on_wheeltec_robot/lib:/home/sunrise/wheeltec_robot_ws/install/serial/lib:/opt/ros/humble/opt/rviz_ogre_vendor/lib:/opt/ros/humble/lib/aarch64-linux-gnu:/opt/ros/humble/lib /usr/bin/cmake --install /home/sunrise/wheeltec_robot_ws/build/turn_on_wheeltec_robot
[6.638s] Level 1:colcon.colcon_core.environment:create_environment_scripts_only(turn_on_wheeltec_robot)
[6.681s] Level 1:colcon.colcon_core.environment:checking '/home/sunrise/wheeltec_robot_ws/install/turn_on_wheeltec_robot' for CMake module files
[6.687s] DEBUG:colcon.colcon_core.event_handler.log_command:Invoked command in '/home/sunrise/wheeltec_robot_ws/build/turn_on_wheeltec_robot' returned '0': CMAKE_PREFIX_PATH=/home/sunrise/wheeltec_robot_ws/install/wheeltec_robot_msg:/home/sunrise/wheeltec_robot_ws/install/serial:/home/sunrise/wheeltec_robot_ws/install/usb_cam:/home/sunrise/wheeltec_robot_ws/install/image_common:/home/sunrise/wheeltec_robot_ws/install/image_transport:/home/sunrise/wheeltec_robot_ws/install/camera_info_manager:/home/sunrise/wheeltec_robot_ws/install/camera_calibration_parsers:/home/sunrise/wheeltec_robot_ws/install/astra_camera_msgs:/home/sunrise/wheeltec_robot_ws/install/wheeltec_robot_urdf:/home/sunrise/wheeltec_robot_ws/install/turn_on_wheeltec_robot:/home/sunrise/wheeltec_robot_ws/install/bkwindbot_urdf:/home/sunrise/wheeltec_robot_ws/install/tf2_tools:/opt/ros/humble LD_LIBRARY_PATH=/home/sunrise/wheeltec_robot_ws/install/wheeltec_robot_msg/lib:/home/sunrise/wheeltec_robot_ws/install/usb_cam/lib:/home/sunrise/wheeltec_robot_ws/install/image_transport/lib:/home/sunrise/wheeltec_robot_ws/install/camera_info_manager/lib:/home/sunrise/wheeltec_robot_ws/install/camera_calibration_parsers/lib:/home/sunrise/wheeltec_robot_ws/install/astra_camera_msgs/lib:/home/sunrise/wheeltec_robot_ws/install/turn_on_wheeltec_robot/lib:/home/sunrise/wheeltec_robot_ws/install/serial/lib:/opt/ros/humble/opt/rviz_ogre_vendor/lib:/opt/ros/humble/lib/aarch64-linux-gnu:/opt/ros/humble/lib /usr/bin/cmake --install /home/sunrise/wheeltec_robot_ws/build/turn_on_wheeltec_robot
[6.690s] Level 1:colcon.colcon_core.environment:checking '/home/sunrise/wheeltec_robot_ws/install/turn_on_wheeltec_robot' for CMake config files
[6.693s] Level 1:colcon.colcon_core.shell:create_environment_hook('turn_on_wheeltec_robot', 'cmake_prefix_path')
[6.695s] INFO:colcon.colcon_core.shell:Creating environment hook '/home/sunrise/wheeltec_robot_ws/install/turn_on_wheeltec_robot/share/turn_on_wheeltec_robot/hook/cmake_prefix_path.ps1'
[6.698s] INFO:colcon.colcon_core.shell:Creating environment descriptor '/home/sunrise/wheeltec_robot_ws/install/turn_on_wheeltec_robot/share/turn_on_wheeltec_robot/hook/cmake_prefix_path.dsv'
[6.702s] INFO:colcon.colcon_core.shell:Creating environment hook '/home/sunrise/wheeltec_robot_ws/install/turn_on_wheeltec_robot/share/turn_on_wheeltec_robot/hook/cmake_prefix_path.sh'
[6.709s] Level 1:colcon.colcon_core.environment:checking '/home/sunrise/wheeltec_robot_ws/install/turn_on_wheeltec_robot/lib'
[6.710s] Level 1:colcon.colcon_core.shell:create_environment_hook('turn_on_wheeltec_robot', 'ld_library_path_lib')
[6.712s] INFO:colcon.colcon_core.shell:Creating environment hook '/home/sunrise/wheeltec_robot_ws/install/turn_on_wheeltec_robot/share/turn_on_wheeltec_robot/hook/ld_library_path_lib.ps1'
[6.715s] INFO:colcon.colcon_core.shell:Creating environment descriptor '/home/sunrise/wheeltec_robot_ws/install/turn_on_wheeltec_robot/share/turn_on_wheeltec_robot/hook/ld_library_path_lib.dsv'
[6.717s] INFO:colcon.colcon_core.shell:Creating environment hook '/home/sunrise/wheeltec_robot_ws/install/turn_on_wheeltec_robot/share/turn_on_wheeltec_robot/hook/ld_library_path_lib.sh'
[6.719s] Level 1:colcon.colcon_core.environment:checking '/home/sunrise/wheeltec_robot_ws/install/turn_on_wheeltec_robot/bin'
[6.720s] Level 1:colcon.colcon_core.environment:checking '/home/sunrise/wheeltec_robot_ws/install/turn_on_wheeltec_robot/lib/pkgconfig/turn_on_wheeltec_robot.pc'
[6.722s] Level 1:colcon.colcon_core.environment:checking '/home/sunrise/wheeltec_robot_ws/install/turn_on_wheeltec_robot/lib/python3.10/site-packages'
[6.724s] Level 1:colcon.colcon_core.environment:checking '/home/sunrise/wheeltec_robot_ws/install/turn_on_wheeltec_robot/bin'
[6.727s] INFO:colcon.colcon_core.shell:Creating package script '/home/sunrise/wheeltec_robot_ws/install/turn_on_wheeltec_robot/share/turn_on_wheeltec_robot/package.ps1'
[6.733s] INFO:colcon.colcon_core.shell:Creating package descriptor '/home/sunrise/wheeltec_robot_ws/install/turn_on_wheeltec_robot/share/turn_on_wheeltec_robot/package.dsv'
[6.737s] INFO:colcon.colcon_core.shell:Creating package script '/home/sunrise/wheeltec_robot_ws/install/turn_on_wheeltec_robot/share/turn_on_wheeltec_robot/package.sh'
[6.743s] INFO:colcon.colcon_core.shell:Creating package script '/home/sunrise/wheeltec_robot_ws/install/turn_on_wheeltec_robot/share/turn_on_wheeltec_robot/package.bash'
[6.749s] INFO:colcon.colcon_core.shell:Creating package script '/home/sunrise/wheeltec_robot_ws/install/turn_on_wheeltec_robot/share/turn_on_wheeltec_robot/package.zsh'
[6.755s] Level 1:colcon.colcon_core.environment:create_file_with_runtime_dependencies(/home/sunrise/wheeltec_robot_ws/install/turn_on_wheeltec_robot/share/colcon-core/packages/turn_on_wheeltec_robot)
[6.957s] Level 1:colcon.colcon_core.environment:create_environment_scripts_only(turn_on_wheeltec_robot)
[6.959s] Level 1:colcon.colcon_core.environment:checking '/home/sunrise/wheeltec_robot_ws/install/turn_on_wheeltec_robot' for CMake module files
[6.965s] Level 1:colcon.colcon_core.environment:checking '/home/sunrise/wheeltec_robot_ws/install/turn_on_wheeltec_robot' for CMake config files
[6.967s] Level 1:colcon.colcon_core.shell:create_environment_hook('turn_on_wheeltec_robot', 'cmake_prefix_path')
[6.969s] INFO:colcon.colcon_core.shell:Creating environment hook '/home/sunrise/wheeltec_robot_ws/install/turn_on_wheeltec_robot/share/turn_on_wheeltec_robot/hook/cmake_prefix_path.ps1'
[6.971s] INFO:colcon.colcon_core.shell:Creating environment descriptor '/home/sunrise/wheeltec_robot_ws/install/turn_on_wheeltec_robot/share/turn_on_wheeltec_robot/hook/cmake_prefix_path.dsv'
[6.973s] INFO:colcon.colcon_core.shell:Creating environment hook '/home/sunrise/wheeltec_robot_ws/install/turn_on_wheeltec_robot/share/turn_on_wheeltec_robot/hook/cmake_prefix_path.sh'
[6.977s] Level 1:colcon.colcon_core.environment:checking '/home/sunrise/wheeltec_robot_ws/install/turn_on_wheeltec_robot/lib'
[6.978s] Level 1:colcon.colcon_core.shell:create_environment_hook('turn_on_wheeltec_robot', 'ld_library_path_lib')
[6.980s] INFO:colcon.colcon_core.shell:Creating environment hook '/home/sunrise/wheeltec_robot_ws/install/turn_on_wheeltec_robot/share/turn_on_wheeltec_robot/hook/ld_library_path_lib.ps1'
[6.982s] INFO:colcon.colcon_core.shell:Creating environment descriptor '/home/sunrise/wheeltec_robot_ws/install/turn_on_wheeltec_robot/share/turn_on_wheeltec_robot/hook/ld_library_path_lib.dsv'
[6.985s] INFO:colcon.colcon_core.shell:Creating environment hook '/home/sunrise/wheeltec_robot_ws/install/turn_on_wheeltec_robot/share/turn_on_wheeltec_robot/hook/ld_library_path_lib.sh'
[6.987s] Level 1:colcon.colcon_core.environment:checking '/home/sunrise/wheeltec_robot_ws/install/turn_on_wheeltec_robot/bin'
[6.988s] Level 1:colcon.colcon_core.environment:checking '/home/sunrise/wheeltec_robot_ws/install/turn_on_wheeltec_robot/lib/pkgconfig/turn_on_wheeltec_robot.pc'
[6.990s] Level 1:colcon.colcon_core.environment:checking '/home/sunrise/wheeltec_robot_ws/install/turn_on_wheeltec_robot/lib/python3.10/site-packages'
[6.992s] Level 1:colcon.colcon_core.environment:checking '/home/sunrise/wheeltec_robot_ws/install/turn_on_wheeltec_robot/bin'
[6.995s] INFO:colcon.colcon_core.shell:Creating package script '/home/sunrise/wheeltec_robot_ws/install/turn_on_wheeltec_robot/share/turn_on_wheeltec_robot/package.ps1'
[6.999s] INFO:colcon.colcon_core.shell:Creating package descriptor '/home/sunrise/wheeltec_robot_ws/install/turn_on_wheeltec_robot/share/turn_on_wheeltec_robot/package.dsv'
[7.002s] INFO:colcon.colcon_core.shell:Creating package script '/home/sunrise/wheeltec_robot_ws/install/turn_on_wheeltec_robot/share/turn_on_wheeltec_robot/package.sh'
[7.006s] INFO:colcon.colcon_core.shell:Creating package script '/home/sunrise/wheeltec_robot_ws/install/turn_on_wheeltec_robot/share/turn_on_wheeltec_robot/package.bash'
[7.008s] INFO:colcon.colcon_core.shell:Creating package script '/home/sunrise/wheeltec_robot_ws/install/turn_on_wheeltec_robot/share/turn_on_wheeltec_robot/package.zsh'
[7.012s] Level 1:colcon.colcon_core.environment:create_file_with_runtime_dependencies(/home/sunrise/wheeltec_robot_ws/install/turn_on_wheeltec_robot/share/colcon-core/packages/turn_on_wheeltec_robot)
[7.014s] DEBUG:colcon.colcon_parallel_executor.executor.parallel:closing loop
[7.015s] DEBUG:colcon.colcon_parallel_executor.executor.parallel:loop closed
[7.016s] DEBUG:colcon.colcon_parallel_executor.executor.parallel:run_until_complete finished with '0'
[7.016s] DEBUG:colcon.colcon_core.event_reactor:joining thread
[7.049s] INFO:colcon.colcon_core.plugin_system:Skipping extension 'colcon_notification.desktop_notification.notify_send': Could not find 'notify-send'
[7.050s] INFO:colcon.colcon_core.plugin_system:Skipping extension 'colcon_notification.desktop_notification.terminal_notifier': Not used on non-Darwin systems
[7.051s] INFO:colcon.colcon_core.plugin_system:Skipping extension 'colcon_notification.desktop_notification.win32': Not used on non-Windows systems
[7.051s] INFO:colcon.colcon_notification.desktop_notification:Sending desktop notification using 'notify2'
[7.074s] DEBUG:colcon.colcon_core.event_reactor:joined thread
[7.076s] INFO:colcon.colcon_core.shell:Creating prefix script '/home/sunrise/wheeltec_robot_ws/install/local_setup.ps1'
[7.083s] INFO:colcon.colcon_core.shell:Creating prefix util module '/home/sunrise/wheeltec_robot_ws/install/_local_setup_util_ps1.py'
[7.095s] INFO:colcon.colcon_core.shell:Creating prefix chain script '/home/sunrise/wheeltec_robot_ws/install/setup.ps1'
[7.104s] INFO:colcon.colcon_core.shell:Creating prefix script '/home/sunrise/wheeltec_robot_ws/install/local_setup.sh'
[7.109s] INFO:colcon.colcon_core.shell:Creating prefix util module '/home/sunrise/wheeltec_robot_ws/install/_local_setup_util_sh.py'
[7.112s] INFO:colcon.colcon_core.shell:Creating prefix chain script '/home/sunrise/wheeltec_robot_ws/install/setup.sh'
[7.121s] INFO:colcon.colcon_core.shell:Creating prefix script '/home/sunrise/wheeltec_robot_ws/install/local_setup.bash'
[7.125s] INFO:colcon.colcon_core.shell:Creating prefix chain script '/home/sunrise/wheeltec_robot_ws/install/setup.bash'
[7.133s] INFO:colcon.colcon_core.shell:Creating prefix script '/home/sunrise/wheeltec_robot_ws/install/local_setup.zsh'
[7.137s] INFO:colcon.colcon_core.shell:Creating prefix chain script '/home/sunrise/wheeltec_robot_ws/install/setup.zsh'
