[0.082s] Invoking command in '/home/sunrise/wheeltec_robot_ws/build/usb_cam': CMAKE_PREFIX_PATH=${CMAKE_PREFIX_PATH}:/home/sunrise/wheeltec_robot_ws/install/tf2_tools:/opt/ros/humble /usr/bin/cmake --build /home/sunrise/wheeltec_robot_ws/build/usb_cam -- -j4 -l4
[0.288s] [35m[1mConsolidate compiler generated dependencies of target usb_cam[0m
[0.308s] [35m[1mConsolidate compiler generated dependencies of target gtest[0m
[0.350s] [  7%] [32mBuilding CXX object CMakeFiles/usb_cam_node_exe.dir/rclcpp_components/node_main_usb_cam_node_exe.cpp.o[0m
[0.359s] [ 14%] [32mBuilding CXX object gtest/CMakeFiles/gtest_main.dir/src/gtest_main.cc.o[0m
[0.404s] [ 28%] Built target usb_cam
[0.433s] [ 42%] Built target gtest
[0.557s] [ 50%] [32mBuilding CXX object CMakeFiles/usb_cam_node.dir/src/usb_cam_node.cpp.o[0m
[1.133s] In file included from [01m[K/home/sunrise/wheeltec_robot_ws/src/usb_cam-ros2/usb_cam-ros2/src/usb_cam_node.cpp:34[m[K:
[1.138s] [01m[K/home/sunrise/wheeltec_robot_ws/src/usb_cam-ros2/usb_cam-ros2/include/usb_cam/usb_cam_node.hpp:38:10:[m[K [01;31m[Kfatal error: [m[Kcamera_info_manager/camera_info_manager.hpp: æ²¡æœ‰é‚£ä¸ªæ–‡ä»¶æˆ–ç›®å½•
[1.145s]    38 | #include [01;31m[K"camera_info_manager/camera_info_manager.hpp"[m[K
[1.148s]       |          [01;31m[K^~~~~~~~~~~~~~~~~~~~~~~~~~~~~~~~~~~~~~~~~~~~~[m[K
[1.149s] compilation terminated.
[1.150s] gmake[2]: *** [CMakeFiles/usb_cam_node.dir/build.make:76ï¼šCMakeFiles/usb_cam_node.dir/src/usb_cam_node.cpp.o] é”™è¯¯ 1
[1.157s] gmake[1]: *** [CMakeFiles/Makefile2:189ï¼šCMakeFiles/usb_cam_node.dir/all] é”™è¯¯ 2
[1.158s] gmake[1]: *** æ­£åœ¨ç­‰å¾…æœªå®Œæˆçš„ä»»åŠ¡....
[5.825s] [ 57%] [32m[1mLinking CXX static library libgtest_main.a[0m
[5.971s] [ 57%] Built target gtest_main
[25.938s] [ 64%] [32m[1mLinking CXX executable usb_cam_node_exe[0m
[26.991s] [ 64%] Built target usb_cam_node_exe
[26.998s] gmake: *** [Makefile:146ï¼šall] é”™è¯¯ 2
[27.011s] Invoked command in '/home/sunrise/wheeltec_robot_ws/build/usb_cam' returned '2': CMAKE_PREFIX_PATH=${CMAKE_PREFIX_PATH}:/home/sunrise/wheeltec_robot_ws/install/tf2_tools:/opt/ros/humble /usr/bin/cmake --build /home/sunrise/wheeltec_robot_ws/build/usb_cam -- -j4 -l4
