[10.532s] Invoking command in '/home/sunrise/wheeltec_robot_ws/src/tf2_tools': PYTHONPATH=/home/sunrise/wheeltec_robot_ws/build/tf2_tools/prefix_override:/usr/lib/python3/dist-packages/colcon_core/task/python/colcon_distutils_commands:/home/sunrise/wheeltec_robot_ws/install/tf2_tools/lib/python3.10/site-packages:${PYTHONPATH} /usr/bin/python3 -W ignore:setup.py install is deprecated setup.py egg_info --egg-base ../../build/tf2_tools build --build-base /home/sunrise/wheeltec_robot_ws/build/tf2_tools/build install --record /home/sunrise/wheeltec_robot_ws/build/tf2_tools/install.log --single-version-externally-managed install_data
[14.083s] running egg_info
[14.092s] writing ../../build/tf2_tools/tf2_tools.egg-info/PKG-INFO
[14.096s] writing dependency_links to ../../build/tf2_tools/tf2_tools.egg-info/dependency_links.txt
[14.099s] writing entry points to ../../build/tf2_tools/tf2_tools.egg-info/entry_points.txt
[14.102s] writing requirements to ../../build/tf2_tools/tf2_tools.egg-info/requires.txt
[14.104s] writing top-level names to ../../build/tf2_tools/tf2_tools.egg-info/top_level.txt
[14.124s] reading manifest file '../../build/tf2_tools/tf2_tools.egg-info/SOURCES.txt'
[14.135s] writing manifest file '../../build/tf2_tools/tf2_tools.egg-info/SOURCES.txt'
[14.138s] running build
[14.140s] running build_py
[14.144s] running install
[14.148s] running install_lib
[14.162s] running install_data
[14.165s] running install_egg_info
[14.183s] removing '/home/sunrise/wheeltec_robot_ws/install/tf2_tools/lib/python3.10/site-packages/tf2_tools-0.17.1-py3.10.egg-info' (and everything under it)
[14.187s] Copying ../../build/tf2_tools/tf2_tools.egg-info to /home/sunrise/wheeltec_robot_ws/install/tf2_tools/lib/python3.10/site-packages/tf2_tools-0.17.1-py3.10.egg-info
[14.206s] running install_scripts
[14.459s] Installing view_frames script to /home/sunrise/wheeltec_robot_ws/install/tf2_tools/lib/tf2_tools
[14.473s] writing list of installed files to '/home/sunrise/wheeltec_robot_ws/build/tf2_tools/install.log'
[14.878s] Invoked command in '/home/sunrise/wheeltec_robot_ws/src/tf2_tools' returned '0': PYTHONPATH=/home/sunrise/wheeltec_robot_ws/build/tf2_tools/prefix_override:/usr/lib/python3/dist-packages/colcon_core/task/python/colcon_distutils_commands:/home/sunrise/wheeltec_robot_ws/install/tf2_tools/lib/python3.10/site-packages:${PYTHONPATH} /usr/bin/python3 -W ignore:setup.py install is deprecated setup.py egg_info --egg-base ../../build/tf2_tools build --build-base /home/sunrise/wheeltec_robot_ws/build/tf2_tools/build install --record /home/sunrise/wheeltec_robot_ws/build/tf2_tools/install.log --single-version-externally-managed install_data
