[0.062s] Invoking command in '/home/sunrise/wheeltec_robot_ws/build/wheeltec_robot_rtab': CMAKE_PREFIX_PATH=${CMAKE_PREFIX_PATH}:/home/sunrise/wheeltec_robot_ws/install/simple_follower_ros2:/home/sunrise/wheeltec_robot_ws/install/wheeltec_robot_keyboard:/home/sunrise/wheeltec_robot_ws/install/tf2_tools:/opt/ros/humble /usr/bin/cmake /home/sunrise/wheeltec_robot_ws/src/wheeltec_robot_rtab -DCMAKE_INSTALL_PREFIX=/home/sunrise/wheeltec_robot_ws/install/wheeltec_robot_rtab
[0.613s] -- The C compiler identification is GNU 11.2.0
[0.958s] -- The CXX compiler identification is GNU 11.2.0
[1.000s] -- Detecting C compiler ABI info
[1.376s] -- Detecting C compiler ABI info - done
[1.439s] -- Check for working C compiler: /usr/bin/cc - skipped
[1.441s] -- Detecting C compile features
[1.444s] -- Detecting C compile features - done
[1.465s] -- Detecting CXX compiler ABI info
[1.879s] -- Detecting CXX compiler ABI info - done
[1.943s] -- Check for working CXX compiler: /usr/bin/c++ - skipped
[1.945s] -- Detecting CXX compile features
[1.948s] -- Detecting CXX compile features - done
[1.970s] -- Found ament_cmake: 1.3.9 (/opt/ros/humble/share/ament_cmake/cmake)
[3.195s] -- Found Python3: /usr/bin/python3 (found version "3.10.12") found components: Interpreter 
[3.979s] -- Found ament_lint_auto: 0.12.11 (/opt/ros/humble/share/ament_lint_auto/cmake)
[4.667s] -- Added test 'copyright' to check source files copyright and LICENSE
[4.680s] -- Added test 'flake8' to check Python code syntax and style conventions
[4.686s] -- Added test 'lint_cmake' to check CMake code style
[4.691s] -- Added test 'pep257' to check Python code against some of the docstring style conventions in PEP 257
[4.699s] -- Added test 'xmllint' to check XML markup files
[4.711s] -- Configuring done
[4.729s] -- Generating done
[4.732s] -- Build files have been written to: /home/sunrise/wheeltec_robot_ws/build/wheeltec_robot_rtab
[4.758s] Invoked command in '/home/sunrise/wheeltec_robot_ws/build/wheeltec_robot_rtab' returned '0': CMAKE_PREFIX_PATH=${CMAKE_PREFIX_PATH}:/home/sunrise/wheeltec_robot_ws/install/simple_follower_ros2:/home/sunrise/wheeltec_robot_ws/install/wheeltec_robot_keyboard:/home/sunrise/wheeltec_robot_ws/install/tf2_tools:/opt/ros/humble /usr/bin/cmake /home/sunrise/wheeltec_robot_ws/src/wheeltec_robot_rtab -DCMAKE_INSTALL_PREFIX=/home/sunrise/wheeltec_robot_ws/install/wheeltec_robot_rtab
[4.769s] Invoking command in '/home/sunrise/wheeltec_robot_ws/build/wheeltec_robot_rtab': CMAKE_PREFIX_PATH=${CMAKE_PREFIX_PATH}:/home/sunrise/wheeltec_robot_ws/install/simple_follower_ros2:/home/sunrise/wheeltec_robot_ws/install/wheeltec_robot_keyboard:/home/sunrise/wheeltec_robot_ws/install/tf2_tools:/opt/ros/humble /usr/bin/cmake --build /home/sunrise/wheeltec_robot_ws/build/wheeltec_robot_rtab -- -j4 -l4
[4.928s] Invoked command in '/home/sunrise/wheeltec_robot_ws/build/wheeltec_robot_rtab' returned '0': CMAKE_PREFIX_PATH=${CMAKE_PREFIX_PATH}:/home/sunrise/wheeltec_robot_ws/install/simple_follower_ros2:/home/sunrise/wheeltec_robot_ws/install/wheeltec_robot_keyboard:/home/sunrise/wheeltec_robot_ws/install/tf2_tools:/opt/ros/humble /usr/bin/cmake --build /home/sunrise/wheeltec_robot_ws/build/wheeltec_robot_rtab -- -j4 -l4
[5.063s] Invoking command in '/home/sunrise/wheeltec_robot_ws/build/wheeltec_robot_rtab': CMAKE_PREFIX_PATH=${CMAKE_PREFIX_PATH}:/home/sunrise/wheeltec_robot_ws/install/simple_follower_ros2:/home/sunrise/wheeltec_robot_ws/install/wheeltec_robot_keyboard:/home/sunrise/wheeltec_robot_ws/install/tf2_tools:/opt/ros/humble /usr/bin/cmake --install /home/sunrise/wheeltec_robot_ws/build/wheeltec_robot_rtab
[5.094s] -- Install configuration: ""
[5.095s] -- Installing: /home/sunrise/wheeltec_robot_ws/install/wheeltec_robot_rtab/share/wheeltec_robot_rtab/launch
[5.097s] -- Installing: /home/sunrise/wheeltec_robot_ws/install/wheeltec_robot_rtab/share/wheeltec_robot_rtab/launch/wheeltec_nav2_rtab.launch.py
[5.098s] -- Installing: /home/sunrise/wheeltec_robot_ws/install/wheeltec_robot_rtab/share/wheeltec_robot_rtab/launch/rtabmap_localization.launch.py
[5.098s] -- Installing: /home/sunrise/wheeltec_robot_ws/install/wheeltec_robot_rtab/share/wheeltec_robot_rtab/launch/wheeltec_slam_rtab.launch.py
[5.099s] -- Installing: /home/sunrise/wheeltec_robot_ws/install/wheeltec_robot_rtab/share/wheeltec_robot_rtab/params
[5.100s] -- Installing: /home/sunrise/wheeltec_robot_ws/install/wheeltec_robot_rtab/share/wheeltec_robot_rtab/params/rtabmap_nav_params.yaml
[5.101s] -- Installing: /home/sunrise/wheeltec_robot_ws/install/wheeltec_robot_rtab/share/ament_index/resource_index/package_run_dependencies/wheeltec_robot_rtab
[5.102s] -- Installing: /home/sunrise/wheeltec_robot_ws/install/wheeltec_robot_rtab/share/ament_index/resource_index/parent_prefix_path/wheeltec_robot_rtab
[5.103s] -- Installing: /home/sunrise/wheeltec_robot_ws/install/wheeltec_robot_rtab/share/wheeltec_robot_rtab/environment/ament_prefix_path.sh
[5.104s] -- Installing: /home/sunrise/wheeltec_robot_ws/install/wheeltec_robot_rtab/share/wheeltec_robot_rtab/environment/ament_prefix_path.dsv
[5.105s] -- Installing: /home/sunrise/wheeltec_robot_ws/install/wheeltec_robot_rtab/share/wheeltec_robot_rtab/environment/path.sh
[5.106s] -- Installing: /home/sunrise/wheeltec_robot_ws/install/wheeltec_robot_rtab/share/wheeltec_robot_rtab/environment/path.dsv
[5.107s] -- Installing: /home/sunrise/wheeltec_robot_ws/install/wheeltec_robot_rtab/share/wheeltec_robot_rtab/local_setup.bash
[5.108s] -- Installing: /home/sunrise/wheeltec_robot_ws/install/wheeltec_robot_rtab/share/wheeltec_robot_rtab/local_setup.sh
[5.109s] -- Installing: /home/sunrise/wheeltec_robot_ws/install/wheeltec_robot_rtab/share/wheeltec_robot_rtab/local_setup.zsh
[5.110s] -- Installing: /home/sunrise/wheeltec_robot_ws/install/wheeltec_robot_rtab/share/wheeltec_robot_rtab/local_setup.dsv
[5.111s] -- Installing: /home/sunrise/wheeltec_robot_ws/install/wheeltec_robot_rtab/share/wheeltec_robot_rtab/package.dsv
[5.112s] -- Installing: /home/sunrise/wheeltec_robot_ws/install/wheeltec_robot_rtab/share/ament_index/resource_index/packages/wheeltec_robot_rtab
[5.113s] -- Installing: /home/sunrise/wheeltec_robot_ws/install/wheeltec_robot_rtab/share/wheeltec_robot_rtab/cmake/wheeltec_robot_rtabConfig.cmake
[5.114s] -- Installing: /home/sunrise/wheeltec_robot_ws/install/wheeltec_robot_rtab/share/wheeltec_robot_rtab/cmake/wheeltec_robot_rtabConfig-version.cmake
[5.115s] -- Installing: /home/sunrise/wheeltec_robot_ws/install/wheeltec_robot_rtab/share/wheeltec_robot_rtab/package.xml
[5.122s] Invoked command in '/home/sunrise/wheeltec_robot_ws/build/wheeltec_robot_rtab' returned '0': CMAKE_PREFIX_PATH=${CMAKE_PREFIX_PATH}:/home/sunrise/wheeltec_robot_ws/install/simple_follower_ros2:/home/sunrise/wheeltec_robot_ws/install/wheeltec_robot_keyboard:/home/sunrise/wheeltec_robot_ws/install/tf2_tools:/opt/ros/humble /usr/bin/cmake --install /home/sunrise/wheeltec_robot_ws/build/wheeltec_robot_rtab
