[7.098s] Invoking command in '/home/sunrise/wheeltec_robot_ws/src/tf2_tools': PYTHONPATH=/home/sunrise/wheeltec_robot_ws/build/tf2_tools/prefix_override:/usr/lib/python3/dist-packages/colcon_core/task/python/colcon_distutils_commands:/home/sunrise/wheeltec_robot_ws/install/tf2_tools/lib/python3.10/site-packages:${PYTHONPATH} /usr/bin/python3 -W ignore:setup.py install is deprecated setup.py egg_info --egg-base ../../build/tf2_tools build --build-base /home/sunrise/wheeltec_robot_ws/build/tf2_tools/build install --record /home/sunrise/wheeltec_robot_ws/build/tf2_tools/install.log --single-version-externally-managed install_data
[9.494s] running egg_info
[9.497s] creating ../../build/tf2_tools/tf2_tools.egg-info
[9.498s] writing ../../build/tf2_tools/tf2_tools.egg-info/PKG-INFO
[9.500s] writing dependency_links to ../../build/tf2_tools/tf2_tools.egg-info/dependency_links.txt
[9.501s] writing entry points to ../../build/tf2_tools/tf2_tools.egg-info/entry_points.txt
[9.502s] writing requirements to ../../build/tf2_tools/tf2_tools.egg-info/requires.txt
[9.503s] writing top-level names to ../../build/tf2_tools/tf2_tools.egg-info/top_level.txt
[9.504s] writing manifest file '../../build/tf2_tools/tf2_tools.egg-info/SOURCES.txt'
[9.515s] reading manifest file '../../build/tf2_tools/tf2_tools.egg-info/SOURCES.txt'
[9.523s] writing manifest file '../../build/tf2_tools/tf2_tools.egg-info/SOURCES.txt'
[9.527s] running build
[9.527s] running build_py
[9.528s] creating /home/sunrise/wheeltec_robot_ws/build/tf2_tools/build
[9.529s] creating /home/sunrise/wheeltec_robot_ws/build/tf2_tools/build/lib
[9.530s] creating /home/sunrise/wheeltec_robot_ws/build/tf2_tools/build/lib/tf2_tools
[9.531s] copying tf2_tools/view_frames.py -> /home/sunrise/wheeltec_robot_ws/build/tf2_tools/build/lib/tf2_tools
[9.532s] copying tf2_tools/__init__.py -> /home/sunrise/wheeltec_robot_ws/build/tf2_tools/build/lib/tf2_tools
[9.533s] running install
[9.534s] running install_lib
[9.537s] creating /home/sunrise/wheeltec_robot_ws/install/tf2_tools/lib/python3.10/site-packages/tf2_tools
[9.538s] copying /home/sunrise/wheeltec_robot_ws/build/tf2_tools/build/lib/tf2_tools/view_frames.py -> /home/sunrise/wheeltec_robot_ws/install/tf2_tools/lib/python3.10/site-packages/tf2_tools
[9.539s] copying /home/sunrise/wheeltec_robot_ws/build/tf2_tools/build/lib/tf2_tools/__init__.py -> /home/sunrise/wheeltec_robot_ws/install/tf2_tools/lib/python3.10/site-packages/tf2_tools
[9.543s] byte-compiling /home/sunrise/wheeltec_robot_ws/install/tf2_tools/lib/python3.10/site-packages/tf2_tools/view_frames.py to view_frames.cpython-310.pyc
[9.550s] byte-compiling /home/sunrise/wheeltec_robot_ws/install/tf2_tools/lib/python3.10/site-packages/tf2_tools/__init__.py to __init__.cpython-310.pyc
[9.553s] running install_data
[9.557s] creating /home/sunrise/wheeltec_robot_ws/install/tf2_tools/share/ament_index
[9.560s] creating /home/sunrise/wheeltec_robot_ws/install/tf2_tools/share/ament_index/resource_index
[9.562s] creating /home/sunrise/wheeltec_robot_ws/install/tf2_tools/share/ament_index/resource_index/packages
[9.563s] copying resource/tf2_tools -> /home/sunrise/wheeltec_robot_ws/install/tf2_tools/share/ament_index/resource_index/packages
[9.563s] copying package.xml -> /home/sunrise/wheeltec_robot_ws/install/tf2_tools/share/tf2_tools
[9.565s] running install_egg_info
[9.570s] Copying ../../build/tf2_tools/tf2_tools.egg-info to /home/sunrise/wheeltec_robot_ws/install/tf2_tools/lib/python3.10/site-packages/tf2_tools-0.17.1-py3.10.egg-info
[9.579s] running install_scripts
[9.736s] Installing view_frames script to /home/sunrise/wheeltec_robot_ws/install/tf2_tools/lib/tf2_tools
[9.740s] writing list of installed files to '/home/sunrise/wheeltec_robot_ws/build/tf2_tools/install.log'
[9.958s] Invoked command in '/home/sunrise/wheeltec_robot_ws/src/tf2_tools' returned '0': PYTHONPATH=/home/sunrise/wheeltec_robot_ws/build/tf2_tools/prefix_override:/usr/lib/python3/dist-packages/colcon_core/task/python/colcon_distutils_commands:/home/sunrise/wheeltec_robot_ws/install/tf2_tools/lib/python3.10/site-packages:${PYTHONPATH} /usr/bin/python3 -W ignore:setup.py install is deprecated setup.py egg_info --egg-base ../../build/tf2_tools build --build-base /home/sunrise/wheeltec_robot_ws/build/tf2_tools/build install --record /home/sunrise/wheeltec_robot_ws/build/tf2_tools/install.log --single-version-externally-managed install_data
