[0.091s] Invoking command in '/home/sunrise/wheeltec_robot_ws/build/turn_on_wheeltec_robot': CMAKE_PREFIX_PATH=/home/sunrise/wheeltec_robot_ws/install/wheeltec_robot_msg:/home/sunrise/wheeltec_robot_ws/install/serial:/home/sunrise/wheeltec_robot_ws/install/wheeltec_slam_toolbox:/home/sunrise/wheeltec_robot_ws/install/wheeltec_robot_urdf:/home/sunrise/wheeltec_robot_ws/install/wheeltec_robot_rtab:/home/sunrise/wheeltec_robot_ws/install/turn_on_wheeltec_robot:/home/sunrise/wheeltec_robot_ws/install/wheeltec_nav2:/home/sunrise/wheeltec_robot_ws/install/wheeltec_cartographer:/home/sunrise/wheeltec_robot_ws/install/web_video_server:/home/sunrise/wheeltec_robot_ws/install/usb_cam:/home/sunrise/wheeltec_robot_ws/install/slam_gmapping:/home/sunrise/wheeltec_robot_ws/install/openslam_gmapping:/home/sunrise/wheeltec_robot_ws/install/lslidar_driver:/home/sunrise/wheeltec_robot_ws/install/lslidar_msgs:/home/sunrise/wheeltec_robot_ws/install/ldlidar_stl_ros2:/home/sunrise/wheeltec_robot_ws/install/ldlidar_sl_ros2:/home/sunrise/wheeltec_robot_ws/install/astra_camera:/home/sunrise/wheeltec_robot_ws/install/astra_camera_msgs:/home/sunrise/wheeltec_robot_ws/install/simple_follower_ros2:/home/sunrise/wheeltec_robot_ws/install/wheeltec_robot_keyboard:/home/sunrise/wheeltec_robot_ws/install/tf2_tools:/opt/ros/humble LD_LIBRARY_PATH=/home/sunrise/wheeltec_robot_ws/install/wheeltec_robot_msg/lib:/home/sunrise/wheeltec_robot_ws/install/turn_on_wheeltec_robot/lib:/home/sunrise/wheeltec_robot_ws/install/usb_cam/lib:/home/sunrise/wheeltec_robot_ws/install/serial/lib:/home/sunrise/wheeltec_robot_ws/install/openslam_gmapping/lib:/home/sunrise/wheeltec_robot_ws/install/lslidar_msgs/lib:/home/sunrise/wheeltec_robot_ws/install/astra_camera/lib:/home/sunrise/wheeltec_robot_ws/install/astra_camera_msgs/lib:/opt/ros/humble/opt/rviz_ogre_vendor/lib:/opt/ros/humble/lib/aarch64-linux-gnu:/opt/ros/humble/lib /usr/bin/cmake --build /home/sunrise/wheeltec_robot_ws/build/turn_on_wheeltec_robot -- -j4 -l4
[0.368s] [  2%] Built target turn_on_wheeltec_robot__cpp
[0.376s] [ 11%] Built target turn_on_wheeltec_robot__rosidl_generator_c
[0.434s] [ 11%] Built target ament_cmake_python_copy_turn_on_wheeltec_robot
[0.502s] [ 20%] Built target wheeltec_robot_node
[0.504s] [ 29%] Built target turn_on_wheeltec_robot__rosidl_typesupport_fastrtps_cpp
[0.510s] [ 38%] Built target turn_on_wheeltec_robot__rosidl_typesupport_cpp
[0.560s] [ 47%] Built target turn_on_wheeltec_robot__rosidl_typesupport_introspection_c
[0.624s] [ 55%] Built target turn_on_wheeltec_robot__rosidl_typesupport_introspection_cpp
[0.660s] [ 64%] Built target turn_on_wheeltec_robot__rosidl_typesupport_c
[0.682s] [ 73%] Built target turn_on_wheeltec_robot__rosidl_typesupport_fastrtps_c
[0.769s] [ 73%] Built target turn_on_wheeltec_robot
[0.862s] [ 76%] Built target turn_on_wheeltec_robot__py
[0.964s] [ 82%] Built target turn_on_wheeltec_robot__rosidl_generator_py
[1.095s] [ 88%] Built target turn_on_wheeltec_robot__rosidl_typesupport_c__pyext
[1.115s] [ 94%] Built target turn_on_wheeltec_robot__rosidl_typesupport_introspection_c__pyext
[1.135s] [100%] Built target turn_on_wheeltec_robot__rosidl_typesupport_fastrtps_c__pyext
[2.851s] running egg_info
[2.856s] writing turn_on_wheeltec_robot.egg-info/PKG-INFO
[2.859s] writing dependency_links to turn_on_wheeltec_robot.egg-info/dependency_links.txt
[2.861s] writing top-level names to turn_on_wheeltec_robot.egg-info/top_level.txt
[2.877s] reading manifest file 'turn_on_wheeltec_robot.egg-info/SOURCES.txt'
[2.881s] writing manifest file 'turn_on_wheeltec_robot.egg-info/SOURCES.txt'
[3.092s] [100%] Built target ament_cmake_python_build_turn_on_wheeltec_robot_egg
[3.142s] Invoked command in '/home/sunrise/wheeltec_robot_ws/build/turn_on_wheeltec_robot' returned '0': CMAKE_PREFIX_PATH=/home/sunrise/wheeltec_robot_ws/install/wheeltec_robot_msg:/home/sunrise/wheeltec_robot_ws/install/serial:/home/sunrise/wheeltec_robot_ws/install/wheeltec_slam_toolbox:/home/sunrise/wheeltec_robot_ws/install/wheeltec_robot_urdf:/home/sunrise/wheeltec_robot_ws/install/wheeltec_robot_rtab:/home/sunrise/wheeltec_robot_ws/install/turn_on_wheeltec_robot:/home/sunrise/wheeltec_robot_ws/install/wheeltec_nav2:/home/sunrise/wheeltec_robot_ws/install/wheeltec_cartographer:/home/sunrise/wheeltec_robot_ws/install/web_video_server:/home/sunrise/wheeltec_robot_ws/install/usb_cam:/home/sunrise/wheeltec_robot_ws/install/slam_gmapping:/home/sunrise/wheeltec_robot_ws/install/openslam_gmapping:/home/sunrise/wheeltec_robot_ws/install/lslidar_driver:/home/sunrise/wheeltec_robot_ws/install/lslidar_msgs:/home/sunrise/wheeltec_robot_ws/install/ldlidar_stl_ros2:/home/sunrise/wheeltec_robot_ws/install/ldlidar_sl_ros2:/home/sunrise/wheeltec_robot_ws/install/astra_camera:/home/sunrise/wheeltec_robot_ws/install/astra_camera_msgs:/home/sunrise/wheeltec_robot_ws/install/simple_follower_ros2:/home/sunrise/wheeltec_robot_ws/install/wheeltec_robot_keyboard:/home/sunrise/wheeltec_robot_ws/install/tf2_tools:/opt/ros/humble LD_LIBRARY_PATH=/home/sunrise/wheeltec_robot_ws/install/wheeltec_robot_msg/lib:/home/sunrise/wheeltec_robot_ws/install/turn_on_wheeltec_robot/lib:/home/sunrise/wheeltec_robot_ws/install/usb_cam/lib:/home/sunrise/wheeltec_robot_ws/install/serial/lib:/home/sunrise/wheeltec_robot_ws/install/openslam_gmapping/lib:/home/sunrise/wheeltec_robot_ws/install/lslidar_msgs/lib:/home/sunrise/wheeltec_robot_ws/install/astra_camera/lib:/home/sunrise/wheeltec_robot_ws/install/astra_camera_msgs/lib:/opt/ros/humble/opt/rviz_ogre_vendor/lib:/opt/ros/humble/lib/aarch64-linux-gnu:/opt/ros/humble/lib /usr/bin/cmake --build /home/sunrise/wheeltec_robot_ws/build/turn_on_wheeltec_robot -- -j4 -l4
[3.394s] Invoking command in '/home/sunrise/wheeltec_robot_ws/build/turn_on_wheeltec_robot': CMAKE_PREFIX_PATH=/home/sunrise/wheeltec_robot_ws/install/wheeltec_robot_msg:/home/sunrise/wheeltec_robot_ws/install/serial:/home/sunrise/wheeltec_robot_ws/install/wheeltec_slam_toolbox:/home/sunrise/wheeltec_robot_ws/install/wheeltec_robot_urdf:/home/sunrise/wheeltec_robot_ws/install/wheeltec_robot_rtab:/home/sunrise/wheeltec_robot_ws/install/turn_on_wheeltec_robot:/home/sunrise/wheeltec_robot_ws/install/wheeltec_nav2:/home/sunrise/wheeltec_robot_ws/install/wheeltec_cartographer:/home/sunrise/wheeltec_robot_ws/install/web_video_server:/home/sunrise/wheeltec_robot_ws/install/usb_cam:/home/sunrise/wheeltec_robot_ws/install/slam_gmapping:/home/sunrise/wheeltec_robot_ws/install/openslam_gmapping:/home/sunrise/wheeltec_robot_ws/install/lslidar_driver:/home/sunrise/wheeltec_robot_ws/install/lslidar_msgs:/home/sunrise/wheeltec_robot_ws/install/ldlidar_stl_ros2:/home/sunrise/wheeltec_robot_ws/install/ldlidar_sl_ros2:/home/sunrise/wheeltec_robot_ws/install/astra_camera:/home/sunrise/wheeltec_robot_ws/install/astra_camera_msgs:/home/sunrise/wheeltec_robot_ws/install/simple_follower_ros2:/home/sunrise/wheeltec_robot_ws/install/wheeltec_robot_keyboard:/home/sunrise/wheeltec_robot_ws/install/tf2_tools:/opt/ros/humble LD_LIBRARY_PATH=/home/sunrise/wheeltec_robot_ws/install/wheeltec_robot_msg/lib:/home/sunrise/wheeltec_robot_ws/install/turn_on_wheeltec_robot/lib:/home/sunrise/wheeltec_robot_ws/install/usb_cam/lib:/home/sunrise/wheeltec_robot_ws/install/serial/lib:/home/sunrise/wheeltec_robot_ws/install/openslam_gmapping/lib:/home/sunrise/wheeltec_robot_ws/install/lslidar_msgs/lib:/home/sunrise/wheeltec_robot_ws/install/astra_camera/lib:/home/sunrise/wheeltec_robot_ws/install/astra_camera_msgs/lib:/opt/ros/humble/opt/rviz_ogre_vendor/lib:/opt/ros/humble/lib/aarch64-linux-gnu:/opt/ros/humble/lib /usr/bin/cmake --install /home/sunrise/wheeltec_robot_ws/build/turn_on_wheeltec_robot
[3.429s] -- Install configuration: ""
[3.443s] -- Up-to-date: /home/sunrise/wheeltec_robot_ws/install/turn_on_wheeltec_robot/share/ament_index/resource_index/rosidl_interfaces/turn_on_wheeltec_robot
[3.444s] -- Up-to-date: /home/sunrise/wheeltec_robot_ws/install/turn_on_wheeltec_robot/include/turn_on_wheeltec_robot/turn_on_wheeltec_robot
[3.445s] -- Up-to-date: /home/sunrise/wheeltec_robot_ws/install/turn_on_wheeltec_robot/include/turn_on_wheeltec_robot/turn_on_wheeltec_robot/msg
[3.446s] -- Up-to-date: /home/sunrise/wheeltec_robot_ws/install/turn_on_wheeltec_robot/include/turn_on_wheeltec_robot/turn_on_wheeltec_robot/msg/rosidl_generator_c__visibility_control.h
[3.447s] -- Up-to-date: /home/sunrise/wheeltec_robot_ws/install/turn_on_wheeltec_robot/include/turn_on_wheeltec_robot/turn_on_wheeltec_robot/msg/detail
[3.448s] -- Up-to-date: /home/sunrise/wheeltec_robot_ws/install/turn_on_wheeltec_robot/include/turn_on_wheeltec_robot/turn_on_wheeltec_robot/msg/detail/position__functions.h
[3.449s] -- Up-to-date: /home/sunrise/wheeltec_robot_ws/install/turn_on_wheeltec_robot/include/turn_on_wheeltec_robot/turn_on_wheeltec_robot/msg/detail/position__type_support.h
[3.451s] -- Up-to-date: /home/sunrise/wheeltec_robot_ws/install/turn_on_wheeltec_robot/include/turn_on_wheeltec_robot/turn_on_wheeltec_robot/msg/detail/position__struct.h
[3.452s] -- Up-to-date: /home/sunrise/wheeltec_robot_ws/install/turn_on_wheeltec_robot/include/turn_on_wheeltec_robot/turn_on_wheeltec_robot/msg/detail/position__functions.c
[3.453s] -- Up-to-date: /home/sunrise/wheeltec_robot_ws/install/turn_on_wheeltec_robot/include/turn_on_wheeltec_robot/turn_on_wheeltec_robot/msg/position.h
[3.454s] -- Up-to-date: /home/sunrise/wheeltec_robot_ws/install/turn_on_wheeltec_robot/share/turn_on_wheeltec_robot/environment/library_path.sh
[3.454s] -- Up-to-date: /home/sunrise/wheeltec_robot_ws/install/turn_on_wheeltec_robot/share/turn_on_wheeltec_robot/environment/library_path.dsv
[3.455s] -- Up-to-date: /home/sunrise/wheeltec_robot_ws/install/turn_on_wheeltec_robot/lib/libturn_on_wheeltec_robot__rosidl_generator_c.so
[3.456s] -- Up-to-date: /home/sunrise/wheeltec_robot_ws/install/turn_on_wheeltec_robot/include/turn_on_wheeltec_robot/turn_on_wheeltec_robot
[3.457s] -- Up-to-date: /home/sunrise/wheeltec_robot_ws/install/turn_on_wheeltec_robot/include/turn_on_wheeltec_robot/turn_on_wheeltec_robot/msg
[3.458s] -- Up-to-date: /home/sunrise/wheeltec_robot_ws/install/turn_on_wheeltec_robot/include/turn_on_wheeltec_robot/turn_on_wheeltec_robot/msg/rosidl_typesupport_fastrtps_c__visibility_control.h
[3.459s] -- Up-to-date: /home/sunrise/wheeltec_robot_ws/install/turn_on_wheeltec_robot/include/turn_on_wheeltec_robot/turn_on_wheeltec_robot/msg/detail
[3.460s] -- Up-to-date: /home/sunrise/wheeltec_robot_ws/install/turn_on_wheeltec_robot/include/turn_on_wheeltec_robot/turn_on_wheeltec_robot/msg/detail/position__rosidl_typesupport_fastrtps_c.h
[3.461s] -- Up-to-date: /home/sunrise/wheeltec_robot_ws/install/turn_on_wheeltec_robot/lib/libturn_on_wheeltec_robot__rosidl_typesupport_fastrtps_c.so
[3.462s] -- Up-to-date: /home/sunrise/wheeltec_robot_ws/install/turn_on_wheeltec_robot/include/turn_on_wheeltec_robot/turn_on_wheeltec_robot
[3.462s] -- Up-to-date: /home/sunrise/wheeltec_robot_ws/install/turn_on_wheeltec_robot/include/turn_on_wheeltec_robot/turn_on_wheeltec_robot/msg
[3.463s] -- Up-to-date: /home/sunrise/wheeltec_robot_ws/install/turn_on_wheeltec_robot/include/turn_on_wheeltec_robot/turn_on_wheeltec_robot/msg/position.hpp
[3.464s] -- Up-to-date: /home/sunrise/wheeltec_robot_ws/install/turn_on_wheeltec_robot/include/turn_on_wheeltec_robot/turn_on_wheeltec_robot/msg/detail
[3.465s] -- Up-to-date: /home/sunrise/wheeltec_robot_ws/install/turn_on_wheeltec_robot/include/turn_on_wheeltec_robot/turn_on_wheeltec_robot/msg/detail/position__struct.hpp
[3.466s] -- Up-to-date: /home/sunrise/wheeltec_robot_ws/install/turn_on_wheeltec_robot/include/turn_on_wheeltec_robot/turn_on_wheeltec_robot/msg/detail/position__builder.hpp
[3.466s] -- Up-to-date: /home/sunrise/wheeltec_robot_ws/install/turn_on_wheeltec_robot/include/turn_on_wheeltec_robot/turn_on_wheeltec_robot/msg/detail/position__traits.hpp
[3.467s] -- Up-to-date: /home/sunrise/wheeltec_robot_ws/install/turn_on_wheeltec_robot/include/turn_on_wheeltec_robot/turn_on_wheeltec_robot
[3.468s] -- Up-to-date: /home/sunrise/wheeltec_robot_ws/install/turn_on_wheeltec_robot/include/turn_on_wheeltec_robot/turn_on_wheeltec_robot/msg
[3.469s] -- Up-to-date: /home/sunrise/wheeltec_robot_ws/install/turn_on_wheeltec_robot/include/turn_on_wheeltec_robot/turn_on_wheeltec_robot/msg/rosidl_typesupport_fastrtps_cpp__visibility_control.h
[3.470s] -- Up-to-date: /home/sunrise/wheeltec_robot_ws/install/turn_on_wheeltec_robot/include/turn_on_wheeltec_robot/turn_on_wheeltec_robot/msg/detail
[3.471s] -- Up-to-date: /home/sunrise/wheeltec_robot_ws/install/turn_on_wheeltec_robot/include/turn_on_wheeltec_robot/turn_on_wheeltec_robot/msg/detail/position__rosidl_typesupport_fastrtps_cpp.hpp
[3.472s] -- Up-to-date: /home/sunrise/wheeltec_robot_ws/install/turn_on_wheeltec_robot/include/turn_on_wheeltec_robot/turn_on_wheeltec_robot/msg/detail/dds_fastrtps
[3.473s] -- Up-to-date: /home/sunrise/wheeltec_robot_ws/install/turn_on_wheeltec_robot/lib/libturn_on_wheeltec_robot__rosidl_typesupport_fastrtps_cpp.so
[3.474s] -- Up-to-date: /home/sunrise/wheeltec_robot_ws/install/turn_on_wheeltec_robot/include/turn_on_wheeltec_robot/turn_on_wheeltec_robot
[3.474s] -- Up-to-date: /home/sunrise/wheeltec_robot_ws/install/turn_on_wheeltec_robot/include/turn_on_wheeltec_robot/turn_on_wheeltec_robot/msg
[3.475s] -- Up-to-date: /home/sunrise/wheeltec_robot_ws/install/turn_on_wheeltec_robot/include/turn_on_wheeltec_robot/turn_on_wheeltec_robot/msg/rosidl_typesupport_introspection_c__visibility_control.h
[3.476s] -- Up-to-date: /home/sunrise/wheeltec_robot_ws/install/turn_on_wheeltec_robot/include/turn_on_wheeltec_robot/turn_on_wheeltec_robot/msg/detail
[3.477s] -- Up-to-date: /home/sunrise/wheeltec_robot_ws/install/turn_on_wheeltec_robot/include/turn_on_wheeltec_robot/turn_on_wheeltec_robot/msg/detail/position__type_support.c
[3.478s] -- Up-to-date: /home/sunrise/wheeltec_robot_ws/install/turn_on_wheeltec_robot/include/turn_on_wheeltec_robot/turn_on_wheeltec_robot/msg/detail/position__rosidl_typesupport_introspection_c.h
[3.478s] -- Up-to-date: /home/sunrise/wheeltec_robot_ws/install/turn_on_wheeltec_robot/lib/libturn_on_wheeltec_robot__rosidl_typesupport_introspection_c.so
[3.479s] -- Up-to-date: /home/sunrise/wheeltec_robot_ws/install/turn_on_wheeltec_robot/lib/libturn_on_wheeltec_robot__rosidl_typesupport_c.so
[3.480s] -- Up-to-date: /home/sunrise/wheeltec_robot_ws/install/turn_on_wheeltec_robot/include/turn_on_wheeltec_robot/turn_on_wheeltec_robot
[3.481s] -- Up-to-date: /home/sunrise/wheeltec_robot_ws/install/turn_on_wheeltec_robot/include/turn_on_wheeltec_robot/turn_on_wheeltec_robot/msg
[3.482s] -- Up-to-date: /home/sunrise/wheeltec_robot_ws/install/turn_on_wheeltec_robot/include/turn_on_wheeltec_robot/turn_on_wheeltec_robot/msg/detail
[3.483s] -- Up-to-date: /home/sunrise/wheeltec_robot_ws/install/turn_on_wheeltec_robot/include/turn_on_wheeltec_robot/turn_on_wheeltec_robot/msg/detail/position__rosidl_typesupport_introspection_cpp.hpp
[3.484s] -- Up-to-date: /home/sunrise/wheeltec_robot_ws/install/turn_on_wheeltec_robot/include/turn_on_wheeltec_robot/turn_on_wheeltec_robot/msg/detail/position__type_support.cpp
[3.485s] -- Up-to-date: /home/sunrise/wheeltec_robot_ws/install/turn_on_wheeltec_robot/lib/libturn_on_wheeltec_robot__rosidl_typesupport_introspection_cpp.so
[3.486s] -- Up-to-date: /home/sunrise/wheeltec_robot_ws/install/turn_on_wheeltec_robot/lib/libturn_on_wheeltec_robot__rosidl_typesupport_cpp.so
[3.486s] -- Up-to-date: /home/sunrise/wheeltec_robot_ws/install/turn_on_wheeltec_robot/share/turn_on_wheeltec_robot/environment/pythonpath.sh
[3.489s] -- Up-to-date: /home/sunrise/wheeltec_robot_ws/install/turn_on_wheeltec_robot/share/turn_on_wheeltec_robot/environment/pythonpath.dsv
[3.490s] -- Up-to-date: /home/sunrise/wheeltec_robot_ws/install/turn_on_wheeltec_robot/local/lib/python3.10/dist-packages/turn_on_wheeltec_robot-0.0.0-py3.10.egg-info
[3.491s] -- Installing: /home/sunrise/wheeltec_robot_ws/install/turn_on_wheeltec_robot/local/lib/python3.10/dist-packages/turn_on_wheeltec_robot-0.0.0-py3.10.egg-info/top_level.txt
[3.492s] -- Installing: /home/sunrise/wheeltec_robot_ws/install/turn_on_wheeltec_robot/local/lib/python3.10/dist-packages/turn_on_wheeltec_robot-0.0.0-py3.10.egg-info/SOURCES.txt
[3.493s] -- Installing: /home/sunrise/wheeltec_robot_ws/install/turn_on_wheeltec_robot/local/lib/python3.10/dist-packages/turn_on_wheeltec_robot-0.0.0-py3.10.egg-info/PKG-INFO
[3.494s] -- Installing: /home/sunrise/wheeltec_robot_ws/install/turn_on_wheeltec_robot/local/lib/python3.10/dist-packages/turn_on_wheeltec_robot-0.0.0-py3.10.egg-info/dependency_links.txt
[3.494s] -- Up-to-date: /home/sunrise/wheeltec_robot_ws/install/turn_on_wheeltec_robot/local/lib/python3.10/dist-packages/turn_on_wheeltec_robot
[3.495s] -- Up-to-date: /home/sunrise/wheeltec_robot_ws/install/turn_on_wheeltec_robot/local/lib/python3.10/dist-packages/turn_on_wheeltec_robot/_turn_on_wheeltec_robot_s.ep.rosidl_typesupport_fastrtps_c.c
[3.497s] -- Up-to-date: /home/sunrise/wheeltec_robot_ws/install/turn_on_wheeltec_robot/local/lib/python3.10/dist-packages/turn_on_wheeltec_robot/turn_on_wheeltec_robot_s__rosidl_typesupport_c.cpython-310-aarch64-linux-gnu.so
[3.498s] -- Up-to-date: /home/sunrise/wheeltec_robot_ws/install/turn_on_wheeltec_robot/local/lib/python3.10/dist-packages/turn_on_wheeltec_robot/msg
[3.498s] -- Up-to-date: /home/sunrise/wheeltec_robot_ws/install/turn_on_wheeltec_robot/local/lib/python3.10/dist-packages/turn_on_wheeltec_robot/msg/_position.py
[3.499s] -- Up-to-date: /home/sunrise/wheeltec_robot_ws/install/turn_on_wheeltec_robot/local/lib/python3.10/dist-packages/turn_on_wheeltec_robot/msg/_position_s.c
[3.500s] -- Up-to-date: /home/sunrise/wheeltec_robot_ws/install/turn_on_wheeltec_robot/local/lib/python3.10/dist-packages/turn_on_wheeltec_robot/msg/__init__.py
[3.501s] -- Up-to-date: /home/sunrise/wheeltec_robot_ws/install/turn_on_wheeltec_robot/local/lib/python3.10/dist-packages/turn_on_wheeltec_robot/_turn_on_wheeltec_robot_s.ep.rosidl_typesupport_c.c
[3.502s] -- Up-to-date: /home/sunrise/wheeltec_robot_ws/install/turn_on_wheeltec_robot/local/lib/python3.10/dist-packages/turn_on_wheeltec_robot/__init__.py
[3.502s] -- Up-to-date: /home/sunrise/wheeltec_robot_ws/install/turn_on_wheeltec_robot/local/lib/python3.10/dist-packages/turn_on_wheeltec_robot/libturn_on_wheeltec_robot__rosidl_generator_py.so
[3.503s] -- Up-to-date: /home/sunrise/wheeltec_robot_ws/install/turn_on_wheeltec_robot/local/lib/python3.10/dist-packages/turn_on_wheeltec_robot/turn_on_wheeltec_robot_s__rosidl_typesupport_fastrtps_c.cpython-310-aarch64-linux-gnu.so
[3.504s] -- Up-to-date: /home/sunrise/wheeltec_robot_ws/install/turn_on_wheeltec_robot/local/lib/python3.10/dist-packages/turn_on_wheeltec_robot/turn_on_wheeltec_robot_s__rosidl_typesupport_introspection_c.cpython-310-aarch64-linux-gnu.so
[3.505s] -- Up-to-date: /home/sunrise/wheeltec_robot_ws/install/turn_on_wheeltec_robot/local/lib/python3.10/dist-packages/turn_on_wheeltec_robot/_turn_on_wheeltec_robot_s.ep.rosidl_typesupport_introspection_c.c
[3.714s] Listing '/home/sunrise/wheeltec_robot_ws/install/turn_on_wheeltec_robot/local/lib/python3.10/dist-packages/turn_on_wheeltec_robot'...
[3.715s] Listing '/home/sunrise/wheeltec_robot_ws/install/turn_on_wheeltec_robot/local/lib/python3.10/dist-packages/turn_on_wheeltec_robot/msg'...
[3.760s] -- Up-to-date: /home/sunrise/wheeltec_robot_ws/install/turn_on_wheeltec_robot/local/lib/python3.10/dist-packages/turn_on_wheeltec_robot/turn_on_wheeltec_robot_s__rosidl_typesupport_fastrtps_c.cpython-310-aarch64-linux-gnu.so
[3.762s] -- Up-to-date: /home/sunrise/wheeltec_robot_ws/install/turn_on_wheeltec_robot/local/lib/python3.10/dist-packages/turn_on_wheeltec_robot/turn_on_wheeltec_robot_s__rosidl_typesupport_introspection_c.cpython-310-aarch64-linux-gnu.so
[3.763s] -- Up-to-date: /home/sunrise/wheeltec_robot_ws/install/turn_on_wheeltec_robot/local/lib/python3.10/dist-packages/turn_on_wheeltec_robot/turn_on_wheeltec_robot_s__rosidl_typesupport_c.cpython-310-aarch64-linux-gnu.so
[3.765s] -- Up-to-date: /home/sunrise/wheeltec_robot_ws/install/turn_on_wheeltec_robot/lib/libturn_on_wheeltec_robot__rosidl_generator_py.so
[3.766s] -- Up-to-date: /home/sunrise/wheeltec_robot_ws/install/turn_on_wheeltec_robot/share/turn_on_wheeltec_robot/msg/Position.idl
[3.767s] -- Up-to-date: /home/sunrise/wheeltec_robot_ws/install/turn_on_wheeltec_robot/share/turn_on_wheeltec_robot/msg/Position.msg
[3.768s] -- Up-to-date: /home/sunrise/wheeltec_robot_ws/install/turn_on_wheeltec_robot/lib/turn_on_wheeltec_robot/wheeltec_robot_node
[3.770s] -- Up-to-date: /home/sunrise/wheeltec_robot_ws/install/turn_on_wheeltec_robot/share/turn_on_wheeltec_robot/launch
[3.771s] -- Up-to-date: /home/sunrise/wheeltec_robot_ws/install/turn_on_wheeltec_robot/share/turn_on_wheeltec_robot/launch/robot_mode_description.launch.py
[3.772s] -- Up-to-date: /home/sunrise/wheeltec_robot_ws/install/turn_on_wheeltec_robot/share/turn_on_wheeltec_robot/launch/wheeltec_lidar.launch.py
[3.774s] -- Up-to-date: /home/sunrise/wheeltec_robot_ws/install/turn_on_wheeltec_robot/share/turn_on_wheeltec_robot/launch/__pycache__
[3.775s] -- Up-to-date: /home/sunrise/wheeltec_robot_ws/install/turn_on_wheeltec_robot/share/turn_on_wheeltec_robot/launch/__pycache__/testtwo.launch.cpython-38.pyc
[3.776s] -- Up-to-date: /home/sunrise/wheeltec_robot_ws/install/turn_on_wheeltec_robot/share/turn_on_wheeltec_robot/launch/robot_mode_description_minibot.launch.py
[3.777s] -- Up-to-date: /home/sunrise/wheeltec_robot_ws/install/turn_on_wheeltec_robot/share/turn_on_wheeltec_robot/launch/base_serial.launch.py
[3.779s] -- Up-to-date: /home/sunrise/wheeltec_robot_ws/install/turn_on_wheeltec_robot/share/turn_on_wheeltec_robot/launch/turn_on_wheeltec_robot.launch.py
[3.780s] -- Installing: /home/sunrise/wheeltec_robot_ws/install/turn_on_wheeltec_robot/share/turn_on_wheeltec_robot/launch/wheeltec_camera.launch.py
[3.781s] -- Up-to-date: /home/sunrise/wheeltec_robot_ws/install/turn_on_wheeltec_robot/share/turn_on_wheeltec_robot/launch/wheeltec_sensors.launch.py
[3.782s] -- Up-to-date: /home/sunrise/wheeltec_robot_ws/install/turn_on_wheeltec_robot/share/turn_on_wheeltec_robot/launch/wheeltec_ekf.launch.py
[3.785s] -- Up-to-date: /home/sunrise/wheeltec_robot_ws/install/turn_on_wheeltec_robot/share/turn_on_wheeltec_robot/config
[3.786s] -- Up-to-date: /home/sunrise/wheeltec_robot_ws/install/turn_on_wheeltec_robot/share/turn_on_wheeltec_robot/config/camera_info.yaml
[3.788s] -- Up-to-date: /home/sunrise/wheeltec_robot_ws/install/turn_on_wheeltec_robot/share/turn_on_wheeltec_robot/config/ekf.yaml
[3.789s] -- Up-to-date: /home/sunrise/wheeltec_robot_ws/install/turn_on_wheeltec_robot/share/turn_on_wheeltec_robot/config/ekf_carto.yaml
[3.790s] -- Up-to-date: /home/sunrise/wheeltec_robot_ws/install/turn_on_wheeltec_robot/share/turn_on_wheeltec_robot/config/imu.yaml
[3.791s] -- Up-to-date: /home/sunrise/wheeltec_robot_ws/install/turn_on_wheeltec_robot/share/ament_index/resource_index/package_run_dependencies/turn_on_wheeltec_robot
[3.793s] -- Up-to-date: /home/sunrise/wheeltec_robot_ws/install/turn_on_wheeltec_robot/share/ament_index/resource_index/parent_prefix_path/turn_on_wheeltec_robot
[3.794s] -- Up-to-date: /home/sunrise/wheeltec_robot_ws/install/turn_on_wheeltec_robot/share/turn_on_wheeltec_robot/environment/ament_prefix_path.sh
[3.797s] -- Up-to-date: /home/sunrise/wheeltec_robot_ws/install/turn_on_wheeltec_robot/share/turn_on_wheeltec_robot/environment/ament_prefix_path.dsv
[3.798s] -- Up-to-date: /home/sunrise/wheeltec_robot_ws/install/turn_on_wheeltec_robot/share/turn_on_wheeltec_robot/environment/path.sh
[3.801s] -- Up-to-date: /home/sunrise/wheeltec_robot_ws/install/turn_on_wheeltec_robot/share/turn_on_wheeltec_robot/environment/path.dsv
[3.803s] -- Up-to-date: /home/sunrise/wheeltec_robot_ws/install/turn_on_wheeltec_robot/share/turn_on_wheeltec_robot/local_setup.bash
[3.804s] -- Up-to-date: /home/sunrise/wheeltec_robot_ws/install/turn_on_wheeltec_robot/share/turn_on_wheeltec_robot/local_setup.sh
[3.805s] -- Up-to-date: /home/sunrise/wheeltec_robot_ws/install/turn_on_wheeltec_robot/share/turn_on_wheeltec_robot/local_setup.zsh
[3.806s] -- Up-to-date: /home/sunrise/wheeltec_robot_ws/install/turn_on_wheeltec_robot/share/turn_on_wheeltec_robot/local_setup.dsv
[3.807s] -- Installing: /home/sunrise/wheeltec_robot_ws/install/turn_on_wheeltec_robot/share/turn_on_wheeltec_robot/package.dsv
[3.808s] -- Up-to-date: /home/sunrise/wheeltec_robot_ws/install/turn_on_wheeltec_robot/share/ament_index/resource_index/packages/turn_on_wheeltec_robot
[3.809s] -- Up-to-date: /home/sunrise/wheeltec_robot_ws/install/turn_on_wheeltec_robot/share/turn_on_wheeltec_robot/cmake/export_turn_on_wheeltec_robot__rosidl_generator_cExport.cmake
[3.810s] -- Up-to-date: /home/sunrise/wheeltec_robot_ws/install/turn_on_wheeltec_robot/share/turn_on_wheeltec_robot/cmake/export_turn_on_wheeltec_robot__rosidl_generator_cExport-noconfig.cmake
[3.811s] -- Up-to-date: /home/sunrise/wheeltec_robot_ws/install/turn_on_wheeltec_robot/share/turn_on_wheeltec_robot/cmake/export_turn_on_wheeltec_robot__rosidl_typesupport_fastrtps_cExport.cmake
[3.813s] -- Up-to-date: /home/sunrise/wheeltec_robot_ws/install/turn_on_wheeltec_robot/share/turn_on_wheeltec_robot/cmake/export_turn_on_wheeltec_robot__rosidl_typesupport_fastrtps_cExport-noconfig.cmake
[3.814s] -- Up-to-date: /home/sunrise/wheeltec_robot_ws/install/turn_on_wheeltec_robot/share/turn_on_wheeltec_robot/cmake/export_turn_on_wheeltec_robot__rosidl_generator_cppExport.cmake
[3.814s] -- Up-to-date: /home/sunrise/wheeltec_robot_ws/install/turn_on_wheeltec_robot/share/turn_on_wheeltec_robot/cmake/export_turn_on_wheeltec_robot__rosidl_typesupport_fastrtps_cppExport.cmake
[3.816s] -- Up-to-date: /home/sunrise/wheeltec_robot_ws/install/turn_on_wheeltec_robot/share/turn_on_wheeltec_robot/cmake/export_turn_on_wheeltec_robot__rosidl_typesupport_fastrtps_cppExport-noconfig.cmake
[3.817s] -- Up-to-date: /home/sunrise/wheeltec_robot_ws/install/turn_on_wheeltec_robot/share/turn_on_wheeltec_robot/cmake/turn_on_wheeltec_robot__rosidl_typesupport_introspection_cExport.cmake
[3.818s] -- Up-to-date: /home/sunrise/wheeltec_robot_ws/install/turn_on_wheeltec_robot/share/turn_on_wheeltec_robot/cmake/turn_on_wheeltec_robot__rosidl_typesupport_introspection_cExport-noconfig.cmake
[3.819s] -- Up-to-date: /home/sunrise/wheeltec_robot_ws/install/turn_on_wheeltec_robot/share/turn_on_wheeltec_robot/cmake/turn_on_wheeltec_robot__rosidl_typesupport_cExport.cmake
[3.820s] -- Up-to-date: /home/sunrise/wheeltec_robot_ws/install/turn_on_wheeltec_robot/share/turn_on_wheeltec_robot/cmake/turn_on_wheeltec_robot__rosidl_typesupport_cExport-noconfig.cmake
[3.821s] -- Up-to-date: /home/sunrise/wheeltec_robot_ws/install/turn_on_wheeltec_robot/share/turn_on_wheeltec_robot/cmake/turn_on_wheeltec_robot__rosidl_typesupport_introspection_cppExport.cmake
[3.823s] -- Up-to-date: /home/sunrise/wheeltec_robot_ws/install/turn_on_wheeltec_robot/share/turn_on_wheeltec_robot/cmake/turn_on_wheeltec_robot__rosidl_typesupport_introspection_cppExport-noconfig.cmake
[3.827s] -- Up-to-date: /home/sunrise/wheeltec_robot_ws/install/turn_on_wheeltec_robot/share/turn_on_wheeltec_robot/cmake/turn_on_wheeltec_robot__rosidl_typesupport_cppExport.cmake
[3.829s] -- Up-to-date: /home/sunrise/wheeltec_robot_ws/install/turn_on_wheeltec_robot/share/turn_on_wheeltec_robot/cmake/turn_on_wheeltec_robot__rosidl_typesupport_cppExport-noconfig.cmake
[3.830s] -- Up-to-date: /home/sunrise/wheeltec_robot_ws/install/turn_on_wheeltec_robot/share/turn_on_wheeltec_robot/cmake/export_turn_on_wheeltec_robot__rosidl_generator_pyExport.cmake
[3.832s] -- Up-to-date: /home/sunrise/wheeltec_robot_ws/install/turn_on_wheeltec_robot/share/turn_on_wheeltec_robot/cmake/export_turn_on_wheeltec_robot__rosidl_generator_pyExport-noconfig.cmake
[3.835s] -- Up-to-date: /home/sunrise/wheeltec_robot_ws/install/turn_on_wheeltec_robot/share/turn_on_wheeltec_robot/cmake/rosidl_cmake-extras.cmake
[3.836s] -- Up-to-date: /home/sunrise/wheeltec_robot_ws/install/turn_on_wheeltec_robot/share/turn_on_wheeltec_robot/cmake/ament_cmake_export_include_directories-extras.cmake
[3.837s] -- Up-to-date: /home/sunrise/wheeltec_robot_ws/install/turn_on_wheeltec_robot/share/turn_on_wheeltec_robot/cmake/ament_cmake_export_libraries-extras.cmake
[3.839s] -- Up-to-date: /home/sunrise/wheeltec_robot_ws/install/turn_on_wheeltec_robot/share/turn_on_wheeltec_robot/cmake/ament_cmake_export_targets-extras.cmake
[3.840s] -- Up-to-date: /home/sunrise/wheeltec_robot_ws/install/turn_on_wheeltec_robot/share/turn_on_wheeltec_robot/cmake/rosidl_cmake_export_typesupport_targets-extras.cmake
[3.842s] -- Up-to-date: /home/sunrise/wheeltec_robot_ws/install/turn_on_wheeltec_robot/share/turn_on_wheeltec_robot/cmake/ament_cmake_export_dependencies-extras.cmake
[3.843s] -- Up-to-date: /home/sunrise/wheeltec_robot_ws/install/turn_on_wheeltec_robot/share/turn_on_wheeltec_robot/cmake/rosidl_cmake_export_typesupport_libraries-extras.cmake
[3.846s] -- Up-to-date: /home/sunrise/wheeltec_robot_ws/install/turn_on_wheeltec_robot/share/turn_on_wheeltec_robot/cmake/turn_on_wheeltec_robotConfig.cmake
[3.849s] -- Up-to-date: /home/sunrise/wheeltec_robot_ws/install/turn_on_wheeltec_robot/share/turn_on_wheeltec_robot/cmake/turn_on_wheeltec_robotConfig-version.cmake
[3.853s] -- Up-to-date: /home/sunrise/wheeltec_robot_ws/install/turn_on_wheeltec_robot/share/turn_on_wheeltec_robot/package.xml
[3.854s] Invoked command in '/home/sunrise/wheeltec_robot_ws/build/turn_on_wheeltec_robot' returned '0': CMAKE_PREFIX_PATH=/home/sunrise/wheeltec_robot_ws/install/wheeltec_robot_msg:/home/sunrise/wheeltec_robot_ws/install/serial:/home/sunrise/wheeltec_robot_ws/install/wheeltec_slam_toolbox:/home/sunrise/wheeltec_robot_ws/install/wheeltec_robot_urdf:/home/sunrise/wheeltec_robot_ws/install/wheeltec_robot_rtab:/home/sunrise/wheeltec_robot_ws/install/turn_on_wheeltec_robot:/home/sunrise/wheeltec_robot_ws/install/wheeltec_nav2:/home/sunrise/wheeltec_robot_ws/install/wheeltec_cartographer:/home/sunrise/wheeltec_robot_ws/install/web_video_server:/home/sunrise/wheeltec_robot_ws/install/usb_cam:/home/sunrise/wheeltec_robot_ws/install/slam_gmapping:/home/sunrise/wheeltec_robot_ws/install/openslam_gmapping:/home/sunrise/wheeltec_robot_ws/install/lslidar_driver:/home/sunrise/wheeltec_robot_ws/install/lslidar_msgs:/home/sunrise/wheeltec_robot_ws/install/ldlidar_stl_ros2:/home/sunrise/wheeltec_robot_ws/install/ldlidar_sl_ros2:/home/sunrise/wheeltec_robot_ws/install/astra_camera:/home/sunrise/wheeltec_robot_ws/install/astra_camera_msgs:/home/sunrise/wheeltec_robot_ws/install/simple_follower_ros2:/home/sunrise/wheeltec_robot_ws/install/wheeltec_robot_keyboard:/home/sunrise/wheeltec_robot_ws/install/tf2_tools:/opt/ros/humble LD_LIBRARY_PATH=/home/sunrise/wheeltec_robot_ws/install/wheeltec_robot_msg/lib:/home/sunrise/wheeltec_robot_ws/install/turn_on_wheeltec_robot/lib:/home/sunrise/wheeltec_robot_ws/install/usb_cam/lib:/home/sunrise/wheeltec_robot_ws/install/serial/lib:/home/sunrise/wheeltec_robot_ws/install/openslam_gmapping/lib:/home/sunrise/wheeltec_robot_ws/install/lslidar_msgs/lib:/home/sunrise/wheeltec_robot_ws/install/astra_camera/lib:/home/sunrise/wheeltec_robot_ws/install/astra_camera_msgs/lib:/opt/ros/humble/opt/rviz_ogre_vendor/lib:/opt/ros/humble/lib/aarch64-linux-gnu:/opt/ros/humble/lib /usr/bin/cmake --install /home/sunrise/wheeltec_robot_ws/build/turn_on_wheeltec_robot
