[9.513s] Invoking command in '/home/sunrise/wheeltec_robot_ws/src/tf2_tools': PYTHONPATH=/home/sunrise/wheeltec_robot_ws/build/tf2_tools/prefix_override:/usr/lib/python3/dist-packages/colcon_core/task/python/colcon_distutils_commands:/home/sunrise/wheeltec_robot_ws/install/tf2_tools/lib/python3.10/site-packages:${PYTHONPATH} /usr/bin/python3 -W ignore:setup.py install is deprecated setup.py egg_info --egg-base ../../build/tf2_tools build --build-base /home/sunrise/wheeltec_robot_ws/build/tf2_tools/build install --record /home/sunrise/wheeltec_robot_ws/build/tf2_tools/install.log --single-version-externally-managed install_data
[14.309s] running egg_info
[14.312s] creating ../../build/tf2_tools/tf2_tools.egg-info
[14.315s] writing ../../build/tf2_tools/tf2_tools.egg-info/PKG-INFO
[14.319s] writing dependency_links to ../../build/tf2_tools/tf2_tools.egg-info/dependency_links.txt
[14.322s] writing entry points to ../../build/tf2_tools/tf2_tools.egg-info/entry_points.txt
[14.325s] writing requirements to ../../build/tf2_tools/tf2_tools.egg-info/requires.txt
[14.327s] writing top-level names to ../../build/tf2_tools/tf2_tools.egg-info/top_level.txt
[14.336s] writing manifest file '../../build/tf2_tools/tf2_tools.egg-info/SOURCES.txt'
[14.351s] reading manifest file '../../build/tf2_tools/tf2_tools.egg-info/SOURCES.txt'
[14.362s] writing manifest file '../../build/tf2_tools/tf2_tools.egg-info/SOURCES.txt'
[14.363s] running build
[14.364s] running build_py
[14.366s] creating /home/sunrise/wheeltec_robot_ws/build/tf2_tools/build
[14.368s] creating /home/sunrise/wheeltec_robot_ws/build/tf2_tools/build/lib
[14.370s] creating /home/sunrise/wheeltec_robot_ws/build/tf2_tools/build/lib/tf2_tools
[14.373s] copying tf2_tools/view_frames.py -> /home/sunrise/wheeltec_robot_ws/build/tf2_tools/build/lib/tf2_tools
[14.375s] copying tf2_tools/__init__.py -> /home/sunrise/wheeltec_robot_ws/build/tf2_tools/build/lib/tf2_tools
[14.378s] running install
[14.383s] running install_lib
[14.390s] creating /home/sunrise/wheeltec_robot_ws/install/tf2_tools/lib/python3.10/site-packages/tf2_tools
[14.392s] copying /home/sunrise/wheeltec_robot_ws/build/tf2_tools/build/lib/tf2_tools/view_frames.py -> /home/sunrise/wheeltec_robot_ws/install/tf2_tools/lib/python3.10/site-packages/tf2_tools
[14.397s] copying /home/sunrise/wheeltec_robot_ws/build/tf2_tools/build/lib/tf2_tools/__init__.py -> /home/sunrise/wheeltec_robot_ws/install/tf2_tools/lib/python3.10/site-packages/tf2_tools
[14.403s] byte-compiling /home/sunrise/wheeltec_robot_ws/install/tf2_tools/lib/python3.10/site-packages/tf2_tools/view_frames.py to view_frames.cpython-310.pyc
[14.411s] byte-compiling /home/sunrise/wheeltec_robot_ws/install/tf2_tools/lib/python3.10/site-packages/tf2_tools/__init__.py to __init__.cpython-310.pyc
[14.414s] running install_data
[14.416s] creating /home/sunrise/wheeltec_robot_ws/install/tf2_tools/share/ament_index
[14.418s] creating /home/sunrise/wheeltec_robot_ws/install/tf2_tools/share/ament_index/resource_index
[14.420s] creating /home/sunrise/wheeltec_robot_ws/install/tf2_tools/share/ament_index/resource_index/packages
[14.422s] copying resource/tf2_tools -> /home/sunrise/wheeltec_robot_ws/install/tf2_tools/share/ament_index/resource_index/packages
[14.425s] copying package.xml -> /home/sunrise/wheeltec_robot_ws/install/tf2_tools/share/tf2_tools
[14.427s] running install_egg_info
[14.445s] Copying ../../build/tf2_tools/tf2_tools.egg-info to /home/sunrise/wheeltec_robot_ws/install/tf2_tools/lib/python3.10/site-packages/tf2_tools-0.17.1-py3.10.egg-info
[14.454s] running install_scripts
[14.645s] Installing view_frames script to /home/sunrise/wheeltec_robot_ws/install/tf2_tools/lib/tf2_tools
[14.647s] writing list of installed files to '/home/sunrise/wheeltec_robot_ws/build/tf2_tools/install.log'
[14.934s] Invoked command in '/home/sunrise/wheeltec_robot_ws/src/tf2_tools' returned '0': PYTHONPATH=/home/sunrise/wheeltec_robot_ws/build/tf2_tools/prefix_override:/usr/lib/python3/dist-packages/colcon_core/task/python/colcon_distutils_commands:/home/sunrise/wheeltec_robot_ws/install/tf2_tools/lib/python3.10/site-packages:${PYTHONPATH} /usr/bin/python3 -W ignore:setup.py install is deprecated setup.py egg_info --egg-base ../../build/tf2_tools build --build-base /home/sunrise/wheeltec_robot_ws/build/tf2_tools/build install --record /home/sunrise/wheeltec_robot_ws/build/tf2_tools/install.log --single-version-externally-managed install_data
