[0.072s] Invoking command in '/home/sunrise/wheeltec_robot_ws/build/wheeltec_nav2': CMAKE_PREFIX_PATH=${CMAKE_PREFIX_PATH}:/home/sunrise/wheeltec_robot_ws/install/simple_follower_ros2:/home/sunrise/wheeltec_robot_ws/install/wheeltec_robot_keyboard:/home/sunrise/wheeltec_robot_ws/install/tf2_tools:/opt/ros/humble /usr/bin/cmake --build /home/sunrise/wheeltec_robot_ws/build/wheeltec_nav2 -- -j4 -l4
[0.234s] Invoked command in '/home/sunrise/wheeltec_robot_ws/build/wheeltec_nav2' returned '0': CMAKE_PREFIX_PATH=${CMAKE_PREFIX_PATH}:/home/sunrise/wheeltec_robot_ws/install/simple_follower_ros2:/home/sunrise/wheeltec_robot_ws/install/wheeltec_robot_keyboard:/home/sunrise/wheeltec_robot_ws/install/tf2_tools:/opt/ros/humble /usr/bin/cmake --build /home/sunrise/wheeltec_robot_ws/build/wheeltec_nav2 -- -j4 -l4
[0.347s] Invoking command in '/home/sunrise/wheeltec_robot_ws/build/wheeltec_nav2': CMAKE_PREFIX_PATH=${CMAKE_PREFIX_PATH}:/home/sunrise/wheeltec_robot_ws/install/simple_follower_ros2:/home/sunrise/wheeltec_robot_ws/install/wheeltec_robot_keyboard:/home/sunrise/wheeltec_robot_ws/install/tf2_tools:/opt/ros/humble /usr/bin/cmake --install /home/sunrise/wheeltec_robot_ws/build/wheeltec_nav2
[0.379s] -- Install configuration: ""
[0.380s] -- Up-to-date: /home/sunrise/wheeltec_robot_ws/install/wheeltec_nav2/share/wheeltec_nav2/launch
[0.381s] -- Up-to-date: /home/sunrise/wheeltec_robot_ws/install/wheeltec_nav2/share/wheeltec_nav2/launch/save_map.launch.py
[0.383s] -- Up-to-date: /home/sunrise/wheeltec_robot_ws/install/wheeltec_nav2/share/wheeltec_nav2/launch/navigation_launch.py
[0.384s] -- Up-to-date: /home/sunrise/wheeltec_robot_ws/install/wheeltec_nav2/share/wheeltec_nav2/launch/bringup_launch.py
[0.386s] -- Up-to-date: /home/sunrise/wheeltec_robot_ws/install/wheeltec_nav2/share/wheeltec_nav2/launch/localization_launch.py
[0.387s] -- Up-to-date: /home/sunrise/wheeltec_robot_ws/install/wheeltec_nav2/share/wheeltec_nav2/launch/wheeltec_nav2.launch.py
[0.388s] -- Up-to-date: /home/sunrise/wheeltec_robot_ws/install/wheeltec_nav2/share/wheeltec_nav2/map
[0.389s] -- Installing: /home/sunrise/wheeltec_robot_ws/install/wheeltec_nav2/share/wheeltec_nav2/map/WHEELTEC.yaml
[0.390s] -- Up-to-date: /home/sunrise/wheeltec_robot_ws/install/wheeltec_nav2/share/wheeltec_nav2/map/WHEELTEC.pgm
[0.392s] -- Up-to-date: /home/sunrise/wheeltec_robot_ws/install/wheeltec_nav2/share/wheeltec_nav2/param
[0.392s] -- Up-to-date: /home/sunrise/wheeltec_robot_ws/install/wheeltec_nav2/share/wheeltec_nav2/param/navigate_w_replanning_speed.xml
[0.393s] -- Up-to-date: /home/sunrise/wheeltec_robot_ws/install/wheeltec_nav2/share/wheeltec_nav2/param/navigate_w_replanning_and_recovery.xml
[0.394s] -- Up-to-date: /home/sunrise/wheeltec_robot_ws/install/wheeltec_nav2/share/wheeltec_nav2/param/navigate_w_replanning_time.xml
[0.395s] -- Up-to-date: /home/sunrise/wheeltec_robot_ws/install/wheeltec_nav2/share/wheeltec_nav2/param/navigate_w_replanning_distance.xml
[0.398s] -- Up-to-date: /home/sunrise/wheeltec_robot_ws/install/wheeltec_nav2/share/wheeltec_nav2/param/bt_nav2.xml
[0.401s] -- Up-to-date: /home/sunrise/wheeltec_robot_ws/install/wheeltec_nav2/share/wheeltec_nav2/param/wheeltec_param
[0.403s] -- Up-to-date: /home/sunrise/wheeltec_robot_ws/install/wheeltec_nav2/share/wheeltec_nav2/param/wheeltec_param/param_senior_4wd_bs.yaml
[0.404s] -- Up-to-date: /home/sunrise/wheeltec_robot_ws/install/wheeltec_nav2/share/wheeltec_nav2/param/wheeltec_param/param_flagship_mec_bs.yaml
[0.405s] -- Up-to-date: /home/sunrise/wheeltec_robot_ws/install/wheeltec_nav2/share/wheeltec_nav2/param/wheeltec_param/param_senior_mec_EightDrive.yaml
[0.406s] -- Up-to-date: /home/sunrise/wheeltec_robot_ws/install/wheeltec_nav2/share/wheeltec_nav2/param/wheeltec_param/param_mini_tank.yaml
[0.407s] -- Up-to-date: /home/sunrise/wheeltec_robot_ws/install/wheeltec_nav2/share/wheeltec_nav2/param/wheeltec_param/param_mini_diff.yaml
[0.409s] -- Up-to-date: /home/sunrise/wheeltec_robot_ws/install/wheeltec_nav2/share/wheeltec_nav2/param/wheeltec_param/wheeltec_params.yaml
[0.410s] -- Up-to-date: /home/sunrise/wheeltec_robot_ws/install/wheeltec_nav2/share/wheeltec_nav2/param/wheeltec_param/param_senior_mec_bs.yaml
[0.411s] -- Up-to-date: /home/sunrise/wheeltec_robot_ws/install/wheeltec_nav2/share/wheeltec_nav2/param/wheeltec_param/param_mini_mec.yaml
[0.412s] -- Up-to-date: /home/sunrise/wheeltec_robot_ws/install/wheeltec_nav2/share/wheeltec_nav2/param/wheeltec_param/param_flagship_4wd_bs.yaml
[0.413s] -- Up-to-date: /home/sunrise/wheeltec_robot_ws/install/wheeltec_nav2/share/wheeltec_nav2/param/wheeltec_param/param_top_mec_bs.yaml
[0.414s] -- Up-to-date: /home/sunrise/wheeltec_robot_ws/install/wheeltec_nav2/share/wheeltec_nav2/param/wheeltec_param/param_top_mec_EightDrive.yaml
[0.416s] -- Up-to-date: /home/sunrise/wheeltec_robot_ws/install/wheeltec_nav2/share/wheeltec_nav2/param/wheeltec_param/param_mini_omni.yaml
[0.417s] -- Up-to-date: /home/sunrise/wheeltec_robot_ws/install/wheeltec_nav2/share/wheeltec_nav2/param/wheeltec_param/param_top_omni.yaml
[0.418s] -- Up-to-date: /home/sunrise/wheeltec_robot_ws/install/wheeltec_nav2/share/wheeltec_nav2/param/wheeltec_param/param_brushless_senior_diff.yaml
[0.419s] -- Up-to-date: /home/sunrise/wheeltec_robot_ws/install/wheeltec_nav2/share/wheeltec_nav2/param/wheeltec_param/param_top_4wd_dl.yaml
[0.422s] -- Up-to-date: /home/sunrise/wheeltec_robot_ws/install/wheeltec_nav2/share/wheeltec_nav2/param/wheeltec_param/param_mini_4wd.yaml
[0.423s] -- Up-to-date: /home/sunrise/wheeltec_robot_ws/install/wheeltec_nav2/share/wheeltec_nav2/param/wheeltec_param/param_flagship_four_wheel_diff_dl.yaml
[0.425s] -- Up-to-date: /home/sunrise/wheeltec_robot_ws/install/wheeltec_nav2/share/wheeltec_nav2/param/wheeltec_param/param_senior_diff.yaml
[0.426s] -- Up-to-date: /home/sunrise/wheeltec_robot_ws/install/wheeltec_nav2/share/wheeltec_nav2/param/wheeltec_param/param_senior_akm.yaml
[0.427s] -- Up-to-date: /home/sunrise/wheeltec_robot_ws/install/wheeltec_nav2/share/wheeltec_nav2/param/wheeltec_param/param_four_wheel_diff_bs.yaml
[0.428s] -- Up-to-date: /home/sunrise/wheeltec_robot_ws/install/wheeltec_nav2/share/wheeltec_nav2/param/wheeltec_param/param_four_wheel_diff_dl.yaml
[0.429s] -- Up-to-date: /home/sunrise/wheeltec_robot_ws/install/wheeltec_nav2/share/wheeltec_nav2/param/wheeltec_param/param_top_4wd_bs.yaml
[0.430s] -- Up-to-date: /home/sunrise/wheeltec_robot_ws/install/wheeltec_nav2/share/wheeltec_nav2/param/wheeltec_param/ori.yaml
[0.431s] -- Up-to-date: /home/sunrise/wheeltec_robot_ws/install/wheeltec_nav2/share/wheeltec_nav2/param/wheeltec_param/param_flagship_four_wheel_diff_bs.yaml
[0.431s] -- Up-to-date: /home/sunrise/wheeltec_robot_ws/install/wheeltec_nav2/share/wheeltec_nav2/param/wheeltec_param/param_mini_akm.yaml
[0.432s] -- Up-to-date: /home/sunrise/wheeltec_robot_ws/install/wheeltec_nav2/share/wheeltec_nav2/param/wheeltec_param/wheeltec-dwb.yaml
[0.434s] -- Up-to-date: /home/sunrise/wheeltec_robot_ws/install/wheeltec_nav2/share/wheeltec_nav2/param/wheeltec_param/param_senior_mec_dl.yaml
[0.435s] -- Up-to-date: /home/sunrise/wheeltec_robot_ws/install/wheeltec_nav2/share/wheeltec_nav2/param/wheeltec_param/param_flagship_4wd_dl.yaml
[0.435s] -- Up-to-date: /home/sunrise/wheeltec_robot_ws/install/wheeltec_nav2/share/wheeltec_nav2/param/wheeltec_param/param_flagship_mec_dl.yaml
[0.437s] -- Up-to-date: /home/sunrise/wheeltec_robot_ws/install/wheeltec_nav2/share/wheeltec_nav2/param/wheeltec_param/param_senior_omni.yaml
[0.438s] -- Up-to-date: /home/sunrise/wheeltec_robot_ws/install/wheeltec_nav2/share/wheeltec_nav2/param/wheeltec_param/param_top_akm_bs.yaml
[0.439s] -- Up-to-date: /home/sunrise/wheeltec_robot_ws/install/wheeltec_nav2/share/wheeltec_nav2/param/wheeltec_param/param_top_akm_dl.yaml
[0.441s] -- Up-to-date: /home/sunrise/wheeltec_robot_ws/install/wheeltec_nav2/share/wheeltec_nav2/param/wheeltec_param/param_top_mec_dl.yaml
[0.442s] -- Up-to-date: /home/sunrise/wheeltec_robot_ws/install/wheeltec_nav2/share/wheeltec_nav2/param/wheeltec_param/param_senior_4wd_dl.yaml
[0.447s] -- Up-to-date: /home/sunrise/wheeltec_robot_ws/install/wheeltec_nav2/share/wheeltec_nav2/param/wheeltec_params-ori.yaml
[0.448s] -- Up-to-date: /home/sunrise/wheeltec_robot_ws/install/wheeltec_nav2/share/wheeltec_nav2/param/navigate_w_replanning_and_round_robin_recovery.xml
[0.449s] -- Up-to-date: /home/sunrise/wheeltec_robot_ws/install/wheeltec_nav2/share/wheeltec_nav2/param/follow_point.xml
[0.450s] -- Up-to-date: /home/sunrise/wheeltec_robot_ws/install/wheeltec_nav2/share/wheeltec_nav2/rviz
[0.451s] -- Up-to-date: /home/sunrise/wheeltec_robot_ws/install/wheeltec_nav2/share/wheeltec_nav2/rviz/wheeltec.rviz
[0.451s] -- Up-to-date: /home/sunrise/wheeltec_robot_ws/install/wheeltec_nav2/share/ament_index/resource_index/package_run_dependencies/wheeltec_nav2
[0.452s] -- Up-to-date: /home/sunrise/wheeltec_robot_ws/install/wheeltec_nav2/share/ament_index/resource_index/parent_prefix_path/wheeltec_nav2
[0.453s] -- Up-to-date: /home/sunrise/wheeltec_robot_ws/install/wheeltec_nav2/share/wheeltec_nav2/environment/ament_prefix_path.sh
[0.454s] -- Up-to-date: /home/sunrise/wheeltec_robot_ws/install/wheeltec_nav2/share/wheeltec_nav2/environment/ament_prefix_path.dsv
[0.455s] -- Up-to-date: /home/sunrise/wheeltec_robot_ws/install/wheeltec_nav2/share/wheeltec_nav2/environment/path.sh
[0.456s] -- Up-to-date: /home/sunrise/wheeltec_robot_ws/install/wheeltec_nav2/share/wheeltec_nav2/environment/path.dsv
[0.457s] -- Up-to-date: /home/sunrise/wheeltec_robot_ws/install/wheeltec_nav2/share/wheeltec_nav2/local_setup.bash
[0.458s] -- Up-to-date: /home/sunrise/wheeltec_robot_ws/install/wheeltec_nav2/share/wheeltec_nav2/local_setup.sh
[0.459s] -- Up-to-date: /home/sunrise/wheeltec_robot_ws/install/wheeltec_nav2/share/wheeltec_nav2/local_setup.zsh
[0.459s] -- Up-to-date: /home/sunrise/wheeltec_robot_ws/install/wheeltec_nav2/share/wheeltec_nav2/local_setup.dsv
[0.460s] -- Installing: /home/sunrise/wheeltec_robot_ws/install/wheeltec_nav2/share/wheeltec_nav2/package.dsv
[0.461s] -- Up-to-date: /home/sunrise/wheeltec_robot_ws/install/wheeltec_nav2/share/ament_index/resource_index/packages/wheeltec_nav2
[0.465s] -- Up-to-date: /home/sunrise/wheeltec_robot_ws/install/wheeltec_nav2/share/wheeltec_nav2/cmake/wheeltec_nav2Config.cmake
[0.468s] -- Up-to-date: /home/sunrise/wheeltec_robot_ws/install/wheeltec_nav2/share/wheeltec_nav2/cmake/wheeltec_nav2Config-version.cmake
[0.469s] -- Up-to-date: /home/sunrise/wheeltec_robot_ws/install/wheeltec_nav2/share/wheeltec_nav2/package.xml
[0.471s] Invoked command in '/home/sunrise/wheeltec_robot_ws/build/wheeltec_nav2' returned '0': CMAKE_PREFIX_PATH=${CMAKE_PREFIX_PATH}:/home/sunrise/wheeltec_robot_ws/install/simple_follower_ros2:/home/sunrise/wheeltec_robot_ws/install/wheeltec_robot_keyboard:/home/sunrise/wheeltec_robot_ws/install/tf2_tools:/opt/ros/humble /usr/bin/cmake --install /home/sunrise/wheeltec_robot_ws/build/wheeltec_nav2
