[0.087s] Invoking command in '/home/sunrise/wheeltec_robot_ws/build/bkwindbot_urdf': CMAKE_PREFIX_PATH=/opt/ros/humble /usr/bin/cmake --build /home/sunrise/wheeltec_robot_ws/build/bkwindbot_urdf -- -j4 -l4
[0.273s] Invoked command in '/home/sunrise/wheeltec_robot_ws/build/bkwindbot_urdf' returned '0': CMAKE_PREFIX_PATH=/opt/ros/humble /usr/bin/cmake --build /home/sunrise/wheeltec_robot_ws/build/bkwindbot_urdf -- -j4 -l4
[0.433s] Invoking command in '/home/sunrise/wheeltec_robot_ws/build/bkwindbot_urdf': CMAKE_PREFIX_PATH=/opt/ros/humble /usr/bin/cmake --install /home/sunrise/wheeltec_robot_ws/build/bkwindbot_urdf
[0.475s] -- Install configuration: ""
[0.476s] -- Up-to-date: /home/sunrise/wheeltec_robot_ws/install/bkwindbot_urdf/share/bkwindbot_urdf/meshes
[0.478s] -- Up-to-date: /home/sunrise/wheeltec_robot_ws/install/bkwindbot_urdf/share/bkwindbot_urdf/meshes/wheels
[0.482s] -- Up-to-date: /home/sunrise/wheeltec_robot_ws/install/bkwindbot_urdf/share/bkwindbot_urdf/meshes/wheels/right_tire.stl
[0.483s] -- Up-to-date: /home/sunrise/wheeltec_robot_ws/install/bkwindbot_urdf/share/bkwindbot_urdf/meshes/wheels/left_tire.stl
[0.484s] -- Up-to-date: /home/sunrise/wheeltec_robot_ws/install/bkwindbot_urdf/share/bkwindbot_urdf/meshes/sensors
[0.492s] -- Up-to-date: /home/sunrise/wheeltec_robot_ws/install/bkwindbot_urdf/share/bkwindbot_urdf/meshes/sensors/astra.dae
[0.509s] -- Up-to-date: /home/sunrise/wheeltec_robot_ws/install/bkwindbot_urdf/share/bkwindbot_urdf/meshes/sensors/lds.stl
[0.510s] -- Up-to-date: /home/sunrise/wheeltec_robot_ws/install/bkwindbot_urdf/share/bkwindbot_urdf/meshes/sensors/r200.jpg
[0.511s] -- Up-to-date: /home/sunrise/wheeltec_robot_ws/install/bkwindbot_urdf/share/bkwindbot_urdf/meshes/sensors/astra.jpg
[0.512s] -- Up-to-date: /home/sunrise/wheeltec_robot_ws/install/bkwindbot_urdf/share/bkwindbot_urdf/meshes/sensors/r200.dae
[0.513s] -- Up-to-date: /home/sunrise/wheeltec_robot_ws/install/bkwindbot_urdf/share/bkwindbot_urdf/meshes/bases
[0.515s] -- Up-to-date: /home/sunrise/wheeltec_robot_ws/install/bkwindbot_urdf/share/bkwindbot_urdf/meshes/bases/waffle_pi_base.stl
[0.516s] -- Up-to-date: /home/sunrise/wheeltec_robot_ws/install/bkwindbot_urdf/share/bkwindbot_urdf/meshes/bases/burger_base.stl
[0.529s] -- Up-to-date: /home/sunrise/wheeltec_robot_ws/install/bkwindbot_urdf/share/bkwindbot_urdf/meshes/bases/waffle_base.stl
[0.530s] -- Up-to-date: /home/sunrise/wheeltec_robot_ws/install/bkwindbot_urdf/share/bkwindbot_urdf/rviz
[0.531s] -- Up-to-date: /home/sunrise/wheeltec_robot_ws/install/bkwindbot_urdf/share/bkwindbot_urdf/rviz/model.rviz
[0.531s] -- Up-to-date: /home/sunrise/wheeltec_robot_ws/install/bkwindbot_urdf/share/bkwindbot_urdf/urdf
[0.532s] -- Up-to-date: /home/sunrise/wheeltec_robot_ws/install/bkwindbot_urdf/share/bkwindbot_urdf/urdf/mini_diff_robot.urdf
[0.533s] -- Up-to-date: /home/sunrise/wheeltec_robot_ws/install/bkwindbot_urdf/share/bkwindbot_urdf/urdf/flagship_mec_bs_robot.urdf
[0.536s] -- Up-to-date: /home/sunrise/wheeltec_robot_ws/install/bkwindbot_urdf/share/bkwindbot_urdf/urdf/senior_akm_robot.urdf
[0.537s] -- Up-to-date: /home/sunrise/wheeltec_robot_ws/install/bkwindbot_urdf/share/bkwindbot_urdf/urdf/top_4wd_bs_robot.urdf
[0.538s] -- Up-to-date: /home/sunrise/wheeltec_robot_ws/install/bkwindbot_urdf/share/bkwindbot_urdf/urdf/four_wheel_diff_dl_robot.urdf
[0.540s] -- Up-to-date: /home/sunrise/wheeltec_robot_ws/install/bkwindbot_urdf/share/bkwindbot_urdf/urdf/flagship_4wd_bs_robot.urdf
[0.542s] -- Up-to-date: /home/sunrise/wheeltec_robot_ws/install/bkwindbot_urdf/share/bkwindbot_urdf/urdf/senior_4wd_bs_robot.urdf
[0.543s] -- Up-to-date: /home/sunrise/wheeltec_robot_ws/install/bkwindbot_urdf/share/bkwindbot_urdf/urdf/mini_mec_robot.urdf
[0.547s] -- Up-to-date: /home/sunrise/wheeltec_robot_ws/install/bkwindbot_urdf/share/bkwindbot_urdf/urdf/brushless_senior_diff.urdf
[0.547s] -- Up-to-date: /home/sunrise/wheeltec_robot_ws/install/bkwindbot_urdf/share/bkwindbot_urdf/urdf/top_akm_bs_robot.urdf
[0.548s] -- Up-to-date: /home/sunrise/wheeltec_robot_ws/install/bkwindbot_urdf/share/bkwindbot_urdf/urdf/senior_mec_robot.urdf
[0.551s] -- Up-to-date: /home/sunrise/wheeltec_robot_ws/install/bkwindbot_urdf/share/bkwindbot_urdf/urdf/top_omni_robot.urdf
[0.552s] -- Up-to-date: /home/sunrise/wheeltec_robot_ws/install/bkwindbot_urdf/share/bkwindbot_urdf/urdf/top_akm_dl_robot.urdf
[0.553s] -- Up-to-date: /home/sunrise/wheeltec_robot_ws/install/bkwindbot_urdf/share/bkwindbot_urdf/urdf/mini_omni_robot.urdf
[0.554s] -- Up-to-date: /home/sunrise/wheeltec_robot_ws/install/bkwindbot_urdf/share/bkwindbot_urdf/urdf/senior_mec_dl_robot.urdf
[0.555s] -- Up-to-date: /home/sunrise/wheeltec_robot_ws/install/bkwindbot_urdf/share/bkwindbot_urdf/urdf/flagship_mec_dl_robot.urdf
[0.556s] -- Up-to-date: /home/sunrise/wheeltec_robot_ws/install/bkwindbot_urdf/share/bkwindbot_urdf/urdf/mini_akm_robot.urdf
[0.557s] -- Up-to-date: /home/sunrise/wheeltec_robot_ws/install/bkwindbot_urdf/share/bkwindbot_urdf/urdf/top_4wd_dl_robot.urdf
[0.559s] -- Up-to-date: /home/sunrise/wheeltec_robot_ws/install/bkwindbot_urdf/share/bkwindbot_urdf/urdf/senior_omni_robot.urdf
[0.560s] -- Up-to-date: /home/sunrise/wheeltec_robot_ws/install/bkwindbot_urdf/share/bkwindbot_urdf/urdf/flagship_4wd_dl_robot.urdf
[0.561s] -- Up-to-date: /home/sunrise/wheeltec_robot_ws/install/bkwindbot_urdf/share/bkwindbot_urdf/urdf/top_mec_bs_robot.urdf
[0.575s] -- Up-to-date: /home/sunrise/wheeltec_robot_ws/install/bkwindbot_urdf/share/bkwindbot_urdf/urdf/mec_EightDrive_robot.urdf
[0.576s] -- Up-to-date: /home/sunrise/wheeltec_robot_ws/install/bkwindbot_urdf/share/bkwindbot_urdf/urdf/top_mec_dl_robot.urdf
[0.579s] -- Up-to-date: /home/sunrise/wheeltec_robot_ws/install/bkwindbot_urdf/share/bkwindbot_urdf/urdf/senior_4wd_dl_robot.urdf
[0.581s] -- Up-to-date: /home/sunrise/wheeltec_robot_ws/install/bkwindbot_urdf/share/bkwindbot_urdf/urdf/mini_4wd_robot.urdf
[0.585s] -- Up-to-date: /home/sunrise/wheeltec_robot_ws/install/bkwindbot_urdf/share/bkwindbot_urdf/urdf/four_wheel_diff_bs_robot.urdf
[0.586s] -- Up-to-date: /home/sunrise/wheeltec_robot_ws/install/bkwindbot_urdf/share/bkwindbot_urdf/urdf/mini_mec_moveit.urdf
[0.588s] -- Up-to-date: /home/sunrise/wheeltec_robot_ws/install/bkwindbot_urdf/share/bkwindbot_urdf/urdf/flagship_four_wheel_diff_bs_robot.urdf
[0.589s] -- Up-to-date: /home/sunrise/wheeltec_robot_ws/install/bkwindbot_urdf/share/bkwindbot_urdf/urdf/flagship_four_wheel_diff_dl_robot.urdf
[0.612s] -- Up-to-date: /home/sunrise/wheeltec_robot_ws/install/bkwindbot_urdf/share/bkwindbot_urdf/urdf/mini_tank_moveit.urdf
[0.613s] -- Up-to-date: /home/sunrise/wheeltec_robot_ws/install/bkwindbot_urdf/share/bkwindbot_urdf/urdf/senior_diff_robot.urdf
[0.614s] -- Up-to-date: /home/sunrise/wheeltec_robot_ws/install/bkwindbot_urdf/share/ament_index/resource_index/package_run_dependencies/bkwindbot_urdf
[0.615s] -- Up-to-date: /home/sunrise/wheeltec_robot_ws/install/bkwindbot_urdf/share/ament_index/resource_index/parent_prefix_path/bkwindbot_urdf
[0.616s] -- Up-to-date: /home/sunrise/wheeltec_robot_ws/install/bkwindbot_urdf/share/bkwindbot_urdf/environment/ament_prefix_path.sh
[0.617s] -- Up-to-date: /home/sunrise/wheeltec_robot_ws/install/bkwindbot_urdf/share/bkwindbot_urdf/environment/ament_prefix_path.dsv
[0.618s] -- Up-to-date: /home/sunrise/wheeltec_robot_ws/install/bkwindbot_urdf/share/bkwindbot_urdf/environment/path.sh
[0.619s] -- Up-to-date: /home/sunrise/wheeltec_robot_ws/install/bkwindbot_urdf/share/bkwindbot_urdf/environment/path.dsv
[0.620s] -- Up-to-date: /home/sunrise/wheeltec_robot_ws/install/bkwindbot_urdf/share/bkwindbot_urdf/local_setup.bash
[0.621s] -- Up-to-date: /home/sunrise/wheeltec_robot_ws/install/bkwindbot_urdf/share/bkwindbot_urdf/local_setup.sh
[0.622s] -- Up-to-date: /home/sunrise/wheeltec_robot_ws/install/bkwindbot_urdf/share/bkwindbot_urdf/local_setup.zsh
[0.623s] -- Up-to-date: /home/sunrise/wheeltec_robot_ws/install/bkwindbot_urdf/share/bkwindbot_urdf/local_setup.dsv
[0.623s] -- Installing: /home/sunrise/wheeltec_robot_ws/install/bkwindbot_urdf/share/bkwindbot_urdf/package.dsv
[0.624s] -- Up-to-date: /home/sunrise/wheeltec_robot_ws/install/bkwindbot_urdf/share/ament_index/resource_index/packages/bkwindbot_urdf
[0.625s] -- Up-to-date: /home/sunrise/wheeltec_robot_ws/install/bkwindbot_urdf/share/bkwindbot_urdf/cmake/bkwindbot_urdfConfig.cmake
[0.626s] -- Up-to-date: /home/sunrise/wheeltec_robot_ws/install/bkwindbot_urdf/share/bkwindbot_urdf/cmake/bkwindbot_urdfConfig-version.cmake
[0.627s] -- Up-to-date: /home/sunrise/wheeltec_robot_ws/install/bkwindbot_urdf/share/bkwindbot_urdf/package.xml
[0.628s] Invoked command in '/home/sunrise/wheeltec_robot_ws/build/bkwindbot_urdf' returned '0': CMAKE_PREFIX_PATH=/opt/ros/humble /usr/bin/cmake --install /home/sunrise/wheeltec_robot_ws/build/bkwindbot_urdf
