[0.161s] Invoking command in '/home/sunrise/wheeltec_robot_ws/build/wheeltec_robot_msg': CMAKE_PREFIX_PATH=${CMAKE_PREFIX_PATH}:/home/sunrise/wheeltec_robot_ws/install/tf2_tools:/opt/ros/humble /usr/bin/cmake --build /home/sunrise/wheeltec_robot_ws/build/wheeltec_robot_msg -- -j4 -l4
[0.539s] [35m[1mConsolidate compiler generated dependencies of target wheeltec_robot_msg__rosidl_generator_c[0m
[0.650s] [  2%] Built target wheeltec_robot_msg__cpp
[0.707s] [ 12%] Built target wheeltec_robot_msg__rosidl_generator_c
[0.755s] [ 12%] Built target ament_cmake_python_copy_wheeltec_robot_msg
[0.809s] [35m[1mConsolidate compiler generated dependencies of target wheeltec_robot_msg__rosidl_typesupport_cpp[0m
[0.815s] [35m[1mConsolidate compiler generated dependencies of target wheeltec_robot_msg__rosidl_typesupport_fastrtps_cpp[0m
[0.865s] [35m[1mConsolidate compiler generated dependencies of target wheeltec_robot_msg__rosidl_typesupport_introspection_cpp[0m
[0.918s] [35m[1mConsolidate compiler generated dependencies of target wheeltec_robot_msg__rosidl_typesupport_fastrtps_c[0m
[0.971s] [ 23%] Built target wheeltec_robot_msg__rosidl_typesupport_cpp
[1.078s] [ 33%] Built target wheeltec_robot_msg__rosidl_typesupport_fastrtps_cpp
[1.120s] [ 43%] Built target wheeltec_robot_msg__rosidl_typesupport_introspection_cpp
[1.428s] [35m[1mConsolidate compiler generated dependencies of target wheeltec_robot_msg__rosidl_typesupport_introspection_c[0m
[1.431s] [ 53%] Built target wheeltec_robot_msg__rosidl_typesupport_fastrtps_c
[1.526s] [35m[1mConsolidate compiler generated dependencies of target wheeltec_robot_msg__rosidl_typesupport_c[0m
[1.536s] [ 64%] Built target wheeltec_robot_msg__rosidl_typesupport_introspection_c
[1.537s] [ 74%] Built target wheeltec_robot_msg__rosidl_typesupport_c
[1.697s] [ 74%] Built target wheeltec_robot_msg
[1.932s] [ 76%] Built target wheeltec_robot_msg__py
[2.039s] [35m[1mConsolidate compiler generated dependencies of target wheeltec_robot_msg__rosidl_generator_py[0m
[2.156s] [ 84%] Built target wheeltec_robot_msg__rosidl_generator_py
[2.295s] [35m[1mConsolidate compiler generated dependencies of target wheeltec_robot_msg__rosidl_typesupport_introspection_c__pyext[0m
[2.318s] [35m[1mConsolidate compiler generated dependencies of target wheeltec_robot_msg__rosidl_typesupport_fastrtps_c__pyext[0m
[2.346s] [35m[1mConsolidate compiler generated dependencies of target wheeltec_robot_msg__rosidl_typesupport_c__pyext[0m
[2.504s] [ 89%] Built target wheeltec_robot_msg__rosidl_typesupport_fastrtps_c__pyext
[2.532s] [ 94%] Built target wheeltec_robot_msg__rosidl_typesupport_introspection_c__pyext
[2.638s] [100%] Built target wheeltec_robot_msg__rosidl_typesupport_c__pyext
[5.592s] running egg_info
[5.599s] writing wheeltec_robot_msg.egg-info/PKG-INFO
[5.600s] writing dependency_links to wheeltec_robot_msg.egg-info/dependency_links.txt
[5.608s] writing top-level names to wheeltec_robot_msg.egg-info/top_level.txt
[5.635s] reading manifest file 'wheeltec_robot_msg.egg-info/SOURCES.txt'
[5.649s] writing manifest file 'wheeltec_robot_msg.egg-info/SOURCES.txt'
[6.095s] [100%] Built target ament_cmake_python_build_wheeltec_robot_msg_egg
[6.249s] Invoked command in '/home/sunrise/wheeltec_robot_ws/build/wheeltec_robot_msg' returned '0': CMAKE_PREFIX_PATH=${CMAKE_PREFIX_PATH}:/home/sunrise/wheeltec_robot_ws/install/tf2_tools:/opt/ros/humble /usr/bin/cmake --build /home/sunrise/wheeltec_robot_ws/build/wheeltec_robot_msg -- -j4 -l4
[7.360s] Invoking command in '/home/sunrise/wheeltec_robot_ws/build/wheeltec_robot_msg': CMAKE_PREFIX_PATH=${CMAKE_PREFIX_PATH}:/home/sunrise/wheeltec_robot_ws/install/tf2_tools:/opt/ros/humble /usr/bin/cmake --install /home/sunrise/wheeltec_robot_ws/build/wheeltec_robot_msg
[7.436s] -- Install configuration: ""
[7.441s] -- Up-to-date: /home/sunrise/wheeltec_robot_ws/install/wheeltec_robot_msg/share/ament_index/resource_index/rosidl_interfaces/wheeltec_robot_msg
[7.442s] -- Up-to-date: /home/sunrise/wheeltec_robot_ws/install/wheeltec_robot_msg/include/wheeltec_robot_msg/wheeltec_robot_msg
[7.451s] -- Up-to-date: /home/sunrise/wheeltec_robot_ws/install/wheeltec_robot_msg/include/wheeltec_robot_msg/wheeltec_robot_msg/msg
[7.452s] -- Up-to-date: /home/sunrise/wheeltec_robot_ws/install/wheeltec_robot_msg/include/wheeltec_robot_msg/wheeltec_robot_msg/msg/data.h
[7.453s] -- Up-to-date: /home/sunrise/wheeltec_robot_ws/install/wheeltec_robot_msg/include/wheeltec_robot_msg/wheeltec_robot_msg/msg/rosidl_generator_c__visibility_control.h
[7.454s] -- Up-to-date: /home/sunrise/wheeltec_robot_ws/install/wheeltec_robot_msg/include/wheeltec_robot_msg/wheeltec_robot_msg/msg/supersonic.h
[7.455s] -- Up-to-date: /home/sunrise/wheeltec_robot_ws/install/wheeltec_robot_msg/include/wheeltec_robot_msg/wheeltec_robot_msg/msg/detail
[7.456s] -- Up-to-date: /home/sunrise/wheeltec_robot_ws/install/wheeltec_robot_msg/include/wheeltec_robot_msg/wheeltec_robot_msg/msg/detail/supersonic__functions.h
[7.460s] -- Up-to-date: /home/sunrise/wheeltec_robot_ws/install/wheeltec_robot_msg/include/wheeltec_robot_msg/wheeltec_robot_msg/msg/detail/supersonic__struct.h
[7.461s] -- Up-to-date: /home/sunrise/wheeltec_robot_ws/install/wheeltec_robot_msg/include/wheeltec_robot_msg/wheeltec_robot_msg/msg/detail/supersonic__type_support.h
[7.462s] -- Up-to-date: /home/sunrise/wheeltec_robot_ws/install/wheeltec_robot_msg/include/wheeltec_robot_msg/wheeltec_robot_msg/msg/detail/supersonic__functions.c
[7.469s] -- Up-to-date: /home/sunrise/wheeltec_robot_ws/install/wheeltec_robot_msg/include/wheeltec_robot_msg/wheeltec_robot_msg/msg/detail/data__functions.c
[7.470s] -- Up-to-date: /home/sunrise/wheeltec_robot_ws/install/wheeltec_robot_msg/include/wheeltec_robot_msg/wheeltec_robot_msg/msg/detail/data__type_support.h
[7.471s] -- Up-to-date: /home/sunrise/wheeltec_robot_ws/install/wheeltec_robot_msg/include/wheeltec_robot_msg/wheeltec_robot_msg/msg/detail/data__functions.h
[7.472s] -- Up-to-date: /home/sunrise/wheeltec_robot_ws/install/wheeltec_robot_msg/include/wheeltec_robot_msg/wheeltec_robot_msg/msg/detail/data__struct.h
[7.473s] -- Up-to-date: /home/sunrise/wheeltec_robot_ws/install/wheeltec_robot_msg/share/wheeltec_robot_msg/environment/library_path.sh
[7.474s] -- Up-to-date: /home/sunrise/wheeltec_robot_ws/install/wheeltec_robot_msg/share/wheeltec_robot_msg/environment/library_path.dsv
[7.480s] -- Up-to-date: /home/sunrise/wheeltec_robot_ws/install/wheeltec_robot_msg/lib/libwheeltec_robot_msg__rosidl_generator_c.so
[7.482s] -- Up-to-date: /home/sunrise/wheeltec_robot_ws/install/wheeltec_robot_msg/include/wheeltec_robot_msg/wheeltec_robot_msg
[7.485s] -- Up-to-date: /home/sunrise/wheeltec_robot_ws/install/wheeltec_robot_msg/include/wheeltec_robot_msg/wheeltec_robot_msg/msg
[7.486s] -- Up-to-date: /home/sunrise/wheeltec_robot_ws/install/wheeltec_robot_msg/include/wheeltec_robot_msg/wheeltec_robot_msg/msg/rosidl_typesupport_fastrtps_c__visibility_control.h
[7.490s] -- Up-to-date: /home/sunrise/wheeltec_robot_ws/install/wheeltec_robot_msg/include/wheeltec_robot_msg/wheeltec_robot_msg/msg/detail
[7.493s] -- Up-to-date: /home/sunrise/wheeltec_robot_ws/install/wheeltec_robot_msg/include/wheeltec_robot_msg/wheeltec_robot_msg/msg/detail/supersonic__rosidl_typesupport_fastrtps_c.h
[7.494s] -- Up-to-date: /home/sunrise/wheeltec_robot_ws/install/wheeltec_robot_msg/include/wheeltec_robot_msg/wheeltec_robot_msg/msg/detail/data__rosidl_typesupport_fastrtps_c.h
[7.498s] -- Up-to-date: /home/sunrise/wheeltec_robot_ws/install/wheeltec_robot_msg/lib/libwheeltec_robot_msg__rosidl_typesupport_fastrtps_c.so
[7.504s] -- Up-to-date: /home/sunrise/wheeltec_robot_ws/install/wheeltec_robot_msg/include/wheeltec_robot_msg/wheeltec_robot_msg
[7.505s] -- Up-to-date: /home/sunrise/wheeltec_robot_ws/install/wheeltec_robot_msg/include/wheeltec_robot_msg/wheeltec_robot_msg/msg
[7.506s] -- Up-to-date: /home/sunrise/wheeltec_robot_ws/install/wheeltec_robot_msg/include/wheeltec_robot_msg/wheeltec_robot_msg/msg/rosidl_typesupport_introspection_c__visibility_control.h
[7.507s] -- Up-to-date: /home/sunrise/wheeltec_robot_ws/install/wheeltec_robot_msg/include/wheeltec_robot_msg/wheeltec_robot_msg/msg/detail
[7.508s] -- Up-to-date: /home/sunrise/wheeltec_robot_ws/install/wheeltec_robot_msg/include/wheeltec_robot_msg/wheeltec_robot_msg/msg/detail/data__rosidl_typesupport_introspection_c.h
[7.509s] -- Up-to-date: /home/sunrise/wheeltec_robot_ws/install/wheeltec_robot_msg/include/wheeltec_robot_msg/wheeltec_robot_msg/msg/detail/supersonic__rosidl_typesupport_introspection_c.h
[7.516s] -- Up-to-date: /home/sunrise/wheeltec_robot_ws/install/wheeltec_robot_msg/include/wheeltec_robot_msg/wheeltec_robot_msg/msg/detail/data__type_support.c
[7.517s] -- Up-to-date: /home/sunrise/wheeltec_robot_ws/install/wheeltec_robot_msg/include/wheeltec_robot_msg/wheeltec_robot_msg/msg/detail/supersonic__type_support.c
[7.518s] -- Up-to-date: /home/sunrise/wheeltec_robot_ws/install/wheeltec_robot_msg/lib/libwheeltec_robot_msg__rosidl_typesupport_introspection_c.so
[7.519s] -- Up-to-date: /home/sunrise/wheeltec_robot_ws/install/wheeltec_robot_msg/lib/libwheeltec_robot_msg__rosidl_typesupport_c.so
[7.520s] -- Up-to-date: /home/sunrise/wheeltec_robot_ws/install/wheeltec_robot_msg/include/wheeltec_robot_msg/wheeltec_robot_msg
[7.521s] -- Up-to-date: /home/sunrise/wheeltec_robot_ws/install/wheeltec_robot_msg/include/wheeltec_robot_msg/wheeltec_robot_msg/msg
[7.522s] -- Up-to-date: /home/sunrise/wheeltec_robot_ws/install/wheeltec_robot_msg/include/wheeltec_robot_msg/wheeltec_robot_msg/msg/data.hpp
[7.523s] -- Up-to-date: /home/sunrise/wheeltec_robot_ws/install/wheeltec_robot_msg/include/wheeltec_robot_msg/wheeltec_robot_msg/msg/supersonic.hpp
[7.524s] -- Up-to-date: /home/sunrise/wheeltec_robot_ws/install/wheeltec_robot_msg/include/wheeltec_robot_msg/wheeltec_robot_msg/msg/detail
[7.525s] -- Up-to-date: /home/sunrise/wheeltec_robot_ws/install/wheeltec_robot_msg/include/wheeltec_robot_msg/wheeltec_robot_msg/msg/detail/supersonic__builder.hpp
[7.526s] -- Up-to-date: /home/sunrise/wheeltec_robot_ws/install/wheeltec_robot_msg/include/wheeltec_robot_msg/wheeltec_robot_msg/msg/detail/data__struct.hpp
[7.528s] -- Up-to-date: /home/sunrise/wheeltec_robot_ws/install/wheeltec_robot_msg/include/wheeltec_robot_msg/wheeltec_robot_msg/msg/detail/data__traits.hpp
[7.530s] -- Up-to-date: /home/sunrise/wheeltec_robot_ws/install/wheeltec_robot_msg/include/wheeltec_robot_msg/wheeltec_robot_msg/msg/detail/supersonic__traits.hpp
[7.532s] -- Up-to-date: /home/sunrise/wheeltec_robot_ws/install/wheeltec_robot_msg/include/wheeltec_robot_msg/wheeltec_robot_msg/msg/detail/supersonic__struct.hpp
[7.533s] -- Up-to-date: /home/sunrise/wheeltec_robot_ws/install/wheeltec_robot_msg/include/wheeltec_robot_msg/wheeltec_robot_msg/msg/detail/data__builder.hpp
[7.534s] -- Up-to-date: /home/sunrise/wheeltec_robot_ws/install/wheeltec_robot_msg/include/wheeltec_robot_msg/wheeltec_robot_msg
[7.535s] -- Up-to-date: /home/sunrise/wheeltec_robot_ws/install/wheeltec_robot_msg/include/wheeltec_robot_msg/wheeltec_robot_msg/msg
[7.536s] -- Up-to-date: /home/sunrise/wheeltec_robot_ws/install/wheeltec_robot_msg/include/wheeltec_robot_msg/wheeltec_robot_msg/msg/rosidl_typesupport_fastrtps_cpp__visibility_control.h
[7.537s] -- Up-to-date: /home/sunrise/wheeltec_robot_ws/install/wheeltec_robot_msg/include/wheeltec_robot_msg/wheeltec_robot_msg/msg/detail
[7.538s] -- Up-to-date: /home/sunrise/wheeltec_robot_ws/install/wheeltec_robot_msg/include/wheeltec_robot_msg/wheeltec_robot_msg/msg/detail/dds_fastrtps
[7.540s] -- Up-to-date: /home/sunrise/wheeltec_robot_ws/install/wheeltec_robot_msg/include/wheeltec_robot_msg/wheeltec_robot_msg/msg/detail/supersonic__rosidl_typesupport_fastrtps_cpp.hpp
[7.541s] -- Up-to-date: /home/sunrise/wheeltec_robot_ws/install/wheeltec_robot_msg/include/wheeltec_robot_msg/wheeltec_robot_msg/msg/detail/data__rosidl_typesupport_fastrtps_cpp.hpp
[7.542s] -- Up-to-date: /home/sunrise/wheeltec_robot_ws/install/wheeltec_robot_msg/lib/libwheeltec_robot_msg__rosidl_typesupport_fastrtps_cpp.so
[7.543s] -- Up-to-date: /home/sunrise/wheeltec_robot_ws/install/wheeltec_robot_msg/include/wheeltec_robot_msg/wheeltec_robot_msg
[7.543s] -- Up-to-date: /home/sunrise/wheeltec_robot_ws/install/wheeltec_robot_msg/include/wheeltec_robot_msg/wheeltec_robot_msg/msg
[7.544s] -- Up-to-date: /home/sunrise/wheeltec_robot_ws/install/wheeltec_robot_msg/include/wheeltec_robot_msg/wheeltec_robot_msg/msg/detail
[7.545s] -- Up-to-date: /home/sunrise/wheeltec_robot_ws/install/wheeltec_robot_msg/include/wheeltec_robot_msg/wheeltec_robot_msg/msg/detail/supersonic__type_support.cpp
[7.547s] -- Up-to-date: /home/sunrise/wheeltec_robot_ws/install/wheeltec_robot_msg/include/wheeltec_robot_msg/wheeltec_robot_msg/msg/detail/data__rosidl_typesupport_introspection_cpp.hpp
[7.548s] -- Up-to-date: /home/sunrise/wheeltec_robot_ws/install/wheeltec_robot_msg/include/wheeltec_robot_msg/wheeltec_robot_msg/msg/detail/supersonic__rosidl_typesupport_introspection_cpp.hpp
[7.549s] -- Up-to-date: /home/sunrise/wheeltec_robot_ws/install/wheeltec_robot_msg/include/wheeltec_robot_msg/wheeltec_robot_msg/msg/detail/data__type_support.cpp
[7.550s] -- Up-to-date: /home/sunrise/wheeltec_robot_ws/install/wheeltec_robot_msg/lib/libwheeltec_robot_msg__rosidl_typesupport_introspection_cpp.so
[7.551s] -- Up-to-date: /home/sunrise/wheeltec_robot_ws/install/wheeltec_robot_msg/lib/libwheeltec_robot_msg__rosidl_typesupport_cpp.so
[7.552s] -- Up-to-date: /home/sunrise/wheeltec_robot_ws/install/wheeltec_robot_msg/share/wheeltec_robot_msg/environment/pythonpath.sh
[7.553s] -- Up-to-date: /home/sunrise/wheeltec_robot_ws/install/wheeltec_robot_msg/share/wheeltec_robot_msg/environment/pythonpath.dsv
[7.554s] -- Up-to-date: /home/sunrise/wheeltec_robot_ws/install/wheeltec_robot_msg/local/lib/python3.10/dist-packages/wheeltec_robot_msg-0.0.0-py3.10.egg-info
[7.555s] -- Installing: /home/sunrise/wheeltec_robot_ws/install/wheeltec_robot_msg/local/lib/python3.10/dist-packages/wheeltec_robot_msg-0.0.0-py3.10.egg-info/top_level.txt
[7.556s] -- Installing: /home/sunrise/wheeltec_robot_ws/install/wheeltec_robot_msg/local/lib/python3.10/dist-packages/wheeltec_robot_msg-0.0.0-py3.10.egg-info/SOURCES.txt
[7.557s] -- Installing: /home/sunrise/wheeltec_robot_ws/install/wheeltec_robot_msg/local/lib/python3.10/dist-packages/wheeltec_robot_msg-0.0.0-py3.10.egg-info/PKG-INFO
[7.558s] -- Installing: /home/sunrise/wheeltec_robot_ws/install/wheeltec_robot_msg/local/lib/python3.10/dist-packages/wheeltec_robot_msg-0.0.0-py3.10.egg-info/dependency_links.txt
[7.559s] -- Up-to-date: /home/sunrise/wheeltec_robot_ws/install/wheeltec_robot_msg/local/lib/python3.10/dist-packages/wheeltec_robot_msg
[7.560s] -- Up-to-date: /home/sunrise/wheeltec_robot_ws/install/wheeltec_robot_msg/local/lib/python3.10/dist-packages/wheeltec_robot_msg/_wheeltec_robot_msg_s.ep.rosidl_typesupport_c.c
[7.561s] -- Up-to-date: /home/sunrise/wheeltec_robot_ws/install/wheeltec_robot_msg/local/lib/python3.10/dist-packages/wheeltec_robot_msg/_wheeltec_robot_msg_s.ep.rosidl_typesupport_fastrtps_c.c
[7.562s] -- Up-to-date: /home/sunrise/wheeltec_robot_ws/install/wheeltec_robot_msg/local/lib/python3.10/dist-packages/wheeltec_robot_msg/libwheeltec_robot_msg__rosidl_generator_py.so
[7.563s] -- Up-to-date: /home/sunrise/wheeltec_robot_ws/install/wheeltec_robot_msg/local/lib/python3.10/dist-packages/wheeltec_robot_msg/msg
[7.564s] -- Up-to-date: /home/sunrise/wheeltec_robot_ws/install/wheeltec_robot_msg/local/lib/python3.10/dist-packages/wheeltec_robot_msg/msg/_data_s.c
[7.565s] -- Up-to-date: /home/sunrise/wheeltec_robot_ws/install/wheeltec_robot_msg/local/lib/python3.10/dist-packages/wheeltec_robot_msg/msg/_data.py
[7.566s] -- Up-to-date: /home/sunrise/wheeltec_robot_ws/install/wheeltec_robot_msg/local/lib/python3.10/dist-packages/wheeltec_robot_msg/msg/__init__.py
[7.567s] -- Up-to-date: /home/sunrise/wheeltec_robot_ws/install/wheeltec_robot_msg/local/lib/python3.10/dist-packages/wheeltec_robot_msg/msg/_supersonic.py
[7.568s] -- Up-to-date: /home/sunrise/wheeltec_robot_ws/install/wheeltec_robot_msg/local/lib/python3.10/dist-packages/wheeltec_robot_msg/msg/_supersonic_s.c
[7.569s] -- Up-to-date: /home/sunrise/wheeltec_robot_ws/install/wheeltec_robot_msg/local/lib/python3.10/dist-packages/wheeltec_robot_msg/__init__.py
[7.570s] -- Up-to-date: /home/sunrise/wheeltec_robot_ws/install/wheeltec_robot_msg/local/lib/python3.10/dist-packages/wheeltec_robot_msg/wheeltec_robot_msg_s__rosidl_typesupport_c.cpython-310-aarch64-linux-gnu.so
[7.581s] -- Up-to-date: /home/sunrise/wheeltec_robot_ws/install/wheeltec_robot_msg/local/lib/python3.10/dist-packages/wheeltec_robot_msg/wheeltec_robot_msg_s__rosidl_typesupport_introspection_c.cpython-310-aarch64-linux-gnu.so
[7.582s] -- Up-to-date: /home/sunrise/wheeltec_robot_ws/install/wheeltec_robot_msg/local/lib/python3.10/dist-packages/wheeltec_robot_msg/_wheeltec_robot_msg_s.ep.rosidl_typesupport_introspection_c.c
[7.583s] -- Up-to-date: /home/sunrise/wheeltec_robot_ws/install/wheeltec_robot_msg/local/lib/python3.10/dist-packages/wheeltec_robot_msg/wheeltec_robot_msg_s__rosidl_typesupport_fastrtps_c.cpython-310-aarch64-linux-gnu.so
[7.988s] Listing '/home/sunrise/wheeltec_robot_ws/install/wheeltec_robot_msg/local/lib/python3.10/dist-packages/wheeltec_robot_msg'...
[7.991s] Listing '/home/sunrise/wheeltec_robot_ws/install/wheeltec_robot_msg/local/lib/python3.10/dist-packages/wheeltec_robot_msg/msg'...
[8.064s] -- Up-to-date: /home/sunrise/wheeltec_robot_ws/install/wheeltec_robot_msg/local/lib/python3.10/dist-packages/wheeltec_robot_msg/wheeltec_robot_msg_s__rosidl_typesupport_fastrtps_c.cpython-310-aarch64-linux-gnu.so
[8.072s] -- Up-to-date: /home/sunrise/wheeltec_robot_ws/install/wheeltec_robot_msg/local/lib/python3.10/dist-packages/wheeltec_robot_msg/wheeltec_robot_msg_s__rosidl_typesupport_introspection_c.cpython-310-aarch64-linux-gnu.so
[8.079s] -- Up-to-date: /home/sunrise/wheeltec_robot_ws/install/wheeltec_robot_msg/local/lib/python3.10/dist-packages/wheeltec_robot_msg/wheeltec_robot_msg_s__rosidl_typesupport_c.cpython-310-aarch64-linux-gnu.so
[8.085s] -- Up-to-date: /home/sunrise/wheeltec_robot_ws/install/wheeltec_robot_msg/lib/libwheeltec_robot_msg__rosidl_generator_py.so
[8.090s] -- Up-to-date: /home/sunrise/wheeltec_robot_ws/install/wheeltec_robot_msg/share/wheeltec_robot_msg/msg/Data.idl
[8.095s] -- Up-to-date: /home/sunrise/wheeltec_robot_ws/install/wheeltec_robot_msg/share/wheeltec_robot_msg/msg/Supersonic.idl
[8.101s] -- Up-to-date: /home/sunrise/wheeltec_robot_ws/install/wheeltec_robot_msg/share/wheeltec_robot_msg/msg/Data.msg
[8.106s] -- Up-to-date: /home/sunrise/wheeltec_robot_ws/install/wheeltec_robot_msg/share/wheeltec_robot_msg/msg/Supersonic.msg
[8.108s] -- Up-to-date: /home/sunrise/wheeltec_robot_ws/install/wheeltec_robot_msg/share/ament_index/resource_index/package_run_dependencies/wheeltec_robot_msg
[8.120s] -- Up-to-date: /home/sunrise/wheeltec_robot_ws/install/wheeltec_robot_msg/share/ament_index/resource_index/parent_prefix_path/wheeltec_robot_msg
[8.121s] -- Up-to-date: /home/sunrise/wheeltec_robot_ws/install/wheeltec_robot_msg/share/wheeltec_robot_msg/environment/ament_prefix_path.sh
[8.122s] -- Up-to-date: /home/sunrise/wheeltec_robot_ws/install/wheeltec_robot_msg/share/wheeltec_robot_msg/environment/ament_prefix_path.dsv
[8.123s] -- Up-to-date: /home/sunrise/wheeltec_robot_ws/install/wheeltec_robot_msg/share/wheeltec_robot_msg/environment/path.sh
[8.132s] -- Up-to-date: /home/sunrise/wheeltec_robot_ws/install/wheeltec_robot_msg/share/wheeltec_robot_msg/environment/path.dsv
[8.133s] -- Up-to-date: /home/sunrise/wheeltec_robot_ws/install/wheeltec_robot_msg/share/wheeltec_robot_msg/local_setup.bash
[8.134s] -- Up-to-date: /home/sunrise/wheeltec_robot_ws/install/wheeltec_robot_msg/share/wheeltec_robot_msg/local_setup.sh
[8.139s] -- Up-to-date: /home/sunrise/wheeltec_robot_ws/install/wheeltec_robot_msg/share/wheeltec_robot_msg/local_setup.zsh
[8.140s] -- Up-to-date: /home/sunrise/wheeltec_robot_ws/install/wheeltec_robot_msg/share/wheeltec_robot_msg/local_setup.dsv
[8.141s] -- Installing: /home/sunrise/wheeltec_robot_ws/install/wheeltec_robot_msg/share/wheeltec_robot_msg/package.dsv
[8.142s] -- Up-to-date: /home/sunrise/wheeltec_robot_ws/install/wheeltec_robot_msg/share/ament_index/resource_index/packages/wheeltec_robot_msg
[8.144s] -- Up-to-date: /home/sunrise/wheeltec_robot_ws/install/wheeltec_robot_msg/share/wheeltec_robot_msg/cmake/export_wheeltec_robot_msg__rosidl_generator_cExport.cmake
[8.145s] -- Up-to-date: /home/sunrise/wheeltec_robot_ws/install/wheeltec_robot_msg/share/wheeltec_robot_msg/cmake/export_wheeltec_robot_msg__rosidl_generator_cExport-noconfig.cmake
[8.146s] -- Up-to-date: /home/sunrise/wheeltec_robot_ws/install/wheeltec_robot_msg/share/wheeltec_robot_msg/cmake/export_wheeltec_robot_msg__rosidl_typesupport_fastrtps_cExport.cmake
[8.152s] -- Up-to-date: /home/sunrise/wheeltec_robot_ws/install/wheeltec_robot_msg/share/wheeltec_robot_msg/cmake/export_wheeltec_robot_msg__rosidl_typesupport_fastrtps_cExport-noconfig.cmake
[8.153s] -- Up-to-date: /home/sunrise/wheeltec_robot_ws/install/wheeltec_robot_msg/share/wheeltec_robot_msg/cmake/wheeltec_robot_msg__rosidl_typesupport_introspection_cExport.cmake
[8.154s] -- Up-to-date: /home/sunrise/wheeltec_robot_ws/install/wheeltec_robot_msg/share/wheeltec_robot_msg/cmake/wheeltec_robot_msg__rosidl_typesupport_introspection_cExport-noconfig.cmake
[8.160s] -- Up-to-date: /home/sunrise/wheeltec_robot_ws/install/wheeltec_robot_msg/share/wheeltec_robot_msg/cmake/wheeltec_robot_msg__rosidl_typesupport_cExport.cmake
[8.161s] -- Up-to-date: /home/sunrise/wheeltec_robot_ws/install/wheeltec_robot_msg/share/wheeltec_robot_msg/cmake/wheeltec_robot_msg__rosidl_typesupport_cExport-noconfig.cmake
[8.162s] -- Up-to-date: /home/sunrise/wheeltec_robot_ws/install/wheeltec_robot_msg/share/wheeltec_robot_msg/cmake/export_wheeltec_robot_msg__rosidl_generator_cppExport.cmake
[8.174s] -- Up-to-date: /home/sunrise/wheeltec_robot_ws/install/wheeltec_robot_msg/share/wheeltec_robot_msg/cmake/export_wheeltec_robot_msg__rosidl_typesupport_fastrtps_cppExport.cmake
[8.175s] -- Up-to-date: /home/sunrise/wheeltec_robot_ws/install/wheeltec_robot_msg/share/wheeltec_robot_msg/cmake/export_wheeltec_robot_msg__rosidl_typesupport_fastrtps_cppExport-noconfig.cmake
[8.176s] -- Up-to-date: /home/sunrise/wheeltec_robot_ws/install/wheeltec_robot_msg/share/wheeltec_robot_msg/cmake/wheeltec_robot_msg__rosidl_typesupport_introspection_cppExport.cmake
[8.177s] -- Up-to-date: /home/sunrise/wheeltec_robot_ws/install/wheeltec_robot_msg/share/wheeltec_robot_msg/cmake/wheeltec_robot_msg__rosidl_typesupport_introspection_cppExport-noconfig.cmake
[8.179s] -- Up-to-date: /home/sunrise/wheeltec_robot_ws/install/wheeltec_robot_msg/share/wheeltec_robot_msg/cmake/wheeltec_robot_msg__rosidl_typesupport_cppExport.cmake
[8.180s] -- Up-to-date: /home/sunrise/wheeltec_robot_ws/install/wheeltec_robot_msg/share/wheeltec_robot_msg/cmake/wheeltec_robot_msg__rosidl_typesupport_cppExport-noconfig.cmake
[8.183s] -- Up-to-date: /home/sunrise/wheeltec_robot_ws/install/wheeltec_robot_msg/share/wheeltec_robot_msg/cmake/export_wheeltec_robot_msg__rosidl_generator_pyExport.cmake
[8.184s] -- Up-to-date: /home/sunrise/wheeltec_robot_ws/install/wheeltec_robot_msg/share/wheeltec_robot_msg/cmake/export_wheeltec_robot_msg__rosidl_generator_pyExport-noconfig.cmake
[8.185s] -- Up-to-date: /home/sunrise/wheeltec_robot_ws/install/wheeltec_robot_msg/share/wheeltec_robot_msg/cmake/rosidl_cmake-extras.cmake
[8.186s] -- Up-to-date: /home/sunrise/wheeltec_robot_ws/install/wheeltec_robot_msg/share/wheeltec_robot_msg/cmake/ament_cmake_export_dependencies-extras.cmake
[8.187s] -- Up-to-date: /home/sunrise/wheeltec_robot_ws/install/wheeltec_robot_msg/share/wheeltec_robot_msg/cmake/ament_cmake_export_include_directories-extras.cmake
[8.188s] -- Up-to-date: /home/sunrise/wheeltec_robot_ws/install/wheeltec_robot_msg/share/wheeltec_robot_msg/cmake/ament_cmake_export_libraries-extras.cmake
[8.188s] -- Up-to-date: /home/sunrise/wheeltec_robot_ws/install/wheeltec_robot_msg/share/wheeltec_robot_msg/cmake/ament_cmake_export_targets-extras.cmake
[8.189s] -- Up-to-date: /home/sunrise/wheeltec_robot_ws/install/wheeltec_robot_msg/share/wheeltec_robot_msg/cmake/rosidl_cmake_export_typesupport_targets-extras.cmake
[8.190s] -- Up-to-date: /home/sunrise/wheeltec_robot_ws/install/wheeltec_robot_msg/share/wheeltec_robot_msg/cmake/rosidl_cmake_export_typesupport_libraries-extras.cmake
[8.191s] -- Up-to-date: /home/sunrise/wheeltec_robot_ws/install/wheeltec_robot_msg/share/wheeltec_robot_msg/cmake/wheeltec_robot_msgConfig.cmake
[8.192s] -- Up-to-date: /home/sunrise/wheeltec_robot_ws/install/wheeltec_robot_msg/share/wheeltec_robot_msg/cmake/wheeltec_robot_msgConfig-version.cmake
[8.193s] -- Up-to-date: /home/sunrise/wheeltec_robot_ws/install/wheeltec_robot_msg/share/wheeltec_robot_msg/package.xml
[8.207s] Invoked command in '/home/sunrise/wheeltec_robot_ws/build/wheeltec_robot_msg' returned '0': CMAKE_PREFIX_PATH=${CMAKE_PREFIX_PATH}:/home/sunrise/wheeltec_robot_ws/install/tf2_tools:/opt/ros/humble /usr/bin/cmake --install /home/sunrise/wheeltec_robot_ws/build/wheeltec_robot_msg
