[9.623s] Invoking command in '/home/sunrise/wheeltec_robot_ws/src/tf2_tools': PYTHONPATH=/home/sunrise/wheeltec_robot_ws/build/tf2_tools/prefix_override:/usr/lib/python3/dist-packages/colcon_core/task/python/colcon_distutils_commands:/home/sunrise/wheeltec_robot_ws/install/tf2_tools/lib/python3.10/site-packages:${PYTHONPATH} /usr/bin/python3 -W ignore:setup.py install is deprecated setup.py egg_info --egg-base ../../build/tf2_tools build --build-base /home/sunrise/wheeltec_robot_ws/build/tf2_tools/build install --record /home/sunrise/wheeltec_robot_ws/build/tf2_tools/install.log --single-version-externally-managed install_data
[12.963s] running egg_info
[12.971s] writing ../../build/tf2_tools/tf2_tools.egg-info/PKG-INFO
[12.975s] writing dependency_links to ../../build/tf2_tools/tf2_tools.egg-info/dependency_links.txt
[12.976s] writing entry points to ../../build/tf2_tools/tf2_tools.egg-info/entry_points.txt
[12.977s] writing requirements to ../../build/tf2_tools/tf2_tools.egg-info/requires.txt
[12.978s] writing top-level names to ../../build/tf2_tools/tf2_tools.egg-info/top_level.txt
[12.991s] reading manifest file '../../build/tf2_tools/tf2_tools.egg-info/SOURCES.txt'
[13.011s] writing manifest file '../../build/tf2_tools/tf2_tools.egg-info/SOURCES.txt'
[13.012s] running build
[13.013s] running build_py
[13.014s] running install
[13.019s] running install_lib
[13.027s] running install_data
[13.028s] running install_egg_info
[13.043s] removing '/home/sunrise/wheeltec_robot_ws/install/tf2_tools/lib/python3.10/site-packages/tf2_tools-0.17.1-py3.10.egg-info' (and everything under it)
[13.044s] Copying ../../build/tf2_tools/tf2_tools.egg-info to /home/sunrise/wheeltec_robot_ws/install/tf2_tools/lib/python3.10/site-packages/tf2_tools-0.17.1-py3.10.egg-info
[13.047s] running install_scripts
[13.275s] Installing view_frames script to /home/sunrise/wheeltec_robot_ws/install/tf2_tools/lib/tf2_tools
[13.276s] writing list of installed files to '/home/sunrise/wheeltec_robot_ws/build/tf2_tools/install.log'
[13.598s] Invoked command in '/home/sunrise/wheeltec_robot_ws/src/tf2_tools' returned '0': PYTHONPATH=/home/sunrise/wheeltec_robot_ws/build/tf2_tools/prefix_override:/usr/lib/python3/dist-packages/colcon_core/task/python/colcon_distutils_commands:/home/sunrise/wheeltec_robot_ws/install/tf2_tools/lib/python3.10/site-packages:${PYTHONPATH} /usr/bin/python3 -W ignore:setup.py install is deprecated setup.py egg_info --egg-base ../../build/tf2_tools build --build-base /home/sunrise/wheeltec_robot_ws/build/tf2_tools/build install --record /home/sunrise/wheeltec_robot_ws/build/tf2_tools/install.log --single-version-externally-managed install_data
