[0.000000] (-) TimerEvent: {}
[0.001451] (-) JobUnselected: {'identifier': 'ldlidar_sl_ros2'}
[0.002327] (-) JobUnselected: {'identifier': 'ldlidar_stl_ros2'}
[0.002710] (-) JobUnselected: {'identifier': 'lslidar_driver'}
[0.002934] (-) JobUnselected: {'identifier': 'lslidar_msgs'}
[0.003099] (-) JobUnselected: {'identifier': 'openslam_gmapping'}
[0.003303] (-) JobUnselected: {'identifier': 'serial'}
[0.003775] (-) JobUnselected: {'identifier': 'simple_follower_ros2'}
[0.004216] (-) JobUnselected: {'identifier': 'slam_gmapping'}
[0.004707] (-) JobUnselected: {'identifier': 'tf2_tools'}
[0.004934] (-) JobUnselected: {'identifier': 'turn_on_wheeltec_robot'}
[0.005085] (-) JobUnselected: {'identifier': 'usb_cam'}
[0.005230] (-) JobUnselected: {'identifier': 'web_video_server'}
[0.005374] (-) JobUnselected: {'identifier': 'wheeltec_cartographer'}
[0.005518] (-) JobUnselected: {'identifier': 'wheeltec_nav2'}
[0.005661] (-) JobUnselected: {'identifier': 'wheeltec_robot_keyboard'}
[0.005805] (-) JobUnselected: {'identifier': 'wheeltec_robot_msg'}
[0.005948] (-) JobUnselected: {'identifier': 'wheeltec_robot_urdf'}
[0.006093] (-) JobUnselected: {'identifier': 'wheeltec_slam_toolbox'}
[0.006249] (-) EventReactorShutdown: {}
