[0.868s] DEBUG:colcon:Command line arguments: ['/usr/bin/colcon', 'build', '--packages-select', 'simple_follower']
[0.868s] DEBUG:colcon:Parsed command line arguments: Namespace(log_base=None, log_level=None, verb_name='build', build_base='build', install_base='install', merge_install=False, symlink_install=False, test_result_base=None, continue_on_error=False, executor='parallel', parallel_workers=4, event_handlers=None, ignore_user_meta=False, metas=['./colcon.meta'], base_paths=['.'], packages_ignore=None, packages_ignore_regex=None, paths=None, packages_up_to=None, packages_up_to_regex=None, packages_above=None, packages_above_and_dependencies=None, packages_above_depth=None, packages_select_by_dep=None, packages_skip_by_dep=None, packages_skip_up_to=None, packages_select_build_failed=False, packages_skip_build_finished=False, packages_select_test_failures=False, packages_skip_test_passed=False, packages_select=['simple_follower'], packages_skip=None, packages_select_regex=None, packages_skip_regex=None, packages_start=None, packages_end=None, allow_overriding=[], cmake_args=None, cmake_target=None, cmake_target_skip_unavailable=False, cmake_clean_cache=False, cmake_clean_first=False, cmake_force_configure=False, ament_cmake_args=None, catkin_cmake_args=None, catkin_skip_building_tests=False, verb_parser=<colcon_defaults.argument_parser.defaults.DefaultArgumentsDecorator object at 0x7f8a118a30>, verb_extension=<colcon_core.verb.build.BuildVerb object at 0x7f8a118520>, main=<bound method BuildVerb.main of <colcon_core.verb.build.BuildVerb object at 0x7f8a118520>>)
[2.297s] Level 1:colcon.colcon_core.package_discovery:discover_packages(colcon_meta) check parameters
[2.298s] Level 1:colcon.colcon_core.package_discovery:discover_packages(recursive) check parameters
[2.299s] Level 1:colcon.colcon_core.package_discovery:discover_packages(ignore) check parameters
[2.299s] Level 1:colcon.colcon_core.package_discovery:discover_packages(path) check parameters
[2.299s] Level 1:colcon.colcon_core.package_discovery:discover_packages(colcon_meta) discover
[2.300s] Level 1:colcon.colcon_core.package_discovery:discover_packages(recursive) discover
[2.300s] INFO:colcon.colcon_core.package_discovery:Crawling recursively for packages in '/home/sunrise/wheeltec_robot_ws'
[2.300s] Level 1:colcon.colcon_core.package_identification:_identify(.) by extensions ['ignore', 'ignore_ament_install']
[2.301s] Level 1:colcon.colcon_core.package_identification:_identify(.) by extension 'ignore'
[2.302s] Level 1:colcon.colcon_core.package_identification:_identify(.) by extension 'ignore_ament_install'
[2.302s] Level 1:colcon.colcon_core.package_identification:_identify(.) by extensions ['colcon_pkg']
[2.302s] Level 1:colcon.colcon_core.package_identification:_identify(.) by extension 'colcon_pkg'
[2.303s] Level 1:colcon.colcon_core.package_identification:_identify(.) by extensions ['colcon_meta']
[2.303s] Level 1:colcon.colcon_core.package_identification:_identify(.) by extension 'colcon_meta'
[2.303s] Level 1:colcon.colcon_core.package_identification:_identify(.) by extensions ['ros']
[2.304s] Level 1:colcon.colcon_core.package_identification:_identify(.) by extension 'ros'
[2.396s] Level 1:colcon.colcon_core.package_identification:_identify(.) by extensions ['cmake', 'python']
[2.397s] Level 1:colcon.colcon_core.package_identification:_identify(.) by extension 'cmake'
[2.397s] Level 1:colcon.colcon_core.package_identification:_identify(.) by extension 'python'
[2.398s] Level 1:colcon.colcon_core.package_identification:_identify(.) by extensions ['python_setup_py']
[2.398s] Level 1:colcon.colcon_core.package_identification:_identify(.) by extension 'python_setup_py'
[2.399s] Level 1:colcon.colcon_core.package_identification:_identify(build) by extensions ['ignore', 'ignore_ament_install']
[2.399s] Level 1:colcon.colcon_core.package_identification:_identify(build) by extension 'ignore'
[2.400s] Level 1:colcon.colcon_core.package_identification:_identify(build) ignored
[2.401s] Level 1:colcon.colcon_core.package_identification:_identify(install) by extensions ['ignore', 'ignore_ament_install']
[2.402s] Level 1:colcon.colcon_core.package_identification:_identify(install) by extension 'ignore'
[2.402s] Level 1:colcon.colcon_core.package_identification:_identify(install) ignored
[2.403s] Level 1:colcon.colcon_core.package_identification:_identify(log) by extensions ['ignore', 'ignore_ament_install']
[2.404s] Level 1:colcon.colcon_core.package_identification:_identify(log) by extension 'ignore'
[2.404s] Level 1:colcon.colcon_core.package_identification:_identify(log) ignored
[2.405s] Level 1:colcon.colcon_core.package_identification:_identify(src) by extensions ['ignore', 'ignore_ament_install']
[2.406s] Level 1:colcon.colcon_core.package_identification:_identify(src) by extension 'ignore'
[2.406s] Level 1:colcon.colcon_core.package_identification:_identify(src) by extension 'ignore_ament_install'
[2.407s] Level 1:colcon.colcon_core.package_identification:_identify(src) by extensions ['colcon_pkg']
[2.407s] Level 1:colcon.colcon_core.package_identification:_identify(src) by extension 'colcon_pkg'
[2.407s] Level 1:colcon.colcon_core.package_identification:_identify(src) by extensions ['colcon_meta']
[2.407s] Level 1:colcon.colcon_core.package_identification:_identify(src) by extension 'colcon_meta'
[2.408s] Level 1:colcon.colcon_core.package_identification:_identify(src) by extensions ['ros']
[2.408s] Level 1:colcon.colcon_core.package_identification:_identify(src) by extension 'ros'
[2.409s] Level 1:colcon.colcon_core.package_identification:_identify(src) by extensions ['cmake', 'python']
[2.409s] Level 1:colcon.colcon_core.package_identification:_identify(src) by extension 'cmake'
[2.409s] Level 1:colcon.colcon_core.package_identification:_identify(src) by extension 'python'
[2.410s] Level 1:colcon.colcon_core.package_identification:_identify(src) by extensions ['python_setup_py']
[2.410s] Level 1:colcon.colcon_core.package_identification:_identify(src) by extension 'python_setup_py'
[2.411s] Level 1:colcon.colcon_core.package_identification:_identify(src/serial_ros2) by extensions ['ignore', 'ignore_ament_install']
[2.412s] Level 1:colcon.colcon_core.package_identification:_identify(src/serial_ros2) by extension 'ignore'
[2.412s] Level 1:colcon.colcon_core.package_identification:_identify(src/serial_ros2) by extension 'ignore_ament_install'
[2.413s] Level 1:colcon.colcon_core.package_identification:_identify(src/serial_ros2) by extensions ['colcon_pkg']
[2.413s] Level 1:colcon.colcon_core.package_identification:_identify(src/serial_ros2) by extension 'colcon_pkg'
[2.413s] Level 1:colcon.colcon_core.package_identification:_identify(src/serial_ros2) by extensions ['colcon_meta']
[2.413s] Level 1:colcon.colcon_core.package_identification:_identify(src/serial_ros2) by extension 'colcon_meta'
[2.414s] Level 1:colcon.colcon_core.package_identification:_identify(src/serial_ros2) by extensions ['ros']
[2.414s] Level 1:colcon.colcon_core.package_identification:_identify(src/serial_ros2) by extension 'ros'
[2.433s] DEBUG:colcon.colcon_core.package_identification:Package 'src/serial_ros2' with type 'ros.ament_cmake' and name 'serial'
[2.434s] Level 1:colcon.colcon_core.package_identification:_identify(src/simple_follower_ros2) by extensions ['ignore', 'ignore_ament_install']
[2.434s] Level 1:colcon.colcon_core.package_identification:_identify(src/simple_follower_ros2) by extension 'ignore'
[2.435s] Level 1:colcon.colcon_core.package_identification:_identify(src/simple_follower_ros2) by extension 'ignore_ament_install'
[2.435s] Level 1:colcon.colcon_core.package_identification:_identify(src/simple_follower_ros2) by extensions ['colcon_pkg']
[2.436s] Level 1:colcon.colcon_core.package_identification:_identify(src/simple_follower_ros2) by extension 'colcon_pkg'
[2.436s] Level 1:colcon.colcon_core.package_identification:_identify(src/simple_follower_ros2) by extensions ['colcon_meta']
[2.436s] Level 1:colcon.colcon_core.package_identification:_identify(src/simple_follower_ros2) by extension 'colcon_meta'
[2.437s] Level 1:colcon.colcon_core.package_identification:_identify(src/simple_follower_ros2) by extensions ['ros']
[2.437s] Level 1:colcon.colcon_core.package_identification:_identify(src/simple_follower_ros2) by extension 'ros'
[2.441s] DEBUG:colcon.colcon_core.package_identification:Package 'src/simple_follower_ros2' with type 'ros.ament_python' and name 'simple_follower_ros2'
[2.442s] Level 1:colcon.colcon_core.package_identification:_identify(src/tf2_tools) by extensions ['ignore', 'ignore_ament_install']
[2.443s] Level 1:colcon.colcon_core.package_identification:_identify(src/tf2_tools) by extension 'ignore'
[2.443s] Level 1:colcon.colcon_core.package_identification:_identify(src/tf2_tools) by extension 'ignore_ament_install'
[2.444s] Level 1:colcon.colcon_core.package_identification:_identify(src/tf2_tools) by extensions ['colcon_pkg']
[2.444s] Level 1:colcon.colcon_core.package_identification:_identify(src/tf2_tools) by extension 'colcon_pkg'
[2.445s] Level 1:colcon.colcon_core.package_identification:_identify(src/tf2_tools) by extensions ['colcon_meta']
[2.445s] Level 1:colcon.colcon_core.package_identification:_identify(src/tf2_tools) by extension 'colcon_meta'
[2.445s] Level 1:colcon.colcon_core.package_identification:_identify(src/tf2_tools) by extensions ['ros']
[2.445s] Level 1:colcon.colcon_core.package_identification:_identify(src/tf2_tools) by extension 'ros'
[2.450s] DEBUG:colcon.colcon_core.package_identification:Package 'src/tf2_tools' with type 'ros.ament_python' and name 'tf2_tools'
[2.451s] Level 1:colcon.colcon_core.package_identification:_identify(src/turn_on_wheeltec_robot) by extensions ['ignore', 'ignore_ament_install']
[2.452s] Level 1:colcon.colcon_core.package_identification:_identify(src/turn_on_wheeltec_robot) by extension 'ignore'
[2.452s] Level 1:colcon.colcon_core.package_identification:_identify(src/turn_on_wheeltec_robot) by extension 'ignore_ament_install'
[2.453s] Level 1:colcon.colcon_core.package_identification:_identify(src/turn_on_wheeltec_robot) by extensions ['colcon_pkg']
[2.453s] Level 1:colcon.colcon_core.package_identification:_identify(src/turn_on_wheeltec_robot) by extension 'colcon_pkg'
[2.454s] Level 1:colcon.colcon_core.package_identification:_identify(src/turn_on_wheeltec_robot) by extensions ['colcon_meta']
[2.454s] Level 1:colcon.colcon_core.package_identification:_identify(src/turn_on_wheeltec_robot) by extension 'colcon_meta'
[2.454s] Level 1:colcon.colcon_core.package_identification:_identify(src/turn_on_wheeltec_robot) by extensions ['ros']
[2.454s] Level 1:colcon.colcon_core.package_identification:_identify(src/turn_on_wheeltec_robot) by extension 'ros'
[2.472s] DEBUG:colcon.colcon_core.package_identification:Package 'src/turn_on_wheeltec_robot' with type 'ros.ament_cmake' and name 'turn_on_wheeltec_robot'
[2.473s] Level 1:colcon.colcon_core.package_identification:_identify(src/usb_cam-ros2) by extensions ['ignore', 'ignore_ament_install']
[2.473s] Level 1:colcon.colcon_core.package_identification:_identify(src/usb_cam-ros2) by extension 'ignore'
[2.474s] Level 1:colcon.colcon_core.package_identification:_identify(src/usb_cam-ros2) by extension 'ignore_ament_install'
[2.474s] Level 1:colcon.colcon_core.package_identification:_identify(src/usb_cam-ros2) by extensions ['colcon_pkg']
[2.475s] Level 1:colcon.colcon_core.package_identification:_identify(src/usb_cam-ros2) by extension 'colcon_pkg'
[2.475s] Level 1:colcon.colcon_core.package_identification:_identify(src/usb_cam-ros2) by extensions ['colcon_meta']
[2.475s] Level 1:colcon.colcon_core.package_identification:_identify(src/usb_cam-ros2) by extension 'colcon_meta'
[2.476s] Level 1:colcon.colcon_core.package_identification:_identify(src/usb_cam-ros2) by extensions ['ros']
[2.476s] Level 1:colcon.colcon_core.package_identification:_identify(src/usb_cam-ros2) by extension 'ros'
[2.476s] Level 1:colcon.colcon_core.package_identification:_identify(src/usb_cam-ros2) by extensions ['cmake', 'python']
[2.477s] Level 1:colcon.colcon_core.package_identification:_identify(src/usb_cam-ros2) by extension 'cmake'
[2.477s] Level 1:colcon.colcon_core.package_identification:_identify(src/usb_cam-ros2) by extension 'python'
[2.477s] Level 1:colcon.colcon_core.package_identification:_identify(src/usb_cam-ros2) by extensions ['python_setup_py']
[2.478s] Level 1:colcon.colcon_core.package_identification:_identify(src/usb_cam-ros2) by extension 'python_setup_py'
[2.479s] Level 1:colcon.colcon_core.package_identification:_identify(src/usb_cam-ros2/usb_cam-ros2) by extensions ['ignore', 'ignore_ament_install']
[2.479s] Level 1:colcon.colcon_core.package_identification:_identify(src/usb_cam-ros2/usb_cam-ros2) by extension 'ignore'
[2.480s] Level 1:colcon.colcon_core.package_identification:_identify(src/usb_cam-ros2/usb_cam-ros2) by extension 'ignore_ament_install'
[2.480s] Level 1:colcon.colcon_core.package_identification:_identify(src/usb_cam-ros2/usb_cam-ros2) by extensions ['colcon_pkg']
[2.480s] Level 1:colcon.colcon_core.package_identification:_identify(src/usb_cam-ros2/usb_cam-ros2) by extension 'colcon_pkg'
[2.481s] Level 1:colcon.colcon_core.package_identification:_identify(src/usb_cam-ros2/usb_cam-ros2) by extensions ['colcon_meta']
[2.481s] Level 1:colcon.colcon_core.package_identification:_identify(src/usb_cam-ros2/usb_cam-ros2) by extension 'colcon_meta'
[2.481s] Level 1:colcon.colcon_core.package_identification:_identify(src/usb_cam-ros2/usb_cam-ros2) by extensions ['ros']
[2.482s] Level 1:colcon.colcon_core.package_identification:_identify(src/usb_cam-ros2/usb_cam-ros2) by extension 'ros'
[2.496s] DEBUG:colcon.colcon_core.package_identification:Package 'src/usb_cam-ros2/usb_cam-ros2' with type 'ros.ament_cmake' and name 'usb_cam'
[2.497s] Level 1:colcon.colcon_core.package_identification:_identify(src/web_video_server-ros2) by extensions ['ignore', 'ignore_ament_install']
[2.497s] Level 1:colcon.colcon_core.package_identification:_identify(src/web_video_server-ros2) by extension 'ignore'
[2.498s] Level 1:colcon.colcon_core.package_identification:_identify(src/web_video_server-ros2) by extension 'ignore_ament_install'
[2.498s] Level 1:colcon.colcon_core.package_identification:_identify(src/web_video_server-ros2) by extensions ['colcon_pkg']
[2.499s] Level 1:colcon.colcon_core.package_identification:_identify(src/web_video_server-ros2) by extension 'colcon_pkg'
[2.499s] Level 1:colcon.colcon_core.package_identification:_identify(src/web_video_server-ros2) by extensions ['colcon_meta']
[2.499s] Level 1:colcon.colcon_core.package_identification:_identify(src/web_video_server-ros2) by extension 'colcon_meta'
[2.500s] Level 1:colcon.colcon_core.package_identification:_identify(src/web_video_server-ros2) by extensions ['ros']
[2.500s] Level 1:colcon.colcon_core.package_identification:_identify(src/web_video_server-ros2) by extension 'ros'
[2.501s] Level 1:colcon.colcon_core.package_identification:_identify(src/web_video_server-ros2) by extensions ['cmake', 'python']
[2.501s] Level 1:colcon.colcon_core.package_identification:_identify(src/web_video_server-ros2) by extension 'cmake'
[2.501s] Level 1:colcon.colcon_core.package_identification:_identify(src/web_video_server-ros2) by extension 'python'
[2.502s] Level 1:colcon.colcon_core.package_identification:_identify(src/web_video_server-ros2) by extensions ['python_setup_py']
[2.502s] Level 1:colcon.colcon_core.package_identification:_identify(src/web_video_server-ros2) by extension 'python_setup_py'
[2.503s] Level 1:colcon.colcon_core.package_identification:_identify(src/web_video_server-ros2/web_video_server-ros2) by extensions ['ignore', 'ignore_ament_install']
[2.503s] Level 1:colcon.colcon_core.package_identification:_identify(src/web_video_server-ros2/web_video_server-ros2) by extension 'ignore'
[2.504s] Level 1:colcon.colcon_core.package_identification:_identify(src/web_video_server-ros2/web_video_server-ros2) by extension 'ignore_ament_install'
[2.504s] Level 1:colcon.colcon_core.package_identification:_identify(src/web_video_server-ros2/web_video_server-ros2) by extensions ['colcon_pkg']
[2.505s] Level 1:colcon.colcon_core.package_identification:_identify(src/web_video_server-ros2/web_video_server-ros2) by extension 'colcon_pkg'
[2.505s] Level 1:colcon.colcon_core.package_identification:_identify(src/web_video_server-ros2/web_video_server-ros2) by extensions ['colcon_meta']
[2.505s] Level 1:colcon.colcon_core.package_identification:_identify(src/web_video_server-ros2/web_video_server-ros2) by extension 'colcon_meta'
[2.506s] Level 1:colcon.colcon_core.package_identification:_identify(src/web_video_server-ros2/web_video_server-ros2) by extensions ['ros']
[2.506s] Level 1:colcon.colcon_core.package_identification:_identify(src/web_video_server-ros2/web_video_server-ros2) by extension 'ros'
[2.512s] DEBUG:colcon.colcon_core.package_identification:Package 'src/web_video_server-ros2/web_video_server-ros2' with type 'ros.ament_cmake' and name 'web_video_server'
[2.513s] Level 1:colcon.colcon_core.package_identification:_identify(src/wheeltec_lidar_ros2) by extensions ['ignore', 'ignore_ament_install']
[2.513s] Level 1:colcon.colcon_core.package_identification:_identify(src/wheeltec_lidar_ros2) by extension 'ignore'
[2.514s] Level 1:colcon.colcon_core.package_identification:_identify(src/wheeltec_lidar_ros2) by extension 'ignore_ament_install'
[2.514s] Level 1:colcon.colcon_core.package_identification:_identify(src/wheeltec_lidar_ros2) by extensions ['colcon_pkg']
[2.515s] Level 1:colcon.colcon_core.package_identification:_identify(src/wheeltec_lidar_ros2) by extension 'colcon_pkg'
[2.515s] Level 1:colcon.colcon_core.package_identification:_identify(src/wheeltec_lidar_ros2) by extensions ['colcon_meta']
[2.515s] Level 1:colcon.colcon_core.package_identification:_identify(src/wheeltec_lidar_ros2) by extension 'colcon_meta'
[2.516s] Level 1:colcon.colcon_core.package_identification:_identify(src/wheeltec_lidar_ros2) by extensions ['ros']
[2.516s] Level 1:colcon.colcon_core.package_identification:_identify(src/wheeltec_lidar_ros2) by extension 'ros'
[2.516s] Level 1:colcon.colcon_core.package_identification:_identify(src/wheeltec_lidar_ros2) by extensions ['cmake', 'python']
[2.517s] Level 1:colcon.colcon_core.package_identification:_identify(src/wheeltec_lidar_ros2) by extension 'cmake'
[2.517s] Level 1:colcon.colcon_core.package_identification:_identify(src/wheeltec_lidar_ros2) by extension 'python'
[2.517s] Level 1:colcon.colcon_core.package_identification:_identify(src/wheeltec_lidar_ros2) by extensions ['python_setup_py']
[2.518s] Level 1:colcon.colcon_core.package_identification:_identify(src/wheeltec_lidar_ros2) by extension 'python_setup_py'
[2.518s] Level 1:colcon.colcon_core.package_identification:_identify(src/wheeltec_lidar_ros2/LDlidar) by extensions ['ignore', 'ignore_ament_install']
[2.519s] Level 1:colcon.colcon_core.package_identification:_identify(src/wheeltec_lidar_ros2/LDlidar) by extension 'ignore'
[2.520s] Level 1:colcon.colcon_core.package_identification:_identify(src/wheeltec_lidar_ros2/LDlidar) by extension 'ignore_ament_install'
[2.520s] Level 1:colcon.colcon_core.package_identification:_identify(src/wheeltec_lidar_ros2/LDlidar) by extensions ['colcon_pkg']
[2.520s] Level 1:colcon.colcon_core.package_identification:_identify(src/wheeltec_lidar_ros2/LDlidar) by extension 'colcon_pkg'
[2.521s] Level 1:colcon.colcon_core.package_identification:_identify(src/wheeltec_lidar_ros2/LDlidar) by extensions ['colcon_meta']
[2.521s] Level 1:colcon.colcon_core.package_identification:_identify(src/wheeltec_lidar_ros2/LDlidar) by extension 'colcon_meta'
[2.521s] Level 1:colcon.colcon_core.package_identification:_identify(src/wheeltec_lidar_ros2/LDlidar) by extensions ['ros']
[2.522s] Level 1:colcon.colcon_core.package_identification:_identify(src/wheeltec_lidar_ros2/LDlidar) by extension 'ros'
[2.522s] Level 1:colcon.colcon_core.package_identification:_identify(src/wheeltec_lidar_ros2/LDlidar) by extensions ['cmake', 'python']
[2.523s] Level 1:colcon.colcon_core.package_identification:_identify(src/wheeltec_lidar_ros2/LDlidar) by extension 'cmake'
[2.523s] Level 1:colcon.colcon_core.package_identification:_identify(src/wheeltec_lidar_ros2/LDlidar) by extension 'python'
[2.523s] Level 1:colcon.colcon_core.package_identification:_identify(src/wheeltec_lidar_ros2/LDlidar) by extensions ['python_setup_py']
[2.524s] Level 1:colcon.colcon_core.package_identification:_identify(src/wheeltec_lidar_ros2/LDlidar) by extension 'python_setup_py'
[2.524s] Level 1:colcon.colcon_core.package_identification:_identify(src/wheeltec_lidar_ros2/LDlidar/ldlidar06) by extensions ['ignore', 'ignore_ament_install']
[2.525s] Level 1:colcon.colcon_core.package_identification:_identify(src/wheeltec_lidar_ros2/LDlidar/ldlidar06) by extension 'ignore'
[2.526s] Level 1:colcon.colcon_core.package_identification:_identify(src/wheeltec_lidar_ros2/LDlidar/ldlidar06) by extension 'ignore_ament_install'
[2.526s] Level 1:colcon.colcon_core.package_identification:_identify(src/wheeltec_lidar_ros2/LDlidar/ldlidar06) by extensions ['colcon_pkg']
[2.526s] Level 1:colcon.colcon_core.package_identification:_identify(src/wheeltec_lidar_ros2/LDlidar/ldlidar06) by extension 'colcon_pkg'
[2.527s] Level 1:colcon.colcon_core.package_identification:_identify(src/wheeltec_lidar_ros2/LDlidar/ldlidar06) by extensions ['colcon_meta']
[2.527s] Level 1:colcon.colcon_core.package_identification:_identify(src/wheeltec_lidar_ros2/LDlidar/ldlidar06) by extension 'colcon_meta'
[2.528s] Level 1:colcon.colcon_core.package_identification:_identify(src/wheeltec_lidar_ros2/LDlidar/ldlidar06) by extensions ['ros']
[2.528s] Level 1:colcon.colcon_core.package_identification:_identify(src/wheeltec_lidar_ros2/LDlidar/ldlidar06) by extension 'ros'
[2.533s] DEBUG:colcon.colcon_core.package_identification:Package 'src/wheeltec_lidar_ros2/LDlidar/ldlidar06' with type 'ros.ament_cmake' and name 'ldlidar_stl_ros2'
[2.534s] Level 1:colcon.colcon_core.package_identification:_identify(src/wheeltec_lidar_ros2/LDlidar/ldlidar14) by extensions ['ignore', 'ignore_ament_install']
[2.535s] Level 1:colcon.colcon_core.package_identification:_identify(src/wheeltec_lidar_ros2/LDlidar/ldlidar14) by extension 'ignore'
[2.535s] Level 1:colcon.colcon_core.package_identification:_identify(src/wheeltec_lidar_ros2/LDlidar/ldlidar14) by extension 'ignore_ament_install'
[2.536s] Level 1:colcon.colcon_core.package_identification:_identify(src/wheeltec_lidar_ros2/LDlidar/ldlidar14) by extensions ['colcon_pkg']
[2.536s] Level 1:colcon.colcon_core.package_identification:_identify(src/wheeltec_lidar_ros2/LDlidar/ldlidar14) by extension 'colcon_pkg'
[2.536s] Level 1:colcon.colcon_core.package_identification:_identify(src/wheeltec_lidar_ros2/LDlidar/ldlidar14) by extensions ['colcon_meta']
[2.537s] Level 1:colcon.colcon_core.package_identification:_identify(src/wheeltec_lidar_ros2/LDlidar/ldlidar14) by extension 'colcon_meta'
[2.537s] Level 1:colcon.colcon_core.package_identification:_identify(src/wheeltec_lidar_ros2/LDlidar/ldlidar14) by extensions ['ros']
[2.537s] Level 1:colcon.colcon_core.package_identification:_identify(src/wheeltec_lidar_ros2/LDlidar/ldlidar14) by extension 'ros'
[2.542s] DEBUG:colcon.colcon_core.package_identification:Package 'src/wheeltec_lidar_ros2/LDlidar/ldlidar14' with type 'ros.ament_cmake' and name 'ldlidar_sl_ros2'
[2.543s] Level 1:colcon.colcon_core.package_identification:_identify(src/wheeltec_lidar_ros2/LSlidar) by extensions ['ignore', 'ignore_ament_install']
[2.544s] Level 1:colcon.colcon_core.package_identification:_identify(src/wheeltec_lidar_ros2/LSlidar) by extension 'ignore'
[2.545s] Level 1:colcon.colcon_core.package_identification:_identify(src/wheeltec_lidar_ros2/LSlidar) by extension 'ignore_ament_install'
[2.545s] Level 1:colcon.colcon_core.package_identification:_identify(src/wheeltec_lidar_ros2/LSlidar) by extensions ['colcon_pkg']
[2.545s] Level 1:colcon.colcon_core.package_identification:_identify(src/wheeltec_lidar_ros2/LSlidar) by extension 'colcon_pkg'
[2.546s] Level 1:colcon.colcon_core.package_identification:_identify(src/wheeltec_lidar_ros2/LSlidar) by extensions ['colcon_meta']
[2.546s] Level 1:colcon.colcon_core.package_identification:_identify(src/wheeltec_lidar_ros2/LSlidar) by extension 'colcon_meta'
[2.546s] Level 1:colcon.colcon_core.package_identification:_identify(src/wheeltec_lidar_ros2/LSlidar) by extensions ['ros']
[2.547s] Level 1:colcon.colcon_core.package_identification:_identify(src/wheeltec_lidar_ros2/LSlidar) by extension 'ros'
[2.547s] Level 1:colcon.colcon_core.package_identification:_identify(src/wheeltec_lidar_ros2/LSlidar) by extensions ['cmake', 'python']
[2.548s] Level 1:colcon.colcon_core.package_identification:_identify(src/wheeltec_lidar_ros2/LSlidar) by extension 'cmake'
[2.548s] Level 1:colcon.colcon_core.package_identification:_identify(src/wheeltec_lidar_ros2/LSlidar) by extension 'python'
[2.548s] Level 1:colcon.colcon_core.package_identification:_identify(src/wheeltec_lidar_ros2/LSlidar) by extensions ['python_setup_py']
[2.549s] Level 1:colcon.colcon_core.package_identification:_identify(src/wheeltec_lidar_ros2/LSlidar) by extension 'python_setup_py'
[2.549s] Level 1:colcon.colcon_core.package_identification:_identify(src/wheeltec_lidar_ros2/LSlidar/lslidar_driver) by extensions ['ignore', 'ignore_ament_install']
[2.550s] Level 1:colcon.colcon_core.package_identification:_identify(src/wheeltec_lidar_ros2/LSlidar/lslidar_driver) by extension 'ignore'
[2.551s] Level 1:colcon.colcon_core.package_identification:_identify(src/wheeltec_lidar_ros2/LSlidar/lslidar_driver) by extension 'ignore_ament_install'
[2.551s] Level 1:colcon.colcon_core.package_identification:_identify(src/wheeltec_lidar_ros2/LSlidar/lslidar_driver) by extensions ['colcon_pkg']
[2.551s] Level 1:colcon.colcon_core.package_identification:_identify(src/wheeltec_lidar_ros2/LSlidar/lslidar_driver) by extension 'colcon_pkg'
[2.552s] Level 1:colcon.colcon_core.package_identification:_identify(src/wheeltec_lidar_ros2/LSlidar/lslidar_driver) by extensions ['colcon_meta']
[2.552s] Level 1:colcon.colcon_core.package_identification:_identify(src/wheeltec_lidar_ros2/LSlidar/lslidar_driver) by extension 'colcon_meta'
[2.553s] Level 1:colcon.colcon_core.package_identification:_identify(src/wheeltec_lidar_ros2/LSlidar/lslidar_driver) by extensions ['ros']
[2.553s] Level 1:colcon.colcon_core.package_identification:_identify(src/wheeltec_lidar_ros2/LSlidar/lslidar_driver) by extension 'ros'
[2.560s] DEBUG:colcon.colcon_core.package_identification:Package 'src/wheeltec_lidar_ros2/LSlidar/lslidar_driver' with type 'ros.ament_cmake' and name 'lslidar_driver'
[2.561s] Level 1:colcon.colcon_core.package_identification:_identify(src/wheeltec_lidar_ros2/LSlidar/lslidar_msgs) by extensions ['ignore', 'ignore_ament_install']
[2.562s] Level 1:colcon.colcon_core.package_identification:_identify(src/wheeltec_lidar_ros2/LSlidar/lslidar_msgs) by extension 'ignore'
[2.562s] Level 1:colcon.colcon_core.package_identification:_identify(src/wheeltec_lidar_ros2/LSlidar/lslidar_msgs) by extension 'ignore_ament_install'
[2.563s] Level 1:colcon.colcon_core.package_identification:_identify(src/wheeltec_lidar_ros2/LSlidar/lslidar_msgs) by extensions ['colcon_pkg']
[2.563s] Level 1:colcon.colcon_core.package_identification:_identify(src/wheeltec_lidar_ros2/LSlidar/lslidar_msgs) by extension 'colcon_pkg'
[2.564s] Level 1:colcon.colcon_core.package_identification:_identify(src/wheeltec_lidar_ros2/LSlidar/lslidar_msgs) by extensions ['colcon_meta']
[2.564s] Level 1:colcon.colcon_core.package_identification:_identify(src/wheeltec_lidar_ros2/LSlidar/lslidar_msgs) by extension 'colcon_meta'
[2.564s] Level 1:colcon.colcon_core.package_identification:_identify(src/wheeltec_lidar_ros2/LSlidar/lslidar_msgs) by extensions ['ros']
[2.564s] Level 1:colcon.colcon_core.package_identification:_identify(src/wheeltec_lidar_ros2/LSlidar/lslidar_msgs) by extension 'ros'
[2.569s] DEBUG:colcon.colcon_core.package_identification:Package 'src/wheeltec_lidar_ros2/LSlidar/lslidar_msgs' with type 'ros.ament_cmake' and name 'lslidar_msgs'
[2.570s] Level 1:colcon.colcon_core.package_identification:_identify(src/wheeltec_robot_keyboard) by extensions ['ignore', 'ignore_ament_install']
[2.571s] Level 1:colcon.colcon_core.package_identification:_identify(src/wheeltec_robot_keyboard) by extension 'ignore'
[2.572s] Level 1:colcon.colcon_core.package_identification:_identify(src/wheeltec_robot_keyboard) by extension 'ignore_ament_install'
[2.572s] Level 1:colcon.colcon_core.package_identification:_identify(src/wheeltec_robot_keyboard) by extensions ['colcon_pkg']
[2.572s] Level 1:colcon.colcon_core.package_identification:_identify(src/wheeltec_robot_keyboard) by extension 'colcon_pkg'
[2.573s] Level 1:colcon.colcon_core.package_identification:_identify(src/wheeltec_robot_keyboard) by extensions ['colcon_meta']
[2.573s] Level 1:colcon.colcon_core.package_identification:_identify(src/wheeltec_robot_keyboard) by extension 'colcon_meta'
[2.573s] Level 1:colcon.colcon_core.package_identification:_identify(src/wheeltec_robot_keyboard) by extensions ['ros']
[2.574s] Level 1:colcon.colcon_core.package_identification:_identify(src/wheeltec_robot_keyboard) by extension 'ros'
[2.577s] DEBUG:colcon.colcon_core.package_identification:Package 'src/wheeltec_robot_keyboard' with type 'ros.ament_python' and name 'wheeltec_robot_keyboard'
[2.578s] Level 1:colcon.colcon_core.package_identification:_identify(src/wheeltec_robot_msg) by extensions ['ignore', 'ignore_ament_install']
[2.579s] Level 1:colcon.colcon_core.package_identification:_identify(src/wheeltec_robot_msg) by extension 'ignore'
[2.580s] Level 1:colcon.colcon_core.package_identification:_identify(src/wheeltec_robot_msg) by extension 'ignore_ament_install'
[2.580s] Level 1:colcon.colcon_core.package_identification:_identify(src/wheeltec_robot_msg) by extensions ['colcon_pkg']
[2.580s] Level 1:colcon.colcon_core.package_identification:_identify(src/wheeltec_robot_msg) by extension 'colcon_pkg'
[2.581s] Level 1:colcon.colcon_core.package_identification:_identify(src/wheeltec_robot_msg) by extensions ['colcon_meta']
[2.581s] Level 1:colcon.colcon_core.package_identification:_identify(src/wheeltec_robot_msg) by extension 'colcon_meta'
[2.581s] Level 1:colcon.colcon_core.package_identification:_identify(src/wheeltec_robot_msg) by extensions ['ros']
[2.582s] Level 1:colcon.colcon_core.package_identification:_identify(src/wheeltec_robot_msg) by extension 'ros'
[2.586s] DEBUG:colcon.colcon_core.package_identification:Package 'src/wheeltec_robot_msg' with type 'ros.ament_cmake' and name 'wheeltec_robot_msg'
[2.587s] Level 1:colcon.colcon_core.package_identification:_identify(src/wheeltec_robot_nav2) by extensions ['ignore', 'ignore_ament_install']
[2.587s] Level 1:colcon.colcon_core.package_identification:_identify(src/wheeltec_robot_nav2) by extension 'ignore'
[2.588s] Level 1:colcon.colcon_core.package_identification:_identify(src/wheeltec_robot_nav2) by extension 'ignore_ament_install'
[2.588s] Level 1:colcon.colcon_core.package_identification:_identify(src/wheeltec_robot_nav2) by extensions ['colcon_pkg']
[2.589s] Level 1:colcon.colcon_core.package_identification:_identify(src/wheeltec_robot_nav2) by extension 'colcon_pkg'
[2.589s] Level 1:colcon.colcon_core.package_identification:_identify(src/wheeltec_robot_nav2) by extensions ['colcon_meta']
[2.589s] Level 1:colcon.colcon_core.package_identification:_identify(src/wheeltec_robot_nav2) by extension 'colcon_meta'
[2.590s] Level 1:colcon.colcon_core.package_identification:_identify(src/wheeltec_robot_nav2) by extensions ['ros']
[2.590s] Level 1:colcon.colcon_core.package_identification:_identify(src/wheeltec_robot_nav2) by extension 'ros'
[2.594s] DEBUG:colcon.colcon_core.package_identification:Package 'src/wheeltec_robot_nav2' with type 'ros.ament_cmake' and name 'wheeltec_nav2'
[2.595s] Level 1:colcon.colcon_core.package_identification:_identify(src/wheeltec_robot_slam) by extensions ['ignore', 'ignore_ament_install']
[2.596s] Level 1:colcon.colcon_core.package_identification:_identify(src/wheeltec_robot_slam) by extension 'ignore'
[2.596s] Level 1:colcon.colcon_core.package_identification:_identify(src/wheeltec_robot_slam) by extension 'ignore_ament_install'
[2.597s] Level 1:colcon.colcon_core.package_identification:_identify(src/wheeltec_robot_slam) by extensions ['colcon_pkg']
[2.597s] Level 1:colcon.colcon_core.package_identification:_identify(src/wheeltec_robot_slam) by extension 'colcon_pkg'
[2.597s] Level 1:colcon.colcon_core.package_identification:_identify(src/wheeltec_robot_slam) by extensions ['colcon_meta']
[2.598s] Level 1:colcon.colcon_core.package_identification:_identify(src/wheeltec_robot_slam) by extension 'colcon_meta'
[2.598s] Level 1:colcon.colcon_core.package_identification:_identify(src/wheeltec_robot_slam) by extensions ['ros']
[2.598s] Level 1:colcon.colcon_core.package_identification:_identify(src/wheeltec_robot_slam) by extension 'ros'
[2.599s] Level 1:colcon.colcon_core.package_identification:_identify(src/wheeltec_robot_slam) by extensions ['cmake', 'python']
[2.599s] Level 1:colcon.colcon_core.package_identification:_identify(src/wheeltec_robot_slam) by extension 'cmake'
[2.600s] Level 1:colcon.colcon_core.package_identification:_identify(src/wheeltec_robot_slam) by extension 'python'
[2.600s] Level 1:colcon.colcon_core.package_identification:_identify(src/wheeltec_robot_slam) by extensions ['python_setup_py']
[2.600s] Level 1:colcon.colcon_core.package_identification:_identify(src/wheeltec_robot_slam) by extension 'python_setup_py'
[2.601s] Level 1:colcon.colcon_core.package_identification:_identify(src/wheeltec_robot_slam/openslam_gmapping) by extensions ['ignore', 'ignore_ament_install']
[2.602s] Level 1:colcon.colcon_core.package_identification:_identify(src/wheeltec_robot_slam/openslam_gmapping) by extension 'ignore'
[2.602s] Level 1:colcon.colcon_core.package_identification:_identify(src/wheeltec_robot_slam/openslam_gmapping) by extension 'ignore_ament_install'
[2.603s] Level 1:colcon.colcon_core.package_identification:_identify(src/wheeltec_robot_slam/openslam_gmapping) by extensions ['colcon_pkg']
[2.603s] Level 1:colcon.colcon_core.package_identification:_identify(src/wheeltec_robot_slam/openslam_gmapping) by extension 'colcon_pkg'
[2.603s] Level 1:colcon.colcon_core.package_identification:_identify(src/wheeltec_robot_slam/openslam_gmapping) by extensions ['colcon_meta']
[2.604s] Level 1:colcon.colcon_core.package_identification:_identify(src/wheeltec_robot_slam/openslam_gmapping) by extension 'colcon_meta'
[2.604s] Level 1:colcon.colcon_core.package_identification:_identify(src/wheeltec_robot_slam/openslam_gmapping) by extensions ['ros']
[2.604s] Level 1:colcon.colcon_core.package_identification:_identify(src/wheeltec_robot_slam/openslam_gmapping) by extension 'ros'
[2.609s] DEBUG:colcon.colcon_core.package_identification:Package 'src/wheeltec_robot_slam/openslam_gmapping' with type 'ros.ament_cmake' and name 'openslam_gmapping'
[2.610s] Level 1:colcon.colcon_core.package_identification:_identify(src/wheeltec_robot_slam/slam_gmapping) by extensions ['ignore', 'ignore_ament_install']
[2.610s] Level 1:colcon.colcon_core.package_identification:_identify(src/wheeltec_robot_slam/slam_gmapping) by extension 'ignore'
[2.611s] Level 1:colcon.colcon_core.package_identification:_identify(src/wheeltec_robot_slam/slam_gmapping) by extension 'ignore_ament_install'
[2.611s] Level 1:colcon.colcon_core.package_identification:_identify(src/wheeltec_robot_slam/slam_gmapping) by extensions ['colcon_pkg']
[2.612s] Level 1:colcon.colcon_core.package_identification:_identify(src/wheeltec_robot_slam/slam_gmapping) by extension 'colcon_pkg'
[2.612s] Level 1:colcon.colcon_core.package_identification:_identify(src/wheeltec_robot_slam/slam_gmapping) by extensions ['colcon_meta']
[2.612s] Level 1:colcon.colcon_core.package_identification:_identify(src/wheeltec_robot_slam/slam_gmapping) by extension 'colcon_meta'
[2.613s] Level 1:colcon.colcon_core.package_identification:_identify(src/wheeltec_robot_slam/slam_gmapping) by extensions ['ros']
[2.613s] Level 1:colcon.colcon_core.package_identification:_identify(src/wheeltec_robot_slam/slam_gmapping) by extension 'ros'
[2.624s] DEBUG:colcon.colcon_core.package_identification:Package 'src/wheeltec_robot_slam/slam_gmapping' with type 'ros.ament_cmake' and name 'slam_gmapping'
[2.625s] Level 1:colcon.colcon_core.package_identification:_identify(src/wheeltec_robot_slam/wheeltec_cartographer) by extensions ['ignore', 'ignore_ament_install']
[2.626s] Level 1:colcon.colcon_core.package_identification:_identify(src/wheeltec_robot_slam/wheeltec_cartographer) by extension 'ignore'
[2.627s] Level 1:colcon.colcon_core.package_identification:_identify(src/wheeltec_robot_slam/wheeltec_cartographer) by extension 'ignore_ament_install'
[2.628s] Level 1:colcon.colcon_core.package_identification:_identify(src/wheeltec_robot_slam/wheeltec_cartographer) by extensions ['colcon_pkg']
[2.628s] Level 1:colcon.colcon_core.package_identification:_identify(src/wheeltec_robot_slam/wheeltec_cartographer) by extension 'colcon_pkg'
[2.629s] Level 1:colcon.colcon_core.package_identification:_identify(src/wheeltec_robot_slam/wheeltec_cartographer) by extensions ['colcon_meta']
[2.629s] Level 1:colcon.colcon_core.package_identification:_identify(src/wheeltec_robot_slam/wheeltec_cartographer) by extension 'colcon_meta'
[2.630s] Level 1:colcon.colcon_core.package_identification:_identify(src/wheeltec_robot_slam/wheeltec_cartographer) by extensions ['ros']
[2.631s] Level 1:colcon.colcon_core.package_identification:_identify(src/wheeltec_robot_slam/wheeltec_cartographer) by extension 'ros'
[2.635s] DEBUG:colcon.colcon_core.package_identification:Package 'src/wheeltec_robot_slam/wheeltec_cartographer' with type 'ros.ament_cmake' and name 'wheeltec_cartographer'
[2.636s] Level 1:colcon.colcon_core.package_identification:_identify(src/wheeltec_robot_slam/wheeltec_slam_toolbox) by extensions ['ignore', 'ignore_ament_install']
[2.637s] Level 1:colcon.colcon_core.package_identification:_identify(src/wheeltec_robot_slam/wheeltec_slam_toolbox) by extension 'ignore'
[2.637s] Level 1:colcon.colcon_core.package_identification:_identify(src/wheeltec_robot_slam/wheeltec_slam_toolbox) by extension 'ignore_ament_install'
[2.638s] Level 1:colcon.colcon_core.package_identification:_identify(src/wheeltec_robot_slam/wheeltec_slam_toolbox) by extensions ['colcon_pkg']
[2.638s] Level 1:colcon.colcon_core.package_identification:_identify(src/wheeltec_robot_slam/wheeltec_slam_toolbox) by extension 'colcon_pkg'
[2.639s] Level 1:colcon.colcon_core.package_identification:_identify(src/wheeltec_robot_slam/wheeltec_slam_toolbox) by extensions ['colcon_meta']
[2.639s] Level 1:colcon.colcon_core.package_identification:_identify(src/wheeltec_robot_slam/wheeltec_slam_toolbox) by extension 'colcon_meta'
[2.639s] Level 1:colcon.colcon_core.package_identification:_identify(src/wheeltec_robot_slam/wheeltec_slam_toolbox) by extensions ['ros']
[2.639s] Level 1:colcon.colcon_core.package_identification:_identify(src/wheeltec_robot_slam/wheeltec_slam_toolbox) by extension 'ros'
[2.645s] DEBUG:colcon.colcon_core.package_identification:Package 'src/wheeltec_robot_slam/wheeltec_slam_toolbox' with type 'ros.ament_cmake' and name 'wheeltec_slam_toolbox'
[2.646s] Level 1:colcon.colcon_core.package_identification:_identify(src/wheeltec_robot_urdf) by extensions ['ignore', 'ignore_ament_install']
[2.647s] Level 1:colcon.colcon_core.package_identification:_identify(src/wheeltec_robot_urdf) by extension 'ignore'
[2.647s] Level 1:colcon.colcon_core.package_identification:_identify(src/wheeltec_robot_urdf) by extension 'ignore_ament_install'
[2.648s] Level 1:colcon.colcon_core.package_identification:_identify(src/wheeltec_robot_urdf) by extensions ['colcon_pkg']
[2.648s] Level 1:colcon.colcon_core.package_identification:_identify(src/wheeltec_robot_urdf) by extension 'colcon_pkg'
[2.648s] Level 1:colcon.colcon_core.package_identification:_identify(src/wheeltec_robot_urdf) by extensions ['colcon_meta']
[2.649s] Level 1:colcon.colcon_core.package_identification:_identify(src/wheeltec_robot_urdf) by extension 'colcon_meta'
[2.649s] Level 1:colcon.colcon_core.package_identification:_identify(src/wheeltec_robot_urdf) by extensions ['ros']
[2.650s] Level 1:colcon.colcon_core.package_identification:_identify(src/wheeltec_robot_urdf) by extension 'ros'
[2.650s] Level 1:colcon.colcon_core.package_identification:_identify(src/wheeltec_robot_urdf) by extensions ['cmake', 'python']
[2.651s] Level 1:colcon.colcon_core.package_identification:_identify(src/wheeltec_robot_urdf) by extension 'cmake'
[2.651s] Level 1:colcon.colcon_core.package_identification:_identify(src/wheeltec_robot_urdf) by extension 'python'
[2.652s] Level 1:colcon.colcon_core.package_identification:_identify(src/wheeltec_robot_urdf) by extensions ['python_setup_py']
[2.652s] Level 1:colcon.colcon_core.package_identification:_identify(src/wheeltec_robot_urdf) by extension 'python_setup_py'
[2.653s] Level 1:colcon.colcon_core.package_identification:_identify(src/wheeltec_robot_urdf/wheeltec_robot_urdf) by extensions ['ignore', 'ignore_ament_install']
[2.653s] Level 1:colcon.colcon_core.package_identification:_identify(src/wheeltec_robot_urdf/wheeltec_robot_urdf) by extension 'ignore'
[2.654s] Level 1:colcon.colcon_core.package_identification:_identify(src/wheeltec_robot_urdf/wheeltec_robot_urdf) by extension 'ignore_ament_install'
[2.654s] Level 1:colcon.colcon_core.package_identification:_identify(src/wheeltec_robot_urdf/wheeltec_robot_urdf) by extensions ['colcon_pkg']
[2.655s] Level 1:colcon.colcon_core.package_identification:_identify(src/wheeltec_robot_urdf/wheeltec_robot_urdf) by extension 'colcon_pkg'
[2.655s] Level 1:colcon.colcon_core.package_identification:_identify(src/wheeltec_robot_urdf/wheeltec_robot_urdf) by extensions ['colcon_meta']
[2.655s] Level 1:colcon.colcon_core.package_identification:_identify(src/wheeltec_robot_urdf/wheeltec_robot_urdf) by extension 'colcon_meta'
[2.656s] Level 1:colcon.colcon_core.package_identification:_identify(src/wheeltec_robot_urdf/wheeltec_robot_urdf) by extensions ['ros']
[2.656s] Level 1:colcon.colcon_core.package_identification:_identify(src/wheeltec_robot_urdf/wheeltec_robot_urdf) by extension 'ros'
[2.660s] DEBUG:colcon.colcon_core.package_identification:Package 'src/wheeltec_robot_urdf/wheeltec_robot_urdf' with type 'ros.ament_cmake' and name 'wheeltec_robot_urdf'
[2.661s] Level 1:colcon.colcon_core.package_discovery:discover_packages(recursive) using defaults
[2.661s] Level 1:colcon.colcon_core.package_discovery:discover_packages(ignore) discover
[2.661s] Level 1:colcon.colcon_core.package_discovery:discover_packages(ignore) using defaults
[2.661s] Level 1:colcon.colcon_core.package_discovery:discover_packages(path) discover
[2.662s] Level 1:colcon.colcon_core.package_discovery:discover_packages(path) using defaults
[2.663s] WARNING:colcon.colcon_core.package_selection:ignoring unknown package 'simple_follower' in --packages-select
[2.839s] INFO:colcon.colcon_core.package_selection:Skipping not selected package 'ldlidar_sl_ros2' in 'src/wheeltec_lidar_ros2/LDlidar/ldlidar14'
[2.840s] INFO:colcon.colcon_core.package_selection:Skipping not selected package 'ldlidar_stl_ros2' in 'src/wheeltec_lidar_ros2/LDlidar/ldlidar06'
[2.840s] INFO:colcon.colcon_core.package_selection:Skipping not selected package 'lslidar_msgs' in 'src/wheeltec_lidar_ros2/LSlidar/lslidar_msgs'
[2.840s] INFO:colcon.colcon_core.package_selection:Skipping not selected package 'openslam_gmapping' in 'src/wheeltec_robot_slam/openslam_gmapping'
[2.841s] INFO:colcon.colcon_core.package_selection:Skipping not selected package 'serial' in 'src/serial_ros2'
[2.841s] INFO:colcon.colcon_core.package_selection:Skipping not selected package 'tf2_tools' in 'src/tf2_tools'
[2.841s] INFO:colcon.colcon_core.package_selection:Skipping not selected package 'usb_cam' in 'src/usb_cam-ros2/usb_cam-ros2'
[2.841s] INFO:colcon.colcon_core.package_selection:Skipping not selected package 'web_video_server' in 'src/web_video_server-ros2/web_video_server-ros2'
[2.842s] INFO:colcon.colcon_core.package_selection:Skipping not selected package 'wheeltec_cartographer' in 'src/wheeltec_robot_slam/wheeltec_cartographer'
[2.842s] INFO:colcon.colcon_core.package_selection:Skipping not selected package 'wheeltec_nav2' in 'src/wheeltec_robot_nav2'
[2.842s] INFO:colcon.colcon_core.package_selection:Skipping not selected package 'wheeltec_robot_keyboard' in 'src/wheeltec_robot_keyboard'
[2.842s] INFO:colcon.colcon_core.package_selection:Skipping not selected package 'wheeltec_robot_msg' in 'src/wheeltec_robot_msg'
[2.843s] INFO:colcon.colcon_core.package_selection:Skipping not selected package 'wheeltec_robot_urdf' in 'src/wheeltec_robot_urdf/wheeltec_robot_urdf'
[2.843s] INFO:colcon.colcon_core.package_selection:Skipping not selected package 'wheeltec_slam_toolbox' in 'src/wheeltec_robot_slam/wheeltec_slam_toolbox'
[2.843s] INFO:colcon.colcon_core.package_selection:Skipping not selected package 'lslidar_driver' in 'src/wheeltec_lidar_ros2/LSlidar/lslidar_driver'
[2.843s] INFO:colcon.colcon_core.package_selection:Skipping not selected package 'slam_gmapping' in 'src/wheeltec_robot_slam/slam_gmapping'
[2.843s] INFO:colcon.colcon_core.package_selection:Skipping not selected package 'turn_on_wheeltec_robot' in 'src/turn_on_wheeltec_robot'
[2.844s] INFO:colcon.colcon_core.package_selection:Skipping not selected package 'simple_follower_ros2' in 'src/simple_follower_ros2'
[2.847s] Level 1:colcon.colcon_core.package_discovery:discover_packages(prefix_path) check parameters
[2.848s] Level 1:colcon.colcon_core.package_discovery:discover_packages(prefix_path) discover
[2.870s] DEBUG:colcon.colcon_installed_package_information.package_discovery:Found 17 installed packages in /home/sunrise/wheeltec_robot_ws/install
[2.882s] DEBUG:colcon.colcon_installed_package_information.package_discovery:Found 331 installed packages in /opt/ros/humble
[2.972s] Level 1:colcon.colcon_core.package_discovery:discover_packages(prefix_path) using defaults
[3.394s] INFO:colcon.colcon_core.executor:Executing jobs using 'parallel' executor
[3.400s] DEBUG:colcon.colcon_parallel_executor.executor.parallel:run_until_complete
[3.401s] DEBUG:colcon.colcon_parallel_executor.executor.parallel:closing loop
[3.402s] DEBUG:colcon.colcon_parallel_executor.executor.parallel:loop closed
[3.403s] DEBUG:colcon.colcon_parallel_executor.executor.parallel:run_until_complete finished with '0'
[3.403s] DEBUG:colcon.colcon_core.event_reactor:joining thread
[3.446s] INFO:colcon.colcon_core.plugin_system:Skipping extension 'colcon_notification.desktop_notification.notify_send': Could not find 'notify-send'
[3.447s] INFO:colcon.colcon_core.plugin_system:Skipping extension 'colcon_notification.desktop_notification.terminal_notifier': Not used on non-Darwin systems
[3.447s] INFO:colcon.colcon_core.plugin_system:Skipping extension 'colcon_notification.desktop_notification.win32': Not used on non-Windows systems
[3.448s] INFO:colcon.colcon_notification.desktop_notification:Sending desktop notification using 'notify2'
[3.946s] DEBUG:colcon.colcon_core.event_reactor:joined thread
[3.969s] INFO:colcon.colcon_core.plugin_system:Skipping extension 'colcon_core.shell.bat': Not used on non-Windows systems
[3.971s] INFO:colcon.colcon_core.shell:Creating prefix script '/home/sunrise/wheeltec_robot_ws/install/local_setup.ps1'
[3.979s] INFO:colcon.colcon_core.shell:Creating prefix util module '/home/sunrise/wheeltec_robot_ws/install/_local_setup_util_ps1.py'
[3.992s] INFO:colcon.colcon_core.shell:Creating prefix chain script '/home/sunrise/wheeltec_robot_ws/install/setup.ps1'
[4.004s] INFO:colcon.colcon_core.shell:Creating prefix script '/home/sunrise/wheeltec_robot_ws/install/local_setup.sh'
[4.010s] INFO:colcon.colcon_core.shell:Creating prefix util module '/home/sunrise/wheeltec_robot_ws/install/_local_setup_util_sh.py'
[4.014s] INFO:colcon.colcon_core.shell:Creating prefix chain script '/home/sunrise/wheeltec_robot_ws/install/setup.sh'
[4.027s] INFO:colcon.colcon_core.shell:Creating prefix script '/home/sunrise/wheeltec_robot_ws/install/local_setup.bash'
[4.032s] INFO:colcon.colcon_core.shell:Creating prefix chain script '/home/sunrise/wheeltec_robot_ws/install/setup.bash'
[4.044s] INFO:colcon.colcon_core.shell:Creating prefix script '/home/sunrise/wheeltec_robot_ws/install/local_setup.zsh'
[4.049s] INFO:colcon.colcon_core.shell:Creating prefix chain script '/home/sunrise/wheeltec_robot_ws/install/setup.zsh'
