[0.821s] DEBUG:colcon:Command line arguments: ['/usr/bin/colcon', 'build', '--packages-select', 'turn_on_wheeltec_robot']
[0.822s] DEBUG:colcon:Parsed command line arguments: Namespace(log_base=None, log_level=None, verb_name='build', build_base='build', install_base='install', merge_install=False, symlink_install=False, test_result_base=None, continue_on_error=False, executor='parallel', parallel_workers=4, event_handlers=None, ignore_user_meta=False, metas=['./colcon.meta'], base_paths=['.'], packages_ignore=None, packages_ignore_regex=None, paths=None, packages_up_to=None, packages_up_to_regex=None, packages_above=None, packages_above_and_dependencies=None, packages_above_depth=None, packages_select_by_dep=None, packages_skip_by_dep=None, packages_skip_up_to=None, packages_select_build_failed=False, packages_skip_build_finished=False, packages_select_test_failures=False, packages_skip_test_passed=False, packages_select=['turn_on_wheeltec_robot'], packages_skip=None, packages_select_regex=None, packages_skip_regex=None, packages_start=None, packages_end=None, allow_overriding=[], cmake_args=None, cmake_target=None, cmake_target_skip_unavailable=False, cmake_clean_cache=False, cmake_clean_first=False, cmake_force_configure=False, ament_cmake_args=None, catkin_cmake_args=None, catkin_skip_building_tests=False, verb_parser=<colcon_defaults.argument_parser.defaults.DefaultArgumentsDecorator object at 0x7f8091c6d0>, verb_extension=<colcon_core.verb.build.BuildVerb object at 0x7f8091c190>, main=<bound method BuildVerb.main of <colcon_core.verb.build.BuildVerb object at 0x7f8091c190>>)
[2.246s] Level 1:colcon.colcon_core.package_discovery:discover_packages(colcon_meta) check parameters
[2.247s] Level 1:colcon.colcon_core.package_discovery:discover_packages(recursive) check parameters
[2.247s] Level 1:colcon.colcon_core.package_discovery:discover_packages(ignore) check parameters
[2.248s] Level 1:colcon.colcon_core.package_discovery:discover_packages(path) check parameters
[2.248s] Level 1:colcon.colcon_core.package_discovery:discover_packages(colcon_meta) discover
[2.248s] Level 1:colcon.colcon_core.package_discovery:discover_packages(recursive) discover
[2.249s] INFO:colcon.colcon_core.package_discovery:Crawling recursively for packages in '/home/sunrise/wheeltec_robot_ws'
[2.249s] Level 1:colcon.colcon_core.package_identification:_identify(.) by extensions ['ignore', 'ignore_ament_install']
[2.250s] Level 1:colcon.colcon_core.package_identification:_identify(.) by extension 'ignore'
[2.250s] Level 1:colcon.colcon_core.package_identification:_identify(.) by extension 'ignore_ament_install'
[2.251s] Level 1:colcon.colcon_core.package_identification:_identify(.) by extensions ['colcon_pkg']
[2.251s] Level 1:colcon.colcon_core.package_identification:_identify(.) by extension 'colcon_pkg'
[2.252s] Level 1:colcon.colcon_core.package_identification:_identify(.) by extensions ['colcon_meta']
[2.252s] Level 1:colcon.colcon_core.package_identification:_identify(.) by extension 'colcon_meta'
[2.252s] Level 1:colcon.colcon_core.package_identification:_identify(.) by extensions ['ros']
[2.252s] Level 1:colcon.colcon_core.package_identification:_identify(.) by extension 'ros'
[2.347s] Level 1:colcon.colcon_core.package_identification:_identify(.) by extensions ['cmake', 'python']
[2.347s] Level 1:colcon.colcon_core.package_identification:_identify(.) by extension 'cmake'
[2.348s] Level 1:colcon.colcon_core.package_identification:_identify(.) by extension 'python'
[2.348s] Level 1:colcon.colcon_core.package_identification:_identify(.) by extensions ['python_setup_py']
[2.349s] Level 1:colcon.colcon_core.package_identification:_identify(.) by extension 'python_setup_py'
[2.350s] Level 1:colcon.colcon_core.package_identification:_identify(build) by extensions ['ignore', 'ignore_ament_install']
[2.350s] Level 1:colcon.colcon_core.package_identification:_identify(build) by extension 'ignore'
[2.351s] Level 1:colcon.colcon_core.package_identification:_identify(build) ignored
[2.352s] Level 1:colcon.colcon_core.package_identification:_identify(install) by extensions ['ignore', 'ignore_ament_install']
[2.353s] Level 1:colcon.colcon_core.package_identification:_identify(install) by extension 'ignore'
[2.353s] Level 1:colcon.colcon_core.package_identification:_identify(install) ignored
[2.354s] Level 1:colcon.colcon_core.package_identification:_identify(log) by extensions ['ignore', 'ignore_ament_install']
[2.355s] Level 1:colcon.colcon_core.package_identification:_identify(log) by extension 'ignore'
[2.355s] Level 1:colcon.colcon_core.package_identification:_identify(log) ignored
[2.356s] Level 1:colcon.colcon_core.package_identification:_identify(src) by extensions ['ignore', 'ignore_ament_install']
[2.356s] Level 1:colcon.colcon_core.package_identification:_identify(src) by extension 'ignore'
[2.357s] Level 1:colcon.colcon_core.package_identification:_identify(src) by extension 'ignore_ament_install'
[2.357s] Level 1:colcon.colcon_core.package_identification:_identify(src) by extensions ['colcon_pkg']
[2.358s] Level 1:colcon.colcon_core.package_identification:_identify(src) by extension 'colcon_pkg'
[2.358s] Level 1:colcon.colcon_core.package_identification:_identify(src) by extensions ['colcon_meta']
[2.358s] Level 1:colcon.colcon_core.package_identification:_identify(src) by extension 'colcon_meta'
[2.359s] Level 1:colcon.colcon_core.package_identification:_identify(src) by extensions ['ros']
[2.359s] Level 1:colcon.colcon_core.package_identification:_identify(src) by extension 'ros'
[2.360s] Level 1:colcon.colcon_core.package_identification:_identify(src) by extensions ['cmake', 'python']
[2.360s] Level 1:colcon.colcon_core.package_identification:_identify(src) by extension 'cmake'
[2.360s] Level 1:colcon.colcon_core.package_identification:_identify(src) by extension 'python'
[2.361s] Level 1:colcon.colcon_core.package_identification:_identify(src) by extensions ['python_setup_py']
[2.361s] Level 1:colcon.colcon_core.package_identification:_identify(src) by extension 'python_setup_py'
[2.362s] Level 1:colcon.colcon_core.package_identification:_identify(src/serial_ros2) by extensions ['ignore', 'ignore_ament_install']
[2.362s] Level 1:colcon.colcon_core.package_identification:_identify(src/serial_ros2) by extension 'ignore'
[2.363s] Level 1:colcon.colcon_core.package_identification:_identify(src/serial_ros2) by extension 'ignore_ament_install'
[2.363s] Level 1:colcon.colcon_core.package_identification:_identify(src/serial_ros2) by extensions ['colcon_pkg']
[2.364s] Level 1:colcon.colcon_core.package_identification:_identify(src/serial_ros2) by extension 'colcon_pkg'
[2.364s] Level 1:colcon.colcon_core.package_identification:_identify(src/serial_ros2) by extensions ['colcon_meta']
[2.364s] Level 1:colcon.colcon_core.package_identification:_identify(src/serial_ros2) by extension 'colcon_meta'
[2.365s] Level 1:colcon.colcon_core.package_identification:_identify(src/serial_ros2) by extensions ['ros']
[2.365s] Level 1:colcon.colcon_core.package_identification:_identify(src/serial_ros2) by extension 'ros'
[2.382s] DEBUG:colcon.colcon_core.package_identification:Package 'src/serial_ros2' with type 'ros.ament_cmake' and name 'serial'
[2.383s] Level 1:colcon.colcon_core.package_identification:_identify(src/tf2_tools) by extensions ['ignore', 'ignore_ament_install']
[2.384s] Level 1:colcon.colcon_core.package_identification:_identify(src/tf2_tools) by extension 'ignore'
[2.384s] Level 1:colcon.colcon_core.package_identification:_identify(src/tf2_tools) by extension 'ignore_ament_install'
[2.385s] Level 1:colcon.colcon_core.package_identification:_identify(src/tf2_tools) by extensions ['colcon_pkg']
[2.385s] Level 1:colcon.colcon_core.package_identification:_identify(src/tf2_tools) by extension 'colcon_pkg'
[2.385s] Level 1:colcon.colcon_core.package_identification:_identify(src/tf2_tools) by extensions ['colcon_meta']
[2.386s] Level 1:colcon.colcon_core.package_identification:_identify(src/tf2_tools) by extension 'colcon_meta'
[2.386s] Level 1:colcon.colcon_core.package_identification:_identify(src/tf2_tools) by extensions ['ros']
[2.386s] Level 1:colcon.colcon_core.package_identification:_identify(src/tf2_tools) by extension 'ros'
[2.391s] DEBUG:colcon.colcon_core.package_identification:Package 'src/tf2_tools' with type 'ros.ament_python' and name 'tf2_tools'
[2.393s] Level 1:colcon.colcon_core.package_identification:_identify(src/turn_on_wheeltec_robot) by extensions ['ignore', 'ignore_ament_install']
[2.393s] Level 1:colcon.colcon_core.package_identification:_identify(src/turn_on_wheeltec_robot) by extension 'ignore'
[2.394s] Level 1:colcon.colcon_core.package_identification:_identify(src/turn_on_wheeltec_robot) by extension 'ignore_ament_install'
[2.394s] Level 1:colcon.colcon_core.package_identification:_identify(src/turn_on_wheeltec_robot) by extensions ['colcon_pkg']
[2.395s] Level 1:colcon.colcon_core.package_identification:_identify(src/turn_on_wheeltec_robot) by extension 'colcon_pkg'
[2.395s] Level 1:colcon.colcon_core.package_identification:_identify(src/turn_on_wheeltec_robot) by extensions ['colcon_meta']
[2.395s] Level 1:colcon.colcon_core.package_identification:_identify(src/turn_on_wheeltec_robot) by extension 'colcon_meta'
[2.396s] Level 1:colcon.colcon_core.package_identification:_identify(src/turn_on_wheeltec_robot) by extensions ['ros']
[2.396s] Level 1:colcon.colcon_core.package_identification:_identify(src/turn_on_wheeltec_robot) by extension 'ros'
[2.413s] DEBUG:colcon.colcon_core.package_identification:Package 'src/turn_on_wheeltec_robot' with type 'ros.ament_cmake' and name 'turn_on_wheeltec_robot'
[2.414s] Level 1:colcon.colcon_core.package_identification:_identify(src/usb_cam-ros2) by extensions ['ignore', 'ignore_ament_install']
[2.415s] Level 1:colcon.colcon_core.package_identification:_identify(src/usb_cam-ros2) by extension 'ignore'
[2.415s] Level 1:colcon.colcon_core.package_identification:_identify(src/usb_cam-ros2) by extension 'ignore_ament_install'
[2.416s] Level 1:colcon.colcon_core.package_identification:_identify(src/usb_cam-ros2) by extensions ['colcon_pkg']
[2.416s] Level 1:colcon.colcon_core.package_identification:_identify(src/usb_cam-ros2) by extension 'colcon_pkg'
[2.416s] Level 1:colcon.colcon_core.package_identification:_identify(src/usb_cam-ros2) by extensions ['colcon_meta']
[2.417s] Level 1:colcon.colcon_core.package_identification:_identify(src/usb_cam-ros2) by extension 'colcon_meta'
[2.417s] Level 1:colcon.colcon_core.package_identification:_identify(src/usb_cam-ros2) by extensions ['ros']
[2.417s] Level 1:colcon.colcon_core.package_identification:_identify(src/usb_cam-ros2) by extension 'ros'
[2.418s] Level 1:colcon.colcon_core.package_identification:_identify(src/usb_cam-ros2) by extensions ['cmake', 'python']
[2.418s] Level 1:colcon.colcon_core.package_identification:_identify(src/usb_cam-ros2) by extension 'cmake'
[2.419s] Level 1:colcon.colcon_core.package_identification:_identify(src/usb_cam-ros2) by extension 'python'
[2.419s] Level 1:colcon.colcon_core.package_identification:_identify(src/usb_cam-ros2) by extensions ['python_setup_py']
[2.419s] Level 1:colcon.colcon_core.package_identification:_identify(src/usb_cam-ros2) by extension 'python_setup_py'
[2.420s] Level 1:colcon.colcon_core.package_identification:_identify(src/usb_cam-ros2/usb_cam-ros2) by extensions ['ignore', 'ignore_ament_install']
[2.421s] Level 1:colcon.colcon_core.package_identification:_identify(src/usb_cam-ros2/usb_cam-ros2) by extension 'ignore'
[2.421s] Level 1:colcon.colcon_core.package_identification:_identify(src/usb_cam-ros2/usb_cam-ros2) by extension 'ignore_ament_install'
[2.422s] Level 1:colcon.colcon_core.package_identification:_identify(src/usb_cam-ros2/usb_cam-ros2) by extensions ['colcon_pkg']
[2.422s] Level 1:colcon.colcon_core.package_identification:_identify(src/usb_cam-ros2/usb_cam-ros2) by extension 'colcon_pkg'
[2.423s] Level 1:colcon.colcon_core.package_identification:_identify(src/usb_cam-ros2/usb_cam-ros2) by extensions ['colcon_meta']
[2.423s] Level 1:colcon.colcon_core.package_identification:_identify(src/usb_cam-ros2/usb_cam-ros2) by extension 'colcon_meta'
[2.423s] Level 1:colcon.colcon_core.package_identification:_identify(src/usb_cam-ros2/usb_cam-ros2) by extensions ['ros']
[2.424s] Level 1:colcon.colcon_core.package_identification:_identify(src/usb_cam-ros2/usb_cam-ros2) by extension 'ros'
[2.438s] DEBUG:colcon.colcon_core.package_identification:Package 'src/usb_cam-ros2/usb_cam-ros2' with type 'ros.ament_cmake' and name 'usb_cam'
[2.439s] Level 1:colcon.colcon_core.package_identification:_identify(src/wheeltec_lidar_ros2) by extensions ['ignore', 'ignore_ament_install']
[2.439s] Level 1:colcon.colcon_core.package_identification:_identify(src/wheeltec_lidar_ros2) by extension 'ignore'
[2.440s] Level 1:colcon.colcon_core.package_identification:_identify(src/wheeltec_lidar_ros2) by extension 'ignore_ament_install'
[2.440s] Level 1:colcon.colcon_core.package_identification:_identify(src/wheeltec_lidar_ros2) by extensions ['colcon_pkg']
[2.441s] Level 1:colcon.colcon_core.package_identification:_identify(src/wheeltec_lidar_ros2) by extension 'colcon_pkg'
[2.441s] Level 1:colcon.colcon_core.package_identification:_identify(src/wheeltec_lidar_ros2) by extensions ['colcon_meta']
[2.441s] Level 1:colcon.colcon_core.package_identification:_identify(src/wheeltec_lidar_ros2) by extension 'colcon_meta'
[2.442s] Level 1:colcon.colcon_core.package_identification:_identify(src/wheeltec_lidar_ros2) by extensions ['ros']
[2.442s] Level 1:colcon.colcon_core.package_identification:_identify(src/wheeltec_lidar_ros2) by extension 'ros'
[2.443s] Level 1:colcon.colcon_core.package_identification:_identify(src/wheeltec_lidar_ros2) by extensions ['cmake', 'python']
[2.443s] Level 1:colcon.colcon_core.package_identification:_identify(src/wheeltec_lidar_ros2) by extension 'cmake'
[2.443s] Level 1:colcon.colcon_core.package_identification:_identify(src/wheeltec_lidar_ros2) by extension 'python'
[2.444s] Level 1:colcon.colcon_core.package_identification:_identify(src/wheeltec_lidar_ros2) by extensions ['python_setup_py']
[2.444s] Level 1:colcon.colcon_core.package_identification:_identify(src/wheeltec_lidar_ros2) by extension 'python_setup_py'
[2.445s] Level 1:colcon.colcon_core.package_identification:_identify(src/wheeltec_lidar_ros2/LDlidar) by extensions ['ignore', 'ignore_ament_install']
[2.445s] Level 1:colcon.colcon_core.package_identification:_identify(src/wheeltec_lidar_ros2/LDlidar) by extension 'ignore'
[2.446s] Level 1:colcon.colcon_core.package_identification:_identify(src/wheeltec_lidar_ros2/LDlidar) by extension 'ignore_ament_install'
[2.446s] Level 1:colcon.colcon_core.package_identification:_identify(src/wheeltec_lidar_ros2/LDlidar) by extensions ['colcon_pkg']
[2.447s] Level 1:colcon.colcon_core.package_identification:_identify(src/wheeltec_lidar_ros2/LDlidar) by extension 'colcon_pkg'
[2.447s] Level 1:colcon.colcon_core.package_identification:_identify(src/wheeltec_lidar_ros2/LDlidar) by extensions ['colcon_meta']
[2.447s] Level 1:colcon.colcon_core.package_identification:_identify(src/wheeltec_lidar_ros2/LDlidar) by extension 'colcon_meta'
[2.448s] Level 1:colcon.colcon_core.package_identification:_identify(src/wheeltec_lidar_ros2/LDlidar) by extensions ['ros']
[2.448s] Level 1:colcon.colcon_core.package_identification:_identify(src/wheeltec_lidar_ros2/LDlidar) by extension 'ros'
[2.449s] Level 1:colcon.colcon_core.package_identification:_identify(src/wheeltec_lidar_ros2/LDlidar) by extensions ['cmake', 'python']
[2.449s] Level 1:colcon.colcon_core.package_identification:_identify(src/wheeltec_lidar_ros2/LDlidar) by extension 'cmake'
[2.449s] Level 1:colcon.colcon_core.package_identification:_identify(src/wheeltec_lidar_ros2/LDlidar) by extension 'python'
[2.450s] Level 1:colcon.colcon_core.package_identification:_identify(src/wheeltec_lidar_ros2/LDlidar) by extensions ['python_setup_py']
[2.450s] Level 1:colcon.colcon_core.package_identification:_identify(src/wheeltec_lidar_ros2/LDlidar) by extension 'python_setup_py'
[2.451s] Level 1:colcon.colcon_core.package_identification:_identify(src/wheeltec_lidar_ros2/LDlidar/ldlidar06) by extensions ['ignore', 'ignore_ament_install']
[2.451s] Level 1:colcon.colcon_core.package_identification:_identify(src/wheeltec_lidar_ros2/LDlidar/ldlidar06) by extension 'ignore'
[2.452s] Level 1:colcon.colcon_core.package_identification:_identify(src/wheeltec_lidar_ros2/LDlidar/ldlidar06) by extension 'ignore_ament_install'
[2.452s] Level 1:colcon.colcon_core.package_identification:_identify(src/wheeltec_lidar_ros2/LDlidar/ldlidar06) by extensions ['colcon_pkg']
[2.453s] Level 1:colcon.colcon_core.package_identification:_identify(src/wheeltec_lidar_ros2/LDlidar/ldlidar06) by extension 'colcon_pkg'
[2.453s] Level 1:colcon.colcon_core.package_identification:_identify(src/wheeltec_lidar_ros2/LDlidar/ldlidar06) by extensions ['colcon_meta']
[2.453s] Level 1:colcon.colcon_core.package_identification:_identify(src/wheeltec_lidar_ros2/LDlidar/ldlidar06) by extension 'colcon_meta'
[2.454s] Level 1:colcon.colcon_core.package_identification:_identify(src/wheeltec_lidar_ros2/LDlidar/ldlidar06) by extensions ['ros']
[2.454s] Level 1:colcon.colcon_core.package_identification:_identify(src/wheeltec_lidar_ros2/LDlidar/ldlidar06) by extension 'ros'
[2.459s] DEBUG:colcon.colcon_core.package_identification:Package 'src/wheeltec_lidar_ros2/LDlidar/ldlidar06' with type 'ros.ament_cmake' and name 'ldlidar_stl_ros2'
[2.460s] Level 1:colcon.colcon_core.package_identification:_identify(src/wheeltec_lidar_ros2/LDlidar/ldlidar14) by extensions ['ignore', 'ignore_ament_install']
[2.461s] Level 1:colcon.colcon_core.package_identification:_identify(src/wheeltec_lidar_ros2/LDlidar/ldlidar14) by extension 'ignore'
[2.461s] Level 1:colcon.colcon_core.package_identification:_identify(src/wheeltec_lidar_ros2/LDlidar/ldlidar14) by extension 'ignore_ament_install'
[2.462s] Level 1:colcon.colcon_core.package_identification:_identify(src/wheeltec_lidar_ros2/LDlidar/ldlidar14) by extensions ['colcon_pkg']
[2.462s] Level 1:colcon.colcon_core.package_identification:_identify(src/wheeltec_lidar_ros2/LDlidar/ldlidar14) by extension 'colcon_pkg'
[2.462s] Level 1:colcon.colcon_core.package_identification:_identify(src/wheeltec_lidar_ros2/LDlidar/ldlidar14) by extensions ['colcon_meta']
[2.463s] Level 1:colcon.colcon_core.package_identification:_identify(src/wheeltec_lidar_ros2/LDlidar/ldlidar14) by extension 'colcon_meta'
[2.463s] Level 1:colcon.colcon_core.package_identification:_identify(src/wheeltec_lidar_ros2/LDlidar/ldlidar14) by extensions ['ros']
[2.463s] Level 1:colcon.colcon_core.package_identification:_identify(src/wheeltec_lidar_ros2/LDlidar/ldlidar14) by extension 'ros'
[2.469s] DEBUG:colcon.colcon_core.package_identification:Package 'src/wheeltec_lidar_ros2/LDlidar/ldlidar14' with type 'ros.ament_cmake' and name 'ldlidar_sl_ros2'
[2.469s] Level 1:colcon.colcon_core.package_identification:_identify(src/wheeltec_lidar_ros2/LSlidar) by extensions ['ignore', 'ignore_ament_install']
[2.470s] Level 1:colcon.colcon_core.package_identification:_identify(src/wheeltec_lidar_ros2/LSlidar) by extension 'ignore'
[2.471s] Level 1:colcon.colcon_core.package_identification:_identify(src/wheeltec_lidar_ros2/LSlidar) by extension 'ignore_ament_install'
[2.471s] Level 1:colcon.colcon_core.package_identification:_identify(src/wheeltec_lidar_ros2/LSlidar) by extensions ['colcon_pkg']
[2.471s] Level 1:colcon.colcon_core.package_identification:_identify(src/wheeltec_lidar_ros2/LSlidar) by extension 'colcon_pkg'
[2.472s] Level 1:colcon.colcon_core.package_identification:_identify(src/wheeltec_lidar_ros2/LSlidar) by extensions ['colcon_meta']
[2.472s] Level 1:colcon.colcon_core.package_identification:_identify(src/wheeltec_lidar_ros2/LSlidar) by extension 'colcon_meta'
[2.473s] Level 1:colcon.colcon_core.package_identification:_identify(src/wheeltec_lidar_ros2/LSlidar) by extensions ['ros']
[2.473s] Level 1:colcon.colcon_core.package_identification:_identify(src/wheeltec_lidar_ros2/LSlidar) by extension 'ros'
[2.473s] Level 1:colcon.colcon_core.package_identification:_identify(src/wheeltec_lidar_ros2/LSlidar) by extensions ['cmake', 'python']
[2.474s] Level 1:colcon.colcon_core.package_identification:_identify(src/wheeltec_lidar_ros2/LSlidar) by extension 'cmake'
[2.474s] Level 1:colcon.colcon_core.package_identification:_identify(src/wheeltec_lidar_ros2/LSlidar) by extension 'python'
[2.474s] Level 1:colcon.colcon_core.package_identification:_identify(src/wheeltec_lidar_ros2/LSlidar) by extensions ['python_setup_py']
[2.475s] Level 1:colcon.colcon_core.package_identification:_identify(src/wheeltec_lidar_ros2/LSlidar) by extension 'python_setup_py'
[2.476s] Level 1:colcon.colcon_core.package_identification:_identify(src/wheeltec_lidar_ros2/LSlidar/lslidar_driver) by extensions ['ignore', 'ignore_ament_install']
[2.476s] Level 1:colcon.colcon_core.package_identification:_identify(src/wheeltec_lidar_ros2/LSlidar/lslidar_driver) by extension 'ignore'
[2.477s] Level 1:colcon.colcon_core.package_identification:_identify(src/wheeltec_lidar_ros2/LSlidar/lslidar_driver) by extension 'ignore_ament_install'
[2.477s] Level 1:colcon.colcon_core.package_identification:_identify(src/wheeltec_lidar_ros2/LSlidar/lslidar_driver) by extensions ['colcon_pkg']
[2.478s] Level 1:colcon.colcon_core.package_identification:_identify(src/wheeltec_lidar_ros2/LSlidar/lslidar_driver) by extension 'colcon_pkg'
[2.478s] Level 1:colcon.colcon_core.package_identification:_identify(src/wheeltec_lidar_ros2/LSlidar/lslidar_driver) by extensions ['colcon_meta']
[2.478s] Level 1:colcon.colcon_core.package_identification:_identify(src/wheeltec_lidar_ros2/LSlidar/lslidar_driver) by extension 'colcon_meta'
[2.479s] Level 1:colcon.colcon_core.package_identification:_identify(src/wheeltec_lidar_ros2/LSlidar/lslidar_driver) by extensions ['ros']
[2.479s] Level 1:colcon.colcon_core.package_identification:_identify(src/wheeltec_lidar_ros2/LSlidar/lslidar_driver) by extension 'ros'
[2.486s] DEBUG:colcon.colcon_core.package_identification:Package 'src/wheeltec_lidar_ros2/LSlidar/lslidar_driver' with type 'ros.ament_cmake' and name 'lslidar_driver'
[2.487s] Level 1:colcon.colcon_core.package_identification:_identify(src/wheeltec_lidar_ros2/LSlidar/lslidar_msgs) by extensions ['ignore', 'ignore_ament_install']
[2.487s] Level 1:colcon.colcon_core.package_identification:_identify(src/wheeltec_lidar_ros2/LSlidar/lslidar_msgs) by extension 'ignore'
[2.488s] Level 1:colcon.colcon_core.package_identification:_identify(src/wheeltec_lidar_ros2/LSlidar/lslidar_msgs) by extension 'ignore_ament_install'
[2.488s] Level 1:colcon.colcon_core.package_identification:_identify(src/wheeltec_lidar_ros2/LSlidar/lslidar_msgs) by extensions ['colcon_pkg']
[2.489s] Level 1:colcon.colcon_core.package_identification:_identify(src/wheeltec_lidar_ros2/LSlidar/lslidar_msgs) by extension 'colcon_pkg'
[2.489s] Level 1:colcon.colcon_core.package_identification:_identify(src/wheeltec_lidar_ros2/LSlidar/lslidar_msgs) by extensions ['colcon_meta']
[2.489s] Level 1:colcon.colcon_core.package_identification:_identify(src/wheeltec_lidar_ros2/LSlidar/lslidar_msgs) by extension 'colcon_meta'
[2.490s] Level 1:colcon.colcon_core.package_identification:_identify(src/wheeltec_lidar_ros2/LSlidar/lslidar_msgs) by extensions ['ros']
[2.490s] Level 1:colcon.colcon_core.package_identification:_identify(src/wheeltec_lidar_ros2/LSlidar/lslidar_msgs) by extension 'ros'
[2.495s] DEBUG:colcon.colcon_core.package_identification:Package 'src/wheeltec_lidar_ros2/LSlidar/lslidar_msgs' with type 'ros.ament_cmake' and name 'lslidar_msgs'
[2.496s] Level 1:colcon.colcon_core.package_identification:_identify(src/wheeltec_robot_msg) by extensions ['ignore', 'ignore_ament_install']
[2.497s] Level 1:colcon.colcon_core.package_identification:_identify(src/wheeltec_robot_msg) by extension 'ignore'
[2.497s] Level 1:colcon.colcon_core.package_identification:_identify(src/wheeltec_robot_msg) by extension 'ignore_ament_install'
[2.497s] Level 1:colcon.colcon_core.package_identification:_identify(src/wheeltec_robot_msg) by extensions ['colcon_pkg']
[2.498s] Level 1:colcon.colcon_core.package_identification:_identify(src/wheeltec_robot_msg) by extension 'colcon_pkg'
[2.498s] Level 1:colcon.colcon_core.package_identification:_identify(src/wheeltec_robot_msg) by extensions ['colcon_meta']
[2.498s] Level 1:colcon.colcon_core.package_identification:_identify(src/wheeltec_robot_msg) by extension 'colcon_meta'
[2.499s] Level 1:colcon.colcon_core.package_identification:_identify(src/wheeltec_robot_msg) by extensions ['ros']
[2.499s] Level 1:colcon.colcon_core.package_identification:_identify(src/wheeltec_robot_msg) by extension 'ros'
[2.503s] DEBUG:colcon.colcon_core.package_identification:Package 'src/wheeltec_robot_msg' with type 'ros.ament_cmake' and name 'wheeltec_robot_msg'
[2.504s] Level 1:colcon.colcon_core.package_identification:_identify(src/wheeltec_robot_urdf) by extensions ['ignore', 'ignore_ament_install']
[2.505s] Level 1:colcon.colcon_core.package_identification:_identify(src/wheeltec_robot_urdf) by extension 'ignore'
[2.505s] Level 1:colcon.colcon_core.package_identification:_identify(src/wheeltec_robot_urdf) by extension 'ignore_ament_install'
[2.506s] Level 1:colcon.colcon_core.package_identification:_identify(src/wheeltec_robot_urdf) by extensions ['colcon_pkg']
[2.506s] Level 1:colcon.colcon_core.package_identification:_identify(src/wheeltec_robot_urdf) by extension 'colcon_pkg'
[2.506s] Level 1:colcon.colcon_core.package_identification:_identify(src/wheeltec_robot_urdf) by extensions ['colcon_meta']
[2.507s] Level 1:colcon.colcon_core.package_identification:_identify(src/wheeltec_robot_urdf) by extension 'colcon_meta'
[2.507s] Level 1:colcon.colcon_core.package_identification:_identify(src/wheeltec_robot_urdf) by extensions ['ros']
[2.507s] Level 1:colcon.colcon_core.package_identification:_identify(src/wheeltec_robot_urdf) by extension 'ros'
[2.508s] Level 1:colcon.colcon_core.package_identification:_identify(src/wheeltec_robot_urdf) by extensions ['cmake', 'python']
[2.508s] Level 1:colcon.colcon_core.package_identification:_identify(src/wheeltec_robot_urdf) by extension 'cmake'
[2.509s] Level 1:colcon.colcon_core.package_identification:_identify(src/wheeltec_robot_urdf) by extension 'python'
[2.509s] Level 1:colcon.colcon_core.package_identification:_identify(src/wheeltec_robot_urdf) by extensions ['python_setup_py']
[2.509s] Level 1:colcon.colcon_core.package_identification:_identify(src/wheeltec_robot_urdf) by extension 'python_setup_py'
[2.510s] Level 1:colcon.colcon_core.package_identification:_identify(src/wheeltec_robot_urdf/wheeltec_robot_urdf) by extensions ['ignore', 'ignore_ament_install']
[2.511s] Level 1:colcon.colcon_core.package_identification:_identify(src/wheeltec_robot_urdf/wheeltec_robot_urdf) by extension 'ignore'
[2.511s] Level 1:colcon.colcon_core.package_identification:_identify(src/wheeltec_robot_urdf/wheeltec_robot_urdf) by extension 'ignore_ament_install'
[2.512s] Level 1:colcon.colcon_core.package_identification:_identify(src/wheeltec_robot_urdf/wheeltec_robot_urdf) by extensions ['colcon_pkg']
[2.512s] Level 1:colcon.colcon_core.package_identification:_identify(src/wheeltec_robot_urdf/wheeltec_robot_urdf) by extension 'colcon_pkg'
[2.513s] Level 1:colcon.colcon_core.package_identification:_identify(src/wheeltec_robot_urdf/wheeltec_robot_urdf) by extensions ['colcon_meta']
[2.513s] Level 1:colcon.colcon_core.package_identification:_identify(src/wheeltec_robot_urdf/wheeltec_robot_urdf) by extension 'colcon_meta'
[2.513s] Level 1:colcon.colcon_core.package_identification:_identify(src/wheeltec_robot_urdf/wheeltec_robot_urdf) by extensions ['ros']
[2.513s] Level 1:colcon.colcon_core.package_identification:_identify(src/wheeltec_robot_urdf/wheeltec_robot_urdf) by extension 'ros'
[2.518s] DEBUG:colcon.colcon_core.package_identification:Package 'src/wheeltec_robot_urdf/wheeltec_robot_urdf' with type 'ros.ament_cmake' and name 'wheeltec_robot_urdf'
[2.519s] Level 1:colcon.colcon_core.package_discovery:discover_packages(recursive) using defaults
[2.519s] Level 1:colcon.colcon_core.package_discovery:discover_packages(ignore) discover
[2.520s] Level 1:colcon.colcon_core.package_discovery:discover_packages(ignore) using defaults
[2.520s] Level 1:colcon.colcon_core.package_discovery:discover_packages(path) discover
[2.520s] Level 1:colcon.colcon_core.package_discovery:discover_packages(path) using defaults
[2.676s] INFO:colcon.colcon_core.package_selection:Skipping not selected package 'ldlidar_sl_ros2' in 'src/wheeltec_lidar_ros2/LDlidar/ldlidar14'
[2.677s] INFO:colcon.colcon_core.package_selection:Skipping not selected package 'ldlidar_stl_ros2' in 'src/wheeltec_lidar_ros2/LDlidar/ldlidar06'
[2.677s] INFO:colcon.colcon_core.package_selection:Skipping not selected package 'lslidar_msgs' in 'src/wheeltec_lidar_ros2/LSlidar/lslidar_msgs'
[2.677s] INFO:colcon.colcon_core.package_selection:Skipping not selected package 'serial' in 'src/serial_ros2'
[2.677s] INFO:colcon.colcon_core.package_selection:Skipping not selected package 'tf2_tools' in 'src/tf2_tools'
[2.678s] INFO:colcon.colcon_core.package_selection:Skipping not selected package 'usb_cam' in 'src/usb_cam-ros2/usb_cam-ros2'
[2.678s] INFO:colcon.colcon_core.package_selection:Skipping not selected package 'wheeltec_robot_msg' in 'src/wheeltec_robot_msg'
[2.678s] INFO:colcon.colcon_core.package_selection:Skipping not selected package 'wheeltec_robot_urdf' in 'src/wheeltec_robot_urdf/wheeltec_robot_urdf'
[2.678s] INFO:colcon.colcon_core.package_selection:Skipping not selected package 'lslidar_driver' in 'src/wheeltec_lidar_ros2/LSlidar/lslidar_driver'
[2.681s] Level 1:colcon.colcon_core.package_discovery:discover_packages(prefix_path) check parameters
[2.681s] Level 1:colcon.colcon_core.package_discovery:discover_packages(prefix_path) discover
[2.697s] DEBUG:colcon.colcon_installed_package_information.package_discovery:Found 10 installed packages in /home/sunrise/wheeltec_robot_ws/install
[2.709s] DEBUG:colcon.colcon_installed_package_information.package_discovery:Found 328 installed packages in /opt/ros/humble
[2.806s] Level 1:colcon.colcon_core.package_discovery:discover_packages(prefix_path) using defaults
[3.208s] Level 5:colcon.colcon_core.verb:set package 'turn_on_wheeltec_robot' build argument 'cmake_args' from command line to 'None'
[3.208s] Level 5:colcon.colcon_core.verb:set package 'turn_on_wheeltec_robot' build argument 'cmake_target' from command line to 'None'
[3.208s] Level 5:colcon.colcon_core.verb:set package 'turn_on_wheeltec_robot' build argument 'cmake_target_skip_unavailable' from command line to 'False'
[3.208s] Level 5:colcon.colcon_core.verb:set package 'turn_on_wheeltec_robot' build argument 'cmake_clean_cache' from command line to 'False'
[3.209s] Level 5:colcon.colcon_core.verb:set package 'turn_on_wheeltec_robot' build argument 'cmake_clean_first' from command line to 'False'
[3.209s] Level 5:colcon.colcon_core.verb:set package 'turn_on_wheeltec_robot' build argument 'cmake_force_configure' from command line to 'False'
[3.209s] Level 5:colcon.colcon_core.verb:set package 'turn_on_wheeltec_robot' build argument 'ament_cmake_args' from command line to 'None'
[3.209s] Level 5:colcon.colcon_core.verb:set package 'turn_on_wheeltec_robot' build argument 'catkin_cmake_args' from command line to 'None'
[3.209s] Level 5:colcon.colcon_core.verb:set package 'turn_on_wheeltec_robot' build argument 'catkin_skip_building_tests' from command line to 'False'
[3.210s] DEBUG:colcon.colcon_core.verb:Building package 'turn_on_wheeltec_robot' with the following arguments: {'ament_cmake_args': None, 'build_base': '/home/sunrise/wheeltec_robot_ws/build/turn_on_wheeltec_robot', 'catkin_cmake_args': None, 'catkin_skip_building_tests': False, 'cmake_args': None, 'cmake_clean_cache': False, 'cmake_clean_first': False, 'cmake_force_configure': False, 'cmake_target': None, 'cmake_target_skip_unavailable': False, 'install_base': '/home/sunrise/wheeltec_robot_ws/install/turn_on_wheeltec_robot', 'merge_install': False, 'path': '/home/sunrise/wheeltec_robot_ws/src/turn_on_wheeltec_robot', 'symlink_install': False, 'test_result_base': None}
[3.211s] INFO:colcon.colcon_core.executor:Executing jobs using 'parallel' executor
[3.217s] DEBUG:colcon.colcon_parallel_executor.executor.parallel:run_until_complete
[3.219s] INFO:colcon.colcon_ros.task.ament_cmake.build:Building ROS package in '/home/sunrise/wheeltec_robot_ws/src/turn_on_wheeltec_robot' with build type 'ament_cmake'
[3.220s] INFO:colcon.colcon_cmake.task.cmake.build:Building CMake package in '/home/sunrise/wheeltec_robot_ws/src/turn_on_wheeltec_robot'
[3.237s] INFO:colcon.colcon_core.plugin_system:Skipping extension 'colcon_core.shell.bat': Not used on non-Windows systems
[3.239s] INFO:colcon.colcon_core.shell:Skip shell extension 'powershell' for command environment: Not usable outside of PowerShell
[3.239s] DEBUG:colcon.colcon_core.shell:Skip shell extension 'dsv' for command environment
[3.313s] DEBUG:colcon.colcon_core.event_handler.log_command:Invoking command in '/home/sunrise/wheeltec_robot_ws/build/turn_on_wheeltec_robot': CMAKE_PREFIX_PATH=/home/sunrise/wheeltec_robot_ws/install/wheeltec_robot_msg:/home/sunrise/wheeltec_robot_ws/install/serial:/home/sunrise/wheeltec_robot_ws/install/wheeltec_robot_urdf:/home/sunrise/wheeltec_robot_ws/install/turn_on_wheeltec_robot:/home/sunrise/wheeltec_robot_ws/install/usb_cam:/home/sunrise/wheeltec_robot_ws/install/lslidar_driver:/home/sunrise/wheeltec_robot_ws/install/lslidar_msgs:/home/sunrise/wheeltec_robot_ws/install/ldlidar_stl_ros2:/home/sunrise/wheeltec_robot_ws/install/ldlidar_sl_ros2:/home/sunrise/wheeltec_robot_ws/install/tf2_tools:/opt/ros/humble LD_LIBRARY_PATH=/home/sunrise/wheeltec_robot_ws/install/wheeltec_robot_msg/lib:/home/sunrise/wheeltec_robot_ws/install/turn_on_wheeltec_robot/lib:/home/sunrise/wheeltec_robot_ws/install/usb_cam/lib:/home/sunrise/wheeltec_robot_ws/install/serial/lib:/home/sunrise/wheeltec_robot_ws/install/lslidar_msgs/lib:/opt/ros/humble/opt/rviz_ogre_vendor/lib:/opt/ros/humble/lib/aarch64-linux-gnu:/opt/ros/humble/lib /usr/bin/cmake --build /home/sunrise/wheeltec_robot_ws/build/turn_on_wheeltec_robot -- -j4 -l4
[6.768s] DEBUG:colcon.colcon_core.event_handler.log_command:Invoked command in '/home/sunrise/wheeltec_robot_ws/build/turn_on_wheeltec_robot' returned '0': CMAKE_PREFIX_PATH=/home/sunrise/wheeltec_robot_ws/install/wheeltec_robot_msg:/home/sunrise/wheeltec_robot_ws/install/serial:/home/sunrise/wheeltec_robot_ws/install/wheeltec_robot_urdf:/home/sunrise/wheeltec_robot_ws/install/turn_on_wheeltec_robot:/home/sunrise/wheeltec_robot_ws/install/usb_cam:/home/sunrise/wheeltec_robot_ws/install/lslidar_driver:/home/sunrise/wheeltec_robot_ws/install/lslidar_msgs:/home/sunrise/wheeltec_robot_ws/install/ldlidar_stl_ros2:/home/sunrise/wheeltec_robot_ws/install/ldlidar_sl_ros2:/home/sunrise/wheeltec_robot_ws/install/tf2_tools:/opt/ros/humble LD_LIBRARY_PATH=/home/sunrise/wheeltec_robot_ws/install/wheeltec_robot_msg/lib:/home/sunrise/wheeltec_robot_ws/install/turn_on_wheeltec_robot/lib:/home/sunrise/wheeltec_robot_ws/install/usb_cam/lib:/home/sunrise/wheeltec_robot_ws/install/serial/lib:/home/sunrise/wheeltec_robot_ws/install/lslidar_msgs/lib:/opt/ros/humble/opt/rviz_ogre_vendor/lib:/opt/ros/humble/lib/aarch64-linux-gnu:/opt/ros/humble/lib /usr/bin/cmake --build /home/sunrise/wheeltec_robot_ws/build/turn_on_wheeltec_robot -- -j4 -l4
[7.064s] DEBUG:colcon.colcon_core.event_handler.log_command:Invoking command in '/home/sunrise/wheeltec_robot_ws/build/turn_on_wheeltec_robot': CMAKE_PREFIX_PATH=/home/sunrise/wheeltec_robot_ws/install/wheeltec_robot_msg:/home/sunrise/wheeltec_robot_ws/install/serial:/home/sunrise/wheeltec_robot_ws/install/wheeltec_robot_urdf:/home/sunrise/wheeltec_robot_ws/install/turn_on_wheeltec_robot:/home/sunrise/wheeltec_robot_ws/install/usb_cam:/home/sunrise/wheeltec_robot_ws/install/lslidar_driver:/home/sunrise/wheeltec_robot_ws/install/lslidar_msgs:/home/sunrise/wheeltec_robot_ws/install/ldlidar_stl_ros2:/home/sunrise/wheeltec_robot_ws/install/ldlidar_sl_ros2:/home/sunrise/wheeltec_robot_ws/install/tf2_tools:/opt/ros/humble LD_LIBRARY_PATH=/home/sunrise/wheeltec_robot_ws/install/wheeltec_robot_msg/lib:/home/sunrise/wheeltec_robot_ws/install/turn_on_wheeltec_robot/lib:/home/sunrise/wheeltec_robot_ws/install/usb_cam/lib:/home/sunrise/wheeltec_robot_ws/install/serial/lib:/home/sunrise/wheeltec_robot_ws/install/lslidar_msgs/lib:/opt/ros/humble/opt/rviz_ogre_vendor/lib:/opt/ros/humble/lib/aarch64-linux-gnu:/opt/ros/humble/lib /usr/bin/cmake --install /home/sunrise/wheeltec_robot_ws/build/turn_on_wheeltec_robot
[7.526s] Level 1:colcon.colcon_core.environment:create_environment_scripts_only(turn_on_wheeltec_robot)
[7.570s] DEBUG:colcon.colcon_core.event_handler.log_command:Invoked command in '/home/sunrise/wheeltec_robot_ws/build/turn_on_wheeltec_robot' returned '0': CMAKE_PREFIX_PATH=/home/sunrise/wheeltec_robot_ws/install/wheeltec_robot_msg:/home/sunrise/wheeltec_robot_ws/install/serial:/home/sunrise/wheeltec_robot_ws/install/wheeltec_robot_urdf:/home/sunrise/wheeltec_robot_ws/install/turn_on_wheeltec_robot:/home/sunrise/wheeltec_robot_ws/install/usb_cam:/home/sunrise/wheeltec_robot_ws/install/lslidar_driver:/home/sunrise/wheeltec_robot_ws/install/lslidar_msgs:/home/sunrise/wheeltec_robot_ws/install/ldlidar_stl_ros2:/home/sunrise/wheeltec_robot_ws/install/ldlidar_sl_ros2:/home/sunrise/wheeltec_robot_ws/install/tf2_tools:/opt/ros/humble LD_LIBRARY_PATH=/home/sunrise/wheeltec_robot_ws/install/wheeltec_robot_msg/lib:/home/sunrise/wheeltec_robot_ws/install/turn_on_wheeltec_robot/lib:/home/sunrise/wheeltec_robot_ws/install/usb_cam/lib:/home/sunrise/wheeltec_robot_ws/install/serial/lib:/home/sunrise/wheeltec_robot_ws/install/lslidar_msgs/lib:/opt/ros/humble/opt/rviz_ogre_vendor/lib:/opt/ros/humble/lib/aarch64-linux-gnu:/opt/ros/humble/lib /usr/bin/cmake --install /home/sunrise/wheeltec_robot_ws/build/turn_on_wheeltec_robot
[7.586s] Level 1:colcon.colcon_core.environment:checking '/home/sunrise/wheeltec_robot_ws/install/turn_on_wheeltec_robot' for CMake module files
[7.596s] Level 1:colcon.colcon_core.environment:checking '/home/sunrise/wheeltec_robot_ws/install/turn_on_wheeltec_robot' for CMake config files
[7.599s] Level 1:colcon.colcon_core.shell:create_environment_hook('turn_on_wheeltec_robot', 'cmake_prefix_path')
[7.601s] INFO:colcon.colcon_core.shell:Creating environment hook '/home/sunrise/wheeltec_robot_ws/install/turn_on_wheeltec_robot/share/turn_on_wheeltec_robot/hook/cmake_prefix_path.ps1'
[7.606s] INFO:colcon.colcon_core.shell:Creating environment descriptor '/home/sunrise/wheeltec_robot_ws/install/turn_on_wheeltec_robot/share/turn_on_wheeltec_robot/hook/cmake_prefix_path.dsv'
[7.611s] INFO:colcon.colcon_core.shell:Creating environment hook '/home/sunrise/wheeltec_robot_ws/install/turn_on_wheeltec_robot/share/turn_on_wheeltec_robot/hook/cmake_prefix_path.sh'
[7.620s] Level 1:colcon.colcon_core.environment:checking '/home/sunrise/wheeltec_robot_ws/install/turn_on_wheeltec_robot/lib'
[7.621s] Level 1:colcon.colcon_core.shell:create_environment_hook('turn_on_wheeltec_robot', 'ld_library_path_lib')
[7.624s] INFO:colcon.colcon_core.shell:Creating environment hook '/home/sunrise/wheeltec_robot_ws/install/turn_on_wheeltec_robot/share/turn_on_wheeltec_robot/hook/ld_library_path_lib.ps1'
[7.628s] INFO:colcon.colcon_core.shell:Creating environment descriptor '/home/sunrise/wheeltec_robot_ws/install/turn_on_wheeltec_robot/share/turn_on_wheeltec_robot/hook/ld_library_path_lib.dsv'
[7.631s] INFO:colcon.colcon_core.shell:Creating environment hook '/home/sunrise/wheeltec_robot_ws/install/turn_on_wheeltec_robot/share/turn_on_wheeltec_robot/hook/ld_library_path_lib.sh'
[7.635s] Level 1:colcon.colcon_core.environment:checking '/home/sunrise/wheeltec_robot_ws/install/turn_on_wheeltec_robot/bin'
[7.637s] Level 1:colcon.colcon_core.environment:checking '/home/sunrise/wheeltec_robot_ws/install/turn_on_wheeltec_robot/lib/pkgconfig/turn_on_wheeltec_robot.pc'
[7.639s] Level 1:colcon.colcon_core.environment:checking '/home/sunrise/wheeltec_robot_ws/install/turn_on_wheeltec_robot/lib/python3.10/site-packages'
[7.641s] Level 1:colcon.colcon_core.environment:checking '/home/sunrise/wheeltec_robot_ws/install/turn_on_wheeltec_robot/bin'
[7.645s] INFO:colcon.colcon_core.shell:Creating package script '/home/sunrise/wheeltec_robot_ws/install/turn_on_wheeltec_robot/share/turn_on_wheeltec_robot/package.ps1'
[7.658s] INFO:colcon.colcon_core.shell:Creating package descriptor '/home/sunrise/wheeltec_robot_ws/install/turn_on_wheeltec_robot/share/turn_on_wheeltec_robot/package.dsv'
[7.665s] INFO:colcon.colcon_core.shell:Creating package script '/home/sunrise/wheeltec_robot_ws/install/turn_on_wheeltec_robot/share/turn_on_wheeltec_robot/package.sh'
[7.674s] INFO:colcon.colcon_core.shell:Creating package script '/home/sunrise/wheeltec_robot_ws/install/turn_on_wheeltec_robot/share/turn_on_wheeltec_robot/package.bash'
[7.682s] INFO:colcon.colcon_core.shell:Creating package script '/home/sunrise/wheeltec_robot_ws/install/turn_on_wheeltec_robot/share/turn_on_wheeltec_robot/package.zsh'
[7.691s] Level 1:colcon.colcon_core.environment:create_file_with_runtime_dependencies(/home/sunrise/wheeltec_robot_ws/install/turn_on_wheeltec_robot/share/colcon-core/packages/turn_on_wheeltec_robot)
[7.948s] Level 1:colcon.colcon_core.environment:create_environment_scripts_only(turn_on_wheeltec_robot)
[7.951s] Level 1:colcon.colcon_core.environment:checking '/home/sunrise/wheeltec_robot_ws/install/turn_on_wheeltec_robot' for CMake module files
[7.958s] Level 1:colcon.colcon_core.environment:checking '/home/sunrise/wheeltec_robot_ws/install/turn_on_wheeltec_robot' for CMake config files
[7.964s] Level 1:colcon.colcon_core.shell:create_environment_hook('turn_on_wheeltec_robot', 'cmake_prefix_path')
[7.967s] INFO:colcon.colcon_core.shell:Creating environment hook '/home/sunrise/wheeltec_robot_ws/install/turn_on_wheeltec_robot/share/turn_on_wheeltec_robot/hook/cmake_prefix_path.ps1'
[7.974s] INFO:colcon.colcon_core.shell:Creating environment descriptor '/home/sunrise/wheeltec_robot_ws/install/turn_on_wheeltec_robot/share/turn_on_wheeltec_robot/hook/cmake_prefix_path.dsv'
[7.977s] INFO:colcon.colcon_core.shell:Creating environment hook '/home/sunrise/wheeltec_robot_ws/install/turn_on_wheeltec_robot/share/turn_on_wheeltec_robot/hook/cmake_prefix_path.sh'
[7.982s] Level 1:colcon.colcon_core.environment:checking '/home/sunrise/wheeltec_robot_ws/install/turn_on_wheeltec_robot/lib'
[7.986s] Level 1:colcon.colcon_core.shell:create_environment_hook('turn_on_wheeltec_robot', 'ld_library_path_lib')
[7.989s] INFO:colcon.colcon_core.shell:Creating environment hook '/home/sunrise/wheeltec_robot_ws/install/turn_on_wheeltec_robot/share/turn_on_wheeltec_robot/hook/ld_library_path_lib.ps1'
[7.993s] INFO:colcon.colcon_core.shell:Creating environment descriptor '/home/sunrise/wheeltec_robot_ws/install/turn_on_wheeltec_robot/share/turn_on_wheeltec_robot/hook/ld_library_path_lib.dsv'
[7.999s] INFO:colcon.colcon_core.shell:Creating environment hook '/home/sunrise/wheeltec_robot_ws/install/turn_on_wheeltec_robot/share/turn_on_wheeltec_robot/hook/ld_library_path_lib.sh'
[8.003s] Level 1:colcon.colcon_core.environment:checking '/home/sunrise/wheeltec_robot_ws/install/turn_on_wheeltec_robot/bin'
[8.004s] Level 1:colcon.colcon_core.environment:checking '/home/sunrise/wheeltec_robot_ws/install/turn_on_wheeltec_robot/lib/pkgconfig/turn_on_wheeltec_robot.pc'
[8.006s] Level 1:colcon.colcon_core.environment:checking '/home/sunrise/wheeltec_robot_ws/install/turn_on_wheeltec_robot/lib/python3.10/site-packages'
[8.012s] Level 1:colcon.colcon_core.environment:checking '/home/sunrise/wheeltec_robot_ws/install/turn_on_wheeltec_robot/bin'
[8.016s] INFO:colcon.colcon_core.shell:Creating package script '/home/sunrise/wheeltec_robot_ws/install/turn_on_wheeltec_robot/share/turn_on_wheeltec_robot/package.ps1'
[8.021s] INFO:colcon.colcon_core.shell:Creating package descriptor '/home/sunrise/wheeltec_robot_ws/install/turn_on_wheeltec_robot/share/turn_on_wheeltec_robot/package.dsv'
[8.026s] INFO:colcon.colcon_core.shell:Creating package script '/home/sunrise/wheeltec_robot_ws/install/turn_on_wheeltec_robot/share/turn_on_wheeltec_robot/package.sh'
[8.030s] INFO:colcon.colcon_core.shell:Creating package script '/home/sunrise/wheeltec_robot_ws/install/turn_on_wheeltec_robot/share/turn_on_wheeltec_robot/package.bash'
[8.034s] INFO:colcon.colcon_core.shell:Creating package script '/home/sunrise/wheeltec_robot_ws/install/turn_on_wheeltec_robot/share/turn_on_wheeltec_robot/package.zsh'
[8.038s] Level 1:colcon.colcon_core.environment:create_file_with_runtime_dependencies(/home/sunrise/wheeltec_robot_ws/install/turn_on_wheeltec_robot/share/colcon-core/packages/turn_on_wheeltec_robot)
[8.040s] DEBUG:colcon.colcon_parallel_executor.executor.parallel:closing loop
[8.042s] DEBUG:colcon.colcon_parallel_executor.executor.parallel:loop closed
[8.044s] DEBUG:colcon.colcon_parallel_executor.executor.parallel:run_until_complete finished with '0'
[8.046s] DEBUG:colcon.colcon_core.event_reactor:joining thread
[8.093s] INFO:colcon.colcon_core.plugin_system:Skipping extension 'colcon_notification.desktop_notification.notify_send': Could not find 'notify-send'
[8.094s] INFO:colcon.colcon_core.plugin_system:Skipping extension 'colcon_notification.desktop_notification.terminal_notifier': Not used on non-Darwin systems
[8.095s] INFO:colcon.colcon_core.plugin_system:Skipping extension 'colcon_notification.desktop_notification.win32': Not used on non-Windows systems
[8.097s] INFO:colcon.colcon_notification.desktop_notification:Sending desktop notification using 'notify2'
[8.131s] DEBUG:colcon.colcon_core.event_reactor:joined thread
[8.134s] INFO:colcon.colcon_core.shell:Creating prefix script '/home/sunrise/wheeltec_robot_ws/install/local_setup.ps1'
[8.146s] INFO:colcon.colcon_core.shell:Creating prefix util module '/home/sunrise/wheeltec_robot_ws/install/_local_setup_util_ps1.py'
[8.164s] INFO:colcon.colcon_core.shell:Creating prefix chain script '/home/sunrise/wheeltec_robot_ws/install/setup.ps1'
[8.182s] INFO:colcon.colcon_core.shell:Creating prefix script '/home/sunrise/wheeltec_robot_ws/install/local_setup.sh'
[8.188s] INFO:colcon.colcon_core.shell:Creating prefix util module '/home/sunrise/wheeltec_robot_ws/install/_local_setup_util_sh.py'
[8.193s] INFO:colcon.colcon_core.shell:Creating prefix chain script '/home/sunrise/wheeltec_robot_ws/install/setup.sh'
[8.207s] INFO:colcon.colcon_core.shell:Creating prefix script '/home/sunrise/wheeltec_robot_ws/install/local_setup.bash'
[8.212s] INFO:colcon.colcon_core.shell:Creating prefix chain script '/home/sunrise/wheeltec_robot_ws/install/setup.bash'
[8.233s] INFO:colcon.colcon_core.shell:Creating prefix script '/home/sunrise/wheeltec_robot_ws/install/local_setup.zsh'
[8.238s] INFO:colcon.colcon_core.shell:Creating prefix chain script '/home/sunrise/wheeltec_robot_ws/install/setup.zsh'
