[0.295s] Invoking command in '/home/sunrise/wheeltec_robot_ws/build/usb_cam': CMAKE_PREFIX_PATH=/opt/ros/humble /usr/bin/cmake /home/sunrise/wheeltec_robot_ws/src/usb_cam-ros2/usb_cam-ros2 -DCMAKE_INSTALL_PREFIX=/home/sunrise/wheeltec_robot_ws/install/usb_cam
[1.736s] -- The C compiler identification is GNU 11.2.0
[2.554s] -- The CXX compiler identification is GNU 11.2.0
[2.652s] -- Detecting C compiler ABI info
[3.489s] -- Detecting C compiler ABI info - done
[3.658s] -- Check for working C compiler: /usr/bin/cc - skipped
[3.668s] -- Detecting C compile features
[3.684s] -- Detecting C compile features - done
[3.744s] -- Detecting CXX compiler ABI info
[4.808s] -- Detecting CXX compiler ABI info - done
[4.980s] -- Check for working CXX compiler: /usr/bin/c++ - skipped
[4.988s] -- Detecting CXX compile features
[4.989s] -- Detecting CXX compile features - done
[5.020s] -- Found ament_cmake_auto: 1.3.9 (/opt/ros/humble/share/ament_cmake_auto/cmake)
[7.624s] -- Found Python3: /usr/bin/python3 (found version "3.10.12") found components: Interpreter 
[10.378s] -- Found rosidl_generator_c: 3.1.5 (/opt/ros/humble/share/rosidl_generator_c/cmake)
[10.464s] -- Found rosidl_adapter: 3.1.5 (/opt/ros/humble/share/rosidl_adapter/cmake)
[10.607s] -- Found rosidl_generator_cpp: 3.1.5 (/opt/ros/humble/share/rosidl_generator_cpp/cmake)
[11.018s] -- Using all available rosidl_typesupport_c: rosidl_typesupport_fastrtps_c;rosidl_typesupport_introspection_c
[11.219s] -- Using all available rosidl_typesupport_cpp: rosidl_typesupport_fastrtps_cpp;rosidl_typesupport_introspection_cpp
[14.654s] -- Found rmw_implementation_cmake: 6.1.2 (/opt/ros/humble/share/rmw_implementation_cmake/cmake)
[14.677s] -- Found rmw_fastrtps_cpp: 6.2.6 (/opt/ros/humble/share/rmw_fastrtps_cpp/cmake)
[15.356s] -- Found OpenSSL: /usr/lib/aarch64-linux-gnu/libcrypto.so (found version "3.0.2")  
[15.532s] -- Found FastRTPS: /opt/ros/humble/include  
[15.839s] -- Using RMW implementation 'rmw_fastrtps_cpp' as default
[15.923s] -- Looking for pthread.h
[16.394s] -- Looking for pthread.h - found
[16.397s] -- Performing Test CMAKE_HAVE_LIBC_PTHREAD
[16.844s] -- Performing Test CMAKE_HAVE_LIBC_PTHREAD - Success
[16.854s] -- Found Threads: TRUE  
[20.135s] -- Found OpenCV: /usr (found version "4.5.4") 
[20.154s] -- Found PkgConfig: /usr/bin/pkg-config (found version "0.29.2") 
[20.161s] -- Checking for module 'libavcodec'
[20.218s] --   Found libavcodec, version 58.134.100
[20.354s] -- Checking for module 'libavutil'
[20.416s] --   Found libavutil, version 56.70.100
[20.568s] -- Checking for module 'libswscale'
[20.644s] --   Found libswscale, version 5.9.100
[20.829s] -- Found ament_lint_auto: 0.12.11 (/opt/ros/humble/share/ament_lint_auto/cmake)
[21.000s] -- Found gtest sources under '/opt/ros/humble/src/gtest_vendor': C++ tests using 'Google Test' will be built
[21.103s] -- Added test 'copyright' to check source files copyright and LICENSE
[21.118s] -- Added test 'cppcheck' to perform static code analysis on C / C++ code
[21.120s] -- Configured cppcheck include dirs: /home/sunrise/wheeltec_robot_ws/src/usb_cam-ros2/usb_cam-ros2/include
[21.122s] -- Configured cppcheck exclude dirs and/or files: 
[21.134s] -- Added test 'cpplint' to check C / C++ code against the Google style
[21.135s] -- Configured cpplint exclude dirs and/or files: 
[21.139s] -- Added test 'flake8' to check Python code syntax and style conventions
[21.145s] -- Added test 'lint_cmake' to check CMake code style
[21.149s] -- Added test 'pep257' to check Python code against some of the docstring style conventions in PEP 257
[21.162s] -- Added test 'uncrustify' to check C / C++ code style
[21.164s] -- Configured uncrustify additional arguments: 
[21.167s] -- Added test 'xmllint' to check XML markup files
[21.186s] -- Configuring done
[21.396s] -- Generating done
[21.413s] -- Build files have been written to: /home/sunrise/wheeltec_robot_ws/build/usb_cam
[21.513s] Invoked command in '/home/sunrise/wheeltec_robot_ws/build/usb_cam' returned '0': CMAKE_PREFIX_PATH=/opt/ros/humble /usr/bin/cmake /home/sunrise/wheeltec_robot_ws/src/usb_cam-ros2/usb_cam-ros2 -DCMAKE_INSTALL_PREFIX=/home/sunrise/wheeltec_robot_ws/install/usb_cam
[21.523s] Invoking command in '/home/sunrise/wheeltec_robot_ws/build/usb_cam': CMAKE_PREFIX_PATH=/opt/ros/humble /usr/bin/cmake --build /home/sunrise/wheeltec_robot_ws/build/usb_cam -- -j4 -l4
[21.749s] [  7%] [32mBuilding CXX object CMakeFiles/usb_cam.dir/src/usb_cam.cpp.o[0m
[34.931s] [ 14%] [32m[1mLinking CXX shared library libusb_cam.so[0m
[36.764s] [ 14%] Built target usb_cam
[36.851s] [ 21%] [32mBuilding CXX object gtest/CMakeFiles/gtest.dir/src/gtest-all.cc.o[0m
[61.356s] [ 28%] [32m[1mLinking CXX static library libgtest.a[0m
[61.712s] [ 28%] Built target gtest
[61.798s] [ 35%] [32mBuilding CXX object CMakeFiles/usb_cam_node.dir/src/usb_cam_node.cpp.o[0m
[62.365s] In file included from [01m[K/home/sunrise/wheeltec_robot_ws/src/usb_cam-ros2/usb_cam-ros2/src/usb_cam_node.cpp:34[m[K:
[62.366s] [01m[K/home/sunrise/wheeltec_robot_ws/src/usb_cam-ros2/usb_cam-ros2/include/usb_cam/usb_cam_node.hpp:38:10:[m[K [01;31m[Kfatal error: [m[Kcamera_info_manager/camera_info_manager.hpp: 没有那个文件或目录
[62.368s]    38 | #include [01;31m[K"camera_info_manager/camera_info_manager.hpp"[m[K
[62.369s]       |          [01;31m[K^~~~~~~~~~~~~~~~~~~~~~~~~~~~~~~~~~~~~~~~~~~~~[m[K
[62.369s] compilation terminated.
[62.375s] gmake[2]: *** [CMakeFiles/usb_cam_node.dir/build.make:76：CMakeFiles/usb_cam_node.dir/src/usb_cam_node.cpp.o] 错误 1
[62.378s] gmake[1]: *** [CMakeFiles/Makefile2:189：CMakeFiles/usb_cam_node.dir/all] 错误 2
[62.380s] gmake: *** [Makefile:146：all] 错误 2
[62.389s] Invoked command in '/home/sunrise/wheeltec_robot_ws/build/usb_cam' returned '2': CMAKE_PREFIX_PATH=/opt/ros/humble /usr/bin/cmake --build /home/sunrise/wheeltec_robot_ws/build/usb_cam -- -j4 -l4
