[0.088s] Invoking command in '/home/sunrise/wheeltec_robot_ws/build/usb_cam': CMAKE_PREFIX_PATH=${CMAKE_PREFIX_PATH}:/home/sunrise/wheeltec_robot_ws/install/tf2_tools:/opt/ros/humble /usr/bin/cmake --build /home/sunrise/wheeltec_robot_ws/build/usb_cam -- -j4 -l4
[0.428s] [ 14%] Built target usb_cam
[0.536s] [ 28%] Built target gtest
[0.674s] [ 42%] Built target usb_cam_node
[0.783s] [ 57%] Built target gtest_main
[0.907s] [ 71%] Built target usb_cam_node_exe
[1.011s] [ 85%] Built target test_pixel_formats
[1.116s] [100%] Built target test_usb_cam_utils
[1.173s] Invoked command in '/home/sunrise/wheeltec_robot_ws/build/usb_cam' returned '0': CMAKE_PREFIX_PATH=${CMAKE_PREFIX_PATH}:/home/sunrise/wheeltec_robot_ws/install/tf2_tools:/opt/ros/humble /usr/bin/cmake --build /home/sunrise/wheeltec_robot_ws/build/usb_cam -- -j4 -l4
[1.349s] Invoking command in '/home/sunrise/wheeltec_robot_ws/build/usb_cam': CMAKE_PREFIX_PATH=${CMAKE_PREFIX_PATH}:/home/sunrise/wheeltec_robot_ws/install/tf2_tools:/opt/ros/humble /usr/bin/cmake --install /home/sunrise/wheeltec_robot_ws/build/usb_cam
[1.388s] -- Install configuration: ""
[1.390s] -- Up-to-date: /home/sunrise/wheeltec_robot_ws/install/usb_cam/share/usb_cam/environment/library_path.sh
[1.392s] -- Up-to-date: /home/sunrise/wheeltec_robot_ws/install/usb_cam/share/usb_cam/environment/library_path.dsv
[1.393s] -- Up-to-date: /home/sunrise/wheeltec_robot_ws/install/usb_cam/lib/usb_cam/usb_cam_node_exe
[1.395s] -- Up-to-date: /home/sunrise/wheeltec_robot_ws/install/usb_cam/lib/usb_cam/show_image.py
[1.399s] -- Up-to-date: /home/sunrise/wheeltec_robot_ws/install/usb_cam/lib/libusb_cam.so
[1.410s] -- Up-to-date: /home/sunrise/wheeltec_robot_ws/install/usb_cam/lib/libusb_cam_node.so
[1.411s] -- Up-to-date: /home/sunrise/wheeltec_robot_ws/install/usb_cam/include
[1.412s] -- Up-to-date: /home/sunrise/wheeltec_robot_ws/install/usb_cam/include/usb_cam
[1.413s] -- Up-to-date: /home/sunrise/wheeltec_robot_ws/install/usb_cam/include/usb_cam/usb_cam_node.hpp
[1.418s] -- Up-to-date: /home/sunrise/wheeltec_robot_ws/install/usb_cam/include/usb_cam/usb_cam.hpp
[1.419s] -- Up-to-date: /home/sunrise/wheeltec_robot_ws/install/usb_cam/include/usb_cam/formats
[1.420s] -- Up-to-date: /home/sunrise/wheeltec_robot_ws/install/usb_cam/include/usb_cam/formats/mjpeg.hpp
[1.422s] -- Up-to-date: /home/sunrise/wheeltec_robot_ws/install/usb_cam/include/usb_cam/formats/mono.hpp
[1.423s] -- Up-to-date: /home/sunrise/wheeltec_robot_ws/install/usb_cam/include/usb_cam/formats/uyvy.hpp
[1.424s] -- Up-to-date: /home/sunrise/wheeltec_robot_ws/install/usb_cam/include/usb_cam/formats/rgb.hpp
[1.429s] -- Up-to-date: /home/sunrise/wheeltec_robot_ws/install/usb_cam/include/usb_cam/formats/utils.hpp
[1.431s] -- Up-to-date: /home/sunrise/wheeltec_robot_ws/install/usb_cam/include/usb_cam/formats/yuyv.hpp
[1.432s] -- Up-to-date: /home/sunrise/wheeltec_robot_ws/install/usb_cam/include/usb_cam/formats/m420.hpp
[1.433s] -- Up-to-date: /home/sunrise/wheeltec_robot_ws/install/usb_cam/include/usb_cam/formats/pixel_format_base.hpp
[1.434s] -- Up-to-date: /home/sunrise/wheeltec_robot_ws/install/usb_cam/include/usb_cam/constants.hpp
[1.435s] -- Up-to-date: /home/sunrise/wheeltec_robot_ws/install/usb_cam/include/usb_cam/utils.hpp
[1.436s] -- Up-to-date: /home/sunrise/wheeltec_robot_ws/install/usb_cam/include/usb_cam/conversions.hpp
[1.442s] -- Up-to-date: /home/sunrise/wheeltec_robot_ws/install/usb_cam/lib/libusb_cam_node.so
[1.443s] -- Up-to-date: /home/sunrise/wheeltec_robot_ws/install/usb_cam/share/usb_cam/launch
[1.444s] -- Up-to-date: /home/sunrise/wheeltec_robot_ws/install/usb_cam/share/usb_cam/launch/usb_cam_launch.py
[1.451s] -- Up-to-date: /home/sunrise/wheeltec_robot_ws/install/usb_cam/share/usb_cam/launch/camera_config.py
[1.452s] -- Up-to-date: /home/sunrise/wheeltec_robot_ws/install/usb_cam/share/usb_cam/launch/demo.launch.py
[1.454s] -- Up-to-date: /home/sunrise/wheeltec_robot_ws/install/usb_cam/share/usb_cam/launch/camera.launch.py
[1.456s] -- Up-to-date: /home/sunrise/wheeltec_robot_ws/install/usb_cam/share/usb_cam/launch/__init__.py
[1.458s] -- Up-to-date: /home/sunrise/wheeltec_robot_ws/install/usb_cam/share/usb_cam/config
[1.459s] -- Up-to-date: /home/sunrise/wheeltec_robot_ws/install/usb_cam/share/usb_cam/config/camera_info.yaml
[1.460s] -- Up-to-date: /home/sunrise/wheeltec_robot_ws/install/usb_cam/share/usb_cam/config/params_1.yaml
[1.462s] -- Up-to-date: /home/sunrise/wheeltec_robot_ws/install/usb_cam/share/usb_cam/config/params_2.yaml
[1.463s] -- Installing: /home/sunrise/wheeltec_robot_ws/install/usb_cam/share/usb_cam/config/params.yaml
[1.464s] -- Up-to-date: /home/sunrise/wheeltec_robot_ws/install/usb_cam/share/ament_index/resource_index/package_run_dependencies/usb_cam
[1.466s] -- Up-to-date: /home/sunrise/wheeltec_robot_ws/install/usb_cam/share/ament_index/resource_index/parent_prefix_path/usb_cam
[1.466s] -- Up-to-date: /home/sunrise/wheeltec_robot_ws/install/usb_cam/share/usb_cam/environment/ament_prefix_path.sh
[1.468s] -- Up-to-date: /home/sunrise/wheeltec_robot_ws/install/usb_cam/share/usb_cam/environment/ament_prefix_path.dsv
[1.470s] -- Up-to-date: /home/sunrise/wheeltec_robot_ws/install/usb_cam/share/usb_cam/environment/path.sh
[1.471s] -- Up-to-date: /home/sunrise/wheeltec_robot_ws/install/usb_cam/share/usb_cam/environment/path.dsv
[1.473s] -- Up-to-date: /home/sunrise/wheeltec_robot_ws/install/usb_cam/share/usb_cam/local_setup.bash
[1.474s] -- Up-to-date: /home/sunrise/wheeltec_robot_ws/install/usb_cam/share/usb_cam/local_setup.sh
[1.476s] -- Up-to-date: /home/sunrise/wheeltec_robot_ws/install/usb_cam/share/usb_cam/local_setup.zsh
[1.478s] -- Up-to-date: /home/sunrise/wheeltec_robot_ws/install/usb_cam/share/usb_cam/local_setup.dsv
[1.480s] -- Installing: /home/sunrise/wheeltec_robot_ws/install/usb_cam/share/usb_cam/package.dsv
[1.483s] -- Up-to-date: /home/sunrise/wheeltec_robot_ws/install/usb_cam/share/ament_index/resource_index/packages/usb_cam
[1.485s] -- Up-to-date: /home/sunrise/wheeltec_robot_ws/install/usb_cam/share/ament_index/resource_index/rclcpp_components/usb_cam
[1.486s] -- Up-to-date: /home/sunrise/wheeltec_robot_ws/install/usb_cam/share/usb_cam/cmake/ament_cmake_export_libraries-extras.cmake
[1.488s] -- Up-to-date: /home/sunrise/wheeltec_robot_ws/install/usb_cam/share/usb_cam/cmake/ament_cmake_export_dependencies-extras.cmake
[1.489s] -- Up-to-date: /home/sunrise/wheeltec_robot_ws/install/usb_cam/share/usb_cam/cmake/ament_cmake_export_include_directories-extras.cmake
[1.490s] -- Up-to-date: /home/sunrise/wheeltec_robot_ws/install/usb_cam/share/usb_cam/cmake/usb_camConfig.cmake
[1.491s] -- Up-to-date: /home/sunrise/wheeltec_robot_ws/install/usb_cam/share/usb_cam/cmake/usb_camConfig-version.cmake
[1.492s] -- Up-to-date: /home/sunrise/wheeltec_robot_ws/install/usb_cam/share/usb_cam/package.xml
[1.494s] Invoked command in '/home/sunrise/wheeltec_robot_ws/build/usb_cam' returned '0': CMAKE_PREFIX_PATH=${CMAKE_PREFIX_PATH}:/home/sunrise/wheeltec_robot_ws/install/tf2_tools:/opt/ros/humble /usr/bin/cmake --install /home/sunrise/wheeltec_robot_ws/build/usb_cam
