[0.057s] Invoking command in '/home/sunrise/wheeltec_robot_ws/build/wheeltec_slam_toolbox': CMAKE_PREFIX_PATH=${CMAKE_PREFIX_PATH}:/home/sunrise/wheeltec_robot_ws/install/tf2_tools:/opt/ros/humble /usr/bin/cmake /home/sunrise/wheeltec_robot_ws/src/wheeltec_robot_slam/wheeltec_slam_toolbox -DCMAKE_INSTALL_PREFIX=/home/sunrise/wheeltec_robot_ws/install/wheeltec_slam_toolbox
[0.380s] -- The C compiler identification is GNU 11.2.0
[0.726s] -- The CXX compiler identification is GNU 11.2.0
[0.761s] -- Detecting C compiler ABI info
[1.122s] -- Detecting C compiler ABI info - done
[1.186s] -- Check for working C compiler: /usr/bin/cc - skipped
[1.187s] -- Detecting C compile features
[1.190s] -- Detecting C compile features - done
[1.209s] -- Detecting CXX compiler ABI info
[1.618s] -- Detecting CXX compiler ABI info - done
[1.683s] -- Check for working CXX compiler: /usr/bin/c++ - skipped
[1.684s] -- Detecting CXX compile features
[1.687s] -- Detecting CXX compile features - done
[1.703s] -- Found ament_cmake: 1.3.9 (/opt/ros/humble/share/ament_cmake/cmake)
[2.856s] -- Found Python3: /usr/bin/python3 (found version "3.10.12") found components: Interpreter 
[3.516s] -- Found rclcpp: 16.0.9 (/opt/ros/humble/share/rclcpp/cmake)
[3.810s] -- Found rosidl_generator_c: 3.1.5 (/opt/ros/humble/share/rosidl_generator_c/cmake)
[3.850s] -- Found rosidl_adapter: 3.1.5 (/opt/ros/humble/share/rosidl_adapter/cmake)
[3.913s] -- Found rosidl_generator_cpp: 3.1.5 (/opt/ros/humble/share/rosidl_generator_cpp/cmake)
[4.022s] -- Using all available rosidl_typesupport_c: rosidl_typesupport_fastrtps_c;rosidl_typesupport_introspection_c
[4.178s] -- Using all available rosidl_typesupport_cpp: rosidl_typesupport_fastrtps_cpp;rosidl_typesupport_introspection_cpp
[4.749s] -- Found rmw_implementation_cmake: 6.1.2 (/opt/ros/humble/share/rmw_implementation_cmake/cmake)
[4.771s] -- Found rmw_fastrtps_cpp: 6.2.6 (/opt/ros/humble/share/rmw_fastrtps_cpp/cmake)
[5.317s] -- Found OpenSSL: /usr/lib/aarch64-linux-gnu/libcrypto.so (found version "3.0.2")  
[5.467s] -- Found FastRTPS: /opt/ros/humble/include  
[5.749s] -- Using RMW implementation 'rmw_fastrtps_cpp' as default
[5.823s] -- Looking for pthread.h
[6.223s] -- Looking for pthread.h - found
[6.227s] -- Performing Test CMAKE_HAVE_LIBC_PTHREAD
[6.627s] -- Performing Test CMAKE_HAVE_LIBC_PTHREAD - Success
[6.633s] -- Found Threads: TRUE  
[8.146s] -- Found ament_lint_auto: 0.12.11 (/opt/ros/humble/share/ament_lint_auto/cmake)
[8.886s] -- Added test 'copyright' to check source files copyright and LICENSE
[8.895s] -- Added test 'cppcheck' to perform static code analysis on C / C++ code
[8.898s] -- Configured cppcheck include dirs: 
[8.899s] -- Configured cppcheck exclude dirs and/or files: 
[8.906s] -- Added test 'cpplint' to check C / C++ code against the Google style
[8.907s] -- Configured cpplint exclude dirs and/or files: 
[8.910s] -- Added test 'flake8' to check Python code syntax and style conventions
[8.915s] -- Added test 'lint_cmake' to check CMake code style
[8.919s] -- Added test 'pep257' to check Python code against some of the docstring style conventions in PEP 257
[8.926s] -- Added test 'uncrustify' to check C / C++ code style
[8.927s] -- Configured uncrustify additional arguments: 
[8.930s] -- Added test 'xmllint' to check XML markup files
[8.940s] -- Configuring done
[8.998s] -- Generating done
[9.010s] -- Build files have been written to: /home/sunrise/wheeltec_robot_ws/build/wheeltec_slam_toolbox
[9.085s] Invoked command in '/home/sunrise/wheeltec_robot_ws/build/wheeltec_slam_toolbox' returned '0': CMAKE_PREFIX_PATH=${CMAKE_PREFIX_PATH}:/home/sunrise/wheeltec_robot_ws/install/tf2_tools:/opt/ros/humble /usr/bin/cmake /home/sunrise/wheeltec_robot_ws/src/wheeltec_robot_slam/wheeltec_slam_toolbox -DCMAKE_INSTALL_PREFIX=/home/sunrise/wheeltec_robot_ws/install/wheeltec_slam_toolbox
[9.097s] Invoking command in '/home/sunrise/wheeltec_robot_ws/build/wheeltec_slam_toolbox': CMAKE_PREFIX_PATH=${CMAKE_PREFIX_PATH}:/home/sunrise/wheeltec_robot_ws/install/tf2_tools:/opt/ros/humble /usr/bin/cmake --build /home/sunrise/wheeltec_robot_ws/build/wheeltec_slam_toolbox -- -j4 -l4
[9.326s] [ 50%] [32mBuilding CXX object CMakeFiles/talker.dir/src/publisher_member_function.cpp.o[0m
[39.409s] [100%] [32m[1mLinking CXX executable talker[0m
[40.960s] [100%] Built target talker
[41.006s] Invoked command in '/home/sunrise/wheeltec_robot_ws/build/wheeltec_slam_toolbox' returned '0': CMAKE_PREFIX_PATH=${CMAKE_PREFIX_PATH}:/home/sunrise/wheeltec_robot_ws/install/tf2_tools:/opt/ros/humble /usr/bin/cmake --build /home/sunrise/wheeltec_robot_ws/build/wheeltec_slam_toolbox -- -j4 -l4
[41.127s] Invoking command in '/home/sunrise/wheeltec_robot_ws/build/wheeltec_slam_toolbox': CMAKE_PREFIX_PATH=${CMAKE_PREFIX_PATH}:/home/sunrise/wheeltec_robot_ws/install/tf2_tools:/opt/ros/humble /usr/bin/cmake --install /home/sunrise/wheeltec_robot_ws/build/wheeltec_slam_toolbox
[41.159s] -- Install configuration: ""
[41.160s] -- Installing: /home/sunrise/wheeltec_robot_ws/install/wheeltec_slam_toolbox/lib/wheeltec_slam_toolbox/talker
[41.166s] -- Set runtime path of "/home/sunrise/wheeltec_robot_ws/install/wheeltec_slam_toolbox/lib/wheeltec_slam_toolbox/talker" to ""
[41.167s] -- Installing: /home/sunrise/wheeltec_robot_ws/install/wheeltec_slam_toolbox/share/wheeltec_slam_toolbox/config
[41.168s] -- Installing: /home/sunrise/wheeltec_robot_ws/install/wheeltec_slam_toolbox/share/wheeltec_slam_toolbox/config/mapper_params_online_sync.yaml
[41.169s] -- Installing: /home/sunrise/wheeltec_robot_ws/install/wheeltec_slam_toolbox/share/wheeltec_slam_toolbox/config/mapper_params_online_async.yaml
[41.170s] -- Installing: /home/sunrise/wheeltec_robot_ws/install/wheeltec_slam_toolbox/share/wheeltec_slam_toolbox/launch
[41.171s] -- Installing: /home/sunrise/wheeltec_robot_ws/install/wheeltec_slam_toolbox/share/wheeltec_slam_toolbox/launch/online_sync.launch.py
[41.172s] -- Installing: /home/sunrise/wheeltec_robot_ws/install/wheeltec_slam_toolbox/share/wheeltec_slam_toolbox/launch/online_async_launch.py
[41.173s] -- Installing: /home/sunrise/wheeltec_robot_ws/install/wheeltec_slam_toolbox/share/ament_index/resource_index/package_run_dependencies/wheeltec_slam_toolbox
[41.174s] -- Installing: /home/sunrise/wheeltec_robot_ws/install/wheeltec_slam_toolbox/share/ament_index/resource_index/parent_prefix_path/wheeltec_slam_toolbox
[41.175s] -- Installing: /home/sunrise/wheeltec_robot_ws/install/wheeltec_slam_toolbox/share/wheeltec_slam_toolbox/environment/ament_prefix_path.sh
[41.176s] -- Installing: /home/sunrise/wheeltec_robot_ws/install/wheeltec_slam_toolbox/share/wheeltec_slam_toolbox/environment/ament_prefix_path.dsv
[41.177s] -- Installing: /home/sunrise/wheeltec_robot_ws/install/wheeltec_slam_toolbox/share/wheeltec_slam_toolbox/environment/path.sh
[41.178s] -- Installing: /home/sunrise/wheeltec_robot_ws/install/wheeltec_slam_toolbox/share/wheeltec_slam_toolbox/environment/path.dsv
[41.179s] -- Installing: /home/sunrise/wheeltec_robot_ws/install/wheeltec_slam_toolbox/share/wheeltec_slam_toolbox/local_setup.bash
[41.180s] -- Installing: /home/sunrise/wheeltec_robot_ws/install/wheeltec_slam_toolbox/share/wheeltec_slam_toolbox/local_setup.sh
[41.181s] -- Installing: /home/sunrise/wheeltec_robot_ws/install/wheeltec_slam_toolbox/share/wheeltec_slam_toolbox/local_setup.zsh
[41.182s] -- Installing: /home/sunrise/wheeltec_robot_ws/install/wheeltec_slam_toolbox/share/wheeltec_slam_toolbox/local_setup.dsv
[41.183s] -- Installing: /home/sunrise/wheeltec_robot_ws/install/wheeltec_slam_toolbox/share/wheeltec_slam_toolbox/package.dsv
[41.184s] -- Installing: /home/sunrise/wheeltec_robot_ws/install/wheeltec_slam_toolbox/share/ament_index/resource_index/packages/wheeltec_slam_toolbox
[41.185s] -- Installing: /home/sunrise/wheeltec_robot_ws/install/wheeltec_slam_toolbox/share/wheeltec_slam_toolbox/cmake/wheeltec_slam_toolboxConfig.cmake
[41.185s] -- Installing: /home/sunrise/wheeltec_robot_ws/install/wheeltec_slam_toolbox/share/wheeltec_slam_toolbox/cmake/wheeltec_slam_toolboxConfig-version.cmake
[41.186s] -- Installing: /home/sunrise/wheeltec_robot_ws/install/wheeltec_slam_toolbox/share/wheeltec_slam_toolbox/package.xml
[41.193s] Invoked command in '/home/sunrise/wheeltec_robot_ws/build/wheeltec_slam_toolbox' returned '0': CMAKE_PREFIX_PATH=${CMAKE_PREFIX_PATH}:/home/sunrise/wheeltec_robot_ws/install/tf2_tools:/opt/ros/humble /usr/bin/cmake --install /home/sunrise/wheeltec_robot_ws/build/wheeltec_slam_toolbox
