[0.053s] Invoking command in '/home/sunrise/wheeltec_robot_ws/build/astra_camera': CMAKE_PREFIX_PATH=/home/sunrise/wheeltec_robot_ws/install/astra_camera_msgs:/home/sunrise/wheeltec_robot_ws/install/usb_cam:/home/sunrise/wheeltec_robot_ws/install/image_common:/home/sunrise/wheeltec_robot_ws/install/image_transport:/home/sunrise/wheeltec_robot_ws/install/camera_info_manager:/home/sunrise/wheeltec_robot_ws/install/camera_calibration_parsers:/home/sunrise/wheeltec_robot_ws/install/wheeltec_robot_urdf:/home/sunrise/wheeltec_robot_ws/install/turn_on_wheeltec_robot:/home/sunrise/wheeltec_robot_ws/install/wheeltec_robot_msg:/home/sunrise/wheeltec_robot_ws/install/serial:/home/sunrise/wheeltec_robot_ws/install/bkwindbot_urdf:/home/sunrise/wheeltec_robot_ws/install/tf2_tools:/opt/ros/humble LD_LIBRARY_PATH=/home/sunrise/wheeltec_robot_ws/install/astra_camera_msgs/lib:/home/sunrise/wheeltec_robot_ws/install/usb_cam/lib:/home/sunrise/wheeltec_robot_ws/install/image_transport/lib:/home/sunrise/wheeltec_robot_ws/install/camera_info_manager/lib:/home/sunrise/wheeltec_robot_ws/install/camera_calibration_parsers/lib:/home/sunrise/wheeltec_robot_ws/install/turn_on_wheeltec_robot/lib:/home/sunrise/wheeltec_robot_ws/install/wheeltec_robot_msg/lib:/home/sunrise/wheeltec_robot_ws/install/serial/lib:/opt/ros/humble/opt/rviz_ogre_vendor/lib:/opt/ros/humble/lib/aarch64-linux-gnu:/opt/ros/humble/lib /usr/bin/cmake /home/sunrise/wheeltec_robot_ws/src/ros2_astra_camera/astra_camera -DCMAKE_INSTALL_PREFIX=/home/sunrise/wheeltec_robot_ws/install/astra_camera
[0.390s] -- The C compiler identification is GNU 11.2.0
[0.748s] -- The CXX compiler identification is GNU 11.2.0
[0.788s] -- Detecting C compiler ABI info
[1.184s] -- Detecting C compiler ABI info - done
[1.251s] -- Check for working C compiler: /usr/bin/cc - skipped
[1.252s] -- Detecting C compile features
[1.255s] -- Detecting C compile features - done
[1.277s] -- Detecting CXX compiler ABI info
[1.723s] -- Detecting CXX compiler ABI info - done
[1.793s] -- Check for working CXX compiler: /usr/bin/c++ - skipped
[1.797s] -- Detecting CXX compile features
[1.798s] -- Detecting CXX compile features - done
[1.814s] -- Found ament_cmake: 1.3.9 (/opt/ros/humble/share/ament_cmake/cmake)
[3.098s] -- Found Python3: /usr/bin/python3 (found version "3.10.12") found components: Interpreter 
[3.812s] -- Found ament_index_cpp: 1.4.0 (/opt/ros/humble/share/ament_index_cpp/cmake)
[3.818s] -- Found astra_camera_msgs: 1.0.1 (/home/sunrise/wheeltec_robot_ws/install/astra_camera_msgs/share/astra_camera_msgs/cmake)
[4.086s] -- Found rosidl_generator_c: 3.1.5 (/opt/ros/humble/share/rosidl_generator_c/cmake)
[4.126s] -- Found rosidl_adapter: 3.1.5 (/opt/ros/humble/share/rosidl_adapter/cmake)
[4.191s] -- Found rosidl_generator_cpp: 3.1.5 (/opt/ros/humble/share/rosidl_generator_cpp/cmake)
[4.308s] -- Using all available rosidl_typesupport_c: rosidl_typesupport_fastrtps_c;rosidl_typesupport_introspection_c
[4.475s] -- Using all available rosidl_typesupport_cpp: rosidl_typesupport_fastrtps_cpp;rosidl_typesupport_introspection_cpp
[7.578s] -- Found camera_info_manager: 3.1.9 (/opt/ros/humble/share/camera_info_manager/cmake)
[8.112s] -- Found rmw_implementation_cmake: 6.1.2 (/opt/ros/humble/share/rmw_implementation_cmake/cmake)
[8.135s] -- Found rmw_fastrtps_cpp: 6.2.6 (/opt/ros/humble/share/rmw_fastrtps_cpp/cmake)
[8.725s] -- Found OpenSSL: /usr/lib/aarch64-linux-gnu/libcrypto.so (found version "3.0.2")  
[8.882s] -- Found FastRTPS: /opt/ros/humble/include  
[9.181s] -- Using RMW implementation 'rmw_fastrtps_cpp' as default
[9.253s] -- Looking for pthread.h
[9.760s] -- Looking for pthread.h - found
[9.762s] -- Performing Test CMAKE_HAVE_LIBC_PTHREAD
[10.162s] -- Performing Test CMAKE_HAVE_LIBC_PTHREAD - Success
[10.169s] -- Found Threads: TRUE  
[12.062s] -- Found class_loader: 2.2.0 (/opt/ros/humble/share/class_loader/cmake)
[12.115s] -- Found cv_bridge: 3.2.1 (/opt/ros/humble/share/cv_bridge/cmake)
[12.335s] -- Found image_geometry: 3.2.1 (/opt/ros/humble/share/image_geometry/cmake)
[12.416s] -- Found image_publisher: 3.0.4 (/opt/ros/humble/share/image_publisher/cmake)
[13.416s] [31mCMake Error at CMakeLists.txt:27 (find_package):
[13.417s]   By not providing "Findlibuvc.cmake" in CMAKE_MODULE_PATH this project has
[13.417s]   asked CMake to find a package configuration file provided by "libuvc", but
[13.418s]   CMake did not find one.
[13.419s] 
[13.419s]   Could not find a package configuration file provided by "libuvc" with any
[13.420s]   of the following names:
[13.421s] 
[13.421s]     libuvcConfig.cmake
[13.422s]     libuvc-config.cmake
[13.423s] 
[13.424s]   Add the installation prefix of "libuvc" to CMAKE_PREFIX_PATH or set
[13.425s]   "libuvc_DIR" to a directory containing one of the above files.  If "libuvc"
[13.426s]   provides a separate development package or SDK, be sure it has been
[13.427s]   installed.
[13.427s] 
[13.428s] [0m
[13.429s] -- Configuring incomplete, errors occurred!
[13.430s] See also "/home/sunrise/wheeltec_robot_ws/build/astra_camera/CMakeFiles/CMakeOutput.log".
[13.498s] Invoked command in '/home/sunrise/wheeltec_robot_ws/build/astra_camera' returned '1': CMAKE_PREFIX_PATH=/home/sunrise/wheeltec_robot_ws/install/astra_camera_msgs:/home/sunrise/wheeltec_robot_ws/install/usb_cam:/home/sunrise/wheeltec_robot_ws/install/image_common:/home/sunrise/wheeltec_robot_ws/install/image_transport:/home/sunrise/wheeltec_robot_ws/install/camera_info_manager:/home/sunrise/wheeltec_robot_ws/install/camera_calibration_parsers:/home/sunrise/wheeltec_robot_ws/install/wheeltec_robot_urdf:/home/sunrise/wheeltec_robot_ws/install/turn_on_wheeltec_robot:/home/sunrise/wheeltec_robot_ws/install/wheeltec_robot_msg:/home/sunrise/wheeltec_robot_ws/install/serial:/home/sunrise/wheeltec_robot_ws/install/bkwindbot_urdf:/home/sunrise/wheeltec_robot_ws/install/tf2_tools:/opt/ros/humble LD_LIBRARY_PATH=/home/sunrise/wheeltec_robot_ws/install/astra_camera_msgs/lib:/home/sunrise/wheeltec_robot_ws/install/usb_cam/lib:/home/sunrise/wheeltec_robot_ws/install/image_transport/lib:/home/sunrise/wheeltec_robot_ws/install/camera_info_manager/lib:/home/sunrise/wheeltec_robot_ws/install/camera_calibration_parsers/lib:/home/sunrise/wheeltec_robot_ws/install/turn_on_wheeltec_robot/lib:/home/sunrise/wheeltec_robot_ws/install/wheeltec_robot_msg/lib:/home/sunrise/wheeltec_robot_ws/install/serial/lib:/opt/ros/humble/opt/rviz_ogre_vendor/lib:/opt/ros/humble/lib/aarch64-linux-gnu:/opt/ros/humble/lib /usr/bin/cmake /home/sunrise/wheeltec_robot_ws/src/ros2_astra_camera/astra_camera -DCMAKE_INSTALL_PREFIX=/home/sunrise/wheeltec_robot_ws/install/astra_camera
