[0.144s] Invoking command in '/home/sunrise/wheeltec_robot_ws/build/wheeltec_robot_urdf': CMAKE_PREFIX_PATH=${CMAKE_PREFIX_PATH}:/home/sunrise/wheeltec_robot_ws/install/tf2_tools:/opt/ros/humble /usr/bin/cmake --build /home/sunrise/wheeltec_robot_ws/build/wheeltec_robot_urdf -- -j4 -l4
[0.590s] Invoked command in '/home/sunrise/wheeltec_robot_ws/build/wheeltec_robot_urdf' returned '0': CMAKE_PREFIX_PATH=${CMAKE_PREFIX_PATH}:/home/sunrise/wheeltec_robot_ws/install/tf2_tools:/opt/ros/humble /usr/bin/cmake --build /home/sunrise/wheeltec_robot_ws/build/wheeltec_robot_urdf -- -j4 -l4
[0.879s] Invoking command in '/home/sunrise/wheeltec_robot_ws/build/wheeltec_robot_urdf': CMAKE_PREFIX_PATH=${CMAKE_PREFIX_PATH}:/home/sunrise/wheeltec_robot_ws/install/tf2_tools:/opt/ros/humble /usr/bin/cmake --install /home/sunrise/wheeltec_robot_ws/build/wheeltec_robot_urdf
[0.960s] -- Install configuration: ""
[0.962s] -- Up-to-date: /home/sunrise/wheeltec_robot_ws/install/wheeltec_robot_urdf/share/wheeltec_robot_urdf/meshes
[0.963s] -- Up-to-date: /home/sunrise/wheeltec_robot_ws/install/wheeltec_robot_urdf/share/wheeltec_robot_urdf/meshes/wheels
[0.964s] -- Up-to-date: /home/sunrise/wheeltec_robot_ws/install/wheeltec_robot_urdf/share/wheeltec_robot_urdf/meshes/wheels/right_tire.stl
[0.966s] -- Up-to-date: /home/sunrise/wheeltec_robot_ws/install/wheeltec_robot_urdf/share/wheeltec_robot_urdf/meshes/wheels/left_tire.stl
[0.969s] -- Up-to-date: /home/sunrise/wheeltec_robot_ws/install/wheeltec_robot_urdf/share/wheeltec_robot_urdf/meshes/sensors
[0.970s] -- Up-to-date: /home/sunrise/wheeltec_robot_ws/install/wheeltec_robot_urdf/share/wheeltec_robot_urdf/meshes/sensors/astra.dae
[0.972s] -- Up-to-date: /home/sunrise/wheeltec_robot_ws/install/wheeltec_robot_urdf/share/wheeltec_robot_urdf/meshes/sensors/lds.stl
[0.978s] -- Up-to-date: /home/sunrise/wheeltec_robot_ws/install/wheeltec_robot_urdf/share/wheeltec_robot_urdf/meshes/sensors/r200.jpg
[0.981s] -- Up-to-date: /home/sunrise/wheeltec_robot_ws/install/wheeltec_robot_urdf/share/wheeltec_robot_urdf/meshes/sensors/astra.jpg
[0.986s] -- Up-to-date: /home/sunrise/wheeltec_robot_ws/install/wheeltec_robot_urdf/share/wheeltec_robot_urdf/meshes/sensors/r200.dae
[0.988s] -- Up-to-date: /home/sunrise/wheeltec_robot_ws/install/wheeltec_robot_urdf/share/wheeltec_robot_urdf/meshes/bases
[0.989s] -- Up-to-date: /home/sunrise/wheeltec_robot_ws/install/wheeltec_robot_urdf/share/wheeltec_robot_urdf/meshes/bases/waffle_pi_base.stl
[0.990s] -- Up-to-date: /home/sunrise/wheeltec_robot_ws/install/wheeltec_robot_urdf/share/wheeltec_robot_urdf/meshes/bases/burger_base.stl
[0.991s] -- Up-to-date: /home/sunrise/wheeltec_robot_ws/install/wheeltec_robot_urdf/share/wheeltec_robot_urdf/meshes/bases/waffle_base.stl
[0.992s] -- Up-to-date: /home/sunrise/wheeltec_robot_ws/install/wheeltec_robot_urdf/share/wheeltec_robot_urdf/rviz
[0.999s] -- Up-to-date: /home/sunrise/wheeltec_robot_ws/install/wheeltec_robot_urdf/share/wheeltec_robot_urdf/rviz/model.rviz
[1.005s] -- Up-to-date: /home/sunrise/wheeltec_robot_ws/install/wheeltec_robot_urdf/share/wheeltec_robot_urdf/urdf
[1.006s] -- Up-to-date: /home/sunrise/wheeltec_robot_ws/install/wheeltec_robot_urdf/share/wheeltec_robot_urdf/urdf/mini_diff_robot.urdf
[1.008s] -- Up-to-date: /home/sunrise/wheeltec_robot_ws/install/wheeltec_robot_urdf/share/wheeltec_robot_urdf/urdf/flagship_mec_bs_robot.urdf
[1.040s] -- Up-to-date: /home/sunrise/wheeltec_robot_ws/install/wheeltec_robot_urdf/share/wheeltec_robot_urdf/urdf/senior_akm_robot.urdf
[1.042s] -- Up-to-date: /home/sunrise/wheeltec_robot_ws/install/wheeltec_robot_urdf/share/wheeltec_robot_urdf/urdf/top_4wd_bs_robot.urdf
[1.043s] -- Up-to-date: /home/sunrise/wheeltec_robot_ws/install/wheeltec_robot_urdf/share/wheeltec_robot_urdf/urdf/four_wheel_diff_dl_robot.urdf
[1.044s] -- Up-to-date: /home/sunrise/wheeltec_robot_ws/install/wheeltec_robot_urdf/share/wheeltec_robot_urdf/urdf/flagship_4wd_bs_robot.urdf
[1.045s] -- Up-to-date: /home/sunrise/wheeltec_robot_ws/install/wheeltec_robot_urdf/share/wheeltec_robot_urdf/urdf/senior_4wd_bs_robot.urdf
[1.046s] -- Up-to-date: /home/sunrise/wheeltec_robot_ws/install/wheeltec_robot_urdf/share/wheeltec_robot_urdf/urdf/mini_mec_robot.urdf
[1.047s] -- Up-to-date: /home/sunrise/wheeltec_robot_ws/install/wheeltec_robot_urdf/share/wheeltec_robot_urdf/urdf/brushless_senior_diff.urdf
[1.048s] -- Up-to-date: /home/sunrise/wheeltec_robot_ws/install/wheeltec_robot_urdf/share/wheeltec_robot_urdf/urdf/top_akm_bs_robot.urdf
[1.077s] -- Up-to-date: /home/sunrise/wheeltec_robot_ws/install/wheeltec_robot_urdf/share/wheeltec_robot_urdf/urdf/senior_mec_robot.urdf
[1.078s] -- Up-to-date: /home/sunrise/wheeltec_robot_ws/install/wheeltec_robot_urdf/share/wheeltec_robot_urdf/urdf/top_omni_robot.urdf
[1.079s] -- Up-to-date: /home/sunrise/wheeltec_robot_ws/install/wheeltec_robot_urdf/share/wheeltec_robot_urdf/urdf/top_akm_dl_robot.urdf
[1.080s] -- Up-to-date: /home/sunrise/wheeltec_robot_ws/install/wheeltec_robot_urdf/share/wheeltec_robot_urdf/urdf/mini_omni_robot.urdf
[1.081s] -- Up-to-date: /home/sunrise/wheeltec_robot_ws/install/wheeltec_robot_urdf/share/wheeltec_robot_urdf/urdf/senior_mec_dl_robot.urdf
[1.083s] -- Up-to-date: /home/sunrise/wheeltec_robot_ws/install/wheeltec_robot_urdf/share/wheeltec_robot_urdf/urdf/flagship_mec_dl_robot.urdf
[1.084s] -- Up-to-date: /home/sunrise/wheeltec_robot_ws/install/wheeltec_robot_urdf/share/wheeltec_robot_urdf/urdf/mini_akm_robot.urdf
[1.094s] -- Up-to-date: /home/sunrise/wheeltec_robot_ws/install/wheeltec_robot_urdf/share/wheeltec_robot_urdf/urdf/top_4wd_dl_robot.urdf
[1.095s] -- Up-to-date: /home/sunrise/wheeltec_robot_ws/install/wheeltec_robot_urdf/share/wheeltec_robot_urdf/urdf/senior_omni_robot.urdf
[1.096s] -- Up-to-date: /home/sunrise/wheeltec_robot_ws/install/wheeltec_robot_urdf/share/wheeltec_robot_urdf/urdf/flagship_4wd_dl_robot.urdf
[1.097s] -- Up-to-date: /home/sunrise/wheeltec_robot_ws/install/wheeltec_robot_urdf/share/wheeltec_robot_urdf/urdf/top_mec_bs_robot.urdf
[1.098s] -- Up-to-date: /home/sunrise/wheeltec_robot_ws/install/wheeltec_robot_urdf/share/wheeltec_robot_urdf/urdf/mec_EightDrive_robot.urdf
[1.099s] -- Up-to-date: /home/sunrise/wheeltec_robot_ws/install/wheeltec_robot_urdf/share/wheeltec_robot_urdf/urdf/top_mec_dl_robot.urdf
[1.100s] -- Up-to-date: /home/sunrise/wheeltec_robot_ws/install/wheeltec_robot_urdf/share/wheeltec_robot_urdf/urdf/senior_4wd_dl_robot.urdf
[1.106s] -- Up-to-date: /home/sunrise/wheeltec_robot_ws/install/wheeltec_robot_urdf/share/wheeltec_robot_urdf/urdf/mini_4wd_robot.urdf
[1.107s] -- Up-to-date: /home/sunrise/wheeltec_robot_ws/install/wheeltec_robot_urdf/share/wheeltec_robot_urdf/urdf/four_wheel_diff_bs_robot.urdf
[1.108s] -- Up-to-date: /home/sunrise/wheeltec_robot_ws/install/wheeltec_robot_urdf/share/wheeltec_robot_urdf/urdf/mini_mec_moveit.urdf
[1.130s] -- Up-to-date: /home/sunrise/wheeltec_robot_ws/install/wheeltec_robot_urdf/share/wheeltec_robot_urdf/urdf/flagship_four_wheel_diff_bs_robot.urdf
[1.131s] -- Up-to-date: /home/sunrise/wheeltec_robot_ws/install/wheeltec_robot_urdf/share/wheeltec_robot_urdf/urdf/flagship_four_wheel_diff_dl_robot.urdf
[1.132s] -- Up-to-date: /home/sunrise/wheeltec_robot_ws/install/wheeltec_robot_urdf/share/wheeltec_robot_urdf/urdf/mini_tank_moveit.urdf
[1.133s] -- Up-to-date: /home/sunrise/wheeltec_robot_ws/install/wheeltec_robot_urdf/share/wheeltec_robot_urdf/urdf/senior_diff_robot.urdf
[1.134s] -- Up-to-date: /home/sunrise/wheeltec_robot_ws/install/wheeltec_robot_urdf/share/ament_index/resource_index/package_run_dependencies/wheeltec_robot_urdf
[1.135s] -- Up-to-date: /home/sunrise/wheeltec_robot_ws/install/wheeltec_robot_urdf/share/ament_index/resource_index/parent_prefix_path/wheeltec_robot_urdf
[1.136s] -- Up-to-date: /home/sunrise/wheeltec_robot_ws/install/wheeltec_robot_urdf/share/wheeltec_robot_urdf/environment/ament_prefix_path.sh
[1.138s] -- Up-to-date: /home/sunrise/wheeltec_robot_ws/install/wheeltec_robot_urdf/share/wheeltec_robot_urdf/environment/ament_prefix_path.dsv
[1.139s] -- Up-to-date: /home/sunrise/wheeltec_robot_ws/install/wheeltec_robot_urdf/share/wheeltec_robot_urdf/environment/path.sh
[1.140s] -- Up-to-date: /home/sunrise/wheeltec_robot_ws/install/wheeltec_robot_urdf/share/wheeltec_robot_urdf/environment/path.dsv
[1.171s] -- Up-to-date: /home/sunrise/wheeltec_robot_ws/install/wheeltec_robot_urdf/share/wheeltec_robot_urdf/local_setup.bash
[1.172s] -- Up-to-date: /home/sunrise/wheeltec_robot_ws/install/wheeltec_robot_urdf/share/wheeltec_robot_urdf/local_setup.sh
[1.173s] -- Up-to-date: /home/sunrise/wheeltec_robot_ws/install/wheeltec_robot_urdf/share/wheeltec_robot_urdf/local_setup.zsh
[1.174s] -- Up-to-date: /home/sunrise/wheeltec_robot_ws/install/wheeltec_robot_urdf/share/wheeltec_robot_urdf/local_setup.dsv
[1.175s] -- Installing: /home/sunrise/wheeltec_robot_ws/install/wheeltec_robot_urdf/share/wheeltec_robot_urdf/package.dsv
[1.176s] -- Up-to-date: /home/sunrise/wheeltec_robot_ws/install/wheeltec_robot_urdf/share/ament_index/resource_index/packages/wheeltec_robot_urdf
[1.178s] -- Up-to-date: /home/sunrise/wheeltec_robot_ws/install/wheeltec_robot_urdf/share/wheeltec_robot_urdf/cmake/wheeltec_robot_urdfConfig.cmake
[1.179s] -- Up-to-date: /home/sunrise/wheeltec_robot_ws/install/wheeltec_robot_urdf/share/wheeltec_robot_urdf/cmake/wheeltec_robot_urdfConfig-version.cmake
[1.185s] -- Up-to-date: /home/sunrise/wheeltec_robot_ws/install/wheeltec_robot_urdf/share/wheeltec_robot_urdf/package.xml
[1.186s] Invoked command in '/home/sunrise/wheeltec_robot_ws/build/wheeltec_robot_urdf' returned '0': CMAKE_PREFIX_PATH=${CMAKE_PREFIX_PATH}:/home/sunrise/wheeltec_robot_ws/install/tf2_tools:/opt/ros/humble /usr/bin/cmake --install /home/sunrise/wheeltec_robot_ws/build/wheeltec_robot_urdf
