[0.113s] Invoking command in '/home/sunrise/wheeltec_robot_ws/build/usb_cam': CMAKE_PREFIX_PATH=${CMAKE_PREFIX_PATH}:/home/sunrise/wheeltec_robot_ws/install/tf2_tools:/opt/ros/humble /usr/bin/cmake /home/sunrise/wheeltec_robot_ws/src/usb_cam-ros2/usb_cam-ros2 -DCMAKE_INSTALL_PREFIX=/home/sunrise/wheeltec_robot_ws/install/usb_cam
[1.069s] -- The C compiler identification is GNU 11.2.0
[1.903s] -- The CXX compiler identification is GNU 11.2.0
[2.029s] -- Detecting C compiler ABI info
[3.075s] -- Detecting C compiler ABI info - done
[3.276s] -- Check for working C compiler: /usr/bin/cc - skipped
[3.281s] -- Detecting C compile features
[3.288s] -- Detecting C compile features - done
[4.521s] -- Detecting CXX compiler ABI info
[5.152s] -- Detecting CXX compiler ABI info - done
[5.236s] -- Check for working CXX compiler: /usr/bin/c++ - skipped
[5.238s] -- Detecting CXX compile features
[5.242s] -- Detecting CXX compile features - done
[5.254s] -- Found ament_cmake_auto: 1.3.9 (/opt/ros/humble/share/ament_cmake_auto/cmake)
[6.760s] -- Found Python3: /usr/bin/python3 (found version "3.10.12") found components: Interpreter 
[8.450s] -- Found rosidl_generator_c: 3.1.5 (/opt/ros/humble/share/rosidl_generator_c/cmake)
[8.489s] -- Found rosidl_adapter: 3.1.5 (/opt/ros/humble/share/rosidl_adapter/cmake)
[8.562s] -- Found rosidl_generator_cpp: 3.1.5 (/opt/ros/humble/share/rosidl_generator_cpp/cmake)
[8.674s] -- Using all available rosidl_typesupport_c: rosidl_typesupport_fastrtps_c;rosidl_typesupport_introspection_c
[8.851s] -- Using all available rosidl_typesupport_cpp: rosidl_typesupport_fastrtps_cpp;rosidl_typesupport_introspection_cpp
[12.063s] -- Found rmw_implementation_cmake: 6.1.2 (/opt/ros/humble/share/rmw_implementation_cmake/cmake)
[12.070s] -- Found rmw_fastrtps_cpp: 6.2.6 (/opt/ros/humble/share/rmw_fastrtps_cpp/cmake)
[13.177s] -- Found OpenSSL: /usr/lib/aarch64-linux-gnu/libcrypto.so (found version "3.0.2")  
[13.399s] -- Found FastRTPS: /opt/ros/humble/include  
[13.846s] -- Using RMW implementation 'rmw_fastrtps_cpp' as default
[13.934s] -- Looking for pthread.h
[14.850s] -- Looking for pthread.h - found
[14.856s] -- Performing Test CMAKE_HAVE_LIBC_PTHREAD
[15.776s] -- Performing Test CMAKE_HAVE_LIBC_PTHREAD - Success
[15.800s] -- Found Threads: TRUE  
[22.116s] -- Found OpenCV: /usr (found version "4.5.4") 
[22.152s] -- Found PkgConfig: /usr/bin/pkg-config (found version "0.29.2") 
[22.166s] -- Checking for module 'libavcodec'
[22.340s] --   Found libavcodec, version 58.134.100
[22.704s] -- Checking for module 'libavutil'
[22.851s] --   Found libavutil, version 56.70.100
[23.242s] -- Checking for module 'libswscale'
[23.423s] --   Found libswscale, version 5.9.100
[24.054s] -- Found ament_lint_auto: 0.12.11 (/opt/ros/humble/share/ament_lint_auto/cmake)
[24.397s] -- Found gtest sources under '/opt/ros/humble/src/gtest_vendor': C++ tests using 'Google Test' will be built
[24.542s] -- Added test 'copyright' to check source files copyright and LICENSE
[24.569s] -- Added test 'cppcheck' to perform static code analysis on C / C++ code
[24.578s] -- Configured cppcheck include dirs: /home/sunrise/wheeltec_robot_ws/src/usb_cam-ros2/usb_cam-ros2/include
[24.583s] -- Configured cppcheck exclude dirs and/or files: 
[24.602s] -- Added test 'cpplint' to check C / C++ code against the Google style
[24.607s] -- Configured cpplint exclude dirs and/or files: 
[24.618s] -- Added test 'flake8' to check Python code syntax and style conventions
[24.630s] -- Added test 'lint_cmake' to check CMake code style
[24.642s] -- Added test 'pep257' to check Python code against some of the docstring style conventions in PEP 257
[24.664s] -- Added test 'uncrustify' to check C / C++ code style
[24.668s] -- Configured uncrustify additional arguments: 
[24.682s] -- Added test 'xmllint' to check XML markup files
[24.744s] -- Configuring done
[25.150s] -- Generating done
[25.185s] -- Build files have been written to: /home/sunrise/wheeltec_robot_ws/build/usb_cam
[25.334s] Invoked command in '/home/sunrise/wheeltec_robot_ws/build/usb_cam' returned '0': CMAKE_PREFIX_PATH=${CMAKE_PREFIX_PATH}:/home/sunrise/wheeltec_robot_ws/install/tf2_tools:/opt/ros/humble /usr/bin/cmake /home/sunrise/wheeltec_robot_ws/src/usb_cam-ros2/usb_cam-ros2 -DCMAKE_INSTALL_PREFIX=/home/sunrise/wheeltec_robot_ws/install/usb_cam
[25.375s] Invoking command in '/home/sunrise/wheeltec_robot_ws/build/usb_cam': CMAKE_PREFIX_PATH=${CMAKE_PREFIX_PATH}:/home/sunrise/wheeltec_robot_ws/install/tf2_tools:/opt/ros/humble /usr/bin/cmake --build /home/sunrise/wheeltec_robot_ws/build/usb_cam -- -j4 -l4
[26.063s] [  7%] [32mBuilding CXX object CMakeFiles/usb_cam.dir/src/usb_cam.cpp.o[0m
[43.082s] [ 14%] [32m[1mLinking CXX shared library libusb_cam.so[0m
[44.953s] [ 14%] Built target usb_cam
[45.041s] [ 21%] [32mBuilding CXX object gtest/CMakeFiles/gtest.dir/src/gtest-all.cc.o[0m
[72.116s] [ 28%] [32m[1mLinking CXX static library libgtest.a[0m
[72.444s] [ 28%] Built target gtest
[72.540s] [ 35%] [32mBuilding CXX object CMakeFiles/usb_cam_node.dir/src/usb_cam_node.cpp.o[0m
[118.491s] [ 42%] [32m[1mLinking CXX shared library libusb_cam_node.so[0m
[121.270s] [ 42%] Built target usb_cam_node
[121.351s] [ 50%] [32mBuilding CXX object gtest/CMakeFiles/gtest_main.dir/src/gtest_main.cc.o[0m
[126.083s] [ 57%] [32m[1mLinking CXX static library libgtest_main.a[0m
[126.224s] [ 57%] Built target gtest_main
[126.309s] [ 64%] [32mBuilding CXX object CMakeFiles/usb_cam_node_exe.dir/rclcpp_components/node_main_usb_cam_node_exe.cpp.o[0m
[150.022s] [ 71%] [32m[1mLinking CXX executable usb_cam_node_exe[0m
[151.013s] [ 71%] Built target usb_cam_node_exe
[151.100s] [ 78%] [32mBuilding CXX object CMakeFiles/test_pixel_formats.dir/test/test_pixel_formats.cpp.o[0m
[157.045s] [ 85%] [32m[1mLinking CXX executable test_pixel_formats[0m
[158.541s] [ 85%] Built target test_pixel_formats
[158.635s] [ 92%] [32mBuilding CXX object CMakeFiles/test_usb_cam_utils.dir/test/test_usb_cam_utils.cpp.o[0m
[164.950s] [100%] [32m[1mLinking CXX executable test_usb_cam_utils[0m
[166.401s] [100%] Built target test_usb_cam_utils
[166.449s] Invoked command in '/home/sunrise/wheeltec_robot_ws/build/usb_cam' returned '0': CMAKE_PREFIX_PATH=${CMAKE_PREFIX_PATH}:/home/sunrise/wheeltec_robot_ws/install/tf2_tools:/opt/ros/humble /usr/bin/cmake --build /home/sunrise/wheeltec_robot_ws/build/usb_cam -- -j4 -l4
[166.622s] Invoking command in '/home/sunrise/wheeltec_robot_ws/build/usb_cam': CMAKE_PREFIX_PATH=${CMAKE_PREFIX_PATH}:/home/sunrise/wheeltec_robot_ws/install/tf2_tools:/opt/ros/humble /usr/bin/cmake --install /home/sunrise/wheeltec_robot_ws/build/usb_cam
[166.656s] -- Install configuration: ""
[166.659s] -- Installing: /home/sunrise/wheeltec_robot_ws/install/usb_cam/share/usb_cam/environment/library_path.sh
[166.661s] -- Installing: /home/sunrise/wheeltec_robot_ws/install/usb_cam/share/usb_cam/environment/library_path.dsv
[166.662s] -- Installing: /home/sunrise/wheeltec_robot_ws/install/usb_cam/lib/usb_cam/usb_cam_node_exe
[166.664s] -- Set runtime path of "/home/sunrise/wheeltec_robot_ws/install/usb_cam/lib/usb_cam/usb_cam_node_exe" to ""
[166.665s] -- Installing: /home/sunrise/wheeltec_robot_ws/install/usb_cam/lib/usb_cam/show_image.py
[166.666s] -- Installing: /home/sunrise/wheeltec_robot_ws/install/usb_cam/lib/libusb_cam.so
[166.670s] -- Installing: /home/sunrise/wheeltec_robot_ws/install/usb_cam/lib/libusb_cam_node.so
[166.681s] -- Set runtime path of "/home/sunrise/wheeltec_robot_ws/install/usb_cam/lib/libusb_cam_node.so" to ""
[166.684s] -- Installing: /home/sunrise/wheeltec_robot_ws/install/usb_cam/include
[166.686s] -- Installing: /home/sunrise/wheeltec_robot_ws/install/usb_cam/include/usb_cam
[166.687s] -- Installing: /home/sunrise/wheeltec_robot_ws/install/usb_cam/include/usb_cam/usb_cam_node.hpp
[166.689s] -- Installing: /home/sunrise/wheeltec_robot_ws/install/usb_cam/include/usb_cam/usb_cam.hpp
[166.691s] -- Installing: /home/sunrise/wheeltec_robot_ws/install/usb_cam/include/usb_cam/formats
[166.692s] -- Installing: /home/sunrise/wheeltec_robot_ws/install/usb_cam/include/usb_cam/formats/mjpeg.hpp
[166.696s] -- Installing: /home/sunrise/wheeltec_robot_ws/install/usb_cam/include/usb_cam/formats/mono.hpp
[166.698s] -- Installing: /home/sunrise/wheeltec_robot_ws/install/usb_cam/include/usb_cam/formats/uyvy.hpp
[166.700s] -- Installing: /home/sunrise/wheeltec_robot_ws/install/usb_cam/include/usb_cam/formats/rgb.hpp
[166.703s] -- Installing: /home/sunrise/wheeltec_robot_ws/install/usb_cam/include/usb_cam/formats/utils.hpp
[166.705s] -- Installing: /home/sunrise/wheeltec_robot_ws/install/usb_cam/include/usb_cam/formats/yuyv.hpp
[166.706s] -- Installing: /home/sunrise/wheeltec_robot_ws/install/usb_cam/include/usb_cam/formats/m420.hpp
[166.708s] -- Installing: /home/sunrise/wheeltec_robot_ws/install/usb_cam/include/usb_cam/formats/pixel_format_base.hpp
[166.709s] -- Installing: /home/sunrise/wheeltec_robot_ws/install/usb_cam/include/usb_cam/constants.hpp
[166.711s] -- Installing: /home/sunrise/wheeltec_robot_ws/install/usb_cam/include/usb_cam/utils.hpp
[166.712s] -- Installing: /home/sunrise/wheeltec_robot_ws/install/usb_cam/include/usb_cam/conversions.hpp
[166.714s] -- Up-to-date: /home/sunrise/wheeltec_robot_ws/install/usb_cam/lib/libusb_cam_node.so
[166.715s] -- Installing: /home/sunrise/wheeltec_robot_ws/install/usb_cam/share/usb_cam/launch
[166.716s] -- Installing: /home/sunrise/wheeltec_robot_ws/install/usb_cam/share/usb_cam/launch/usb_cam_launch.py
[166.718s] -- Installing: /home/sunrise/wheeltec_robot_ws/install/usb_cam/share/usb_cam/launch/camera_config.py
[166.719s] -- Installing: /home/sunrise/wheeltec_robot_ws/install/usb_cam/share/usb_cam/launch/demo.launch.py
[166.720s] -- Installing: /home/sunrise/wheeltec_robot_ws/install/usb_cam/share/usb_cam/launch/camera.launch.py
[166.722s] -- Installing: /home/sunrise/wheeltec_robot_ws/install/usb_cam/share/usb_cam/launch/__init__.py
[166.723s] -- Installing: /home/sunrise/wheeltec_robot_ws/install/usb_cam/share/usb_cam/config
[166.724s] -- Installing: /home/sunrise/wheeltec_robot_ws/install/usb_cam/share/usb_cam/config/camera_info.yaml
[166.726s] -- Installing: /home/sunrise/wheeltec_robot_ws/install/usb_cam/share/usb_cam/config/params_1.yaml
[166.727s] -- Installing: /home/sunrise/wheeltec_robot_ws/install/usb_cam/share/usb_cam/config/params_2.yaml
[166.729s] -- Installing: /home/sunrise/wheeltec_robot_ws/install/usb_cam/share/usb_cam/config/params.yaml
[166.730s] -- Installing: /home/sunrise/wheeltec_robot_ws/install/usb_cam/share/ament_index/resource_index/package_run_dependencies/usb_cam
[166.731s] -- Installing: /home/sunrise/wheeltec_robot_ws/install/usb_cam/share/ament_index/resource_index/parent_prefix_path/usb_cam
[166.733s] -- Installing: /home/sunrise/wheeltec_robot_ws/install/usb_cam/share/usb_cam/environment/ament_prefix_path.sh
[166.734s] -- Installing: /home/sunrise/wheeltec_robot_ws/install/usb_cam/share/usb_cam/environment/ament_prefix_path.dsv
[166.736s] -- Installing: /home/sunrise/wheeltec_robot_ws/install/usb_cam/share/usb_cam/environment/path.sh
[166.737s] -- Installing: /home/sunrise/wheeltec_robot_ws/install/usb_cam/share/usb_cam/environment/path.dsv
[166.738s] -- Installing: /home/sunrise/wheeltec_robot_ws/install/usb_cam/share/usb_cam/local_setup.bash
[166.740s] -- Installing: /home/sunrise/wheeltec_robot_ws/install/usb_cam/share/usb_cam/local_setup.sh
[166.741s] -- Installing: /home/sunrise/wheeltec_robot_ws/install/usb_cam/share/usb_cam/local_setup.zsh
[166.742s] -- Installing: /home/sunrise/wheeltec_robot_ws/install/usb_cam/share/usb_cam/local_setup.dsv
[166.743s] -- Installing: /home/sunrise/wheeltec_robot_ws/install/usb_cam/share/usb_cam/package.dsv
[166.745s] -- Installing: /home/sunrise/wheeltec_robot_ws/install/usb_cam/share/ament_index/resource_index/packages/usb_cam
[166.746s] -- Installing: /home/sunrise/wheeltec_robot_ws/install/usb_cam/share/ament_index/resource_index/rclcpp_components/usb_cam
[166.747s] -- Installing: /home/sunrise/wheeltec_robot_ws/install/usb_cam/share/usb_cam/cmake/ament_cmake_export_libraries-extras.cmake
[166.749s] -- Installing: /home/sunrise/wheeltec_robot_ws/install/usb_cam/share/usb_cam/cmake/ament_cmake_export_dependencies-extras.cmake
[166.750s] -- Installing: /home/sunrise/wheeltec_robot_ws/install/usb_cam/share/usb_cam/cmake/ament_cmake_export_include_directories-extras.cmake
[166.750s] -- Installing: /home/sunrise/wheeltec_robot_ws/install/usb_cam/share/usb_cam/cmake/usb_camConfig.cmake
[166.752s] -- Installing: /home/sunrise/wheeltec_robot_ws/install/usb_cam/share/usb_cam/cmake/usb_camConfig-version.cmake
[166.757s] -- Installing: /home/sunrise/wheeltec_robot_ws/install/usb_cam/share/usb_cam/package.xml
[166.765s] Invoked command in '/home/sunrise/wheeltec_robot_ws/build/usb_cam' returned '0': CMAKE_PREFIX_PATH=${CMAKE_PREFIX_PATH}:/home/sunrise/wheeltec_robot_ws/install/tf2_tools:/opt/ros/humble /usr/bin/cmake --install /home/sunrise/wheeltec_robot_ws/build/usb_cam
