/home/sunrise/wheeltec_robot_ws/install/simple_follower_ros2/lib/python3.10/site-packages/simple_follower_ros2/visualTracker.py
/home/sunrise/wheeltec_robot_ws/install/simple_follower_ros2/lib/python3.10/site-packages/simple_follower_ros2/laserfollower.py
/home/sunrise/wheeltec_robot_ws/install/simple_follower_ros2/lib/python3.10/site-packages/simple_follower_ros2/laserTracker.py
/home/sunrise/wheeltec_robot_ws/install/simple_follower_ros2/lib/python3.10/site-packages/simple_follower_ros2/__init__.py
/home/sunrise/wheeltec_robot_ws/install/simple_follower_ros2/lib/python3.10/site-packages/simple_follower_ros2/adjust_hsv.py
/home/sunrise/wheeltec_robot_ws/install/simple_follower_ros2/lib/python3.10/site-packages/simple_follower_ros2/line_follow.py
/home/sunrise/wheeltec_robot_ws/install/simple_follower_ros2/lib/python3.10/site-packages/simple_follower_ros2/visualFollower.py
/home/sunrise/wheeltec_robot_ws/install/simple_follower_ros2/lib/python3.10/site-packages/simple_follower_ros2/__pycache__/visualTracker.cpython-310.pyc
/home/sunrise/wheeltec_robot_ws/install/simple_follower_ros2/lib/python3.10/site-packages/simple_follower_ros2/__pycache__/laserfollower.cpython-310.pyc
/home/sunrise/wheeltec_robot_ws/install/simple_follower_ros2/lib/python3.10/site-packages/simple_follower_ros2/__pycache__/laserTracker.cpython-310.pyc
/home/sunrise/wheeltec_robot_ws/install/simple_follower_ros2/lib/python3.10/site-packages/simple_follower_ros2/__pycache__/__init__.cpython-310.pyc
/home/sunrise/wheeltec_robot_ws/install/simple_follower_ros2/lib/python3.10/site-packages/simple_follower_ros2/__pycache__/adjust_hsv.cpython-310.pyc
/home/sunrise/wheeltec_robot_ws/install/simple_follower_ros2/lib/python3.10/site-packages/simple_follower_ros2/__pycache__/line_follow.cpython-310.pyc
/home/sunrise/wheeltec_robot_ws/install/simple_follower_ros2/lib/python3.10/site-packages/simple_follower_ros2/__pycache__/visualFollower.cpython-310.pyc
/home/sunrise/wheeltec_robot_ws/install/simple_follower_ros2/share/ament_index/resource_index/packages/simple_follower_ros2
/home/sunrise/wheeltec_robot_ws/install/simple_follower_ros2/share/simple_follower_ros2/line_follower.launch.py
/home/sunrise/wheeltec_robot_ws/install/simple_follower_ros2/share/simple_follower_ros2/laser_follower.launch.py
/home/sunrise/wheeltec_robot_ws/install/simple_follower_ros2/share/simple_follower_ros2/visual_follower.launch.py
/home/sunrise/wheeltec_robot_ws/install/simple_follower_ros2/share/simple_follower_ros2/adjust_hsv.launch.py
/home/sunrise/wheeltec_robot_ws/install/simple_follower_ros2/share/simple_follower_ros2/package.xml
/home/sunrise/wheeltec_robot_ws/install/simple_follower_ros2/lib/python3.10/site-packages/simple_follower_ros2-0.0.0-py3.10.egg-info/zip-safe
/home/sunrise/wheeltec_robot_ws/install/simple_follower_ros2/lib/python3.10/site-packages/simple_follower_ros2-0.0.0-py3.10.egg-info/top_level.txt
/home/sunrise/wheeltec_robot_ws/install/simple_follower_ros2/lib/python3.10/site-packages/simple_follower_ros2-0.0.0-py3.10.egg-info/requires.txt
/home/sunrise/wheeltec_robot_ws/install/simple_follower_ros2/lib/python3.10/site-packages/simple_follower_ros2-0.0.0-py3.10.egg-info/SOURCES.txt
/home/sunrise/wheeltec_robot_ws/install/simple_follower_ros2/lib/python3.10/site-packages/simple_follower_ros2-0.0.0-py3.10.egg-info/entry_points.txt
/home/sunrise/wheeltec_robot_ws/install/simple_follower_ros2/lib/python3.10/site-packages/simple_follower_ros2-0.0.0-py3.10.egg-info/PKG-INFO
/home/sunrise/wheeltec_robot_ws/install/simple_follower_ros2/lib/python3.10/site-packages/simple_follower_ros2-0.0.0-py3.10.egg-info/dependency_links.txt
/home/sunrise/wheeltec_robot_ws/install/simple_follower_ros2/lib/simple_follower_ros2/adjust_hsv
/home/sunrise/wheeltec_robot_ws/install/simple_follower_ros2/lib/simple_follower_ros2/laserfollower
/home/sunrise/wheeltec_robot_ws/install/simple_follower_ros2/lib/simple_follower_ros2/lasertracker
/home/sunrise/wheeltec_robot_ws/install/simple_follower_ros2/lib/simple_follower_ros2/line_follow
/home/sunrise/wheeltec_robot_ws/install/simple_follower_ros2/lib/simple_follower_ros2/visualfollow
/home/sunrise/wheeltec_robot_ws/install/simple_follower_ros2/lib/simple_follower_ros2/visualtracker
