[0.149s] Invoking command in '/home/sunrise/wheeltec_robot_ws/build/serial': CMAKE_PREFIX_PATH=${CMAKE_PREFIX_PATH}:/opt/ros/humble /usr/bin/cmake --build /home/sunrise/wheeltec_robot_ws/build/serial -- -j4 -l4
[0.462s] [35m[1mConsolidate compiler generated dependencies of target serial[0m
[0.611s] [100%] Built target serial
[0.770s] Invoked command in '/home/sunrise/wheeltec_robot_ws/build/serial' returned '0': CMAKE_PREFIX_PATH=${CMAKE_PREFIX_PATH}:/opt/ros/humble /usr/bin/cmake --build /home/sunrise/wheeltec_robot_ws/build/serial -- -j4 -l4
[1.230s] Invoking command in '/home/sunrise/wheeltec_robot_ws/build/serial': CMAKE_PREFIX_PATH=${CMAKE_PREFIX_PATH}:/opt/ros/humble /usr/bin/cmake --install /home/sunrise/wheeltec_robot_ws/build/serial
[1.312s] -- Install configuration: ""
[1.313s] -- Up-to-date: /home/sunrise/wheeltec_robot_ws/install/serial/lib/libserial.a
[1.318s] -- Up-to-date: /home/sunrise/wheeltec_robot_ws/install/serial/share/serial/environment/library_path.sh
[1.319s] -- Up-to-date: /home/sunrise/wheeltec_robot_ws/install/serial/share/serial/environment/library_path.dsv
[1.320s] -- Up-to-date: /home/sunrise/wheeltec_robot_ws/install/serial/include/serial
[1.326s] -- Up-to-date: /home/sunrise/wheeltec_robot_ws/install/serial/include/serial/serial.h
[1.327s] -- Up-to-date: /home/sunrise/wheeltec_robot_ws/install/serial/include/serial/impl
[1.328s] -- Up-to-date: /home/sunrise/wheeltec_robot_ws/install/serial/include/serial/impl/win.h
[1.329s] -- Up-to-date: /home/sunrise/wheeltec_robot_ws/install/serial/include/serial/impl/unix.h
[1.330s] -- Up-to-date: /home/sunrise/wheeltec_robot_ws/install/serial/include/serial/v8stdint.h
[1.331s] -- Up-to-date: /home/sunrise/wheeltec_robot_ws/install/serial/share/ament_index/resource_index/package_run_dependencies/serial
[1.332s] -- Up-to-date: /home/sunrise/wheeltec_robot_ws/install/serial/share/ament_index/resource_index/parent_prefix_path/serial
[1.333s] -- Up-to-date: /home/sunrise/wheeltec_robot_ws/install/serial/share/serial/environment/ament_prefix_path.sh
[1.357s] -- Up-to-date: /home/sunrise/wheeltec_robot_ws/install/serial/share/serial/environment/ament_prefix_path.dsv
[1.362s] -- Up-to-date: /home/sunrise/wheeltec_robot_ws/install/serial/share/serial/environment/path.sh
[1.363s] -- Up-to-date: /home/sunrise/wheeltec_robot_ws/install/serial/share/serial/environment/path.dsv
[1.364s] -- Up-to-date: /home/sunrise/wheeltec_robot_ws/install/serial/share/serial/local_setup.bash
[1.381s] -- Up-to-date: /home/sunrise/wheeltec_robot_ws/install/serial/share/serial/local_setup.sh
[1.382s] -- Up-to-date: /home/sunrise/wheeltec_robot_ws/install/serial/share/serial/local_setup.zsh
[1.382s] -- Up-to-date: /home/sunrise/wheeltec_robot_ws/install/serial/share/serial/local_setup.dsv
[1.383s] -- Installing: /home/sunrise/wheeltec_robot_ws/install/serial/share/serial/package.dsv
[1.384s] -- Up-to-date: /home/sunrise/wheeltec_robot_ws/install/serial/share/ament_index/resource_index/packages/serial
[1.384s] -- Up-to-date: /home/sunrise/wheeltec_robot_ws/install/serial/share/serial/cmake/ament_cmake_export_include_directories-extras.cmake
[1.385s] -- Up-to-date: /home/sunrise/wheeltec_robot_ws/install/serial/share/serial/cmake/ament_cmake_export_libraries-extras.cmake
[1.386s] -- Up-to-date: /home/sunrise/wheeltec_robot_ws/install/serial/share/serial/cmake/ament_cmake_export_dependencies-extras.cmake
[1.387s] -- Up-to-date: /home/sunrise/wheeltec_robot_ws/install/serial/share/serial/cmake/serialConfig.cmake
[1.388s] -- Up-to-date: /home/sunrise/wheeltec_robot_ws/install/serial/share/serial/cmake/serialConfig-version.cmake
[1.388s] -- Up-to-date: /home/sunrise/wheeltec_robot_ws/install/serial/share/serial/package.xml
[1.499s] Invoked command in '/home/sunrise/wheeltec_robot_ws/build/serial' returned '0': CMAKE_PREFIX_PATH=${CMAKE_PREFIX_PATH}:/opt/ros/humble /usr/bin/cmake --install /home/sunrise/wheeltec_robot_ws/build/serial
