running egg_info
creating ../../build/simple_follower_ros2/simple_follower_ros2.egg-info
writing ../../build/simple_follower_ros2/simple_follower_ros2.egg-info/PKG-INFO
writing dependency_links to ../../build/simple_follower_ros2/simple_follower_ros2.egg-info/dependency_links.txt
writing entry points to ../../build/simple_follower_ros2/simple_follower_ros2.egg-info/entry_points.txt
writing requirements to ../../build/simple_follower_ros2/simple_follower_ros2.egg-info/requires.txt
writing top-level names to ../../build/simple_follower_ros2/simple_follower_ros2.egg-info/top_level.txt
writing manifest file '../../build/simple_follower_ros2/simple_follower_ros2.egg-info/SOURCES.txt'
reading manifest file '../../build/simple_follower_ros2/simple_follower_ros2.egg-info/SOURCES.txt'
writing manifest file '../../build/simple_follower_ros2/simple_follower_ros2.egg-info/SOURCES.txt'
running build
running build_py
creating /home/sunrise/wheeltec_robot_ws/build/simple_follower_ros2/build
creating /home/sunrise/wheeltec_robot_ws/build/simple_follower_ros2/build/lib
creating /home/sunrise/wheeltec_robot_ws/build/simple_follower_ros2/build/lib/simple_follower_ros2
copying simple_follower_ros2/visualTracker.py -> /home/sunrise/wheeltec_robot_ws/build/simple_follower_ros2/build/lib/simple_follower_ros2
copying simple_follower_ros2/laserfollower.py -> /home/sunrise/wheeltec_robot_ws/build/simple_follower_ros2/build/lib/simple_follower_ros2
copying simple_follower_ros2/laserTracker.py -> /home/sunrise/wheeltec_robot_ws/build/simple_follower_ros2/build/lib/simple_follower_ros2
copying simple_follower_ros2/__init__.py -> /home/sunrise/wheeltec_robot_ws/build/simple_follower_ros2/build/lib/simple_follower_ros2
copying simple_follower_ros2/adjust_hsv.py -> /home/sunrise/wheeltec_robot_ws/build/simple_follower_ros2/build/lib/simple_follower_ros2
copying simple_follower_ros2/line_follow.py -> /home/sunrise/wheeltec_robot_ws/build/simple_follower_ros2/build/lib/simple_follower_ros2
copying simple_follower_ros2/visualFollower.py -> /home/sunrise/wheeltec_robot_ws/build/simple_follower_ros2/build/lib/simple_follower_ros2
running install
running install_lib
creating /home/sunrise/wheeltec_robot_ws/install/simple_follower_ros2/lib/python3.10/site-packages/simple_follower_ros2
copying /home/sunrise/wheeltec_robot_ws/build/simple_follower_ros2/build/lib/simple_follower_ros2/visualTracker.py -> /home/sunrise/wheeltec_robot_ws/install/simple_follower_ros2/lib/python3.10/site-packages/simple_follower_ros2
copying /home/sunrise/wheeltec_robot_ws/build/simple_follower_ros2/build/lib/simple_follower_ros2/laserfollower.py -> /home/sunrise/wheeltec_robot_ws/install/simple_follower_ros2/lib/python3.10/site-packages/simple_follower_ros2
copying /home/sunrise/wheeltec_robot_ws/build/simple_follower_ros2/build/lib/simple_follower_ros2/laserTracker.py -> /home/sunrise/wheeltec_robot_ws/install/simple_follower_ros2/lib/python3.10/site-packages/simple_follower_ros2
copying /home/sunrise/wheeltec_robot_ws/build/simple_follower_ros2/build/lib/simple_follower_ros2/__init__.py -> /home/sunrise/wheeltec_robot_ws/install/simple_follower_ros2/lib/python3.10/site-packages/simple_follower_ros2
copying /home/sunrise/wheeltec_robot_ws/build/simple_follower_ros2/build/lib/simple_follower_ros2/adjust_hsv.py -> /home/sunrise/wheeltec_robot_ws/install/simple_follower_ros2/lib/python3.10/site-packages/simple_follower_ros2
copying /home/sunrise/wheeltec_robot_ws/build/simple_follower_ros2/build/lib/simple_follower_ros2/line_follow.py -> /home/sunrise/wheeltec_robot_ws/install/simple_follower_ros2/lib/python3.10/site-packages/simple_follower_ros2
copying /home/sunrise/wheeltec_robot_ws/build/simple_follower_ros2/build/lib/simple_follower_ros2/visualFollower.py -> /home/sunrise/wheeltec_robot_ws/install/simple_follower_ros2/lib/python3.10/site-packages/simple_follower_ros2
byte-compiling /home/sunrise/wheeltec_robot_ws/install/simple_follower_ros2/lib/python3.10/site-packages/simple_follower_ros2/visualTracker.py to visualTracker.cpython-310.pyc
byte-compiling /home/sunrise/wheeltec_robot_ws/install/simple_follower_ros2/lib/python3.10/site-packages/simple_follower_ros2/laserfollower.py to laserfollower.cpython-310.pyc
byte-compiling /home/sunrise/wheeltec_robot_ws/install/simple_follower_ros2/lib/python3.10/site-packages/simple_follower_ros2/laserTracker.py to laserTracker.cpython-310.pyc
byte-compiling /home/sunrise/wheeltec_robot_ws/install/simple_follower_ros2/lib/python3.10/site-packages/simple_follower_ros2/__init__.py to __init__.cpython-310.pyc
byte-compiling /home/sunrise/wheeltec_robot_ws/install/simple_follower_ros2/lib/python3.10/site-packages/simple_follower_ros2/adjust_hsv.py to adjust_hsv.cpython-310.pyc
byte-compiling /home/sunrise/wheeltec_robot_ws/install/simple_follower_ros2/lib/python3.10/site-packages/simple_follower_ros2/line_follow.py to line_follow.cpython-310.pyc
byte-compiling /home/sunrise/wheeltec_robot_ws/install/simple_follower_ros2/lib/python3.10/site-packages/simple_follower_ros2/visualFollower.py to visualFollower.cpython-310.pyc
running install_data
creating /home/sunrise/wheeltec_robot_ws/install/simple_follower_ros2/share/ament_index
creating /home/sunrise/wheeltec_robot_ws/install/simple_follower_ros2/share/ament_index/resource_index
creating /home/sunrise/wheeltec_robot_ws/install/simple_follower_ros2/share/ament_index/resource_index/packages
copying resource/simple_follower_ros2 -> /home/sunrise/wheeltec_robot_ws/install/simple_follower_ros2/share/ament_index/resource_index/packages
copying launch/line_follower.launch.py -> /home/sunrise/wheeltec_robot_ws/install/simple_follower_ros2/share/simple_follower_ros2
copying launch/laser_follower.launch.py -> /home/sunrise/wheeltec_robot_ws/install/simple_follower_ros2/share/simple_follower_ros2
copying launch/visual_follower.launch.py -> /home/sunrise/wheeltec_robot_ws/install/simple_follower_ros2/share/simple_follower_ros2
copying launch/adjust_hsv.launch.py -> /home/sunrise/wheeltec_robot_ws/install/simple_follower_ros2/share/simple_follower_ros2
copying package.xml -> /home/sunrise/wheeltec_robot_ws/install/simple_follower_ros2/share/simple_follower_ros2
running install_egg_info
Copying ../../build/simple_follower_ros2/simple_follower_ros2.egg-info to /home/sunrise/wheeltec_robot_ws/install/simple_follower_ros2/lib/python3.10/site-packages/simple_follower_ros2-0.0.0-py3.10.egg-info
running install_scripts
Installing adjust_hsv script to /home/sunrise/wheeltec_robot_ws/install/simple_follower_ros2/lib/simple_follower_ros2
Installing laserfollower script to /home/sunrise/wheeltec_robot_ws/install/simple_follower_ros2/lib/simple_follower_ros2
Installing lasertracker script to /home/sunrise/wheeltec_robot_ws/install/simple_follower_ros2/lib/simple_follower_ros2
Installing line_follow script to /home/sunrise/wheeltec_robot_ws/install/simple_follower_ros2/lib/simple_follower_ros2
Installing visualfollow script to /home/sunrise/wheeltec_robot_ws/install/simple_follower_ros2/lib/simple_follower_ros2
Installing visualtracker script to /home/sunrise/wheeltec_robot_ws/install/simple_follower_ros2/lib/simple_follower_ros2
writing list of installed files to '/home/sunrise/wheeltec_robot_ws/build/simple_follower_ros2/install.log'
