[0.831s] DEBUG:colcon:Command line arguments: ['/usr/bin/colcon', 'build', '--packages-select', 'wheeltec_robot_urdf']
[0.832s] DEBUG:colcon:Parsed command line arguments: Namespace(log_base=None, log_level=None, verb_name='build', build_base='build', install_base='install', merge_install=False, symlink_install=False, test_result_base=None, continue_on_error=False, executor='parallel', parallel_workers=4, event_handlers=None, ignore_user_meta=False, metas=['./colcon.meta'], base_paths=['.'], packages_ignore=None, packages_ignore_regex=None, paths=None, packages_up_to=None, packages_up_to_regex=None, packages_above=None, packages_above_and_dependencies=None, packages_above_depth=None, packages_select_by_dep=None, packages_skip_by_dep=None, packages_skip_up_to=None, packages_select_build_failed=False, packages_skip_build_finished=False, packages_select_test_failures=False, packages_skip_test_passed=False, packages_select=['wheeltec_robot_urdf'], packages_skip=None, packages_select_regex=None, packages_skip_regex=None, packages_start=None, packages_end=None, allow_overriding=[], cmake_args=None, cmake_target=None, cmake_target_skip_unavailable=False, cmake_clean_cache=False, cmake_clean_first=False, cmake_force_configure=False, ament_cmake_args=None, catkin_cmake_args=None, catkin_skip_building_tests=False, verb_parser=<colcon_defaults.argument_parser.defaults.DefaultArgumentsDecorator object at 0x7fb754c6d0>, verb_extension=<colcon_core.verb.build.BuildVerb object at 0x7fb754c190>, main=<bound method BuildVerb.main of <colcon_core.verb.build.BuildVerb object at 0x7fb754c190>>)
[2.282s] Level 1:colcon.colcon_core.package_discovery:discover_packages(colcon_meta) check parameters
[2.283s] Level 1:colcon.colcon_core.package_discovery:discover_packages(recursive) check parameters
[2.284s] Level 1:colcon.colcon_core.package_discovery:discover_packages(ignore) check parameters
[2.284s] Level 1:colcon.colcon_core.package_discovery:discover_packages(path) check parameters
[2.284s] Level 1:colcon.colcon_core.package_discovery:discover_packages(colcon_meta) discover
[2.285s] Level 1:colcon.colcon_core.package_discovery:discover_packages(recursive) discover
[2.285s] INFO:colcon.colcon_core.package_discovery:Crawling recursively for packages in '/home/sunrise/wheeltec_robot_ws'
[2.285s] Level 1:colcon.colcon_core.package_identification:_identify(.) by extensions ['ignore', 'ignore_ament_install']
[2.286s] Level 1:colcon.colcon_core.package_identification:_identify(.) by extension 'ignore'
[2.287s] Level 1:colcon.colcon_core.package_identification:_identify(.) by extension 'ignore_ament_install'
[2.287s] Level 1:colcon.colcon_core.package_identification:_identify(.) by extensions ['colcon_pkg']
[2.287s] Level 1:colcon.colcon_core.package_identification:_identify(.) by extension 'colcon_pkg'
[2.288s] Level 1:colcon.colcon_core.package_identification:_identify(.) by extensions ['colcon_meta']
[2.288s] Level 1:colcon.colcon_core.package_identification:_identify(.) by extension 'colcon_meta'
[2.288s] Level 1:colcon.colcon_core.package_identification:_identify(.) by extensions ['ros']
[2.289s] Level 1:colcon.colcon_core.package_identification:_identify(.) by extension 'ros'
[2.382s] Level 1:colcon.colcon_core.package_identification:_identify(.) by extensions ['cmake', 'python']
[2.382s] Level 1:colcon.colcon_core.package_identification:_identify(.) by extension 'cmake'
[2.383s] Level 1:colcon.colcon_core.package_identification:_identify(.) by extension 'python'
[2.383s] Level 1:colcon.colcon_core.package_identification:_identify(.) by extensions ['python_setup_py']
[2.383s] Level 1:colcon.colcon_core.package_identification:_identify(.) by extension 'python_setup_py'
[2.384s] Level 1:colcon.colcon_core.package_identification:_identify(build) by extensions ['ignore', 'ignore_ament_install']
[2.385s] Level 1:colcon.colcon_core.package_identification:_identify(build) by extension 'ignore'
[2.385s] Level 1:colcon.colcon_core.package_identification:_identify(build) ignored
[2.386s] Level 1:colcon.colcon_core.package_identification:_identify(install) by extensions ['ignore', 'ignore_ament_install']
[2.387s] Level 1:colcon.colcon_core.package_identification:_identify(install) by extension 'ignore'
[2.387s] Level 1:colcon.colcon_core.package_identification:_identify(install) ignored
[2.388s] Level 1:colcon.colcon_core.package_identification:_identify(log) by extensions ['ignore', 'ignore_ament_install']
[2.389s] Level 1:colcon.colcon_core.package_identification:_identify(log) by extension 'ignore'
[2.390s] Level 1:colcon.colcon_core.package_identification:_identify(log) ignored
[2.390s] Level 1:colcon.colcon_core.package_identification:_identify(src) by extensions ['ignore', 'ignore_ament_install']
[2.391s] Level 1:colcon.colcon_core.package_identification:_identify(src) by extension 'ignore'
[2.391s] Level 1:colcon.colcon_core.package_identification:_identify(src) by extension 'ignore_ament_install'
[2.392s] Level 1:colcon.colcon_core.package_identification:_identify(src) by extensions ['colcon_pkg']
[2.392s] Level 1:colcon.colcon_core.package_identification:_identify(src) by extension 'colcon_pkg'
[2.393s] Level 1:colcon.colcon_core.package_identification:_identify(src) by extensions ['colcon_meta']
[2.393s] Level 1:colcon.colcon_core.package_identification:_identify(src) by extension 'colcon_meta'
[2.393s] Level 1:colcon.colcon_core.package_identification:_identify(src) by extensions ['ros']
[2.393s] Level 1:colcon.colcon_core.package_identification:_identify(src) by extension 'ros'
[2.394s] Level 1:colcon.colcon_core.package_identification:_identify(src) by extensions ['cmake', 'python']
[2.394s] Level 1:colcon.colcon_core.package_identification:_identify(src) by extension 'cmake'
[2.395s] Level 1:colcon.colcon_core.package_identification:_identify(src) by extension 'python'
[2.395s] Level 1:colcon.colcon_core.package_identification:_identify(src) by extensions ['python_setup_py']
[2.395s] Level 1:colcon.colcon_core.package_identification:_identify(src) by extension 'python_setup_py'
[2.396s] Level 1:colcon.colcon_core.package_identification:_identify(src/serial_ros2) by extensions ['ignore', 'ignore_ament_install']
[2.397s] Level 1:colcon.colcon_core.package_identification:_identify(src/serial_ros2) by extension 'ignore'
[2.397s] Level 1:colcon.colcon_core.package_identification:_identify(src/serial_ros2) by extension 'ignore_ament_install'
[2.398s] Level 1:colcon.colcon_core.package_identification:_identify(src/serial_ros2) by extensions ['colcon_pkg']
[2.398s] Level 1:colcon.colcon_core.package_identification:_identify(src/serial_ros2) by extension 'colcon_pkg'
[2.398s] Level 1:colcon.colcon_core.package_identification:_identify(src/serial_ros2) by extensions ['colcon_meta']
[2.399s] Level 1:colcon.colcon_core.package_identification:_identify(src/serial_ros2) by extension 'colcon_meta'
[2.399s] Level 1:colcon.colcon_core.package_identification:_identify(src/serial_ros2) by extensions ['ros']
[2.399s] Level 1:colcon.colcon_core.package_identification:_identify(src/serial_ros2) by extension 'ros'
[2.417s] DEBUG:colcon.colcon_core.package_identification:Package 'src/serial_ros2' with type 'ros.ament_cmake' and name 'serial'
[2.418s] Level 1:colcon.colcon_core.package_identification:_identify(src/tf2_tools) by extensions ['ignore', 'ignore_ament_install']
[2.419s] Level 1:colcon.colcon_core.package_identification:_identify(src/tf2_tools) by extension 'ignore'
[2.419s] Level 1:colcon.colcon_core.package_identification:_identify(src/tf2_tools) by extension 'ignore_ament_install'
[2.420s] Level 1:colcon.colcon_core.package_identification:_identify(src/tf2_tools) by extensions ['colcon_pkg']
[2.420s] Level 1:colcon.colcon_core.package_identification:_identify(src/tf2_tools) by extension 'colcon_pkg'
[2.420s] Level 1:colcon.colcon_core.package_identification:_identify(src/tf2_tools) by extensions ['colcon_meta']
[2.421s] Level 1:colcon.colcon_core.package_identification:_identify(src/tf2_tools) by extension 'colcon_meta'
[2.421s] Level 1:colcon.colcon_core.package_identification:_identify(src/tf2_tools) by extensions ['ros']
[2.421s] Level 1:colcon.colcon_core.package_identification:_identify(src/tf2_tools) by extension 'ros'
[2.426s] DEBUG:colcon.colcon_core.package_identification:Package 'src/tf2_tools' with type 'ros.ament_python' and name 'tf2_tools'
[2.427s] Level 1:colcon.colcon_core.package_identification:_identify(src/turn_on_wheeltec_robot) by extensions ['ignore', 'ignore_ament_install']
[2.428s] Level 1:colcon.colcon_core.package_identification:_identify(src/turn_on_wheeltec_robot) by extension 'ignore'
[2.428s] Level 1:colcon.colcon_core.package_identification:_identify(src/turn_on_wheeltec_robot) by extension 'ignore_ament_install'
[2.429s] Level 1:colcon.colcon_core.package_identification:_identify(src/turn_on_wheeltec_robot) by extensions ['colcon_pkg']
[2.429s] Level 1:colcon.colcon_core.package_identification:_identify(src/turn_on_wheeltec_robot) by extension 'colcon_pkg'
[2.429s] Level 1:colcon.colcon_core.package_identification:_identify(src/turn_on_wheeltec_robot) by extensions ['colcon_meta']
[2.430s] Level 1:colcon.colcon_core.package_identification:_identify(src/turn_on_wheeltec_robot) by extension 'colcon_meta'
[2.430s] Level 1:colcon.colcon_core.package_identification:_identify(src/turn_on_wheeltec_robot) by extensions ['ros']
[2.430s] Level 1:colcon.colcon_core.package_identification:_identify(src/turn_on_wheeltec_robot) by extension 'ros'
[2.448s] DEBUG:colcon.colcon_core.package_identification:Package 'src/turn_on_wheeltec_robot' with type 'ros.ament_cmake' and name 'turn_on_wheeltec_robot'
[2.449s] Level 1:colcon.colcon_core.package_identification:_identify(src/usb_cam-ros2) by extensions ['ignore', 'ignore_ament_install']
[2.449s] Level 1:colcon.colcon_core.package_identification:_identify(src/usb_cam-ros2) by extension 'ignore'
[2.450s] Level 1:colcon.colcon_core.package_identification:_identify(src/usb_cam-ros2) by extension 'ignore_ament_install'
[2.450s] Level 1:colcon.colcon_core.package_identification:_identify(src/usb_cam-ros2) by extensions ['colcon_pkg']
[2.450s] Level 1:colcon.colcon_core.package_identification:_identify(src/usb_cam-ros2) by extension 'colcon_pkg'
[2.451s] Level 1:colcon.colcon_core.package_identification:_identify(src/usb_cam-ros2) by extensions ['colcon_meta']
[2.451s] Level 1:colcon.colcon_core.package_identification:_identify(src/usb_cam-ros2) by extension 'colcon_meta'
[2.452s] Level 1:colcon.colcon_core.package_identification:_identify(src/usb_cam-ros2) by extensions ['ros']
[2.452s] Level 1:colcon.colcon_core.package_identification:_identify(src/usb_cam-ros2) by extension 'ros'
[2.452s] Level 1:colcon.colcon_core.package_identification:_identify(src/usb_cam-ros2) by extensions ['cmake', 'python']
[2.453s] Level 1:colcon.colcon_core.package_identification:_identify(src/usb_cam-ros2) by extension 'cmake'
[2.453s] Level 1:colcon.colcon_core.package_identification:_identify(src/usb_cam-ros2) by extension 'python'
[2.453s] Level 1:colcon.colcon_core.package_identification:_identify(src/usb_cam-ros2) by extensions ['python_setup_py']
[2.454s] Level 1:colcon.colcon_core.package_identification:_identify(src/usb_cam-ros2) by extension 'python_setup_py'
[2.454s] Level 1:colcon.colcon_core.package_identification:_identify(src/usb_cam-ros2/usb_cam-ros2) by extensions ['ignore', 'ignore_ament_install']
[2.455s] Level 1:colcon.colcon_core.package_identification:_identify(src/usb_cam-ros2/usb_cam-ros2) by extension 'ignore'
[2.456s] Level 1:colcon.colcon_core.package_identification:_identify(src/usb_cam-ros2/usb_cam-ros2) by extension 'ignore_ament_install'
[2.456s] Level 1:colcon.colcon_core.package_identification:_identify(src/usb_cam-ros2/usb_cam-ros2) by extensions ['colcon_pkg']
[2.456s] Level 1:colcon.colcon_core.package_identification:_identify(src/usb_cam-ros2/usb_cam-ros2) by extension 'colcon_pkg'
[2.457s] Level 1:colcon.colcon_core.package_identification:_identify(src/usb_cam-ros2/usb_cam-ros2) by extensions ['colcon_meta']
[2.457s] Level 1:colcon.colcon_core.package_identification:_identify(src/usb_cam-ros2/usb_cam-ros2) by extension 'colcon_meta'
[2.458s] Level 1:colcon.colcon_core.package_identification:_identify(src/usb_cam-ros2/usb_cam-ros2) by extensions ['ros']
[2.458s] Level 1:colcon.colcon_core.package_identification:_identify(src/usb_cam-ros2/usb_cam-ros2) by extension 'ros'
[2.472s] DEBUG:colcon.colcon_core.package_identification:Package 'src/usb_cam-ros2/usb_cam-ros2' with type 'ros.ament_cmake' and name 'usb_cam'
[2.473s] Level 1:colcon.colcon_core.package_identification:_identify(src/wheeltec_lidar_ros2) by extensions ['ignore', 'ignore_ament_install']
[2.473s] Level 1:colcon.colcon_core.package_identification:_identify(src/wheeltec_lidar_ros2) by extension 'ignore'
[2.474s] Level 1:colcon.colcon_core.package_identification:_identify(src/wheeltec_lidar_ros2) by extension 'ignore_ament_install'
[2.474s] Level 1:colcon.colcon_core.package_identification:_identify(src/wheeltec_lidar_ros2) by extensions ['colcon_pkg']
[2.475s] Level 1:colcon.colcon_core.package_identification:_identify(src/wheeltec_lidar_ros2) by extension 'colcon_pkg'
[2.475s] Level 1:colcon.colcon_core.package_identification:_identify(src/wheeltec_lidar_ros2) by extensions ['colcon_meta']
[2.475s] Level 1:colcon.colcon_core.package_identification:_identify(src/wheeltec_lidar_ros2) by extension 'colcon_meta'
[2.476s] Level 1:colcon.colcon_core.package_identification:_identify(src/wheeltec_lidar_ros2) by extensions ['ros']
[2.476s] Level 1:colcon.colcon_core.package_identification:_identify(src/wheeltec_lidar_ros2) by extension 'ros'
[2.477s] Level 1:colcon.colcon_core.package_identification:_identify(src/wheeltec_lidar_ros2) by extensions ['cmake', 'python']
[2.477s] Level 1:colcon.colcon_core.package_identification:_identify(src/wheeltec_lidar_ros2) by extension 'cmake'
[2.477s] Level 1:colcon.colcon_core.package_identification:_identify(src/wheeltec_lidar_ros2) by extension 'python'
[2.477s] Level 1:colcon.colcon_core.package_identification:_identify(src/wheeltec_lidar_ros2) by extensions ['python_setup_py']
[2.478s] Level 1:colcon.colcon_core.package_identification:_identify(src/wheeltec_lidar_ros2) by extension 'python_setup_py'
[2.478s] Level 1:colcon.colcon_core.package_identification:_identify(src/wheeltec_lidar_ros2/LDlidar) by extensions ['ignore', 'ignore_ament_install']
[2.479s] Level 1:colcon.colcon_core.package_identification:_identify(src/wheeltec_lidar_ros2/LDlidar) by extension 'ignore'
[2.480s] Level 1:colcon.colcon_core.package_identification:_identify(src/wheeltec_lidar_ros2/LDlidar) by extension 'ignore_ament_install'
[2.480s] Level 1:colcon.colcon_core.package_identification:_identify(src/wheeltec_lidar_ros2/LDlidar) by extensions ['colcon_pkg']
[2.481s] Level 1:colcon.colcon_core.package_identification:_identify(src/wheeltec_lidar_ros2/LDlidar) by extension 'colcon_pkg'
[2.481s] Level 1:colcon.colcon_core.package_identification:_identify(src/wheeltec_lidar_ros2/LDlidar) by extensions ['colcon_meta']
[2.481s] Level 1:colcon.colcon_core.package_identification:_identify(src/wheeltec_lidar_ros2/LDlidar) by extension 'colcon_meta'
[2.482s] Level 1:colcon.colcon_core.package_identification:_identify(src/wheeltec_lidar_ros2/LDlidar) by extensions ['ros']
[2.482s] Level 1:colcon.colcon_core.package_identification:_identify(src/wheeltec_lidar_ros2/LDlidar) by extension 'ros'
[2.482s] Level 1:colcon.colcon_core.package_identification:_identify(src/wheeltec_lidar_ros2/LDlidar) by extensions ['cmake', 'python']
[2.483s] Level 1:colcon.colcon_core.package_identification:_identify(src/wheeltec_lidar_ros2/LDlidar) by extension 'cmake'
[2.483s] Level 1:colcon.colcon_core.package_identification:_identify(src/wheeltec_lidar_ros2/LDlidar) by extension 'python'
[2.483s] Level 1:colcon.colcon_core.package_identification:_identify(src/wheeltec_lidar_ros2/LDlidar) by extensions ['python_setup_py']
[2.484s] Level 1:colcon.colcon_core.package_identification:_identify(src/wheeltec_lidar_ros2/LDlidar) by extension 'python_setup_py'
[2.485s] Level 1:colcon.colcon_core.package_identification:_identify(src/wheeltec_lidar_ros2/LDlidar/ldlidar06) by extensions ['ignore', 'ignore_ament_install']
[2.485s] Level 1:colcon.colcon_core.package_identification:_identify(src/wheeltec_lidar_ros2/LDlidar/ldlidar06) by extension 'ignore'
[2.486s] Level 1:colcon.colcon_core.package_identification:_identify(src/wheeltec_lidar_ros2/LDlidar/ldlidar06) by extension 'ignore_ament_install'
[2.486s] Level 1:colcon.colcon_core.package_identification:_identify(src/wheeltec_lidar_ros2/LDlidar/ldlidar06) by extensions ['colcon_pkg']
[2.487s] Level 1:colcon.colcon_core.package_identification:_identify(src/wheeltec_lidar_ros2/LDlidar/ldlidar06) by extension 'colcon_pkg'
[2.487s] Level 1:colcon.colcon_core.package_identification:_identify(src/wheeltec_lidar_ros2/LDlidar/ldlidar06) by extensions ['colcon_meta']
[2.487s] Level 1:colcon.colcon_core.package_identification:_identify(src/wheeltec_lidar_ros2/LDlidar/ldlidar06) by extension 'colcon_meta'
[2.488s] Level 1:colcon.colcon_core.package_identification:_identify(src/wheeltec_lidar_ros2/LDlidar/ldlidar06) by extensions ['ros']
[2.488s] Level 1:colcon.colcon_core.package_identification:_identify(src/wheeltec_lidar_ros2/LDlidar/ldlidar06) by extension 'ros'
[2.493s] DEBUG:colcon.colcon_core.package_identification:Package 'src/wheeltec_lidar_ros2/LDlidar/ldlidar06' with type 'ros.ament_cmake' and name 'ldlidar_stl_ros2'
[2.494s] Level 1:colcon.colcon_core.package_identification:_identify(src/wheeltec_lidar_ros2/LDlidar/ldlidar14) by extensions ['ignore', 'ignore_ament_install']
[2.495s] Level 1:colcon.colcon_core.package_identification:_identify(src/wheeltec_lidar_ros2/LDlidar/ldlidar14) by extension 'ignore'
[2.495s] Level 1:colcon.colcon_core.package_identification:_identify(src/wheeltec_lidar_ros2/LDlidar/ldlidar14) by extension 'ignore_ament_install'
[2.496s] Level 1:colcon.colcon_core.package_identification:_identify(src/wheeltec_lidar_ros2/LDlidar/ldlidar14) by extensions ['colcon_pkg']
[2.496s] Level 1:colcon.colcon_core.package_identification:_identify(src/wheeltec_lidar_ros2/LDlidar/ldlidar14) by extension 'colcon_pkg'
[2.496s] Level 1:colcon.colcon_core.package_identification:_identify(src/wheeltec_lidar_ros2/LDlidar/ldlidar14) by extensions ['colcon_meta']
[2.497s] Level 1:colcon.colcon_core.package_identification:_identify(src/wheeltec_lidar_ros2/LDlidar/ldlidar14) by extension 'colcon_meta'
[2.497s] Level 1:colcon.colcon_core.package_identification:_identify(src/wheeltec_lidar_ros2/LDlidar/ldlidar14) by extensions ['ros']
[2.497s] Level 1:colcon.colcon_core.package_identification:_identify(src/wheeltec_lidar_ros2/LDlidar/ldlidar14) by extension 'ros'
[2.503s] DEBUG:colcon.colcon_core.package_identification:Package 'src/wheeltec_lidar_ros2/LDlidar/ldlidar14' with type 'ros.ament_cmake' and name 'ldlidar_sl_ros2'
[2.504s] Level 1:colcon.colcon_core.package_identification:_identify(src/wheeltec_lidar_ros2/LSlidar) by extensions ['ignore', 'ignore_ament_install']
[2.504s] Level 1:colcon.colcon_core.package_identification:_identify(src/wheeltec_lidar_ros2/LSlidar) by extension 'ignore'
[2.505s] Level 1:colcon.colcon_core.package_identification:_identify(src/wheeltec_lidar_ros2/LSlidar) by extension 'ignore_ament_install'
[2.505s] Level 1:colcon.colcon_core.package_identification:_identify(src/wheeltec_lidar_ros2/LSlidar) by extensions ['colcon_pkg']
[2.505s] Level 1:colcon.colcon_core.package_identification:_identify(src/wheeltec_lidar_ros2/LSlidar) by extension 'colcon_pkg'
[2.506s] Level 1:colcon.colcon_core.package_identification:_identify(src/wheeltec_lidar_ros2/LSlidar) by extensions ['colcon_meta']
[2.506s] Level 1:colcon.colcon_core.package_identification:_identify(src/wheeltec_lidar_ros2/LSlidar) by extension 'colcon_meta'
[2.507s] Level 1:colcon.colcon_core.package_identification:_identify(src/wheeltec_lidar_ros2/LSlidar) by extensions ['ros']
[2.507s] Level 1:colcon.colcon_core.package_identification:_identify(src/wheeltec_lidar_ros2/LSlidar) by extension 'ros'
[2.507s] Level 1:colcon.colcon_core.package_identification:_identify(src/wheeltec_lidar_ros2/LSlidar) by extensions ['cmake', 'python']
[2.508s] Level 1:colcon.colcon_core.package_identification:_identify(src/wheeltec_lidar_ros2/LSlidar) by extension 'cmake'
[2.508s] Level 1:colcon.colcon_core.package_identification:_identify(src/wheeltec_lidar_ros2/LSlidar) by extension 'python'
[2.509s] Level 1:colcon.colcon_core.package_identification:_identify(src/wheeltec_lidar_ros2/LSlidar) by extensions ['python_setup_py']
[2.509s] Level 1:colcon.colcon_core.package_identification:_identify(src/wheeltec_lidar_ros2/LSlidar) by extension 'python_setup_py'
[2.510s] Level 1:colcon.colcon_core.package_identification:_identify(src/wheeltec_lidar_ros2/LSlidar/lslidar_driver) by extensions ['ignore', 'ignore_ament_install']
[2.510s] Level 1:colcon.colcon_core.package_identification:_identify(src/wheeltec_lidar_ros2/LSlidar/lslidar_driver) by extension 'ignore'
[2.511s] Level 1:colcon.colcon_core.package_identification:_identify(src/wheeltec_lidar_ros2/LSlidar/lslidar_driver) by extension 'ignore_ament_install'
[2.511s] Level 1:colcon.colcon_core.package_identification:_identify(src/wheeltec_lidar_ros2/LSlidar/lslidar_driver) by extensions ['colcon_pkg']
[2.512s] Level 1:colcon.colcon_core.package_identification:_identify(src/wheeltec_lidar_ros2/LSlidar/lslidar_driver) by extension 'colcon_pkg'
[2.512s] Level 1:colcon.colcon_core.package_identification:_identify(src/wheeltec_lidar_ros2/LSlidar/lslidar_driver) by extensions ['colcon_meta']
[2.512s] Level 1:colcon.colcon_core.package_identification:_identify(src/wheeltec_lidar_ros2/LSlidar/lslidar_driver) by extension 'colcon_meta'
[2.513s] Level 1:colcon.colcon_core.package_identification:_identify(src/wheeltec_lidar_ros2/LSlidar/lslidar_driver) by extensions ['ros']
[2.513s] Level 1:colcon.colcon_core.package_identification:_identify(src/wheeltec_lidar_ros2/LSlidar/lslidar_driver) by extension 'ros'
[2.520s] DEBUG:colcon.colcon_core.package_identification:Package 'src/wheeltec_lidar_ros2/LSlidar/lslidar_driver' with type 'ros.ament_cmake' and name 'lslidar_driver'
[2.521s] Level 1:colcon.colcon_core.package_identification:_identify(src/wheeltec_lidar_ros2/LSlidar/lslidar_msgs) by extensions ['ignore', 'ignore_ament_install']
[2.521s] Level 1:colcon.colcon_core.package_identification:_identify(src/wheeltec_lidar_ros2/LSlidar/lslidar_msgs) by extension 'ignore'
[2.522s] Level 1:colcon.colcon_core.package_identification:_identify(src/wheeltec_lidar_ros2/LSlidar/lslidar_msgs) by extension 'ignore_ament_install'
[2.522s] Level 1:colcon.colcon_core.package_identification:_identify(src/wheeltec_lidar_ros2/LSlidar/lslidar_msgs) by extensions ['colcon_pkg']
[2.523s] Level 1:colcon.colcon_core.package_identification:_identify(src/wheeltec_lidar_ros2/LSlidar/lslidar_msgs) by extension 'colcon_pkg'
[2.523s] Level 1:colcon.colcon_core.package_identification:_identify(src/wheeltec_lidar_ros2/LSlidar/lslidar_msgs) by extensions ['colcon_meta']
[2.523s] Level 1:colcon.colcon_core.package_identification:_identify(src/wheeltec_lidar_ros2/LSlidar/lslidar_msgs) by extension 'colcon_meta'
[2.524s] Level 1:colcon.colcon_core.package_identification:_identify(src/wheeltec_lidar_ros2/LSlidar/lslidar_msgs) by extensions ['ros']
[2.524s] Level 1:colcon.colcon_core.package_identification:_identify(src/wheeltec_lidar_ros2/LSlidar/lslidar_msgs) by extension 'ros'
[2.529s] DEBUG:colcon.colcon_core.package_identification:Package 'src/wheeltec_lidar_ros2/LSlidar/lslidar_msgs' with type 'ros.ament_cmake' and name 'lslidar_msgs'
[2.530s] Level 1:colcon.colcon_core.package_identification:_identify(src/wheeltec_robot_msg) by extensions ['ignore', 'ignore_ament_install']
[2.531s] Level 1:colcon.colcon_core.package_identification:_identify(src/wheeltec_robot_msg) by extension 'ignore'
[2.531s] Level 1:colcon.colcon_core.package_identification:_identify(src/wheeltec_robot_msg) by extension 'ignore_ament_install'
[2.532s] Level 1:colcon.colcon_core.package_identification:_identify(src/wheeltec_robot_msg) by extensions ['colcon_pkg']
[2.532s] Level 1:colcon.colcon_core.package_identification:_identify(src/wheeltec_robot_msg) by extension 'colcon_pkg'
[2.532s] Level 1:colcon.colcon_core.package_identification:_identify(src/wheeltec_robot_msg) by extensions ['colcon_meta']
[2.532s] Level 1:colcon.colcon_core.package_identification:_identify(src/wheeltec_robot_msg) by extension 'colcon_meta'
[2.533s] Level 1:colcon.colcon_core.package_identification:_identify(src/wheeltec_robot_msg) by extensions ['ros']
[2.533s] Level 1:colcon.colcon_core.package_identification:_identify(src/wheeltec_robot_msg) by extension 'ros'
[2.537s] DEBUG:colcon.colcon_core.package_identification:Package 'src/wheeltec_robot_msg' with type 'ros.ament_cmake' and name 'wheeltec_robot_msg'
[2.538s] Level 1:colcon.colcon_core.package_identification:_identify(src/wheeltec_robot_urdf) by extensions ['ignore', 'ignore_ament_install']
[2.539s] Level 1:colcon.colcon_core.package_identification:_identify(src/wheeltec_robot_urdf) by extension 'ignore'
[2.540s] Level 1:colcon.colcon_core.package_identification:_identify(src/wheeltec_robot_urdf) by extension 'ignore_ament_install'
[2.540s] Level 1:colcon.colcon_core.package_identification:_identify(src/wheeltec_robot_urdf) by extensions ['colcon_pkg']
[2.541s] Level 1:colcon.colcon_core.package_identification:_identify(src/wheeltec_robot_urdf) by extension 'colcon_pkg'
[2.541s] Level 1:colcon.colcon_core.package_identification:_identify(src/wheeltec_robot_urdf) by extensions ['colcon_meta']
[2.542s] Level 1:colcon.colcon_core.package_identification:_identify(src/wheeltec_robot_urdf) by extension 'colcon_meta'
[2.543s] Level 1:colcon.colcon_core.package_identification:_identify(src/wheeltec_robot_urdf) by extensions ['ros']
[2.543s] Level 1:colcon.colcon_core.package_identification:_identify(src/wheeltec_robot_urdf) by extension 'ros'
[2.544s] Level 1:colcon.colcon_core.package_identification:_identify(src/wheeltec_robot_urdf) by extensions ['cmake', 'python']
[2.545s] Level 1:colcon.colcon_core.package_identification:_identify(src/wheeltec_robot_urdf) by extension 'cmake'
[2.545s] Level 1:colcon.colcon_core.package_identification:_identify(src/wheeltec_robot_urdf) by extension 'python'
[2.546s] Level 1:colcon.colcon_core.package_identification:_identify(src/wheeltec_robot_urdf) by extensions ['python_setup_py']
[2.546s] Level 1:colcon.colcon_core.package_identification:_identify(src/wheeltec_robot_urdf) by extension 'python_setup_py'
[2.547s] Level 1:colcon.colcon_core.package_identification:_identify(src/wheeltec_robot_urdf/wheeltec_robot_urdf) by extensions ['ignore', 'ignore_ament_install']
[2.548s] Level 1:colcon.colcon_core.package_identification:_identify(src/wheeltec_robot_urdf/wheeltec_robot_urdf) by extension 'ignore'
[2.549s] Level 1:colcon.colcon_core.package_identification:_identify(src/wheeltec_robot_urdf/wheeltec_robot_urdf) by extension 'ignore_ament_install'
[2.549s] Level 1:colcon.colcon_core.package_identification:_identify(src/wheeltec_robot_urdf/wheeltec_robot_urdf) by extensions ['colcon_pkg']
[2.549s] Level 1:colcon.colcon_core.package_identification:_identify(src/wheeltec_robot_urdf/wheeltec_robot_urdf) by extension 'colcon_pkg'
[2.550s] Level 1:colcon.colcon_core.package_identification:_identify(src/wheeltec_robot_urdf/wheeltec_robot_urdf) by extensions ['colcon_meta']
[2.550s] Level 1:colcon.colcon_core.package_identification:_identify(src/wheeltec_robot_urdf/wheeltec_robot_urdf) by extension 'colcon_meta'
[2.550s] Level 1:colcon.colcon_core.package_identification:_identify(src/wheeltec_robot_urdf/wheeltec_robot_urdf) by extensions ['ros']
[2.551s] Level 1:colcon.colcon_core.package_identification:_identify(src/wheeltec_robot_urdf/wheeltec_robot_urdf) by extension 'ros'
[2.556s] DEBUG:colcon.colcon_core.package_identification:Package 'src/wheeltec_robot_urdf/wheeltec_robot_urdf' with type 'ros.ament_cmake' and name 'wheeltec_robot_urdf'
[2.556s] Level 1:colcon.colcon_core.package_discovery:discover_packages(recursive) using defaults
[2.557s] Level 1:colcon.colcon_core.package_discovery:discover_packages(ignore) discover
[2.557s] Level 1:colcon.colcon_core.package_discovery:discover_packages(ignore) using defaults
[2.557s] Level 1:colcon.colcon_core.package_discovery:discover_packages(path) discover
[2.557s] Level 1:colcon.colcon_core.package_discovery:discover_packages(path) using defaults
[2.712s] INFO:colcon.colcon_core.package_selection:Skipping not selected package 'ldlidar_sl_ros2' in 'src/wheeltec_lidar_ros2/LDlidar/ldlidar14'
[2.712s] INFO:colcon.colcon_core.package_selection:Skipping not selected package 'ldlidar_stl_ros2' in 'src/wheeltec_lidar_ros2/LDlidar/ldlidar06'
[2.712s] INFO:colcon.colcon_core.package_selection:Skipping not selected package 'lslidar_msgs' in 'src/wheeltec_lidar_ros2/LSlidar/lslidar_msgs'
[2.713s] INFO:colcon.colcon_core.package_selection:Skipping not selected package 'serial' in 'src/serial_ros2'
[2.713s] INFO:colcon.colcon_core.package_selection:Skipping not selected package 'tf2_tools' in 'src/tf2_tools'
[2.713s] INFO:colcon.colcon_core.package_selection:Skipping not selected package 'usb_cam' in 'src/usb_cam-ros2/usb_cam-ros2'
[2.713s] INFO:colcon.colcon_core.package_selection:Skipping not selected package 'wheeltec_robot_msg' in 'src/wheeltec_robot_msg'
[2.713s] INFO:colcon.colcon_core.package_selection:Skipping not selected package 'lslidar_driver' in 'src/wheeltec_lidar_ros2/LSlidar/lslidar_driver'
[2.714s] INFO:colcon.colcon_core.package_selection:Skipping not selected package 'turn_on_wheeltec_robot' in 'src/turn_on_wheeltec_robot'
[2.716s] Level 1:colcon.colcon_core.package_discovery:discover_packages(prefix_path) check parameters
[2.717s] Level 1:colcon.colcon_core.package_discovery:discover_packages(prefix_path) discover
[2.733s] DEBUG:colcon.colcon_installed_package_information.package_discovery:Found 10 installed packages in /home/sunrise/wheeltec_robot_ws/install
[2.745s] DEBUG:colcon.colcon_installed_package_information.package_discovery:Found 328 installed packages in /opt/ros/humble
[2.841s] Level 1:colcon.colcon_core.package_discovery:discover_packages(prefix_path) using defaults
[3.239s] Level 5:colcon.colcon_core.verb:set package 'wheeltec_robot_urdf' build argument 'cmake_args' from command line to 'None'
[3.240s] Level 5:colcon.colcon_core.verb:set package 'wheeltec_robot_urdf' build argument 'cmake_target' from command line to 'None'
[3.240s] Level 5:colcon.colcon_core.verb:set package 'wheeltec_robot_urdf' build argument 'cmake_target_skip_unavailable' from command line to 'False'
[3.240s] Level 5:colcon.colcon_core.verb:set package 'wheeltec_robot_urdf' build argument 'cmake_clean_cache' from command line to 'False'
[3.240s] Level 5:colcon.colcon_core.verb:set package 'wheeltec_robot_urdf' build argument 'cmake_clean_first' from command line to 'False'
[3.241s] Level 5:colcon.colcon_core.verb:set package 'wheeltec_robot_urdf' build argument 'cmake_force_configure' from command line to 'False'
[3.241s] Level 5:colcon.colcon_core.verb:set package 'wheeltec_robot_urdf' build argument 'ament_cmake_args' from command line to 'None'
[3.241s] Level 5:colcon.colcon_core.verb:set package 'wheeltec_robot_urdf' build argument 'catkin_cmake_args' from command line to 'None'
[3.241s] Level 5:colcon.colcon_core.verb:set package 'wheeltec_robot_urdf' build argument 'catkin_skip_building_tests' from command line to 'False'
[3.242s] DEBUG:colcon.colcon_core.verb:Building package 'wheeltec_robot_urdf' with the following arguments: {'ament_cmake_args': None, 'build_base': '/home/sunrise/wheeltec_robot_ws/build/wheeltec_robot_urdf', 'catkin_cmake_args': None, 'catkin_skip_building_tests': False, 'cmake_args': None, 'cmake_clean_cache': False, 'cmake_clean_first': False, 'cmake_force_configure': False, 'cmake_target': None, 'cmake_target_skip_unavailable': False, 'install_base': '/home/sunrise/wheeltec_robot_ws/install/wheeltec_robot_urdf', 'merge_install': False, 'path': '/home/sunrise/wheeltec_robot_ws/src/wheeltec_robot_urdf/wheeltec_robot_urdf', 'symlink_install': False, 'test_result_base': None}
[3.243s] INFO:colcon.colcon_core.executor:Executing jobs using 'parallel' executor
[3.250s] DEBUG:colcon.colcon_parallel_executor.executor.parallel:run_until_complete
[3.252s] INFO:colcon.colcon_ros.task.ament_cmake.build:Building ROS package in '/home/sunrise/wheeltec_robot_ws/src/wheeltec_robot_urdf/wheeltec_robot_urdf' with build type 'ament_cmake'
[3.253s] INFO:colcon.colcon_cmake.task.cmake.build:Building CMake package in '/home/sunrise/wheeltec_robot_ws/src/wheeltec_robot_urdf/wheeltec_robot_urdf'
[3.272s] INFO:colcon.colcon_core.plugin_system:Skipping extension 'colcon_core.shell.bat': Not used on non-Windows systems
[3.273s] INFO:colcon.colcon_core.shell:Skip shell extension 'powershell' for command environment: Not usable outside of PowerShell
[3.274s] DEBUG:colcon.colcon_core.shell:Skip shell extension 'dsv' for command environment
[3.324s] DEBUG:colcon.colcon_core.event_handler.log_command:Invoking command in '/home/sunrise/wheeltec_robot_ws/build/wheeltec_robot_urdf': CMAKE_PREFIX_PATH=${CMAKE_PREFIX_PATH}:/home/sunrise/wheeltec_robot_ws/install/tf2_tools:/opt/ros/humble /usr/bin/cmake --build /home/sunrise/wheeltec_robot_ws/build/wheeltec_robot_urdf -- -j4 -l4
[3.482s] DEBUG:colcon.colcon_core.event_handler.log_command:Invoked command in '/home/sunrise/wheeltec_robot_ws/build/wheeltec_robot_urdf' returned '0': CMAKE_PREFIX_PATH=${CMAKE_PREFIX_PATH}:/home/sunrise/wheeltec_robot_ws/install/tf2_tools:/opt/ros/humble /usr/bin/cmake --build /home/sunrise/wheeltec_robot_ws/build/wheeltec_robot_urdf -- -j4 -l4
[3.594s] DEBUG:colcon.colcon_core.event_handler.log_command:Invoking command in '/home/sunrise/wheeltec_robot_ws/build/wheeltec_robot_urdf': CMAKE_PREFIX_PATH=${CMAKE_PREFIX_PATH}:/home/sunrise/wheeltec_robot_ws/install/tf2_tools:/opt/ros/humble /usr/bin/cmake --install /home/sunrise/wheeltec_robot_ws/build/wheeltec_robot_urdf
[3.645s] Level 1:colcon.colcon_core.environment:create_environment_scripts_only(wheeltec_robot_urdf)
[3.689s] Level 1:colcon.colcon_core.environment:checking '/home/sunrise/wheeltec_robot_ws/install/wheeltec_robot_urdf' for CMake module files
[3.701s] Level 1:colcon.colcon_core.environment:checking '/home/sunrise/wheeltec_robot_ws/install/wheeltec_robot_urdf' for CMake config files
[3.708s] DEBUG:colcon.colcon_core.event_handler.log_command:Invoked command in '/home/sunrise/wheeltec_robot_ws/build/wheeltec_robot_urdf' returned '0': CMAKE_PREFIX_PATH=${CMAKE_PREFIX_PATH}:/home/sunrise/wheeltec_robot_ws/install/tf2_tools:/opt/ros/humble /usr/bin/cmake --install /home/sunrise/wheeltec_robot_ws/build/wheeltec_robot_urdf
[3.709s] Level 1:colcon.colcon_core.shell:create_environment_hook('wheeltec_robot_urdf', 'cmake_prefix_path')
[3.711s] INFO:colcon.colcon_core.shell:Creating environment hook '/home/sunrise/wheeltec_robot_ws/install/wheeltec_robot_urdf/share/wheeltec_robot_urdf/hook/cmake_prefix_path.ps1'
[3.715s] INFO:colcon.colcon_core.shell:Creating environment descriptor '/home/sunrise/wheeltec_robot_ws/install/wheeltec_robot_urdf/share/wheeltec_robot_urdf/hook/cmake_prefix_path.dsv'
[3.718s] INFO:colcon.colcon_core.shell:Creating environment hook '/home/sunrise/wheeltec_robot_ws/install/wheeltec_robot_urdf/share/wheeltec_robot_urdf/hook/cmake_prefix_path.sh'
[3.724s] Level 1:colcon.colcon_core.environment:checking '/home/sunrise/wheeltec_robot_ws/install/wheeltec_robot_urdf/bin'
[3.725s] Level 1:colcon.colcon_core.environment:checking '/home/sunrise/wheeltec_robot_ws/install/wheeltec_robot_urdf/lib/pkgconfig/wheeltec_robot_urdf.pc'
[3.727s] Level 1:colcon.colcon_core.environment:checking '/home/sunrise/wheeltec_robot_ws/install/wheeltec_robot_urdf/lib/python3.10/site-packages'
[3.729s] Level 1:colcon.colcon_core.environment:checking '/home/sunrise/wheeltec_robot_ws/install/wheeltec_robot_urdf/bin'
[3.732s] INFO:colcon.colcon_core.shell:Creating package script '/home/sunrise/wheeltec_robot_ws/install/wheeltec_robot_urdf/share/wheeltec_robot_urdf/package.ps1'
[3.738s] INFO:colcon.colcon_core.shell:Creating package descriptor '/home/sunrise/wheeltec_robot_ws/install/wheeltec_robot_urdf/share/wheeltec_robot_urdf/package.dsv'
[3.741s] INFO:colcon.colcon_core.shell:Creating package script '/home/sunrise/wheeltec_robot_ws/install/wheeltec_robot_urdf/share/wheeltec_robot_urdf/package.sh'
[3.747s] INFO:colcon.colcon_core.shell:Creating package script '/home/sunrise/wheeltec_robot_ws/install/wheeltec_robot_urdf/share/wheeltec_robot_urdf/package.bash'
[3.754s] INFO:colcon.colcon_core.shell:Creating package script '/home/sunrise/wheeltec_robot_ws/install/wheeltec_robot_urdf/share/wheeltec_robot_urdf/package.zsh'
[3.759s] Level 1:colcon.colcon_core.environment:create_file_with_runtime_dependencies(/home/sunrise/wheeltec_robot_ws/install/wheeltec_robot_urdf/share/colcon-core/packages/wheeltec_robot_urdf)
[3.834s] Level 1:colcon.colcon_core.environment:create_environment_scripts_only(wheeltec_robot_urdf)
[3.836s] Level 1:colcon.colcon_core.environment:checking '/home/sunrise/wheeltec_robot_ws/install/wheeltec_robot_urdf' for CMake module files
[3.840s] Level 1:colcon.colcon_core.environment:checking '/home/sunrise/wheeltec_robot_ws/install/wheeltec_robot_urdf' for CMake config files
[3.842s] Level 1:colcon.colcon_core.shell:create_environment_hook('wheeltec_robot_urdf', 'cmake_prefix_path')
[3.844s] INFO:colcon.colcon_core.shell:Creating environment hook '/home/sunrise/wheeltec_robot_ws/install/wheeltec_robot_urdf/share/wheeltec_robot_urdf/hook/cmake_prefix_path.ps1'
[3.847s] INFO:colcon.colcon_core.shell:Creating environment descriptor '/home/sunrise/wheeltec_robot_ws/install/wheeltec_robot_urdf/share/wheeltec_robot_urdf/hook/cmake_prefix_path.dsv'
[3.849s] INFO:colcon.colcon_core.shell:Creating environment hook '/home/sunrise/wheeltec_robot_ws/install/wheeltec_robot_urdf/share/wheeltec_robot_urdf/hook/cmake_prefix_path.sh'
[3.852s] Level 1:colcon.colcon_core.environment:checking '/home/sunrise/wheeltec_robot_ws/install/wheeltec_robot_urdf/bin'
[3.853s] Level 1:colcon.colcon_core.environment:checking '/home/sunrise/wheeltec_robot_ws/install/wheeltec_robot_urdf/lib/pkgconfig/wheeltec_robot_urdf.pc'
[3.855s] Level 1:colcon.colcon_core.environment:checking '/home/sunrise/wheeltec_robot_ws/install/wheeltec_robot_urdf/lib/python3.10/site-packages'
[3.858s] Level 1:colcon.colcon_core.environment:checking '/home/sunrise/wheeltec_robot_ws/install/wheeltec_robot_urdf/bin'
[3.860s] INFO:colcon.colcon_core.shell:Creating package script '/home/sunrise/wheeltec_robot_ws/install/wheeltec_robot_urdf/share/wheeltec_robot_urdf/package.ps1'
[3.864s] INFO:colcon.colcon_core.shell:Creating package descriptor '/home/sunrise/wheeltec_robot_ws/install/wheeltec_robot_urdf/share/wheeltec_robot_urdf/package.dsv'
[3.867s] INFO:colcon.colcon_core.shell:Creating package script '/home/sunrise/wheeltec_robot_ws/install/wheeltec_robot_urdf/share/wheeltec_robot_urdf/package.sh'
[3.870s] INFO:colcon.colcon_core.shell:Creating package script '/home/sunrise/wheeltec_robot_ws/install/wheeltec_robot_urdf/share/wheeltec_robot_urdf/package.bash'
[3.873s] INFO:colcon.colcon_core.shell:Creating package script '/home/sunrise/wheeltec_robot_ws/install/wheeltec_robot_urdf/share/wheeltec_robot_urdf/package.zsh'
[3.876s] Level 1:colcon.colcon_core.environment:create_file_with_runtime_dependencies(/home/sunrise/wheeltec_robot_ws/install/wheeltec_robot_urdf/share/colcon-core/packages/wheeltec_robot_urdf)
[3.878s] DEBUG:colcon.colcon_parallel_executor.executor.parallel:closing loop
[3.879s] DEBUG:colcon.colcon_parallel_executor.executor.parallel:loop closed
[3.880s] DEBUG:colcon.colcon_parallel_executor.executor.parallel:run_until_complete finished with '0'
[3.880s] DEBUG:colcon.colcon_core.event_reactor:joining thread
[3.913s] INFO:colcon.colcon_core.plugin_system:Skipping extension 'colcon_notification.desktop_notification.notify_send': Could not find 'notify-send'
[3.914s] INFO:colcon.colcon_core.plugin_system:Skipping extension 'colcon_notification.desktop_notification.terminal_notifier': Not used on non-Darwin systems
[3.914s] INFO:colcon.colcon_core.plugin_system:Skipping extension 'colcon_notification.desktop_notification.win32': Not used on non-Windows systems
[3.915s] INFO:colcon.colcon_notification.desktop_notification:Sending desktop notification using 'notify2'
[3.936s] DEBUG:colcon.colcon_core.event_reactor:joined thread
[3.938s] INFO:colcon.colcon_core.shell:Creating prefix script '/home/sunrise/wheeltec_robot_ws/install/local_setup.ps1'
[3.945s] INFO:colcon.colcon_core.shell:Creating prefix util module '/home/sunrise/wheeltec_robot_ws/install/_local_setup_util_ps1.py'
[3.957s] INFO:colcon.colcon_core.shell:Creating prefix chain script '/home/sunrise/wheeltec_robot_ws/install/setup.ps1'
[3.967s] INFO:colcon.colcon_core.shell:Creating prefix script '/home/sunrise/wheeltec_robot_ws/install/local_setup.sh'
[3.971s] INFO:colcon.colcon_core.shell:Creating prefix util module '/home/sunrise/wheeltec_robot_ws/install/_local_setup_util_sh.py'
[3.974s] INFO:colcon.colcon_core.shell:Creating prefix chain script '/home/sunrise/wheeltec_robot_ws/install/setup.sh'
[3.984s] INFO:colcon.colcon_core.shell:Creating prefix script '/home/sunrise/wheeltec_robot_ws/install/local_setup.bash'
[3.988s] INFO:colcon.colcon_core.shell:Creating prefix chain script '/home/sunrise/wheeltec_robot_ws/install/setup.bash'
[3.997s] INFO:colcon.colcon_core.shell:Creating prefix script '/home/sunrise/wheeltec_robot_ws/install/local_setup.zsh'
[4.001s] INFO:colcon.colcon_core.shell:Creating prefix chain script '/home/sunrise/wheeltec_robot_ws/install/setup.zsh'
