[0.092s] Invoking command in '/home/sunrise/wheeltec_robot_ws/build/turn_on_wheeltec_robot': CMAKE_PREFIX_PATH=/home/sunrise/wheeltec_robot_ws/install/wheeltec_robot_msg:/home/sunrise/wheeltec_robot_ws/install/serial:/home/sunrise/wheeltec_robot_ws/install/astra_camera:/home/sunrise/wheeltec_robot_ws/install/astra_camera_msgs:/home/sunrise/wheeltec_robot_ws/install/wheeltec_slam_toolbox:/home/sunrise/wheeltec_robot_ws/install/wheeltec_robot_urdf:/home/sunrise/wheeltec_robot_ws/install/turn_on_wheeltec_robot:/home/sunrise/wheeltec_robot_ws/install/wheeltec_nav2:/home/sunrise/wheeltec_robot_ws/install/wheeltec_cartographer:/home/sunrise/wheeltec_robot_ws/install/web_video_server:/home/sunrise/wheeltec_robot_ws/install/usb_cam:/home/sunrise/wheeltec_robot_ws/install/slam_gmapping:/home/sunrise/wheeltec_robot_ws/install/openslam_gmapping:/home/sunrise/wheeltec_robot_ws/install/lslidar_driver:/home/sunrise/wheeltec_robot_ws/install/lslidar_msgs:/home/sunrise/wheeltec_robot_ws/install/ldlidar_stl_ros2:/home/sunrise/wheeltec_robot_ws/install/ldlidar_sl_ros2:/home/sunrise/wheeltec_robot_ws/install/simple_follower_ros2:/home/sunrise/wheeltec_robot_ws/install/wheeltec_robot_keyboard:/home/sunrise/wheeltec_robot_ws/install/tf2_tools:/opt/ros/humble LD_LIBRARY_PATH=/home/sunrise/wheeltec_robot_ws/install/wheeltec_robot_msg/lib:/home/sunrise/wheeltec_robot_ws/install/astra_camera/lib:/home/sunrise/wheeltec_robot_ws/install/astra_camera_msgs/lib:/home/sunrise/wheeltec_robot_ws/install/turn_on_wheeltec_robot/lib:/home/sunrise/wheeltec_robot_ws/install/usb_cam/lib:/home/sunrise/wheeltec_robot_ws/install/serial/lib:/home/sunrise/wheeltec_robot_ws/install/openslam_gmapping/lib:/home/sunrise/wheeltec_robot_ws/install/lslidar_msgs/lib:/opt/ros/humble/opt/rviz_ogre_vendor/lib:/opt/ros/humble/lib/aarch64-linux-gnu:/opt/ros/humble/lib /usr/bin/cmake --build /home/sunrise/wheeltec_robot_ws/build/turn_on_wheeltec_robot -- -j4 -l4
[0.346s] [  2%] Built target turn_on_wheeltec_robot__cpp
[0.355s] [ 11%] Built target turn_on_wheeltec_robot__rosidl_generator_c
[0.446s] [ 20%] Built target turn_on_wheeltec_robot__rosidl_typesupport_cpp
[0.471s] [ 20%] Built target ament_cmake_python_copy_turn_on_wheeltec_robot
[0.491s] [ 29%] Built target wheeltec_robot_node
[0.531s] [ 38%] Built target turn_on_wheeltec_robot__rosidl_typesupport_fastrtps_cpp
[0.581s] [ 47%] Built target turn_on_wheeltec_robot__rosidl_typesupport_introspection_c
[0.623s] [ 55%] Built target turn_on_wheeltec_robot__rosidl_typesupport_c
[0.657s] [ 64%] Built target turn_on_wheeltec_robot__rosidl_typesupport_introspection_cpp
[0.713s] [ 73%] Built target turn_on_wheeltec_robot__rosidl_typesupport_fastrtps_c
[0.829s] [ 73%] Built target turn_on_wheeltec_robot
[0.956s] [ 76%] Built target turn_on_wheeltec_robot__py
[1.069s] [ 82%] Built target turn_on_wheeltec_robot__rosidl_generator_py
[1.284s] [ 88%] Built target turn_on_wheeltec_robot__rosidl_typesupport_fastrtps_c__pyext
[1.286s] [ 94%] Built target turn_on_wheeltec_robot__rosidl_typesupport_introspection_c__pyext
[1.297s] [100%] Built target turn_on_wheeltec_robot__rosidl_typesupport_c__pyext
[3.259s] running egg_info
[3.266s] writing turn_on_wheeltec_robot.egg-info/PKG-INFO
[3.268s] writing dependency_links to turn_on_wheeltec_robot.egg-info/dependency_links.txt
[3.269s] writing top-level names to turn_on_wheeltec_robot.egg-info/top_level.txt
[3.290s] reading manifest file 'turn_on_wheeltec_robot.egg-info/SOURCES.txt'
[3.296s] writing manifest file 'turn_on_wheeltec_robot.egg-info/SOURCES.txt'
[3.531s] [100%] Built target ament_cmake_python_build_turn_on_wheeltec_robot_egg
[3.586s] Invoked command in '/home/sunrise/wheeltec_robot_ws/build/turn_on_wheeltec_robot' returned '0': CMAKE_PREFIX_PATH=/home/sunrise/wheeltec_robot_ws/install/wheeltec_robot_msg:/home/sunrise/wheeltec_robot_ws/install/serial:/home/sunrise/wheeltec_robot_ws/install/astra_camera:/home/sunrise/wheeltec_robot_ws/install/astra_camera_msgs:/home/sunrise/wheeltec_robot_ws/install/wheeltec_slam_toolbox:/home/sunrise/wheeltec_robot_ws/install/wheeltec_robot_urdf:/home/sunrise/wheeltec_robot_ws/install/turn_on_wheeltec_robot:/home/sunrise/wheeltec_robot_ws/install/wheeltec_nav2:/home/sunrise/wheeltec_robot_ws/install/wheeltec_cartographer:/home/sunrise/wheeltec_robot_ws/install/web_video_server:/home/sunrise/wheeltec_robot_ws/install/usb_cam:/home/sunrise/wheeltec_robot_ws/install/slam_gmapping:/home/sunrise/wheeltec_robot_ws/install/openslam_gmapping:/home/sunrise/wheeltec_robot_ws/install/lslidar_driver:/home/sunrise/wheeltec_robot_ws/install/lslidar_msgs:/home/sunrise/wheeltec_robot_ws/install/ldlidar_stl_ros2:/home/sunrise/wheeltec_robot_ws/install/ldlidar_sl_ros2:/home/sunrise/wheeltec_robot_ws/install/simple_follower_ros2:/home/sunrise/wheeltec_robot_ws/install/wheeltec_robot_keyboard:/home/sunrise/wheeltec_robot_ws/install/tf2_tools:/opt/ros/humble LD_LIBRARY_PATH=/home/sunrise/wheeltec_robot_ws/install/wheeltec_robot_msg/lib:/home/sunrise/wheeltec_robot_ws/install/astra_camera/lib:/home/sunrise/wheeltec_robot_ws/install/astra_camera_msgs/lib:/home/sunrise/wheeltec_robot_ws/install/turn_on_wheeltec_robot/lib:/home/sunrise/wheeltec_robot_ws/install/usb_cam/lib:/home/sunrise/wheeltec_robot_ws/install/serial/lib:/home/sunrise/wheeltec_robot_ws/install/openslam_gmapping/lib:/home/sunrise/wheeltec_robot_ws/install/lslidar_msgs/lib:/opt/ros/humble/opt/rviz_ogre_vendor/lib:/opt/ros/humble/lib/aarch64-linux-gnu:/opt/ros/humble/lib /usr/bin/cmake --build /home/sunrise/wheeltec_robot_ws/build/turn_on_wheeltec_robot -- -j4 -l4
[3.882s] Invoking command in '/home/sunrise/wheeltec_robot_ws/build/turn_on_wheeltec_robot': CMAKE_PREFIX_PATH=/home/sunrise/wheeltec_robot_ws/install/wheeltec_robot_msg:/home/sunrise/wheeltec_robot_ws/install/serial:/home/sunrise/wheeltec_robot_ws/install/astra_camera:/home/sunrise/wheeltec_robot_ws/install/astra_camera_msgs:/home/sunrise/wheeltec_robot_ws/install/wheeltec_slam_toolbox:/home/sunrise/wheeltec_robot_ws/install/wheeltec_robot_urdf:/home/sunrise/wheeltec_robot_ws/install/turn_on_wheeltec_robot:/home/sunrise/wheeltec_robot_ws/install/wheeltec_nav2:/home/sunrise/wheeltec_robot_ws/install/wheeltec_cartographer:/home/sunrise/wheeltec_robot_ws/install/web_video_server:/home/sunrise/wheeltec_robot_ws/install/usb_cam:/home/sunrise/wheeltec_robot_ws/install/slam_gmapping:/home/sunrise/wheeltec_robot_ws/install/openslam_gmapping:/home/sunrise/wheeltec_robot_ws/install/lslidar_driver:/home/sunrise/wheeltec_robot_ws/install/lslidar_msgs:/home/sunrise/wheeltec_robot_ws/install/ldlidar_stl_ros2:/home/sunrise/wheeltec_robot_ws/install/ldlidar_sl_ros2:/home/sunrise/wheeltec_robot_ws/install/simple_follower_ros2:/home/sunrise/wheeltec_robot_ws/install/wheeltec_robot_keyboard:/home/sunrise/wheeltec_robot_ws/install/tf2_tools:/opt/ros/humble LD_LIBRARY_PATH=/home/sunrise/wheeltec_robot_ws/install/wheeltec_robot_msg/lib:/home/sunrise/wheeltec_robot_ws/install/astra_camera/lib:/home/sunrise/wheeltec_robot_ws/install/astra_camera_msgs/lib:/home/sunrise/wheeltec_robot_ws/install/turn_on_wheeltec_robot/lib:/home/sunrise/wheeltec_robot_ws/install/usb_cam/lib:/home/sunrise/wheeltec_robot_ws/install/serial/lib:/home/sunrise/wheeltec_robot_ws/install/openslam_gmapping/lib:/home/sunrise/wheeltec_robot_ws/install/lslidar_msgs/lib:/opt/ros/humble/opt/rviz_ogre_vendor/lib:/opt/ros/humble/lib/aarch64-linux-gnu:/opt/ros/humble/lib /usr/bin/cmake --install /home/sunrise/wheeltec_robot_ws/build/turn_on_wheeltec_robot
[3.924s] -- Install configuration: ""
[3.925s] -- Up-to-date: /home/sunrise/wheeltec_robot_ws/install/turn_on_wheeltec_robot/share/ament_index/resource_index/rosidl_interfaces/turn_on_wheeltec_robot
[3.930s] -- Up-to-date: /home/sunrise/wheeltec_robot_ws/install/turn_on_wheeltec_robot/include/turn_on_wheeltec_robot/turn_on_wheeltec_robot
[3.931s] -- Up-to-date: /home/sunrise/wheeltec_robot_ws/install/turn_on_wheeltec_robot/include/turn_on_wheeltec_robot/turn_on_wheeltec_robot/msg
[3.935s] -- Up-to-date: /home/sunrise/wheeltec_robot_ws/install/turn_on_wheeltec_robot/include/turn_on_wheeltec_robot/turn_on_wheeltec_robot/msg/rosidl_generator_c__visibility_control.h
[3.942s] -- Up-to-date: /home/sunrise/wheeltec_robot_ws/install/turn_on_wheeltec_robot/include/turn_on_wheeltec_robot/turn_on_wheeltec_robot/msg/detail
[3.943s] -- Up-to-date: /home/sunrise/wheeltec_robot_ws/install/turn_on_wheeltec_robot/include/turn_on_wheeltec_robot/turn_on_wheeltec_robot/msg/detail/position__functions.h
[3.952s] -- Up-to-date: /home/sunrise/wheeltec_robot_ws/install/turn_on_wheeltec_robot/include/turn_on_wheeltec_robot/turn_on_wheeltec_robot/msg/detail/position__type_support.h
[3.953s] -- Up-to-date: /home/sunrise/wheeltec_robot_ws/install/turn_on_wheeltec_robot/include/turn_on_wheeltec_robot/turn_on_wheeltec_robot/msg/detail/position__struct.h
[3.954s] -- Up-to-date: /home/sunrise/wheeltec_robot_ws/install/turn_on_wheeltec_robot/include/turn_on_wheeltec_robot/turn_on_wheeltec_robot/msg/detail/position__functions.c
[3.955s] -- Up-to-date: /home/sunrise/wheeltec_robot_ws/install/turn_on_wheeltec_robot/include/turn_on_wheeltec_robot/turn_on_wheeltec_robot/msg/position.h
[3.956s] -- Up-to-date: /home/sunrise/wheeltec_robot_ws/install/turn_on_wheeltec_robot/share/turn_on_wheeltec_robot/environment/library_path.sh
[3.957s] -- Up-to-date: /home/sunrise/wheeltec_robot_ws/install/turn_on_wheeltec_robot/share/turn_on_wheeltec_robot/environment/library_path.dsv
[3.958s] -- Up-to-date: /home/sunrise/wheeltec_robot_ws/install/turn_on_wheeltec_robot/lib/libturn_on_wheeltec_robot__rosidl_generator_c.so
[3.959s] -- Up-to-date: /home/sunrise/wheeltec_robot_ws/install/turn_on_wheeltec_robot/include/turn_on_wheeltec_robot/turn_on_wheeltec_robot
[3.969s] -- Up-to-date: /home/sunrise/wheeltec_robot_ws/install/turn_on_wheeltec_robot/include/turn_on_wheeltec_robot/turn_on_wheeltec_robot/msg
[3.970s] -- Up-to-date: /home/sunrise/wheeltec_robot_ws/install/turn_on_wheeltec_robot/include/turn_on_wheeltec_robot/turn_on_wheeltec_robot/msg/rosidl_typesupport_fastrtps_c__visibility_control.h
[3.970s] -- Up-to-date: /home/sunrise/wheeltec_robot_ws/install/turn_on_wheeltec_robot/include/turn_on_wheeltec_robot/turn_on_wheeltec_robot/msg/detail
[3.972s] -- Up-to-date: /home/sunrise/wheeltec_robot_ws/install/turn_on_wheeltec_robot/include/turn_on_wheeltec_robot/turn_on_wheeltec_robot/msg/detail/position__rosidl_typesupport_fastrtps_c.h
[3.977s] -- Up-to-date: /home/sunrise/wheeltec_robot_ws/install/turn_on_wheeltec_robot/lib/libturn_on_wheeltec_robot__rosidl_typesupport_fastrtps_c.so
[3.978s] -- Up-to-date: /home/sunrise/wheeltec_robot_ws/install/turn_on_wheeltec_robot/include/turn_on_wheeltec_robot/turn_on_wheeltec_robot
[3.978s] -- Up-to-date: /home/sunrise/wheeltec_robot_ws/install/turn_on_wheeltec_robot/include/turn_on_wheeltec_robot/turn_on_wheeltec_robot/msg
[3.979s] -- Up-to-date: /home/sunrise/wheeltec_robot_ws/install/turn_on_wheeltec_robot/include/turn_on_wheeltec_robot/turn_on_wheeltec_robot/msg/position.hpp
[3.985s] -- Up-to-date: /home/sunrise/wheeltec_robot_ws/install/turn_on_wheeltec_robot/include/turn_on_wheeltec_robot/turn_on_wheeltec_robot/msg/detail
[3.986s] -- Up-to-date: /home/sunrise/wheeltec_robot_ws/install/turn_on_wheeltec_robot/include/turn_on_wheeltec_robot/turn_on_wheeltec_robot/msg/detail/position__struct.hpp
[3.987s] -- Up-to-date: /home/sunrise/wheeltec_robot_ws/install/turn_on_wheeltec_robot/include/turn_on_wheeltec_robot/turn_on_wheeltec_robot/msg/detail/position__builder.hpp
[3.988s] -- Up-to-date: /home/sunrise/wheeltec_robot_ws/install/turn_on_wheeltec_robot/include/turn_on_wheeltec_robot/turn_on_wheeltec_robot/msg/detail/position__traits.hpp
[3.989s] -- Up-to-date: /home/sunrise/wheeltec_robot_ws/install/turn_on_wheeltec_robot/include/turn_on_wheeltec_robot/turn_on_wheeltec_robot
[3.990s] -- Up-to-date: /home/sunrise/wheeltec_robot_ws/install/turn_on_wheeltec_robot/include/turn_on_wheeltec_robot/turn_on_wheeltec_robot/msg
[3.991s] -- Up-to-date: /home/sunrise/wheeltec_robot_ws/install/turn_on_wheeltec_robot/include/turn_on_wheeltec_robot/turn_on_wheeltec_robot/msg/rosidl_typesupport_fastrtps_cpp__visibility_control.h
[3.992s] -- Up-to-date: /home/sunrise/wheeltec_robot_ws/install/turn_on_wheeltec_robot/include/turn_on_wheeltec_robot/turn_on_wheeltec_robot/msg/detail
[3.993s] -- Up-to-date: /home/sunrise/wheeltec_robot_ws/install/turn_on_wheeltec_robot/include/turn_on_wheeltec_robot/turn_on_wheeltec_robot/msg/detail/position__rosidl_typesupport_fastrtps_cpp.hpp
[3.994s] -- Up-to-date: /home/sunrise/wheeltec_robot_ws/install/turn_on_wheeltec_robot/include/turn_on_wheeltec_robot/turn_on_wheeltec_robot/msg/detail/dds_fastrtps
[3.995s] -- Up-to-date: /home/sunrise/wheeltec_robot_ws/install/turn_on_wheeltec_robot/lib/libturn_on_wheeltec_robot__rosidl_typesupport_fastrtps_cpp.so
[3.996s] -- Up-to-date: /home/sunrise/wheeltec_robot_ws/install/turn_on_wheeltec_robot/include/turn_on_wheeltec_robot/turn_on_wheeltec_robot
[3.997s] -- Up-to-date: /home/sunrise/wheeltec_robot_ws/install/turn_on_wheeltec_robot/include/turn_on_wheeltec_robot/turn_on_wheeltec_robot/msg
[3.998s] -- Up-to-date: /home/sunrise/wheeltec_robot_ws/install/turn_on_wheeltec_robot/include/turn_on_wheeltec_robot/turn_on_wheeltec_robot/msg/rosidl_typesupport_introspection_c__visibility_control.h
[3.999s] -- Up-to-date: /home/sunrise/wheeltec_robot_ws/install/turn_on_wheeltec_robot/include/turn_on_wheeltec_robot/turn_on_wheeltec_robot/msg/detail
[4.000s] -- Up-to-date: /home/sunrise/wheeltec_robot_ws/install/turn_on_wheeltec_robot/include/turn_on_wheeltec_robot/turn_on_wheeltec_robot/msg/detail/position__type_support.c
[4.001s] -- Up-to-date: /home/sunrise/wheeltec_robot_ws/install/turn_on_wheeltec_robot/include/turn_on_wheeltec_robot/turn_on_wheeltec_robot/msg/detail/position__rosidl_typesupport_introspection_c.h
[4.002s] -- Up-to-date: /home/sunrise/wheeltec_robot_ws/install/turn_on_wheeltec_robot/lib/libturn_on_wheeltec_robot__rosidl_typesupport_introspection_c.so
[4.003s] -- Up-to-date: /home/sunrise/wheeltec_robot_ws/install/turn_on_wheeltec_robot/lib/libturn_on_wheeltec_robot__rosidl_typesupport_c.so
[4.004s] -- Up-to-date: /home/sunrise/wheeltec_robot_ws/install/turn_on_wheeltec_robot/include/turn_on_wheeltec_robot/turn_on_wheeltec_robot
[4.005s] -- Up-to-date: /home/sunrise/wheeltec_robot_ws/install/turn_on_wheeltec_robot/include/turn_on_wheeltec_robot/turn_on_wheeltec_robot/msg
[4.006s] -- Up-to-date: /home/sunrise/wheeltec_robot_ws/install/turn_on_wheeltec_robot/include/turn_on_wheeltec_robot/turn_on_wheeltec_robot/msg/detail
[4.007s] -- Up-to-date: /home/sunrise/wheeltec_robot_ws/install/turn_on_wheeltec_robot/include/turn_on_wheeltec_robot/turn_on_wheeltec_robot/msg/detail/position__rosidl_typesupport_introspection_cpp.hpp
[4.008s] -- Up-to-date: /home/sunrise/wheeltec_robot_ws/install/turn_on_wheeltec_robot/include/turn_on_wheeltec_robot/turn_on_wheeltec_robot/msg/detail/position__type_support.cpp
[4.009s] -- Up-to-date: /home/sunrise/wheeltec_robot_ws/install/turn_on_wheeltec_robot/lib/libturn_on_wheeltec_robot__rosidl_typesupport_introspection_cpp.so
[4.010s] -- Up-to-date: /home/sunrise/wheeltec_robot_ws/install/turn_on_wheeltec_robot/lib/libturn_on_wheeltec_robot__rosidl_typesupport_cpp.so
[4.011s] -- Up-to-date: /home/sunrise/wheeltec_robot_ws/install/turn_on_wheeltec_robot/share/turn_on_wheeltec_robot/environment/pythonpath.sh
[4.012s] -- Up-to-date: /home/sunrise/wheeltec_robot_ws/install/turn_on_wheeltec_robot/share/turn_on_wheeltec_robot/environment/pythonpath.dsv
[4.014s] -- Up-to-date: /home/sunrise/wheeltec_robot_ws/install/turn_on_wheeltec_robot/local/lib/python3.10/dist-packages/turn_on_wheeltec_robot-0.0.0-py3.10.egg-info
[4.015s] -- Installing: /home/sunrise/wheeltec_robot_ws/install/turn_on_wheeltec_robot/local/lib/python3.10/dist-packages/turn_on_wheeltec_robot-0.0.0-py3.10.egg-info/top_level.txt
[4.016s] -- Installing: /home/sunrise/wheeltec_robot_ws/install/turn_on_wheeltec_robot/local/lib/python3.10/dist-packages/turn_on_wheeltec_robot-0.0.0-py3.10.egg-info/SOURCES.txt
[4.017s] -- Installing: /home/sunrise/wheeltec_robot_ws/install/turn_on_wheeltec_robot/local/lib/python3.10/dist-packages/turn_on_wheeltec_robot-0.0.0-py3.10.egg-info/PKG-INFO
[4.018s] -- Installing: /home/sunrise/wheeltec_robot_ws/install/turn_on_wheeltec_robot/local/lib/python3.10/dist-packages/turn_on_wheeltec_robot-0.0.0-py3.10.egg-info/dependency_links.txt
[4.019s] -- Up-to-date: /home/sunrise/wheeltec_robot_ws/install/turn_on_wheeltec_robot/local/lib/python3.10/dist-packages/turn_on_wheeltec_robot
[4.020s] -- Up-to-date: /home/sunrise/wheeltec_robot_ws/install/turn_on_wheeltec_robot/local/lib/python3.10/dist-packages/turn_on_wheeltec_robot/_turn_on_wheeltec_robot_s.ep.rosidl_typesupport_fastrtps_c.c
[4.021s] -- Up-to-date: /home/sunrise/wheeltec_robot_ws/install/turn_on_wheeltec_robot/local/lib/python3.10/dist-packages/turn_on_wheeltec_robot/turn_on_wheeltec_robot_s__rosidl_typesupport_c.cpython-310-aarch64-linux-gnu.so
[4.022s] -- Up-to-date: /home/sunrise/wheeltec_robot_ws/install/turn_on_wheeltec_robot/local/lib/python3.10/dist-packages/turn_on_wheeltec_robot/msg
[4.023s] -- Up-to-date: /home/sunrise/wheeltec_robot_ws/install/turn_on_wheeltec_robot/local/lib/python3.10/dist-packages/turn_on_wheeltec_robot/msg/_position.py
[4.025s] -- Up-to-date: /home/sunrise/wheeltec_robot_ws/install/turn_on_wheeltec_robot/local/lib/python3.10/dist-packages/turn_on_wheeltec_robot/msg/_position_s.c
[4.026s] -- Up-to-date: /home/sunrise/wheeltec_robot_ws/install/turn_on_wheeltec_robot/local/lib/python3.10/dist-packages/turn_on_wheeltec_robot/msg/__init__.py
[4.026s] -- Up-to-date: /home/sunrise/wheeltec_robot_ws/install/turn_on_wheeltec_robot/local/lib/python3.10/dist-packages/turn_on_wheeltec_robot/_turn_on_wheeltec_robot_s.ep.rosidl_typesupport_c.c
[4.027s] -- Up-to-date: /home/sunrise/wheeltec_robot_ws/install/turn_on_wheeltec_robot/local/lib/python3.10/dist-packages/turn_on_wheeltec_robot/__init__.py
[4.029s] -- Up-to-date: /home/sunrise/wheeltec_robot_ws/install/turn_on_wheeltec_robot/local/lib/python3.10/dist-packages/turn_on_wheeltec_robot/libturn_on_wheeltec_robot__rosidl_generator_py.so
[4.030s] -- Up-to-date: /home/sunrise/wheeltec_robot_ws/install/turn_on_wheeltec_robot/local/lib/python3.10/dist-packages/turn_on_wheeltec_robot/turn_on_wheeltec_robot_s__rosidl_typesupport_fastrtps_c.cpython-310-aarch64-linux-gnu.so
[4.031s] -- Up-to-date: /home/sunrise/wheeltec_robot_ws/install/turn_on_wheeltec_robot/local/lib/python3.10/dist-packages/turn_on_wheeltec_robot/turn_on_wheeltec_robot_s__rosidl_typesupport_introspection_c.cpython-310-aarch64-linux-gnu.so
[4.032s] -- Up-to-date: /home/sunrise/wheeltec_robot_ws/install/turn_on_wheeltec_robot/local/lib/python3.10/dist-packages/turn_on_wheeltec_robot/_turn_on_wheeltec_robot_s.ep.rosidl_typesupport_introspection_c.c
[4.261s] Listing '/home/sunrise/wheeltec_robot_ws/install/turn_on_wheeltec_robot/local/lib/python3.10/dist-packages/turn_on_wheeltec_robot'...
[4.262s] Listing '/home/sunrise/wheeltec_robot_ws/install/turn_on_wheeltec_robot/local/lib/python3.10/dist-packages/turn_on_wheeltec_robot/msg'...
[4.330s] -- Up-to-date: /home/sunrise/wheeltec_robot_ws/install/turn_on_wheeltec_robot/local/lib/python3.10/dist-packages/turn_on_wheeltec_robot/turn_on_wheeltec_robot_s__rosidl_typesupport_fastrtps_c.cpython-310-aarch64-linux-gnu.so
[4.331s] -- Up-to-date: /home/sunrise/wheeltec_robot_ws/install/turn_on_wheeltec_robot/local/lib/python3.10/dist-packages/turn_on_wheeltec_robot/turn_on_wheeltec_robot_s__rosidl_typesupport_introspection_c.cpython-310-aarch64-linux-gnu.so
[4.339s] -- Up-to-date: /home/sunrise/wheeltec_robot_ws/install/turn_on_wheeltec_robot/local/lib/python3.10/dist-packages/turn_on_wheeltec_robot/turn_on_wheeltec_robot_s__rosidl_typesupport_c.cpython-310-aarch64-linux-gnu.so
[4.341s] -- Up-to-date: /home/sunrise/wheeltec_robot_ws/install/turn_on_wheeltec_robot/lib/libturn_on_wheeltec_robot__rosidl_generator_py.so
[4.342s] -- Up-to-date: /home/sunrise/wheeltec_robot_ws/install/turn_on_wheeltec_robot/share/turn_on_wheeltec_robot/msg/Position.idl
[4.345s] -- Up-to-date: /home/sunrise/wheeltec_robot_ws/install/turn_on_wheeltec_robot/share/turn_on_wheeltec_robot/msg/Position.msg
[4.347s] -- Up-to-date: /home/sunrise/wheeltec_robot_ws/install/turn_on_wheeltec_robot/lib/turn_on_wheeltec_robot/wheeltec_robot_node
[4.349s] -- Up-to-date: /home/sunrise/wheeltec_robot_ws/install/turn_on_wheeltec_robot/share/turn_on_wheeltec_robot/launch
[4.352s] -- Up-to-date: /home/sunrise/wheeltec_robot_ws/install/turn_on_wheeltec_robot/share/turn_on_wheeltec_robot/launch/robot_mode_description.launch.py
[4.354s] -- Up-to-date: /home/sunrise/wheeltec_robot_ws/install/turn_on_wheeltec_robot/share/turn_on_wheeltec_robot/launch/wheeltec_lidar.launch.py
[4.356s] -- Up-to-date: /home/sunrise/wheeltec_robot_ws/install/turn_on_wheeltec_robot/share/turn_on_wheeltec_robot/launch/__pycache__
[4.360s] -- Up-to-date: /home/sunrise/wheeltec_robot_ws/install/turn_on_wheeltec_robot/share/turn_on_wheeltec_robot/launch/__pycache__/testtwo.launch.cpython-38.pyc
[4.362s] -- Up-to-date: /home/sunrise/wheeltec_robot_ws/install/turn_on_wheeltec_robot/share/turn_on_wheeltec_robot/launch/robot_mode_description_minibot.launch.py
[4.364s] -- Up-to-date: /home/sunrise/wheeltec_robot_ws/install/turn_on_wheeltec_robot/share/turn_on_wheeltec_robot/launch/base_serial.launch.py
[4.365s] -- Up-to-date: /home/sunrise/wheeltec_robot_ws/install/turn_on_wheeltec_robot/share/turn_on_wheeltec_robot/launch/turn_on_wheeltec_robot.launch.py
[4.366s] -- Installing: /home/sunrise/wheeltec_robot_ws/install/turn_on_wheeltec_robot/share/turn_on_wheeltec_robot/launch/wheeltec_camera.launch.py
[4.368s] -- Up-to-date: /home/sunrise/wheeltec_robot_ws/install/turn_on_wheeltec_robot/share/turn_on_wheeltec_robot/launch/wheeltec_sensors.launch.py
[4.369s] -- Up-to-date: /home/sunrise/wheeltec_robot_ws/install/turn_on_wheeltec_robot/share/turn_on_wheeltec_robot/launch/wheeltec_ekf.launch.py
[4.370s] -- Up-to-date: /home/sunrise/wheeltec_robot_ws/install/turn_on_wheeltec_robot/share/turn_on_wheeltec_robot/config
[4.371s] -- Up-to-date: /home/sunrise/wheeltec_robot_ws/install/turn_on_wheeltec_robot/share/turn_on_wheeltec_robot/config/camera_info.yaml
[4.377s] -- Up-to-date: /home/sunrise/wheeltec_robot_ws/install/turn_on_wheeltec_robot/share/turn_on_wheeltec_robot/config/ekf.yaml
[4.379s] -- Up-to-date: /home/sunrise/wheeltec_robot_ws/install/turn_on_wheeltec_robot/share/turn_on_wheeltec_robot/config/ekf_carto.yaml
[4.380s] -- Up-to-date: /home/sunrise/wheeltec_robot_ws/install/turn_on_wheeltec_robot/share/turn_on_wheeltec_robot/config/imu.yaml
[4.381s] -- Up-to-date: /home/sunrise/wheeltec_robot_ws/install/turn_on_wheeltec_robot/share/ament_index/resource_index/package_run_dependencies/turn_on_wheeltec_robot
[4.382s] -- Up-to-date: /home/sunrise/wheeltec_robot_ws/install/turn_on_wheeltec_robot/share/ament_index/resource_index/parent_prefix_path/turn_on_wheeltec_robot
[4.383s] -- Up-to-date: /home/sunrise/wheeltec_robot_ws/install/turn_on_wheeltec_robot/share/turn_on_wheeltec_robot/environment/ament_prefix_path.sh
[4.385s] -- Up-to-date: /home/sunrise/wheeltec_robot_ws/install/turn_on_wheeltec_robot/share/turn_on_wheeltec_robot/environment/ament_prefix_path.dsv
[4.387s] -- Up-to-date: /home/sunrise/wheeltec_robot_ws/install/turn_on_wheeltec_robot/share/turn_on_wheeltec_robot/environment/path.sh
[4.402s] -- Up-to-date: /home/sunrise/wheeltec_robot_ws/install/turn_on_wheeltec_robot/share/turn_on_wheeltec_robot/environment/path.dsv
[4.403s] -- Up-to-date: /home/sunrise/wheeltec_robot_ws/install/turn_on_wheeltec_robot/share/turn_on_wheeltec_robot/local_setup.bash
[4.404s] -- Up-to-date: /home/sunrise/wheeltec_robot_ws/install/turn_on_wheeltec_robot/share/turn_on_wheeltec_robot/local_setup.sh
[4.405s] -- Up-to-date: /home/sunrise/wheeltec_robot_ws/install/turn_on_wheeltec_robot/share/turn_on_wheeltec_robot/local_setup.zsh
[4.406s] -- Up-to-date: /home/sunrise/wheeltec_robot_ws/install/turn_on_wheeltec_robot/share/turn_on_wheeltec_robot/local_setup.dsv
[4.407s] -- Installing: /home/sunrise/wheeltec_robot_ws/install/turn_on_wheeltec_robot/share/turn_on_wheeltec_robot/package.dsv
[4.408s] -- Up-to-date: /home/sunrise/wheeltec_robot_ws/install/turn_on_wheeltec_robot/share/ament_index/resource_index/packages/turn_on_wheeltec_robot
[4.409s] -- Up-to-date: /home/sunrise/wheeltec_robot_ws/install/turn_on_wheeltec_robot/share/turn_on_wheeltec_robot/cmake/export_turn_on_wheeltec_robot__rosidl_generator_cExport.cmake
[4.410s] -- Up-to-date: /home/sunrise/wheeltec_robot_ws/install/turn_on_wheeltec_robot/share/turn_on_wheeltec_robot/cmake/export_turn_on_wheeltec_robot__rosidl_generator_cExport-noconfig.cmake
[4.411s] -- Up-to-date: /home/sunrise/wheeltec_robot_ws/install/turn_on_wheeltec_robot/share/turn_on_wheeltec_robot/cmake/export_turn_on_wheeltec_robot__rosidl_typesupport_fastrtps_cExport.cmake
[4.412s] -- Up-to-date: /home/sunrise/wheeltec_robot_ws/install/turn_on_wheeltec_robot/share/turn_on_wheeltec_robot/cmake/export_turn_on_wheeltec_robot__rosidl_typesupport_fastrtps_cExport-noconfig.cmake
[4.424s] -- Up-to-date: /home/sunrise/wheeltec_robot_ws/install/turn_on_wheeltec_robot/share/turn_on_wheeltec_robot/cmake/export_turn_on_wheeltec_robot__rosidl_generator_cppExport.cmake
[4.425s] -- Up-to-date: /home/sunrise/wheeltec_robot_ws/install/turn_on_wheeltec_robot/share/turn_on_wheeltec_robot/cmake/export_turn_on_wheeltec_robot__rosidl_typesupport_fastrtps_cppExport.cmake
[4.426s] -- Up-to-date: /home/sunrise/wheeltec_robot_ws/install/turn_on_wheeltec_robot/share/turn_on_wheeltec_robot/cmake/export_turn_on_wheeltec_robot__rosidl_typesupport_fastrtps_cppExport-noconfig.cmake
[4.427s] -- Up-to-date: /home/sunrise/wheeltec_robot_ws/install/turn_on_wheeltec_robot/share/turn_on_wheeltec_robot/cmake/turn_on_wheeltec_robot__rosidl_typesupport_introspection_cExport.cmake
[4.429s] -- Up-to-date: /home/sunrise/wheeltec_robot_ws/install/turn_on_wheeltec_robot/share/turn_on_wheeltec_robot/cmake/turn_on_wheeltec_robot__rosidl_typesupport_introspection_cExport-noconfig.cmake
[4.430s] -- Up-to-date: /home/sunrise/wheeltec_robot_ws/install/turn_on_wheeltec_robot/share/turn_on_wheeltec_robot/cmake/turn_on_wheeltec_robot__rosidl_typesupport_cExport.cmake
[4.431s] -- Up-to-date: /home/sunrise/wheeltec_robot_ws/install/turn_on_wheeltec_robot/share/turn_on_wheeltec_robot/cmake/turn_on_wheeltec_robot__rosidl_typesupport_cExport-noconfig.cmake
[4.431s] -- Up-to-date: /home/sunrise/wheeltec_robot_ws/install/turn_on_wheeltec_robot/share/turn_on_wheeltec_robot/cmake/turn_on_wheeltec_robot__rosidl_typesupport_introspection_cppExport.cmake
[4.444s] -- Up-to-date: /home/sunrise/wheeltec_robot_ws/install/turn_on_wheeltec_robot/share/turn_on_wheeltec_robot/cmake/turn_on_wheeltec_robot__rosidl_typesupport_introspection_cppExport-noconfig.cmake
[4.446s] -- Up-to-date: /home/sunrise/wheeltec_robot_ws/install/turn_on_wheeltec_robot/share/turn_on_wheeltec_robot/cmake/turn_on_wheeltec_robot__rosidl_typesupport_cppExport.cmake
[4.447s] -- Up-to-date: /home/sunrise/wheeltec_robot_ws/install/turn_on_wheeltec_robot/share/turn_on_wheeltec_robot/cmake/turn_on_wheeltec_robot__rosidl_typesupport_cppExport-noconfig.cmake
[4.448s] -- Up-to-date: /home/sunrise/wheeltec_robot_ws/install/turn_on_wheeltec_robot/share/turn_on_wheeltec_robot/cmake/export_turn_on_wheeltec_robot__rosidl_generator_pyExport.cmake
[4.449s] -- Up-to-date: /home/sunrise/wheeltec_robot_ws/install/turn_on_wheeltec_robot/share/turn_on_wheeltec_robot/cmake/export_turn_on_wheeltec_robot__rosidl_generator_pyExport-noconfig.cmake
[4.450s] -- Up-to-date: /home/sunrise/wheeltec_robot_ws/install/turn_on_wheeltec_robot/share/turn_on_wheeltec_robot/cmake/rosidl_cmake-extras.cmake
[4.451s] -- Up-to-date: /home/sunrise/wheeltec_robot_ws/install/turn_on_wheeltec_robot/share/turn_on_wheeltec_robot/cmake/ament_cmake_export_include_directories-extras.cmake
[4.452s] -- Up-to-date: /home/sunrise/wheeltec_robot_ws/install/turn_on_wheeltec_robot/share/turn_on_wheeltec_robot/cmake/ament_cmake_export_libraries-extras.cmake
[4.453s] -- Up-to-date: /home/sunrise/wheeltec_robot_ws/install/turn_on_wheeltec_robot/share/turn_on_wheeltec_robot/cmake/ament_cmake_export_targets-extras.cmake
[4.454s] -- Up-to-date: /home/sunrise/wheeltec_robot_ws/install/turn_on_wheeltec_robot/share/turn_on_wheeltec_robot/cmake/rosidl_cmake_export_typesupport_targets-extras.cmake
[4.455s] -- Up-to-date: /home/sunrise/wheeltec_robot_ws/install/turn_on_wheeltec_robot/share/turn_on_wheeltec_robot/cmake/ament_cmake_export_dependencies-extras.cmake
[4.469s] -- Up-to-date: /home/sunrise/wheeltec_robot_ws/install/turn_on_wheeltec_robot/share/turn_on_wheeltec_robot/cmake/rosidl_cmake_export_typesupport_libraries-extras.cmake
[4.470s] -- Up-to-date: /home/sunrise/wheeltec_robot_ws/install/turn_on_wheeltec_robot/share/turn_on_wheeltec_robot/cmake/turn_on_wheeltec_robotConfig.cmake
[4.471s] -- Up-to-date: /home/sunrise/wheeltec_robot_ws/install/turn_on_wheeltec_robot/share/turn_on_wheeltec_robot/cmake/turn_on_wheeltec_robotConfig-version.cmake
[4.472s] -- Up-to-date: /home/sunrise/wheeltec_robot_ws/install/turn_on_wheeltec_robot/share/turn_on_wheeltec_robot/package.xml
[4.474s] Invoked command in '/home/sunrise/wheeltec_robot_ws/build/turn_on_wheeltec_robot' returned '0': CMAKE_PREFIX_PATH=/home/sunrise/wheeltec_robot_ws/install/wheeltec_robot_msg:/home/sunrise/wheeltec_robot_ws/install/serial:/home/sunrise/wheeltec_robot_ws/install/astra_camera:/home/sunrise/wheeltec_robot_ws/install/astra_camera_msgs:/home/sunrise/wheeltec_robot_ws/install/wheeltec_slam_toolbox:/home/sunrise/wheeltec_robot_ws/install/wheeltec_robot_urdf:/home/sunrise/wheeltec_robot_ws/install/turn_on_wheeltec_robot:/home/sunrise/wheeltec_robot_ws/install/wheeltec_nav2:/home/sunrise/wheeltec_robot_ws/install/wheeltec_cartographer:/home/sunrise/wheeltec_robot_ws/install/web_video_server:/home/sunrise/wheeltec_robot_ws/install/usb_cam:/home/sunrise/wheeltec_robot_ws/install/slam_gmapping:/home/sunrise/wheeltec_robot_ws/install/openslam_gmapping:/home/sunrise/wheeltec_robot_ws/install/lslidar_driver:/home/sunrise/wheeltec_robot_ws/install/lslidar_msgs:/home/sunrise/wheeltec_robot_ws/install/ldlidar_stl_ros2:/home/sunrise/wheeltec_robot_ws/install/ldlidar_sl_ros2:/home/sunrise/wheeltec_robot_ws/install/simple_follower_ros2:/home/sunrise/wheeltec_robot_ws/install/wheeltec_robot_keyboard:/home/sunrise/wheeltec_robot_ws/install/tf2_tools:/opt/ros/humble LD_LIBRARY_PATH=/home/sunrise/wheeltec_robot_ws/install/wheeltec_robot_msg/lib:/home/sunrise/wheeltec_robot_ws/install/astra_camera/lib:/home/sunrise/wheeltec_robot_ws/install/astra_camera_msgs/lib:/home/sunrise/wheeltec_robot_ws/install/turn_on_wheeltec_robot/lib:/home/sunrise/wheeltec_robot_ws/install/usb_cam/lib:/home/sunrise/wheeltec_robot_ws/install/serial/lib:/home/sunrise/wheeltec_robot_ws/install/openslam_gmapping/lib:/home/sunrise/wheeltec_robot_ws/install/lslidar_msgs/lib:/opt/ros/humble/opt/rviz_ogre_vendor/lib:/opt/ros/humble/lib/aarch64-linux-gnu:/opt/ros/humble/lib /usr/bin/cmake --install /home/sunrise/wheeltec_robot_ws/build/turn_on_wheeltec_robot
