[0.157s] Invoking command in '/home/sunrise/wheeltec_robot_ws/build/wheeltec_robot_msg': CMAKE_PREFIX_PATH=${CMAKE_PREFIX_PATH}:/home/sunrise/wheeltec_robot_ws/install/tf2_tools:/opt/ros/humble /usr/bin/cmake --build /home/sunrise/wheeltec_robot_ws/build/wheeltec_robot_msg -- -j4 -l4
[0.631s] [35m[1mConsolidate compiler generated dependencies of target wheeltec_robot_msg__rosidl_generator_c[0m
[0.690s] [  2%] Built target wheeltec_robot_msg__cpp
[0.757s] [35m[1mConsolidate compiler generated dependencies of target wheeltec_robot_msg__rosidl_typesupport_cpp[0m
[0.789s] [ 12%] Built target wheeltec_robot_msg__rosidl_generator_c
[0.880s] [ 12%] Built target ament_cmake_python_copy_wheeltec_robot_msg
[0.908s] [35m[1mConsolidate compiler generated dependencies of target wheeltec_robot_msg__rosidl_typesupport_fastrtps_cpp[0m
[0.909s] [ 23%] Built target wheeltec_robot_msg__rosidl_typesupport_cpp
[1.014s] [35m[1mConsolidate compiler generated dependencies of target wheeltec_robot_msg__rosidl_typesupport_fastrtps_c[0m
[1.074s] [35m[1mConsolidate compiler generated dependencies of target wheeltec_robot_msg__rosidl_typesupport_introspection_cpp[0m
[1.097s] [ 33%] Built target wheeltec_robot_msg__rosidl_typesupport_fastrtps_cpp
[1.554s] [35m[1mConsolidate compiler generated dependencies of target wheeltec_robot_msg__rosidl_typesupport_introspection_c[0m
[1.555s] [ 43%] Built target wheeltec_robot_msg__rosidl_typesupport_fastrtps_c
[1.556s] [ 53%] Built target wheeltec_robot_msg__rosidl_typesupport_introspection_cpp
[1.585s] [35m[1mConsolidate compiler generated dependencies of target wheeltec_robot_msg__rosidl_typesupport_c[0m
[1.587s] [ 64%] Built target wheeltec_robot_msg__rosidl_typesupport_introspection_c
[1.700s] [ 74%] Built target wheeltec_robot_msg__rosidl_typesupport_c
[4.835s] running egg_info
[4.854s] writing wheeltec_robot_msg.egg-info/PKG-INFO
[4.860s] writing dependency_links to wheeltec_robot_msg.egg-info/dependency_links.txt
[4.866s] writing top-level names to wheeltec_robot_msg.egg-info/top_level.txt
[4.886s] reading manifest file 'wheeltec_robot_msg.egg-info/SOURCES.txt'
[4.894s] writing manifest file 'wheeltec_robot_msg.egg-info/SOURCES.txt'
[5.216s] [ 74%] Built target ament_cmake_python_build_wheeltec_robot_msg_egg
[5.432s] [ 74%] Built target wheeltec_robot_msg
[5.612s] [ 76%] Built target wheeltec_robot_msg__py
[5.710s] [35m[1mConsolidate compiler generated dependencies of target wheeltec_robot_msg__rosidl_generator_py[0m
[5.896s] [ 84%] Built target wheeltec_robot_msg__rosidl_generator_py
[6.024s] [35m[1mConsolidate compiler generated dependencies of target wheeltec_robot_msg__rosidl_typesupport_fastrtps_c__pyext[0m
[6.222s] [ 89%] Built target wheeltec_robot_msg__rosidl_typesupport_fastrtps_c__pyext
[6.381s] [35m[1mConsolidate compiler generated dependencies of target wheeltec_robot_msg__rosidl_typesupport_c__pyext[0m
[6.492s] [ 94%] Built target wheeltec_robot_msg__rosidl_typesupport_c__pyext
[6.632s] [35m[1mConsolidate compiler generated dependencies of target wheeltec_robot_msg__rosidl_typesupport_introspection_c__pyext[0m
[6.793s] [100%] Built target wheeltec_robot_msg__rosidl_typesupport_introspection_c__pyext
[6.922s] Invoked command in '/home/sunrise/wheeltec_robot_ws/build/wheeltec_robot_msg' returned '0': CMAKE_PREFIX_PATH=${CMAKE_PREFIX_PATH}:/home/sunrise/wheeltec_robot_ws/install/tf2_tools:/opt/ros/humble /usr/bin/cmake --build /home/sunrise/wheeltec_robot_ws/build/wheeltec_robot_msg -- -j4 -l4
[8.106s] Invoking command in '/home/sunrise/wheeltec_robot_ws/build/wheeltec_robot_msg': CMAKE_PREFIX_PATH=${CMAKE_PREFIX_PATH}:/home/sunrise/wheeltec_robot_ws/install/tf2_tools:/opt/ros/humble /usr/bin/cmake --install /home/sunrise/wheeltec_robot_ws/build/wheeltec_robot_msg
[8.175s] -- Install configuration: ""
[8.180s] -- Up-to-date: /home/sunrise/wheeltec_robot_ws/install/wheeltec_robot_msg/share/ament_index/resource_index/rosidl_interfaces/wheeltec_robot_msg
[8.181s] -- Up-to-date: /home/sunrise/wheeltec_robot_ws/install/wheeltec_robot_msg/include/wheeltec_robot_msg/wheeltec_robot_msg
[8.182s] -- Up-to-date: /home/sunrise/wheeltec_robot_ws/install/wheeltec_robot_msg/include/wheeltec_robot_msg/wheeltec_robot_msg/msg
[8.183s] -- Up-to-date: /home/sunrise/wheeltec_robot_ws/install/wheeltec_robot_msg/include/wheeltec_robot_msg/wheeltec_robot_msg/msg/data.h
[8.184s] -- Up-to-date: /home/sunrise/wheeltec_robot_ws/install/wheeltec_robot_msg/include/wheeltec_robot_msg/wheeltec_robot_msg/msg/rosidl_generator_c__visibility_control.h
[8.185s] -- Up-to-date: /home/sunrise/wheeltec_robot_ws/install/wheeltec_robot_msg/include/wheeltec_robot_msg/wheeltec_robot_msg/msg/supersonic.h
[8.186s] -- Up-to-date: /home/sunrise/wheeltec_robot_ws/install/wheeltec_robot_msg/include/wheeltec_robot_msg/wheeltec_robot_msg/msg/detail
[8.187s] -- Up-to-date: /home/sunrise/wheeltec_robot_ws/install/wheeltec_robot_msg/include/wheeltec_robot_msg/wheeltec_robot_msg/msg/detail/supersonic__functions.h
[8.189s] -- Up-to-date: /home/sunrise/wheeltec_robot_ws/install/wheeltec_robot_msg/include/wheeltec_robot_msg/wheeltec_robot_msg/msg/detail/supersonic__struct.h
[8.199s] -- Up-to-date: /home/sunrise/wheeltec_robot_ws/install/wheeltec_robot_msg/include/wheeltec_robot_msg/wheeltec_robot_msg/msg/detail/supersonic__type_support.h
[8.200s] -- Up-to-date: /home/sunrise/wheeltec_robot_ws/install/wheeltec_robot_msg/include/wheeltec_robot_msg/wheeltec_robot_msg/msg/detail/supersonic__functions.c
[8.206s] -- Up-to-date: /home/sunrise/wheeltec_robot_ws/install/wheeltec_robot_msg/include/wheeltec_robot_msg/wheeltec_robot_msg/msg/detail/data__functions.c
[8.207s] -- Up-to-date: /home/sunrise/wheeltec_robot_ws/install/wheeltec_robot_msg/include/wheeltec_robot_msg/wheeltec_robot_msg/msg/detail/data__type_support.h
[8.208s] -- Up-to-date: /home/sunrise/wheeltec_robot_ws/install/wheeltec_robot_msg/include/wheeltec_robot_msg/wheeltec_robot_msg/msg/detail/data__functions.h
[8.213s] -- Up-to-date: /home/sunrise/wheeltec_robot_ws/install/wheeltec_robot_msg/include/wheeltec_robot_msg/wheeltec_robot_msg/msg/detail/data__struct.h
[8.214s] -- Up-to-date: /home/sunrise/wheeltec_robot_ws/install/wheeltec_robot_msg/share/wheeltec_robot_msg/environment/library_path.sh
[8.215s] -- Up-to-date: /home/sunrise/wheeltec_robot_ws/install/wheeltec_robot_msg/share/wheeltec_robot_msg/environment/library_path.dsv
[8.216s] -- Up-to-date: /home/sunrise/wheeltec_robot_ws/install/wheeltec_robot_msg/lib/libwheeltec_robot_msg__rosidl_generator_c.so
[8.217s] -- Up-to-date: /home/sunrise/wheeltec_robot_ws/install/wheeltec_robot_msg/include/wheeltec_robot_msg/wheeltec_robot_msg
[8.218s] -- Up-to-date: /home/sunrise/wheeltec_robot_ws/install/wheeltec_robot_msg/include/wheeltec_robot_msg/wheeltec_robot_msg/msg
[8.219s] -- Up-to-date: /home/sunrise/wheeltec_robot_ws/install/wheeltec_robot_msg/include/wheeltec_robot_msg/wheeltec_robot_msg/msg/rosidl_typesupport_fastrtps_c__visibility_control.h
[8.220s] -- Up-to-date: /home/sunrise/wheeltec_robot_ws/install/wheeltec_robot_msg/include/wheeltec_robot_msg/wheeltec_robot_msg/msg/detail
[8.230s] -- Up-to-date: /home/sunrise/wheeltec_robot_ws/install/wheeltec_robot_msg/include/wheeltec_robot_msg/wheeltec_robot_msg/msg/detail/supersonic__rosidl_typesupport_fastrtps_c.h
[8.232s] -- Up-to-date: /home/sunrise/wheeltec_robot_ws/install/wheeltec_robot_msg/include/wheeltec_robot_msg/wheeltec_robot_msg/msg/detail/data__rosidl_typesupport_fastrtps_c.h
[8.238s] -- Up-to-date: /home/sunrise/wheeltec_robot_ws/install/wheeltec_robot_msg/lib/libwheeltec_robot_msg__rosidl_typesupport_fastrtps_c.so
[8.239s] -- Up-to-date: /home/sunrise/wheeltec_robot_ws/install/wheeltec_robot_msg/include/wheeltec_robot_msg/wheeltec_robot_msg
[8.240s] -- Up-to-date: /home/sunrise/wheeltec_robot_ws/install/wheeltec_robot_msg/include/wheeltec_robot_msg/wheeltec_robot_msg/msg
[8.242s] -- Up-to-date: /home/sunrise/wheeltec_robot_ws/install/wheeltec_robot_msg/include/wheeltec_robot_msg/wheeltec_robot_msg/msg/rosidl_typesupport_introspection_c__visibility_control.h
[8.247s] -- Up-to-date: /home/sunrise/wheeltec_robot_ws/install/wheeltec_robot_msg/include/wheeltec_robot_msg/wheeltec_robot_msg/msg/detail
[8.249s] -- Up-to-date: /home/sunrise/wheeltec_robot_ws/install/wheeltec_robot_msg/include/wheeltec_robot_msg/wheeltec_robot_msg/msg/detail/data__rosidl_typesupport_introspection_c.h
[8.250s] -- Up-to-date: /home/sunrise/wheeltec_robot_ws/install/wheeltec_robot_msg/include/wheeltec_robot_msg/wheeltec_robot_msg/msg/detail/supersonic__rosidl_typesupport_introspection_c.h
[8.251s] -- Up-to-date: /home/sunrise/wheeltec_robot_ws/install/wheeltec_robot_msg/include/wheeltec_robot_msg/wheeltec_robot_msg/msg/detail/data__type_support.c
[8.252s] -- Up-to-date: /home/sunrise/wheeltec_robot_ws/install/wheeltec_robot_msg/include/wheeltec_robot_msg/wheeltec_robot_msg/msg/detail/supersonic__type_support.c
[8.257s] -- Up-to-date: /home/sunrise/wheeltec_robot_ws/install/wheeltec_robot_msg/lib/libwheeltec_robot_msg__rosidl_typesupport_introspection_c.so
[8.258s] -- Up-to-date: /home/sunrise/wheeltec_robot_ws/install/wheeltec_robot_msg/lib/libwheeltec_robot_msg__rosidl_typesupport_c.so
[8.259s] -- Up-to-date: /home/sunrise/wheeltec_robot_ws/install/wheeltec_robot_msg/include/wheeltec_robot_msg/wheeltec_robot_msg
[8.260s] -- Up-to-date: /home/sunrise/wheeltec_robot_ws/install/wheeltec_robot_msg/include/wheeltec_robot_msg/wheeltec_robot_msg/msg
[8.262s] -- Up-to-date: /home/sunrise/wheeltec_robot_ws/install/wheeltec_robot_msg/include/wheeltec_robot_msg/wheeltec_robot_msg/msg/data.hpp
[8.265s] -- Up-to-date: /home/sunrise/wheeltec_robot_ws/install/wheeltec_robot_msg/include/wheeltec_robot_msg/wheeltec_robot_msg/msg/supersonic.hpp
[8.267s] -- Up-to-date: /home/sunrise/wheeltec_robot_ws/install/wheeltec_robot_msg/include/wheeltec_robot_msg/wheeltec_robot_msg/msg/detail
[8.268s] -- Up-to-date: /home/sunrise/wheeltec_robot_ws/install/wheeltec_robot_msg/include/wheeltec_robot_msg/wheeltec_robot_msg/msg/detail/supersonic__builder.hpp
[8.269s] -- Up-to-date: /home/sunrise/wheeltec_robot_ws/install/wheeltec_robot_msg/include/wheeltec_robot_msg/wheeltec_robot_msg/msg/detail/data__struct.hpp
[8.270s] -- Up-to-date: /home/sunrise/wheeltec_robot_ws/install/wheeltec_robot_msg/include/wheeltec_robot_msg/wheeltec_robot_msg/msg/detail/data__traits.hpp
[8.272s] -- Up-to-date: /home/sunrise/wheeltec_robot_ws/install/wheeltec_robot_msg/include/wheeltec_robot_msg/wheeltec_robot_msg/msg/detail/supersonic__traits.hpp
[8.273s] -- Up-to-date: /home/sunrise/wheeltec_robot_ws/install/wheeltec_robot_msg/include/wheeltec_robot_msg/wheeltec_robot_msg/msg/detail/supersonic__struct.hpp
[8.274s] -- Up-to-date: /home/sunrise/wheeltec_robot_ws/install/wheeltec_robot_msg/include/wheeltec_robot_msg/wheeltec_robot_msg/msg/detail/data__builder.hpp
[8.275s] -- Up-to-date: /home/sunrise/wheeltec_robot_ws/install/wheeltec_robot_msg/include/wheeltec_robot_msg/wheeltec_robot_msg
[8.276s] -- Up-to-date: /home/sunrise/wheeltec_robot_ws/install/wheeltec_robot_msg/include/wheeltec_robot_msg/wheeltec_robot_msg/msg
[8.278s] -- Up-to-date: /home/sunrise/wheeltec_robot_ws/install/wheeltec_robot_msg/include/wheeltec_robot_msg/wheeltec_robot_msg/msg/rosidl_typesupport_fastrtps_cpp__visibility_control.h
[8.279s] -- Up-to-date: /home/sunrise/wheeltec_robot_ws/install/wheeltec_robot_msg/include/wheeltec_robot_msg/wheeltec_robot_msg/msg/detail
[8.280s] -- Up-to-date: /home/sunrise/wheeltec_robot_ws/install/wheeltec_robot_msg/include/wheeltec_robot_msg/wheeltec_robot_msg/msg/detail/dds_fastrtps
[8.281s] -- Up-to-date: /home/sunrise/wheeltec_robot_ws/install/wheeltec_robot_msg/include/wheeltec_robot_msg/wheeltec_robot_msg/msg/detail/supersonic__rosidl_typesupport_fastrtps_cpp.hpp
[8.282s] -- Up-to-date: /home/sunrise/wheeltec_robot_ws/install/wheeltec_robot_msg/include/wheeltec_robot_msg/wheeltec_robot_msg/msg/detail/data__rosidl_typesupport_fastrtps_cpp.hpp
[8.283s] -- Up-to-date: /home/sunrise/wheeltec_robot_ws/install/wheeltec_robot_msg/lib/libwheeltec_robot_msg__rosidl_typesupport_fastrtps_cpp.so
[8.284s] -- Up-to-date: /home/sunrise/wheeltec_robot_ws/install/wheeltec_robot_msg/include/wheeltec_robot_msg/wheeltec_robot_msg
[8.285s] -- Up-to-date: /home/sunrise/wheeltec_robot_ws/install/wheeltec_robot_msg/include/wheeltec_robot_msg/wheeltec_robot_msg/msg
[8.287s] -- Up-to-date: /home/sunrise/wheeltec_robot_ws/install/wheeltec_robot_msg/include/wheeltec_robot_msg/wheeltec_robot_msg/msg/detail
[8.289s] -- Up-to-date: /home/sunrise/wheeltec_robot_ws/install/wheeltec_robot_msg/include/wheeltec_robot_msg/wheeltec_robot_msg/msg/detail/supersonic__type_support.cpp
[8.290s] -- Up-to-date: /home/sunrise/wheeltec_robot_ws/install/wheeltec_robot_msg/include/wheeltec_robot_msg/wheeltec_robot_msg/msg/detail/data__rosidl_typesupport_introspection_cpp.hpp
[8.291s] -- Up-to-date: /home/sunrise/wheeltec_robot_ws/install/wheeltec_robot_msg/include/wheeltec_robot_msg/wheeltec_robot_msg/msg/detail/supersonic__rosidl_typesupport_introspection_cpp.hpp
[8.292s] -- Up-to-date: /home/sunrise/wheeltec_robot_ws/install/wheeltec_robot_msg/include/wheeltec_robot_msg/wheeltec_robot_msg/msg/detail/data__type_support.cpp
[8.293s] -- Up-to-date: /home/sunrise/wheeltec_robot_ws/install/wheeltec_robot_msg/lib/libwheeltec_robot_msg__rosidl_typesupport_introspection_cpp.so
[8.294s] -- Up-to-date: /home/sunrise/wheeltec_robot_ws/install/wheeltec_robot_msg/lib/libwheeltec_robot_msg__rosidl_typesupport_cpp.so
[8.295s] -- Up-to-date: /home/sunrise/wheeltec_robot_ws/install/wheeltec_robot_msg/share/wheeltec_robot_msg/environment/pythonpath.sh
[8.296s] -- Up-to-date: /home/sunrise/wheeltec_robot_ws/install/wheeltec_robot_msg/share/wheeltec_robot_msg/environment/pythonpath.dsv
[8.297s] -- Up-to-date: /home/sunrise/wheeltec_robot_ws/install/wheeltec_robot_msg/local/lib/python3.10/dist-packages/wheeltec_robot_msg-0.0.0-py3.10.egg-info
[8.298s] -- Installing: /home/sunrise/wheeltec_robot_ws/install/wheeltec_robot_msg/local/lib/python3.10/dist-packages/wheeltec_robot_msg-0.0.0-py3.10.egg-info/top_level.txt
[8.299s] -- Installing: /home/sunrise/wheeltec_robot_ws/install/wheeltec_robot_msg/local/lib/python3.10/dist-packages/wheeltec_robot_msg-0.0.0-py3.10.egg-info/SOURCES.txt
[8.300s] -- Installing: /home/sunrise/wheeltec_robot_ws/install/wheeltec_robot_msg/local/lib/python3.10/dist-packages/wheeltec_robot_msg-0.0.0-py3.10.egg-info/PKG-INFO
[8.301s] -- Installing: /home/sunrise/wheeltec_robot_ws/install/wheeltec_robot_msg/local/lib/python3.10/dist-packages/wheeltec_robot_msg-0.0.0-py3.10.egg-info/dependency_links.txt
[8.302s] -- Up-to-date: /home/sunrise/wheeltec_robot_ws/install/wheeltec_robot_msg/local/lib/python3.10/dist-packages/wheeltec_robot_msg
[8.303s] -- Up-to-date: /home/sunrise/wheeltec_robot_ws/install/wheeltec_robot_msg/local/lib/python3.10/dist-packages/wheeltec_robot_msg/_wheeltec_robot_msg_s.ep.rosidl_typesupport_c.c
[8.304s] -- Up-to-date: /home/sunrise/wheeltec_robot_ws/install/wheeltec_robot_msg/local/lib/python3.10/dist-packages/wheeltec_robot_msg/_wheeltec_robot_msg_s.ep.rosidl_typesupport_fastrtps_c.c
[8.306s] -- Up-to-date: /home/sunrise/wheeltec_robot_ws/install/wheeltec_robot_msg/local/lib/python3.10/dist-packages/wheeltec_robot_msg/libwheeltec_robot_msg__rosidl_generator_py.so
[8.307s] -- Up-to-date: /home/sunrise/wheeltec_robot_ws/install/wheeltec_robot_msg/local/lib/python3.10/dist-packages/wheeltec_robot_msg/msg
[8.308s] -- Up-to-date: /home/sunrise/wheeltec_robot_ws/install/wheeltec_robot_msg/local/lib/python3.10/dist-packages/wheeltec_robot_msg/msg/_data_s.c
[8.309s] -- Up-to-date: /home/sunrise/wheeltec_robot_ws/install/wheeltec_robot_msg/local/lib/python3.10/dist-packages/wheeltec_robot_msg/msg/_data.py
[8.310s] -- Up-to-date: /home/sunrise/wheeltec_robot_ws/install/wheeltec_robot_msg/local/lib/python3.10/dist-packages/wheeltec_robot_msg/msg/__init__.py
[8.311s] -- Up-to-date: /home/sunrise/wheeltec_robot_ws/install/wheeltec_robot_msg/local/lib/python3.10/dist-packages/wheeltec_robot_msg/msg/_supersonic.py
[8.312s] -- Up-to-date: /home/sunrise/wheeltec_robot_ws/install/wheeltec_robot_msg/local/lib/python3.10/dist-packages/wheeltec_robot_msg/msg/_supersonic_s.c
[8.313s] -- Up-to-date: /home/sunrise/wheeltec_robot_ws/install/wheeltec_robot_msg/local/lib/python3.10/dist-packages/wheeltec_robot_msg/__init__.py
[8.314s] -- Up-to-date: /home/sunrise/wheeltec_robot_ws/install/wheeltec_robot_msg/local/lib/python3.10/dist-packages/wheeltec_robot_msg/wheeltec_robot_msg_s__rosidl_typesupport_c.cpython-310-aarch64-linux-gnu.so
[8.315s] -- Up-to-date: /home/sunrise/wheeltec_robot_ws/install/wheeltec_robot_msg/local/lib/python3.10/dist-packages/wheeltec_robot_msg/wheeltec_robot_msg_s__rosidl_typesupport_introspection_c.cpython-310-aarch64-linux-gnu.so
[8.316s] -- Up-to-date: /home/sunrise/wheeltec_robot_ws/install/wheeltec_robot_msg/local/lib/python3.10/dist-packages/wheeltec_robot_msg/_wheeltec_robot_msg_s.ep.rosidl_typesupport_introspection_c.c
[8.317s] -- Up-to-date: /home/sunrise/wheeltec_robot_ws/install/wheeltec_robot_msg/local/lib/python3.10/dist-packages/wheeltec_robot_msg/wheeltec_robot_msg_s__rosidl_typesupport_fastrtps_c.cpython-310-aarch64-linux-gnu.so
[8.850s] Listing '/home/sunrise/wheeltec_robot_ws/install/wheeltec_robot_msg/local/lib/python3.10/dist-packages/wheeltec_robot_msg'...
[8.851s] Listing '/home/sunrise/wheeltec_robot_ws/install/wheeltec_robot_msg/local/lib/python3.10/dist-packages/wheeltec_robot_msg/msg'...
[8.966s] -- Up-to-date: /home/sunrise/wheeltec_robot_ws/install/wheeltec_robot_msg/local/lib/python3.10/dist-packages/wheeltec_robot_msg/wheeltec_robot_msg_s__rosidl_typesupport_fastrtps_c.cpython-310-aarch64-linux-gnu.so
[8.985s] -- Up-to-date: /home/sunrise/wheeltec_robot_ws/install/wheeltec_robot_msg/local/lib/python3.10/dist-packages/wheeltec_robot_msg/wheeltec_robot_msg_s__rosidl_typesupport_introspection_c.cpython-310-aarch64-linux-gnu.so
[9.002s] -- Up-to-date: /home/sunrise/wheeltec_robot_ws/install/wheeltec_robot_msg/local/lib/python3.10/dist-packages/wheeltec_robot_msg/wheeltec_robot_msg_s__rosidl_typesupport_c.cpython-310-aarch64-linux-gnu.so
[9.004s] -- Up-to-date: /home/sunrise/wheeltec_robot_ws/install/wheeltec_robot_msg/lib/libwheeltec_robot_msg__rosidl_generator_py.so
[9.010s] -- Up-to-date: /home/sunrise/wheeltec_robot_ws/install/wheeltec_robot_msg/share/wheeltec_robot_msg/msg/Data.idl
[9.012s] -- Up-to-date: /home/sunrise/wheeltec_robot_ws/install/wheeltec_robot_msg/share/wheeltec_robot_msg/msg/Supersonic.idl
[9.022s] -- Up-to-date: /home/sunrise/wheeltec_robot_ws/install/wheeltec_robot_msg/share/wheeltec_robot_msg/msg/Data.msg
[9.023s] -- Up-to-date: /home/sunrise/wheeltec_robot_ws/install/wheeltec_robot_msg/share/wheeltec_robot_msg/msg/Supersonic.msg
[9.024s] -- Up-to-date: /home/sunrise/wheeltec_robot_ws/install/wheeltec_robot_msg/share/ament_index/resource_index/package_run_dependencies/wheeltec_robot_msg
[9.035s] -- Up-to-date: /home/sunrise/wheeltec_robot_ws/install/wheeltec_robot_msg/share/ament_index/resource_index/parent_prefix_path/wheeltec_robot_msg
[9.041s] -- Up-to-date: /home/sunrise/wheeltec_robot_ws/install/wheeltec_robot_msg/share/wheeltec_robot_msg/environment/ament_prefix_path.sh
[9.042s] -- Up-to-date: /home/sunrise/wheeltec_robot_ws/install/wheeltec_robot_msg/share/wheeltec_robot_msg/environment/ament_prefix_path.dsv
[9.043s] -- Up-to-date: /home/sunrise/wheeltec_robot_ws/install/wheeltec_robot_msg/share/wheeltec_robot_msg/environment/path.sh
[9.044s] -- Up-to-date: /home/sunrise/wheeltec_robot_ws/install/wheeltec_robot_msg/share/wheeltec_robot_msg/environment/path.dsv
[9.044s] -- Up-to-date: /home/sunrise/wheeltec_robot_ws/install/wheeltec_robot_msg/share/wheeltec_robot_msg/local_setup.bash
[9.046s] -- Up-to-date: /home/sunrise/wheeltec_robot_ws/install/wheeltec_robot_msg/share/wheeltec_robot_msg/local_setup.sh
[9.047s] -- Up-to-date: /home/sunrise/wheeltec_robot_ws/install/wheeltec_robot_msg/share/wheeltec_robot_msg/local_setup.zsh
[9.049s] -- Up-to-date: /home/sunrise/wheeltec_robot_ws/install/wheeltec_robot_msg/share/wheeltec_robot_msg/local_setup.dsv
[9.050s] -- Installing: /home/sunrise/wheeltec_robot_ws/install/wheeltec_robot_msg/share/wheeltec_robot_msg/package.dsv
[9.118s] -- Up-to-date: /home/sunrise/wheeltec_robot_ws/install/wheeltec_robot_msg/share/ament_index/resource_index/packages/wheeltec_robot_msg
[9.120s] -- Up-to-date: /home/sunrise/wheeltec_robot_ws/install/wheeltec_robot_msg/share/wheeltec_robot_msg/cmake/export_wheeltec_robot_msg__rosidl_generator_cExport.cmake
[9.124s] -- Up-to-date: /home/sunrise/wheeltec_robot_ws/install/wheeltec_robot_msg/share/wheeltec_robot_msg/cmake/export_wheeltec_robot_msg__rosidl_generator_cExport-noconfig.cmake
[9.127s] -- Up-to-date: /home/sunrise/wheeltec_robot_ws/install/wheeltec_robot_msg/share/wheeltec_robot_msg/cmake/export_wheeltec_robot_msg__rosidl_typesupport_fastrtps_cExport.cmake
[9.128s] -- Up-to-date: /home/sunrise/wheeltec_robot_ws/install/wheeltec_robot_msg/share/wheeltec_robot_msg/cmake/export_wheeltec_robot_msg__rosidl_typesupport_fastrtps_cExport-noconfig.cmake
[9.131s] -- Up-to-date: /home/sunrise/wheeltec_robot_ws/install/wheeltec_robot_msg/share/wheeltec_robot_msg/cmake/wheeltec_robot_msg__rosidl_typesupport_introspection_cExport.cmake
[9.132s] -- Up-to-date: /home/sunrise/wheeltec_robot_ws/install/wheeltec_robot_msg/share/wheeltec_robot_msg/cmake/wheeltec_robot_msg__rosidl_typesupport_introspection_cExport-noconfig.cmake
[9.136s] -- Up-to-date: /home/sunrise/wheeltec_robot_ws/install/wheeltec_robot_msg/share/wheeltec_robot_msg/cmake/wheeltec_robot_msg__rosidl_typesupport_cExport.cmake
[9.139s] -- Up-to-date: /home/sunrise/wheeltec_robot_ws/install/wheeltec_robot_msg/share/wheeltec_robot_msg/cmake/wheeltec_robot_msg__rosidl_typesupport_cExport-noconfig.cmake
[9.140s] -- Up-to-date: /home/sunrise/wheeltec_robot_ws/install/wheeltec_robot_msg/share/wheeltec_robot_msg/cmake/export_wheeltec_robot_msg__rosidl_generator_cppExport.cmake
[9.150s] -- Up-to-date: /home/sunrise/wheeltec_robot_ws/install/wheeltec_robot_msg/share/wheeltec_robot_msg/cmake/export_wheeltec_robot_msg__rosidl_typesupport_fastrtps_cppExport.cmake
[9.151s] -- Up-to-date: /home/sunrise/wheeltec_robot_ws/install/wheeltec_robot_msg/share/wheeltec_robot_msg/cmake/export_wheeltec_robot_msg__rosidl_typesupport_fastrtps_cppExport-noconfig.cmake
[9.152s] -- Up-to-date: /home/sunrise/wheeltec_robot_ws/install/wheeltec_robot_msg/share/wheeltec_robot_msg/cmake/wheeltec_robot_msg__rosidl_typesupport_introspection_cppExport.cmake
[9.165s] -- Up-to-date: /home/sunrise/wheeltec_robot_ws/install/wheeltec_robot_msg/share/wheeltec_robot_msg/cmake/wheeltec_robot_msg__rosidl_typesupport_introspection_cppExport-noconfig.cmake
[9.166s] -- Up-to-date: /home/sunrise/wheeltec_robot_ws/install/wheeltec_robot_msg/share/wheeltec_robot_msg/cmake/wheeltec_robot_msg__rosidl_typesupport_cppExport.cmake
[9.174s] -- Up-to-date: /home/sunrise/wheeltec_robot_ws/install/wheeltec_robot_msg/share/wheeltec_robot_msg/cmake/wheeltec_robot_msg__rosidl_typesupport_cppExport-noconfig.cmake
[9.189s] -- Up-to-date: /home/sunrise/wheeltec_robot_ws/install/wheeltec_robot_msg/share/wheeltec_robot_msg/cmake/export_wheeltec_robot_msg__rosidl_generator_pyExport.cmake
[9.190s] -- Up-to-date: /home/sunrise/wheeltec_robot_ws/install/wheeltec_robot_msg/share/wheeltec_robot_msg/cmake/export_wheeltec_robot_msg__rosidl_generator_pyExport-noconfig.cmake
[9.191s] -- Up-to-date: /home/sunrise/wheeltec_robot_ws/install/wheeltec_robot_msg/share/wheeltec_robot_msg/cmake/rosidl_cmake-extras.cmake
[9.193s] -- Up-to-date: /home/sunrise/wheeltec_robot_ws/install/wheeltec_robot_msg/share/wheeltec_robot_msg/cmake/ament_cmake_export_dependencies-extras.cmake
[9.194s] -- Up-to-date: /home/sunrise/wheeltec_robot_ws/install/wheeltec_robot_msg/share/wheeltec_robot_msg/cmake/ament_cmake_export_include_directories-extras.cmake
[9.195s] -- Up-to-date: /home/sunrise/wheeltec_robot_ws/install/wheeltec_robot_msg/share/wheeltec_robot_msg/cmake/ament_cmake_export_libraries-extras.cmake
[9.196s] -- Up-to-date: /home/sunrise/wheeltec_robot_ws/install/wheeltec_robot_msg/share/wheeltec_robot_msg/cmake/ament_cmake_export_targets-extras.cmake
[9.197s] -- Up-to-date: /home/sunrise/wheeltec_robot_ws/install/wheeltec_robot_msg/share/wheeltec_robot_msg/cmake/rosidl_cmake_export_typesupport_targets-extras.cmake
[9.198s] -- Up-to-date: /home/sunrise/wheeltec_robot_ws/install/wheeltec_robot_msg/share/wheeltec_robot_msg/cmake/rosidl_cmake_export_typesupport_libraries-extras.cmake
[9.199s] -- Up-to-date: /home/sunrise/wheeltec_robot_ws/install/wheeltec_robot_msg/share/wheeltec_robot_msg/cmake/wheeltec_robot_msgConfig.cmake
[9.200s] -- Up-to-date: /home/sunrise/wheeltec_robot_ws/install/wheeltec_robot_msg/share/wheeltec_robot_msg/cmake/wheeltec_robot_msgConfig-version.cmake
[9.221s] -- Up-to-date: /home/sunrise/wheeltec_robot_ws/install/wheeltec_robot_msg/share/wheeltec_robot_msg/package.xml
[9.223s] Invoked command in '/home/sunrise/wheeltec_robot_ws/build/wheeltec_robot_msg' returned '0': CMAKE_PREFIX_PATH=${CMAKE_PREFIX_PATH}:/home/sunrise/wheeltec_robot_ws/install/tf2_tools:/opt/ros/humble /usr/bin/cmake --install /home/sunrise/wheeltec_robot_ws/build/wheeltec_robot_msg
