[6.898s] Invoking command in '/home/sunrise/wheeltec_robot_ws/src/tf2_tools': PYTHONPATH=/home/sunrise/wheeltec_robot_ws/build/tf2_tools/prefix_override:/usr/lib/python3/dist-packages/colcon_core/task/python/colcon_distutils_commands:/home/sunrise/wheeltec_robot_ws/install/tf2_tools/lib/python3.10/site-packages:${PYTHONPATH} /usr/bin/python3 -W ignore:setup.py install is deprecated setup.py egg_info --egg-base ../../build/tf2_tools build --build-base /home/sunrise/wheeltec_robot_ws/build/tf2_tools/build install --record /home/sunrise/wheeltec_robot_ws/build/tf2_tools/install.log --single-version-externally-managed install_data
[9.251s] running egg_info
[9.252s] writing ../../build/tf2_tools/tf2_tools.egg-info/PKG-INFO
[9.257s] writing dependency_links to ../../build/tf2_tools/tf2_tools.egg-info/dependency_links.txt
[9.258s] writing entry points to ../../build/tf2_tools/tf2_tools.egg-info/entry_points.txt
[9.259s] writing requirements to ../../build/tf2_tools/tf2_tools.egg-info/requires.txt
[9.260s] writing top-level names to ../../build/tf2_tools/tf2_tools.egg-info/top_level.txt
[9.275s] reading manifest file '../../build/tf2_tools/tf2_tools.egg-info/SOURCES.txt'
[9.285s] writing manifest file '../../build/tf2_tools/tf2_tools.egg-info/SOURCES.txt'
[9.286s] running build
[9.287s] running build_py
[9.291s] running install
[9.294s] running install_lib
[9.307s] running install_data
[9.309s] running install_egg_info
[9.324s] removing '/home/sunrise/wheeltec_robot_ws/install/tf2_tools/lib/python3.10/site-packages/tf2_tools-0.17.1-py3.10.egg-info' (and everything under it)
[9.329s] Copying ../../build/tf2_tools/tf2_tools.egg-info to /home/sunrise/wheeltec_robot_ws/install/tf2_tools/lib/python3.10/site-packages/tf2_tools-0.17.1-py3.10.egg-info
[9.332s] running install_scripts
[9.521s] Installing view_frames script to /home/sunrise/wheeltec_robot_ws/install/tf2_tools/lib/tf2_tools
[9.525s] writing list of installed files to '/home/sunrise/wheeltec_robot_ws/build/tf2_tools/install.log'
[9.754s] Invoked command in '/home/sunrise/wheeltec_robot_ws/src/tf2_tools' returned '0': PYTHONPATH=/home/sunrise/wheeltec_robot_ws/build/tf2_tools/prefix_override:/usr/lib/python3/dist-packages/colcon_core/task/python/colcon_distutils_commands:/home/sunrise/wheeltec_robot_ws/install/tf2_tools/lib/python3.10/site-packages:${PYTHONPATH} /usr/bin/python3 -W ignore:setup.py install is deprecated setup.py egg_info --egg-base ../../build/tf2_tools build --build-base /home/sunrise/wheeltec_robot_ws/build/tf2_tools/build install --record /home/sunrise/wheeltec_robot_ws/build/tf2_tools/install.log --single-version-externally-managed install_data
