[0.120s] Invoking command in '/home/sunrise/wheeltec_robot_ws/build/bkwindbot_urdf': CMAKE_PREFIX_PATH=/opt/ros/humble /usr/bin/cmake --build /home/sunrise/wheeltec_robot_ws/build/bkwindbot_urdf -- -j4 -l4
[0.350s] Invoked command in '/home/sunrise/wheeltec_robot_ws/build/bkwindbot_urdf' returned '0': CMAKE_PREFIX_PATH=/opt/ros/humble /usr/bin/cmake --build /home/sunrise/wheeltec_robot_ws/build/bkwindbot_urdf -- -j4 -l4
[0.600s] Invoking command in '/home/sunrise/wheeltec_robot_ws/build/bkwindbot_urdf': CMAKE_PREFIX_PATH=/opt/ros/humble /usr/bin/cmake --install /home/sunrise/wheeltec_robot_ws/build/bkwindbot_urdf
[0.700s] -- Install configuration: ""
[0.706s] -- Up-to-date: /home/sunrise/wheeltec_robot_ws/install/bkwindbot_urdf/share/bkwindbot_urdf/meshes
[0.715s] -- Up-to-date: /home/sunrise/wheeltec_robot_ws/install/bkwindbot_urdf/share/bkwindbot_urdf/meshes/wheels
[0.719s] -- Up-to-date: /home/sunrise/wheeltec_robot_ws/install/bkwindbot_urdf/share/bkwindbot_urdf/meshes/wheels/right_tire.stl
[0.724s] -- Up-to-date: /home/sunrise/wheeltec_robot_ws/install/bkwindbot_urdf/share/bkwindbot_urdf/meshes/wheels/left_tire.stl
[0.728s] -- Up-to-date: /home/sunrise/wheeltec_robot_ws/install/bkwindbot_urdf/share/bkwindbot_urdf/meshes/sensors
[0.734s] -- Up-to-date: /home/sunrise/wheeltec_robot_ws/install/bkwindbot_urdf/share/bkwindbot_urdf/meshes/sensors/astra.dae
[0.745s] -- Up-to-date: /home/sunrise/wheeltec_robot_ws/install/bkwindbot_urdf/share/bkwindbot_urdf/meshes/sensors/lds.stl
[0.763s] -- Up-to-date: /home/sunrise/wheeltec_robot_ws/install/bkwindbot_urdf/share/bkwindbot_urdf/meshes/sensors/r200.jpg
[0.764s] -- Up-to-date: /home/sunrise/wheeltec_robot_ws/install/bkwindbot_urdf/share/bkwindbot_urdf/meshes/sensors/astra.jpg
[0.764s] -- Up-to-date: /home/sunrise/wheeltec_robot_ws/install/bkwindbot_urdf/share/bkwindbot_urdf/meshes/sensors/r200.dae
[0.780s] -- Up-to-date: /home/sunrise/wheeltec_robot_ws/install/bkwindbot_urdf/share/bkwindbot_urdf/meshes/bases
[0.783s] -- Up-to-date: /home/sunrise/wheeltec_robot_ws/install/bkwindbot_urdf/share/bkwindbot_urdf/meshes/bases/waffle_pi_base.stl
[0.784s] -- Up-to-date: /home/sunrise/wheeltec_robot_ws/install/bkwindbot_urdf/share/bkwindbot_urdf/meshes/bases/burger_base.stl
[0.785s] -- Up-to-date: /home/sunrise/wheeltec_robot_ws/install/bkwindbot_urdf/share/bkwindbot_urdf/meshes/bases/waffle_base.stl
[0.792s] -- Up-to-date: /home/sunrise/wheeltec_robot_ws/install/bkwindbot_urdf/share/bkwindbot_urdf/rviz
[0.793s] -- Up-to-date: /home/sunrise/wheeltec_robot_ws/install/bkwindbot_urdf/share/bkwindbot_urdf/rviz/model.rviz
[0.802s] -- Up-to-date: /home/sunrise/wheeltec_robot_ws/install/bkwindbot_urdf/share/bkwindbot_urdf/urdf
[0.803s] -- Up-to-date: /home/sunrise/wheeltec_robot_ws/install/bkwindbot_urdf/share/bkwindbot_urdf/urdf/mini_diff_robot.urdf
[0.804s] -- Up-to-date: /home/sunrise/wheeltec_robot_ws/install/bkwindbot_urdf/share/bkwindbot_urdf/urdf/flagship_mec_bs_robot.urdf
[0.805s] -- Up-to-date: /home/sunrise/wheeltec_robot_ws/install/bkwindbot_urdf/share/bkwindbot_urdf/urdf/senior_akm_robot.urdf
[0.815s] -- Up-to-date: /home/sunrise/wheeltec_robot_ws/install/bkwindbot_urdf/share/bkwindbot_urdf/urdf/top_4wd_bs_robot.urdf
[0.821s] -- Up-to-date: /home/sunrise/wheeltec_robot_ws/install/bkwindbot_urdf/share/bkwindbot_urdf/urdf/four_wheel_diff_dl_robot.urdf
[0.823s] -- Up-to-date: /home/sunrise/wheeltec_robot_ws/install/bkwindbot_urdf/share/bkwindbot_urdf/urdf/flagship_4wd_bs_robot.urdf
[0.824s] -- Up-to-date: /home/sunrise/wheeltec_robot_ws/install/bkwindbot_urdf/share/bkwindbot_urdf/urdf/senior_4wd_bs_robot.urdf
[0.828s] -- Up-to-date: /home/sunrise/wheeltec_robot_ws/install/bkwindbot_urdf/share/bkwindbot_urdf/urdf/mini_mec_robot.urdf
[0.829s] -- Up-to-date: /home/sunrise/wheeltec_robot_ws/install/bkwindbot_urdf/share/bkwindbot_urdf/urdf/brushless_senior_diff.urdf
[0.841s] -- Up-to-date: /home/sunrise/wheeltec_robot_ws/install/bkwindbot_urdf/share/bkwindbot_urdf/urdf/top_akm_bs_robot.urdf
[0.842s] -- Up-to-date: /home/sunrise/wheeltec_robot_ws/install/bkwindbot_urdf/share/bkwindbot_urdf/urdf/senior_mec_robot.urdf
[0.843s] -- Up-to-date: /home/sunrise/wheeltec_robot_ws/install/bkwindbot_urdf/share/bkwindbot_urdf/urdf/top_omni_robot.urdf
[0.844s] -- Up-to-date: /home/sunrise/wheeltec_robot_ws/install/bkwindbot_urdf/share/bkwindbot_urdf/urdf/top_akm_dl_robot.urdf
[0.845s] -- Up-to-date: /home/sunrise/wheeltec_robot_ws/install/bkwindbot_urdf/share/bkwindbot_urdf/urdf/mini_omni_robot.urdf
[0.848s] -- Up-to-date: /home/sunrise/wheeltec_robot_ws/install/bkwindbot_urdf/share/bkwindbot_urdf/urdf/senior_mec_dl_robot.urdf
[0.864s] -- Up-to-date: /home/sunrise/wheeltec_robot_ws/install/bkwindbot_urdf/share/bkwindbot_urdf/urdf/flagship_mec_dl_robot.urdf
[0.865s] -- Up-to-date: /home/sunrise/wheeltec_robot_ws/install/bkwindbot_urdf/share/bkwindbot_urdf/urdf/mini_akm_robot.urdf
[0.866s] -- Up-to-date: /home/sunrise/wheeltec_robot_ws/install/bkwindbot_urdf/share/bkwindbot_urdf/urdf/top_4wd_dl_robot.urdf
[0.867s] -- Up-to-date: /home/sunrise/wheeltec_robot_ws/install/bkwindbot_urdf/share/bkwindbot_urdf/urdf/senior_omni_robot.urdf
[0.868s] -- Up-to-date: /home/sunrise/wheeltec_robot_ws/install/bkwindbot_urdf/share/bkwindbot_urdf/urdf/flagship_4wd_dl_robot.urdf
[0.869s] -- Up-to-date: /home/sunrise/wheeltec_robot_ws/install/bkwindbot_urdf/share/bkwindbot_urdf/urdf/top_mec_bs_robot.urdf
[0.886s] -- Up-to-date: /home/sunrise/wheeltec_robot_ws/install/bkwindbot_urdf/share/bkwindbot_urdf/urdf/mec_EightDrive_robot.urdf
[0.887s] -- Up-to-date: /home/sunrise/wheeltec_robot_ws/install/bkwindbot_urdf/share/bkwindbot_urdf/urdf/top_mec_dl_robot.urdf
[0.888s] -- Up-to-date: /home/sunrise/wheeltec_robot_ws/install/bkwindbot_urdf/share/bkwindbot_urdf/urdf/senior_4wd_dl_robot.urdf
[0.889s] -- Up-to-date: /home/sunrise/wheeltec_robot_ws/install/bkwindbot_urdf/share/bkwindbot_urdf/urdf/mini_4wd_robot.urdf
[0.897s] -- Up-to-date: /home/sunrise/wheeltec_robot_ws/install/bkwindbot_urdf/share/bkwindbot_urdf/urdf/four_wheel_diff_bs_robot.urdf
[0.898s] -- Up-to-date: /home/sunrise/wheeltec_robot_ws/install/bkwindbot_urdf/share/bkwindbot_urdf/urdf/mini_mec_moveit.urdf
[0.899s] -- Up-to-date: /home/sunrise/wheeltec_robot_ws/install/bkwindbot_urdf/share/bkwindbot_urdf/urdf/flagship_four_wheel_diff_bs_robot.urdf
[0.900s] -- Up-to-date: /home/sunrise/wheeltec_robot_ws/install/bkwindbot_urdf/share/bkwindbot_urdf/urdf/flagship_four_wheel_diff_dl_robot.urdf
[0.923s] -- Up-to-date: /home/sunrise/wheeltec_robot_ws/install/bkwindbot_urdf/share/bkwindbot_urdf/urdf/mini_tank_moveit.urdf
[0.924s] -- Up-to-date: /home/sunrise/wheeltec_robot_ws/install/bkwindbot_urdf/share/bkwindbot_urdf/urdf/senior_diff_robot.urdf
[0.925s] -- Up-to-date: /home/sunrise/wheeltec_robot_ws/install/bkwindbot_urdf/share/ament_index/resource_index/package_run_dependencies/bkwindbot_urdf
[0.929s] -- Up-to-date: /home/sunrise/wheeltec_robot_ws/install/bkwindbot_urdf/share/ament_index/resource_index/parent_prefix_path/bkwindbot_urdf
[0.940s] -- Up-to-date: /home/sunrise/wheeltec_robot_ws/install/bkwindbot_urdf/share/bkwindbot_urdf/environment/ament_prefix_path.sh
[0.941s] -- Up-to-date: /home/sunrise/wheeltec_robot_ws/install/bkwindbot_urdf/share/bkwindbot_urdf/environment/ament_prefix_path.dsv
[0.945s] -- Up-to-date: /home/sunrise/wheeltec_robot_ws/install/bkwindbot_urdf/share/bkwindbot_urdf/environment/path.sh
[0.946s] -- Up-to-date: /home/sunrise/wheeltec_robot_ws/install/bkwindbot_urdf/share/bkwindbot_urdf/environment/path.dsv
[0.947s] -- Up-to-date: /home/sunrise/wheeltec_robot_ws/install/bkwindbot_urdf/share/bkwindbot_urdf/local_setup.bash
[0.948s] -- Up-to-date: /home/sunrise/wheeltec_robot_ws/install/bkwindbot_urdf/share/bkwindbot_urdf/local_setup.sh
[0.971s] -- Up-to-date: /home/sunrise/wheeltec_robot_ws/install/bkwindbot_urdf/share/bkwindbot_urdf/local_setup.zsh
[0.972s] -- Up-to-date: /home/sunrise/wheeltec_robot_ws/install/bkwindbot_urdf/share/bkwindbot_urdf/local_setup.dsv
[0.973s] -- Installing: /home/sunrise/wheeltec_robot_ws/install/bkwindbot_urdf/share/bkwindbot_urdf/package.dsv
[0.974s] -- Up-to-date: /home/sunrise/wheeltec_robot_ws/install/bkwindbot_urdf/share/ament_index/resource_index/packages/bkwindbot_urdf
[0.975s] -- Up-to-date: /home/sunrise/wheeltec_robot_ws/install/bkwindbot_urdf/share/bkwindbot_urdf/cmake/bkwindbot_urdfConfig.cmake
[0.976s] -- Up-to-date: /home/sunrise/wheeltec_robot_ws/install/bkwindbot_urdf/share/bkwindbot_urdf/cmake/bkwindbot_urdfConfig-version.cmake
[0.977s] -- Up-to-date: /home/sunrise/wheeltec_robot_ws/install/bkwindbot_urdf/share/bkwindbot_urdf/package.xml
[1.002s] Invoked command in '/home/sunrise/wheeltec_robot_ws/build/bkwindbot_urdf' returned '0': CMAKE_PREFIX_PATH=/opt/ros/humble /usr/bin/cmake --install /home/sunrise/wheeltec_robot_ws/build/bkwindbot_urdf
