[0.148s] Invoking command in '/home/sunrise/wheeltec_robot_ws/build/bkwindbot_urdf': CMAKE_PREFIX_PATH=${CMAKE_PREFIX_PATH}:/opt/ros/humble /usr/bin/cmake --build /home/sunrise/wheeltec_robot_ws/build/bkwindbot_urdf -- -j4 -l4
[2.978s] Invoked command in '/home/sunrise/wheeltec_robot_ws/build/bkwindbot_urdf' returned '0': CMAKE_PREFIX_PATH=${CMAKE_PREFIX_PATH}:/opt/ros/humble /usr/bin/cmake --build /home/sunrise/wheeltec_robot_ws/build/bkwindbot_urdf -- -j4 -l4
[3.136s] Invoking command in '/home/sunrise/wheeltec_robot_ws/build/bkwindbot_urdf': CMAKE_PREFIX_PATH=${CMAKE_PREFIX_PATH}:/opt/ros/humble /usr/bin/cmake --install /home/sunrise/wheeltec_robot_ws/build/bkwindbot_urdf
[3.185s] -- Install configuration: ""
[3.197s] -- Up-to-date: /home/sunrise/wheeltec_robot_ws/install/bkwindbot_urdf/share/bkwindbot_urdf/meshes
[3.210s] -- Up-to-date: /home/sunrise/wheeltec_robot_ws/install/bkwindbot_urdf/share/bkwindbot_urdf/meshes/wheels
[3.211s] -- Up-to-date: /home/sunrise/wheeltec_robot_ws/install/bkwindbot_urdf/share/bkwindbot_urdf/meshes/wheels/right_tire.stl
[3.212s] -- Up-to-date: /home/sunrise/wheeltec_robot_ws/install/bkwindbot_urdf/share/bkwindbot_urdf/meshes/wheels/left_tire.stl
[3.213s] -- Up-to-date: /home/sunrise/wheeltec_robot_ws/install/bkwindbot_urdf/share/bkwindbot_urdf/meshes/sensors
[3.214s] -- Up-to-date: /home/sunrise/wheeltec_robot_ws/install/bkwindbot_urdf/share/bkwindbot_urdf/meshes/sensors/astra.dae
[3.214s] -- Up-to-date: /home/sunrise/wheeltec_robot_ws/install/bkwindbot_urdf/share/bkwindbot_urdf/meshes/sensors/lds.stl
[3.215s] -- Up-to-date: /home/sunrise/wheeltec_robot_ws/install/bkwindbot_urdf/share/bkwindbot_urdf/meshes/sensors/r200.jpg
[3.216s] -- Up-to-date: /home/sunrise/wheeltec_robot_ws/install/bkwindbot_urdf/share/bkwindbot_urdf/meshes/sensors/astra.jpg
[3.217s] -- Up-to-date: /home/sunrise/wheeltec_robot_ws/install/bkwindbot_urdf/share/bkwindbot_urdf/meshes/sensors/r200.dae
[3.218s] -- Up-to-date: /home/sunrise/wheeltec_robot_ws/install/bkwindbot_urdf/share/bkwindbot_urdf/meshes/bases
[3.240s] -- Up-to-date: /home/sunrise/wheeltec_robot_ws/install/bkwindbot_urdf/share/bkwindbot_urdf/meshes/bases/waffle_pi_base.stl
[3.241s] -- Up-to-date: /home/sunrise/wheeltec_robot_ws/install/bkwindbot_urdf/share/bkwindbot_urdf/meshes/bases/burger_base.stl
[3.242s] -- Up-to-date: /home/sunrise/wheeltec_robot_ws/install/bkwindbot_urdf/share/bkwindbot_urdf/meshes/bases/waffle_base.stl
[3.243s] -- Up-to-date: /home/sunrise/wheeltec_robot_ws/install/bkwindbot_urdf/share/bkwindbot_urdf/rviz
[3.244s] -- Up-to-date: /home/sunrise/wheeltec_robot_ws/install/bkwindbot_urdf/share/bkwindbot_urdf/rviz/model.rviz
[3.245s] -- Up-to-date: /home/sunrise/wheeltec_robot_ws/install/bkwindbot_urdf/share/bkwindbot_urdf/urdf
[3.246s] -- Up-to-date: /home/sunrise/wheeltec_robot_ws/install/bkwindbot_urdf/share/bkwindbot_urdf/urdf/mini_diff_robot.urdf
[3.247s] -- Up-to-date: /home/sunrise/wheeltec_robot_ws/install/bkwindbot_urdf/share/bkwindbot_urdf/urdf/flagship_mec_bs_robot.urdf
[3.248s] -- Up-to-date: /home/sunrise/wheeltec_robot_ws/install/bkwindbot_urdf/share/bkwindbot_urdf/urdf/senior_akm_robot.urdf
[3.249s] -- Up-to-date: /home/sunrise/wheeltec_robot_ws/install/bkwindbot_urdf/share/bkwindbot_urdf/urdf/top_4wd_bs_robot.urdf
[3.250s] -- Up-to-date: /home/sunrise/wheeltec_robot_ws/install/bkwindbot_urdf/share/bkwindbot_urdf/urdf/four_wheel_diff_dl_robot.urdf
[3.251s] -- Up-to-date: /home/sunrise/wheeltec_robot_ws/install/bkwindbot_urdf/share/bkwindbot_urdf/urdf/flagship_4wd_bs_robot.urdf
[3.252s] -- Up-to-date: /home/sunrise/wheeltec_robot_ws/install/bkwindbot_urdf/share/bkwindbot_urdf/urdf/senior_4wd_bs_robot.urdf
[3.253s] -- Up-to-date: /home/sunrise/wheeltec_robot_ws/install/bkwindbot_urdf/share/bkwindbot_urdf/urdf/mini_mec_robot.urdf
[3.278s] -- Up-to-date: /home/sunrise/wheeltec_robot_ws/install/bkwindbot_urdf/share/bkwindbot_urdf/urdf/brushless_senior_diff.urdf
[3.280s] -- Up-to-date: /home/sunrise/wheeltec_robot_ws/install/bkwindbot_urdf/share/bkwindbot_urdf/urdf/top_akm_bs_robot.urdf
[3.281s] -- Up-to-date: /home/sunrise/wheeltec_robot_ws/install/bkwindbot_urdf/share/bkwindbot_urdf/urdf/senior_mec_robot.urdf
[3.311s] -- Up-to-date: /home/sunrise/wheeltec_robot_ws/install/bkwindbot_urdf/share/bkwindbot_urdf/urdf/top_omni_robot.urdf
[3.312s] -- Up-to-date: /home/sunrise/wheeltec_robot_ws/install/bkwindbot_urdf/share/bkwindbot_urdf/urdf/top_akm_dl_robot.urdf
[3.313s] -- Up-to-date: /home/sunrise/wheeltec_robot_ws/install/bkwindbot_urdf/share/bkwindbot_urdf/urdf/mini_omni_robot.urdf
[3.319s] -- Up-to-date: /home/sunrise/wheeltec_robot_ws/install/bkwindbot_urdf/share/bkwindbot_urdf/urdf/senior_mec_dl_robot.urdf
[3.322s] -- Up-to-date: /home/sunrise/wheeltec_robot_ws/install/bkwindbot_urdf/share/bkwindbot_urdf/urdf/flagship_mec_dl_robot.urdf
[3.323s] -- Up-to-date: /home/sunrise/wheeltec_robot_ws/install/bkwindbot_urdf/share/bkwindbot_urdf/urdf/mini_akm_robot.urdf
[3.324s] -- Up-to-date: /home/sunrise/wheeltec_robot_ws/install/bkwindbot_urdf/share/bkwindbot_urdf/urdf/top_4wd_dl_robot.urdf
[3.325s] -- Up-to-date: /home/sunrise/wheeltec_robot_ws/install/bkwindbot_urdf/share/bkwindbot_urdf/urdf/senior_omni_robot.urdf
[3.326s] -- Up-to-date: /home/sunrise/wheeltec_robot_ws/install/bkwindbot_urdf/share/bkwindbot_urdf/urdf/flagship_4wd_dl_robot.urdf
[3.338s] -- Up-to-date: /home/sunrise/wheeltec_robot_ws/install/bkwindbot_urdf/share/bkwindbot_urdf/urdf/top_mec_bs_robot.urdf
[3.339s] -- Up-to-date: /home/sunrise/wheeltec_robot_ws/install/bkwindbot_urdf/share/bkwindbot_urdf/urdf/mec_EightDrive_robot.urdf
[3.339s] -- Up-to-date: /home/sunrise/wheeltec_robot_ws/install/bkwindbot_urdf/share/bkwindbot_urdf/urdf/top_mec_dl_robot.urdf
[3.340s] -- Up-to-date: /home/sunrise/wheeltec_robot_ws/install/bkwindbot_urdf/share/bkwindbot_urdf/urdf/senior_4wd_dl_robot.urdf
[3.341s] -- Up-to-date: /home/sunrise/wheeltec_robot_ws/install/bkwindbot_urdf/share/bkwindbot_urdf/urdf/mini_4wd_robot.urdf
[3.342s] -- Up-to-date: /home/sunrise/wheeltec_robot_ws/install/bkwindbot_urdf/share/bkwindbot_urdf/urdf/four_wheel_diff_bs_robot.urdf
[3.343s] -- Up-to-date: /home/sunrise/wheeltec_robot_ws/install/bkwindbot_urdf/share/bkwindbot_urdf/urdf/mini_mec_moveit.urdf
[3.343s] -- Up-to-date: /home/sunrise/wheeltec_robot_ws/install/bkwindbot_urdf/share/bkwindbot_urdf/urdf/flagship_four_wheel_diff_bs_robot.urdf
[3.344s] -- Up-to-date: /home/sunrise/wheeltec_robot_ws/install/bkwindbot_urdf/share/bkwindbot_urdf/urdf/flagship_four_wheel_diff_dl_robot.urdf
[3.345s] -- Up-to-date: /home/sunrise/wheeltec_robot_ws/install/bkwindbot_urdf/share/bkwindbot_urdf/urdf/mini_tank_moveit.urdf
[3.369s] -- Up-to-date: /home/sunrise/wheeltec_robot_ws/install/bkwindbot_urdf/share/bkwindbot_urdf/urdf/senior_diff_robot.urdf
[3.370s] -- Up-to-date: /home/sunrise/wheeltec_robot_ws/install/bkwindbot_urdf/share/ament_index/resource_index/package_run_dependencies/bkwindbot_urdf
[3.372s] -- Up-to-date: /home/sunrise/wheeltec_robot_ws/install/bkwindbot_urdf/share/ament_index/resource_index/parent_prefix_path/bkwindbot_urdf
[3.373s] -- Up-to-date: /home/sunrise/wheeltec_robot_ws/install/bkwindbot_urdf/share/bkwindbot_urdf/environment/ament_prefix_path.sh
[3.374s] -- Up-to-date: /home/sunrise/wheeltec_robot_ws/install/bkwindbot_urdf/share/bkwindbot_urdf/environment/ament_prefix_path.dsv
[3.393s] -- Up-to-date: /home/sunrise/wheeltec_robot_ws/install/bkwindbot_urdf/share/bkwindbot_urdf/environment/path.sh
[3.395s] -- Up-to-date: /home/sunrise/wheeltec_robot_ws/install/bkwindbot_urdf/share/bkwindbot_urdf/environment/path.dsv
[3.396s] -- Up-to-date: /home/sunrise/wheeltec_robot_ws/install/bkwindbot_urdf/share/bkwindbot_urdf/local_setup.bash
[3.397s] -- Up-to-date: /home/sunrise/wheeltec_robot_ws/install/bkwindbot_urdf/share/bkwindbot_urdf/local_setup.sh
[3.398s] -- Up-to-date: /home/sunrise/wheeltec_robot_ws/install/bkwindbot_urdf/share/bkwindbot_urdf/local_setup.zsh
[3.399s] -- Up-to-date: /home/sunrise/wheeltec_robot_ws/install/bkwindbot_urdf/share/bkwindbot_urdf/local_setup.dsv
[3.399s] -- Installing: /home/sunrise/wheeltec_robot_ws/install/bkwindbot_urdf/share/bkwindbot_urdf/package.dsv
[3.400s] -- Up-to-date: /home/sunrise/wheeltec_robot_ws/install/bkwindbot_urdf/share/ament_index/resource_index/packages/bkwindbot_urdf
[3.401s] -- Up-to-date: /home/sunrise/wheeltec_robot_ws/install/bkwindbot_urdf/share/bkwindbot_urdf/cmake/bkwindbot_urdfConfig.cmake
[3.402s] -- Up-to-date: /home/sunrise/wheeltec_robot_ws/install/bkwindbot_urdf/share/bkwindbot_urdf/cmake/bkwindbot_urdfConfig-version.cmake
[3.403s] -- Up-to-date: /home/sunrise/wheeltec_robot_ws/install/bkwindbot_urdf/share/bkwindbot_urdf/package.xml
[3.405s] Invoked command in '/home/sunrise/wheeltec_robot_ws/build/bkwindbot_urdf' returned '0': CMAKE_PREFIX_PATH=${CMAKE_PREFIX_PATH}:/opt/ros/humble /usr/bin/cmake --install /home/sunrise/wheeltec_robot_ws/build/bkwindbot_urdf
