-- The C compiler identification is GNU 11.2.0
-- The CXX compiler identification is GNU 11.2.0
-- Detecting C compiler ABI info
-- Detecting C compiler ABI info - done
-- Check for working C compiler: /usr/bin/cc - skipped
-- Detecting C compile features
-- Detecting C compile features - done
-- Detecting CXX compiler ABI info
-- Detecting CXX compiler ABI info - done
-- Check for working CXX compiler: /usr/bin/c++ - skipped
-- Detecting CXX compile features
-- Detecting CXX compile features - done
-- Found ament_cmake: 1.3.9 (/opt/ros/humble/share/ament_cmake/cmake)
-- Found Python3: /usr/bin/python3 (found version "3.10.12") found components: Interpreter 
-- Found urdf: 2.6.0 (/opt/ros/humble/share/urdf/cmake)
-- Configuring done
-- Generating done
-- Build files have been written to: /home/sunrise/wheeltec_robot_ws/build/bkwindbot_urdf
-- Install configuration: ""
-- Installing: /home/sunrise/wheeltec_robot_ws/install/bkwindbot_urdf/share/bkwindbot_urdf/meshes
-- Installing: /home/sunrise/wheeltec_robot_ws/install/bkwindbot_urdf/share/bkwindbot_urdf/meshes/wheels
-- Installing: /home/sunrise/wheeltec_robot_ws/install/bkwindbot_urdf/share/bkwindbot_urdf/meshes/wheels/right_tire.stl
-- Installing: /home/sunrise/wheeltec_robot_ws/install/bkwindbot_urdf/share/bkwindbot_urdf/meshes/wheels/left_tire.stl
-- Installing: /home/sunrise/wheeltec_robot_ws/install/bkwindbot_urdf/share/bkwindbot_urdf/meshes/sensors
-- Installing: /home/sunrise/wheeltec_robot_ws/install/bkwindbot_urdf/share/bkwindbot_urdf/meshes/sensors/astra.dae
-- Installing: /home/sunrise/wheeltec_robot_ws/install/bkwindbot_urdf/share/bkwindbot_urdf/meshes/sensors/lds.stl
-- Installing: /home/sunrise/wheeltec_robot_ws/install/bkwindbot_urdf/share/bkwindbot_urdf/meshes/sensors/r200.jpg
-- Installing: /home/sunrise/wheeltec_robot_ws/install/bkwindbot_urdf/share/bkwindbot_urdf/meshes/sensors/astra.jpg
-- Installing: /home/sunrise/wheeltec_robot_ws/install/bkwindbot_urdf/share/bkwindbot_urdf/meshes/sensors/r200.dae
-- Installing: /home/sunrise/wheeltec_robot_ws/install/bkwindbot_urdf/share/bkwindbot_urdf/meshes/bases
-- Installing: /home/sunrise/wheeltec_robot_ws/install/bkwindbot_urdf/share/bkwindbot_urdf/meshes/bases/waffle_pi_base.stl
-- Installing: /home/sunrise/wheeltec_robot_ws/install/bkwindbot_urdf/share/bkwindbot_urdf/meshes/bases/burger_base.stl
-- Installing: /home/sunrise/wheeltec_robot_ws/install/bkwindbot_urdf/share/bkwindbot_urdf/meshes/bases/waffle_base.stl
-- Installing: /home/sunrise/wheeltec_robot_ws/install/bkwindbot_urdf/share/bkwindbot_urdf/rviz
-- Installing: /home/sunrise/wheeltec_robot_ws/install/bkwindbot_urdf/share/bkwindbot_urdf/rviz/model.rviz
-- Installing: /home/sunrise/wheeltec_robot_ws/install/bkwindbot_urdf/share/bkwindbot_urdf/urdf
-- Installing: /home/sunrise/wheeltec_robot_ws/install/bkwindbot_urdf/share/bkwindbot_urdf/urdf/mini_diff_robot.urdf
-- Installing: /home/sunrise/wheeltec_robot_ws/install/bkwindbot_urdf/share/bkwindbot_urdf/urdf/flagship_mec_bs_robot.urdf
-- Installing: /home/sunrise/wheeltec_robot_ws/install/bkwindbot_urdf/share/bkwindbot_urdf/urdf/senior_akm_robot.urdf
-- Installing: /home/sunrise/wheeltec_robot_ws/install/bkwindbot_urdf/share/bkwindbot_urdf/urdf/top_4wd_bs_robot.urdf
-- Installing: /home/sunrise/wheeltec_robot_ws/install/bkwindbot_urdf/share/bkwindbot_urdf/urdf/four_wheel_diff_dl_robot.urdf
-- Installing: /home/sunrise/wheeltec_robot_ws/install/bkwindbot_urdf/share/bkwindbot_urdf/urdf/flagship_4wd_bs_robot.urdf
-- Installing: /home/sunrise/wheeltec_robot_ws/install/bkwindbot_urdf/share/bkwindbot_urdf/urdf/senior_4wd_bs_robot.urdf
-- Installing: /home/sunrise/wheeltec_robot_ws/install/bkwindbot_urdf/share/bkwindbot_urdf/urdf/mini_mec_robot.urdf
-- Installing: /home/sunrise/wheeltec_robot_ws/install/bkwindbot_urdf/share/bkwindbot_urdf/urdf/brushless_senior_diff.urdf
-- Installing: /home/sunrise/wheeltec_robot_ws/install/bkwindbot_urdf/share/bkwindbot_urdf/urdf/top_akm_bs_robot.urdf
-- Installing: /home/sunrise/wheeltec_robot_ws/install/bkwindbot_urdf/share/bkwindbot_urdf/urdf/senior_mec_robot.urdf
-- Installing: /home/sunrise/wheeltec_robot_ws/install/bkwindbot_urdf/share/bkwindbot_urdf/urdf/top_omni_robot.urdf
-- Installing: /home/sunrise/wheeltec_robot_ws/install/bkwindbot_urdf/share/bkwindbot_urdf/urdf/top_akm_dl_robot.urdf
-- Installing: /home/sunrise/wheeltec_robot_ws/install/bkwindbot_urdf/share/bkwindbot_urdf/urdf/mini_omni_robot.urdf
-- Installing: /home/sunrise/wheeltec_robot_ws/install/bkwindbot_urdf/share/bkwindbot_urdf/urdf/senior_mec_dl_robot.urdf
-- Installing: /home/sunrise/wheeltec_robot_ws/install/bkwindbot_urdf/share/bkwindbot_urdf/urdf/flagship_mec_dl_robot.urdf
-- Installing: /home/sunrise/wheeltec_robot_ws/install/bkwindbot_urdf/share/bkwindbot_urdf/urdf/mini_akm_robot.urdf
-- Installing: /home/sunrise/wheeltec_robot_ws/install/bkwindbot_urdf/share/bkwindbot_urdf/urdf/top_4wd_dl_robot.urdf
-- Installing: /home/sunrise/wheeltec_robot_ws/install/bkwindbot_urdf/share/bkwindbot_urdf/urdf/senior_omni_robot.urdf
-- Installing: /home/sunrise/wheeltec_robot_ws/install/bkwindbot_urdf/share/bkwindbot_urdf/urdf/flagship_4wd_dl_robot.urdf
-- Installing: /home/sunrise/wheeltec_robot_ws/install/bkwindbot_urdf/share/bkwindbot_urdf/urdf/top_mec_bs_robot.urdf
-- Installing: /home/sunrise/wheeltec_robot_ws/install/bkwindbot_urdf/share/bkwindbot_urdf/urdf/mec_EightDrive_robot.urdf
-- Installing: /home/sunrise/wheeltec_robot_ws/install/bkwindbot_urdf/share/bkwindbot_urdf/urdf/top_mec_dl_robot.urdf
-- Installing: /home/sunrise/wheeltec_robot_ws/install/bkwindbot_urdf/share/bkwindbot_urdf/urdf/senior_4wd_dl_robot.urdf
-- Installing: /home/sunrise/wheeltec_robot_ws/install/bkwindbot_urdf/share/bkwindbot_urdf/urdf/mini_4wd_robot.urdf
-- Installing: /home/sunrise/wheeltec_robot_ws/install/bkwindbot_urdf/share/bkwindbot_urdf/urdf/four_wheel_diff_bs_robot.urdf
-- Installing: /home/sunrise/wheeltec_robot_ws/install/bkwindbot_urdf/share/bkwindbot_urdf/urdf/mini_mec_moveit.urdf
-- Installing: /home/sunrise/wheeltec_robot_ws/install/bkwindbot_urdf/share/bkwindbot_urdf/urdf/flagship_four_wheel_diff_bs_robot.urdf
-- Installing: /home/sunrise/wheeltec_robot_ws/install/bkwindbot_urdf/share/bkwindbot_urdf/urdf/flagship_four_wheel_diff_dl_robot.urdf
-- Installing: /home/sunrise/wheeltec_robot_ws/install/bkwindbot_urdf/share/bkwindbot_urdf/urdf/mini_tank_moveit.urdf
-- Installing: /home/sunrise/wheeltec_robot_ws/install/bkwindbot_urdf/share/bkwindbot_urdf/urdf/senior_diff_robot.urdf
-- Installing: /home/sunrise/wheeltec_robot_ws/install/bkwindbot_urdf/share/ament_index/resource_index/package_run_dependencies/bkwindbot_urdf
-- Installing: /home/sunrise/wheeltec_robot_ws/install/bkwindbot_urdf/share/ament_index/resource_index/parent_prefix_path/bkwindbot_urdf
-- Installing: /home/sunrise/wheeltec_robot_ws/install/bkwindbot_urdf/share/bkwindbot_urdf/environment/ament_prefix_path.sh
-- Installing: /home/sunrise/wheeltec_robot_ws/install/bkwindbot_urdf/share/bkwindbot_urdf/environment/ament_prefix_path.dsv
-- Installing: /home/sunrise/wheeltec_robot_ws/install/bkwindbot_urdf/share/bkwindbot_urdf/environment/path.sh
-- Installing: /home/sunrise/wheeltec_robot_ws/install/bkwindbot_urdf/share/bkwindbot_urdf/environment/path.dsv
-- Installing: /home/sunrise/wheeltec_robot_ws/install/bkwindbot_urdf/share/bkwindbot_urdf/local_setup.bash
-- Installing: /home/sunrise/wheeltec_robot_ws/install/bkwindbot_urdf/share/bkwindbot_urdf/local_setup.sh
-- Installing: /home/sunrise/wheeltec_robot_ws/install/bkwindbot_urdf/share/bkwindbot_urdf/local_setup.zsh
-- Installing: /home/sunrise/wheeltec_robot_ws/install/bkwindbot_urdf/share/bkwindbot_urdf/local_setup.dsv
-- Installing: /home/sunrise/wheeltec_robot_ws/install/bkwindbot_urdf/share/bkwindbot_urdf/package.dsv
-- Installing: /home/sunrise/wheeltec_robot_ws/install/bkwindbot_urdf/share/ament_index/resource_index/packages/bkwindbot_urdf
-- Installing: /home/sunrise/wheeltec_robot_ws/install/bkwindbot_urdf/share/bkwindbot_urdf/cmake/bkwindbot_urdfConfig.cmake
-- Installing: /home/sunrise/wheeltec_robot_ws/install/bkwindbot_urdf/share/bkwindbot_urdf/cmake/bkwindbot_urdfConfig-version.cmake
-- Installing: /home/sunrise/wheeltec_robot_ws/install/bkwindbot_urdf/share/bkwindbot_urdf/package.xml
