[0.076s] Invoking command in '/home/sunrise/wheeltec_robot_ws/build/wheeltec_robot_urdf': CMAKE_PREFIX_PATH=${CMAKE_PREFIX_PATH}:/home/sunrise/wheeltec_robot_ws/install/tf2_tools:/opt/ros/humble /usr/bin/cmake --build /home/sunrise/wheeltec_robot_ws/build/wheeltec_robot_urdf -- -j4 -l4
[0.278s] Invoked command in '/home/sunrise/wheeltec_robot_ws/build/wheeltec_robot_urdf' returned '0': CMAKE_PREFIX_PATH=${CMAKE_PREFIX_PATH}:/home/sunrise/wheeltec_robot_ws/install/tf2_tools:/opt/ros/humble /usr/bin/cmake --build /home/sunrise/wheeltec_robot_ws/build/wheeltec_robot_urdf -- -j4 -l4
[0.561s] Invoking command in '/home/sunrise/wheeltec_robot_ws/build/wheeltec_robot_urdf': CMAKE_PREFIX_PATH=${CMAKE_PREFIX_PATH}:/home/sunrise/wheeltec_robot_ws/install/tf2_tools:/opt/ros/humble /usr/bin/cmake --install /home/sunrise/wheeltec_robot_ws/build/wheeltec_robot_urdf
[0.616s] -- Install configuration: ""
[0.617s] -- Up-to-date: /home/sunrise/wheeltec_robot_ws/install/wheeltec_robot_urdf/share/wheeltec_robot_urdf/meshes
[0.617s] -- Up-to-date: /home/sunrise/wheeltec_robot_ws/install/wheeltec_robot_urdf/share/wheeltec_robot_urdf/meshes/wheels
[0.618s] -- Up-to-date: /home/sunrise/wheeltec_robot_ws/install/wheeltec_robot_urdf/share/wheeltec_robot_urdf/meshes/wheels/right_tire.stl
[0.619s] -- Up-to-date: /home/sunrise/wheeltec_robot_ws/install/wheeltec_robot_urdf/share/wheeltec_robot_urdf/meshes/wheels/left_tire.stl
[0.620s] -- Up-to-date: /home/sunrise/wheeltec_robot_ws/install/wheeltec_robot_urdf/share/wheeltec_robot_urdf/meshes/sensors
[0.620s] -- Up-to-date: /home/sunrise/wheeltec_robot_ws/install/wheeltec_robot_urdf/share/wheeltec_robot_urdf/meshes/sensors/astra.dae
[0.621s] -- Up-to-date: /home/sunrise/wheeltec_robot_ws/install/wheeltec_robot_urdf/share/wheeltec_robot_urdf/meshes/sensors/lds.stl
[0.622s] -- Up-to-date: /home/sunrise/wheeltec_robot_ws/install/wheeltec_robot_urdf/share/wheeltec_robot_urdf/meshes/sensors/r200.jpg
[0.623s] -- Up-to-date: /home/sunrise/wheeltec_robot_ws/install/wheeltec_robot_urdf/share/wheeltec_robot_urdf/meshes/sensors/astra.jpg
[0.624s] -- Up-to-date: /home/sunrise/wheeltec_robot_ws/install/wheeltec_robot_urdf/share/wheeltec_robot_urdf/meshes/sensors/r200.dae
[0.628s] -- Up-to-date: /home/sunrise/wheeltec_robot_ws/install/wheeltec_robot_urdf/share/wheeltec_robot_urdf/meshes/bases
[0.631s] -- Up-to-date: /home/sunrise/wheeltec_robot_ws/install/wheeltec_robot_urdf/share/wheeltec_robot_urdf/meshes/bases/waffle_pi_base.stl
[0.635s] -- Up-to-date: /home/sunrise/wheeltec_robot_ws/install/wheeltec_robot_urdf/share/wheeltec_robot_urdf/meshes/bases/burger_base.stl
[0.637s] -- Up-to-date: /home/sunrise/wheeltec_robot_ws/install/wheeltec_robot_urdf/share/wheeltec_robot_urdf/meshes/bases/waffle_base.stl
[0.649s] -- Up-to-date: /home/sunrise/wheeltec_robot_ws/install/wheeltec_robot_urdf/share/wheeltec_robot_urdf/rviz
[0.649s] -- Up-to-date: /home/sunrise/wheeltec_robot_ws/install/wheeltec_robot_urdf/share/wheeltec_robot_urdf/rviz/model.rviz
[0.650s] -- Up-to-date: /home/sunrise/wheeltec_robot_ws/install/wheeltec_robot_urdf/share/wheeltec_robot_urdf/urdf
[0.651s] -- Up-to-date: /home/sunrise/wheeltec_robot_ws/install/wheeltec_robot_urdf/share/wheeltec_robot_urdf/urdf/mini_diff_robot.urdf
[0.652s] -- Up-to-date: /home/sunrise/wheeltec_robot_ws/install/wheeltec_robot_urdf/share/wheeltec_robot_urdf/urdf/flagship_mec_bs_robot.urdf
[0.653s] -- Up-to-date: /home/sunrise/wheeltec_robot_ws/install/wheeltec_robot_urdf/share/wheeltec_robot_urdf/urdf/senior_akm_robot.urdf
[0.653s] -- Up-to-date: /home/sunrise/wheeltec_robot_ws/install/wheeltec_robot_urdf/share/wheeltec_robot_urdf/urdf/top_4wd_bs_robot.urdf
[0.654s] -- Up-to-date: /home/sunrise/wheeltec_robot_ws/install/wheeltec_robot_urdf/share/wheeltec_robot_urdf/urdf/four_wheel_diff_dl_robot.urdf
[0.655s] -- Up-to-date: /home/sunrise/wheeltec_robot_ws/install/wheeltec_robot_urdf/share/wheeltec_robot_urdf/urdf/flagship_4wd_bs_robot.urdf
[0.656s] -- Up-to-date: /home/sunrise/wheeltec_robot_ws/install/wheeltec_robot_urdf/share/wheeltec_robot_urdf/urdf/senior_4wd_bs_robot.urdf
[0.659s] -- Up-to-date: /home/sunrise/wheeltec_robot_ws/install/wheeltec_robot_urdf/share/wheeltec_robot_urdf/urdf/mini_mec_robot.urdf
[0.660s] -- Up-to-date: /home/sunrise/wheeltec_robot_ws/install/wheeltec_robot_urdf/share/wheeltec_robot_urdf/urdf/brushless_senior_diff.urdf
[0.661s] -- Up-to-date: /home/sunrise/wheeltec_robot_ws/install/wheeltec_robot_urdf/share/wheeltec_robot_urdf/urdf/top_akm_bs_robot.urdf
[0.662s] -- Up-to-date: /home/sunrise/wheeltec_robot_ws/install/wheeltec_robot_urdf/share/wheeltec_robot_urdf/urdf/senior_mec_robot.urdf
[0.662s] -- Up-to-date: /home/sunrise/wheeltec_robot_ws/install/wheeltec_robot_urdf/share/wheeltec_robot_urdf/urdf/top_omni_robot.urdf
[0.663s] -- Up-to-date: /home/sunrise/wheeltec_robot_ws/install/wheeltec_robot_urdf/share/wheeltec_robot_urdf/urdf/top_akm_dl_robot.urdf
[0.664s] -- Up-to-date: /home/sunrise/wheeltec_robot_ws/install/wheeltec_robot_urdf/share/wheeltec_robot_urdf/urdf/mini_omni_robot.urdf
[0.665s] -- Up-to-date: /home/sunrise/wheeltec_robot_ws/install/wheeltec_robot_urdf/share/wheeltec_robot_urdf/urdf/senior_mec_dl_robot.urdf
[0.666s] -- Up-to-date: /home/sunrise/wheeltec_robot_ws/install/wheeltec_robot_urdf/share/wheeltec_robot_urdf/urdf/flagship_mec_dl_robot.urdf
[0.666s] -- Up-to-date: /home/sunrise/wheeltec_robot_ws/install/wheeltec_robot_urdf/share/wheeltec_robot_urdf/urdf/mini_akm_robot.urdf
[0.680s] -- Up-to-date: /home/sunrise/wheeltec_robot_ws/install/wheeltec_robot_urdf/share/wheeltec_robot_urdf/urdf/top_4wd_dl_robot.urdf
[0.682s] -- Up-to-date: /home/sunrise/wheeltec_robot_ws/install/wheeltec_robot_urdf/share/wheeltec_robot_urdf/urdf/senior_omni_robot.urdf
[0.683s] -- Up-to-date: /home/sunrise/wheeltec_robot_ws/install/wheeltec_robot_urdf/share/wheeltec_robot_urdf/urdf/flagship_4wd_dl_robot.urdf
[0.684s] -- Up-to-date: /home/sunrise/wheeltec_robot_ws/install/wheeltec_robot_urdf/share/wheeltec_robot_urdf/urdf/top_mec_bs_robot.urdf
[0.685s] -- Up-to-date: /home/sunrise/wheeltec_robot_ws/install/wheeltec_robot_urdf/share/wheeltec_robot_urdf/urdf/mec_EightDrive_robot.urdf
[0.686s] -- Up-to-date: /home/sunrise/wheeltec_robot_ws/install/wheeltec_robot_urdf/share/wheeltec_robot_urdf/urdf/top_mec_dl_robot.urdf
[0.693s] -- Up-to-date: /home/sunrise/wheeltec_robot_ws/install/wheeltec_robot_urdf/share/wheeltec_robot_urdf/urdf/senior_4wd_dl_robot.urdf
[0.694s] -- Up-to-date: /home/sunrise/wheeltec_robot_ws/install/wheeltec_robot_urdf/share/wheeltec_robot_urdf/urdf/mini_4wd_robot.urdf
[0.695s] -- Up-to-date: /home/sunrise/wheeltec_robot_ws/install/wheeltec_robot_urdf/share/wheeltec_robot_urdf/urdf/four_wheel_diff_bs_robot.urdf
[0.696s] -- Up-to-date: /home/sunrise/wheeltec_robot_ws/install/wheeltec_robot_urdf/share/wheeltec_robot_urdf/urdf/mini_mec_moveit.urdf
[0.697s] -- Up-to-date: /home/sunrise/wheeltec_robot_ws/install/wheeltec_robot_urdf/share/wheeltec_robot_urdf/urdf/flagship_four_wheel_diff_bs_robot.urdf
[0.697s] -- Up-to-date: /home/sunrise/wheeltec_robot_ws/install/wheeltec_robot_urdf/share/wheeltec_robot_urdf/urdf/flagship_four_wheel_diff_dl_robot.urdf
[0.698s] -- Up-to-date: /home/sunrise/wheeltec_robot_ws/install/wheeltec_robot_urdf/share/wheeltec_robot_urdf/urdf/mini_tank_moveit.urdf
[0.699s] -- Up-to-date: /home/sunrise/wheeltec_robot_ws/install/wheeltec_robot_urdf/share/wheeltec_robot_urdf/urdf/senior_diff_robot.urdf
[0.704s] -- Up-to-date: /home/sunrise/wheeltec_robot_ws/install/wheeltec_robot_urdf/share/ament_index/resource_index/package_run_dependencies/wheeltec_robot_urdf
[0.704s] -- Up-to-date: /home/sunrise/wheeltec_robot_ws/install/wheeltec_robot_urdf/share/ament_index/resource_index/parent_prefix_path/wheeltec_robot_urdf
[0.705s] -- Up-to-date: /home/sunrise/wheeltec_robot_ws/install/wheeltec_robot_urdf/share/wheeltec_robot_urdf/environment/ament_prefix_path.sh
[0.706s] -- Up-to-date: /home/sunrise/wheeltec_robot_ws/install/wheeltec_robot_urdf/share/wheeltec_robot_urdf/environment/ament_prefix_path.dsv
[0.707s] -- Up-to-date: /home/sunrise/wheeltec_robot_ws/install/wheeltec_robot_urdf/share/wheeltec_robot_urdf/environment/path.sh
[0.707s] -- Up-to-date: /home/sunrise/wheeltec_robot_ws/install/wheeltec_robot_urdf/share/wheeltec_robot_urdf/environment/path.dsv
[0.708s] -- Up-to-date: /home/sunrise/wheeltec_robot_ws/install/wheeltec_robot_urdf/share/wheeltec_robot_urdf/local_setup.bash
[0.709s] -- Up-to-date: /home/sunrise/wheeltec_robot_ws/install/wheeltec_robot_urdf/share/wheeltec_robot_urdf/local_setup.sh
[0.710s] -- Up-to-date: /home/sunrise/wheeltec_robot_ws/install/wheeltec_robot_urdf/share/wheeltec_robot_urdf/local_setup.zsh
[0.711s] -- Up-to-date: /home/sunrise/wheeltec_robot_ws/install/wheeltec_robot_urdf/share/wheeltec_robot_urdf/local_setup.dsv
[0.716s] -- Installing: /home/sunrise/wheeltec_robot_ws/install/wheeltec_robot_urdf/share/wheeltec_robot_urdf/package.dsv
[0.717s] -- Up-to-date: /home/sunrise/wheeltec_robot_ws/install/wheeltec_robot_urdf/share/ament_index/resource_index/packages/wheeltec_robot_urdf
[0.718s] -- Up-to-date: /home/sunrise/wheeltec_robot_ws/install/wheeltec_robot_urdf/share/wheeltec_robot_urdf/cmake/wheeltec_robot_urdfConfig.cmake
[0.718s] -- Up-to-date: /home/sunrise/wheeltec_robot_ws/install/wheeltec_robot_urdf/share/wheeltec_robot_urdf/cmake/wheeltec_robot_urdfConfig-version.cmake
[0.732s] -- Up-to-date: /home/sunrise/wheeltec_robot_ws/install/wheeltec_robot_urdf/share/wheeltec_robot_urdf/package.xml
[0.734s] Invoked command in '/home/sunrise/wheeltec_robot_ws/build/wheeltec_robot_urdf' returned '0': CMAKE_PREFIX_PATH=${CMAKE_PREFIX_PATH}:/home/sunrise/wheeltec_robot_ws/install/tf2_tools:/opt/ros/humble /usr/bin/cmake --install /home/sunrise/wheeltec_robot_ws/build/wheeltec_robot_urdf
