[0.070s] Invoking command in '/home/sunrise/wheeltec_robot_ws/build/usb_cam': CMAKE_PREFIX_PATH=${CMAKE_PREFIX_PATH}:/home/sunrise/wheeltec_robot_ws/install/tf2_tools:/opt/ros/humble /usr/bin/cmake --build /home/sunrise/wheeltec_robot_ws/build/usb_cam -- -j4 -l4
[0.327s] [ 21%] Built target gtest
[0.330s] [ 42%] Built target usb_cam
[0.331s] [ 35%] Built target gtest_main
[0.374s] [ 57%] Built target usb_cam_node_exe
[0.441s] [ 71%] Built target test_pixel_formats
[0.452s] [ 85%] Built target test_usb_cam_utils
[0.477s] [100%] Built target usb_cam_node
[0.523s] Invoked command in '/home/sunrise/wheeltec_robot_ws/build/usb_cam' returned '0': CMAKE_PREFIX_PATH=${CMAKE_PREFIX_PATH}:/home/sunrise/wheeltec_robot_ws/install/tf2_tools:/opt/ros/humble /usr/bin/cmake --build /home/sunrise/wheeltec_robot_ws/build/usb_cam -- -j4 -l4
[0.689s] Invoking command in '/home/sunrise/wheeltec_robot_ws/build/usb_cam': CMAKE_PREFIX_PATH=${CMAKE_PREFIX_PATH}:/home/sunrise/wheeltec_robot_ws/install/tf2_tools:/opt/ros/humble /usr/bin/cmake --install /home/sunrise/wheeltec_robot_ws/build/usb_cam
[0.720s] -- Install configuration: ""
[0.721s] -- Up-to-date: /home/sunrise/wheeltec_robot_ws/install/usb_cam/share/usb_cam/environment/library_path.sh
[0.722s] -- Up-to-date: /home/sunrise/wheeltec_robot_ws/install/usb_cam/share/usb_cam/environment/library_path.dsv
[0.726s] -- Up-to-date: /home/sunrise/wheeltec_robot_ws/install/usb_cam/lib/usb_cam/usb_cam_node_exe
[0.727s] -- Up-to-date: /home/sunrise/wheeltec_robot_ws/install/usb_cam/lib/usb_cam/show_image.py
[0.729s] -- Up-to-date: /home/sunrise/wheeltec_robot_ws/install/usb_cam/lib/libusb_cam.so
[0.730s] -- Up-to-date: /home/sunrise/wheeltec_robot_ws/install/usb_cam/lib/libusb_cam_node.so
[0.731s] -- Up-to-date: /home/sunrise/wheeltec_robot_ws/install/usb_cam/include
[0.732s] -- Up-to-date: /home/sunrise/wheeltec_robot_ws/install/usb_cam/include/usb_cam
[0.733s] -- Up-to-date: /home/sunrise/wheeltec_robot_ws/install/usb_cam/include/usb_cam/usb_cam_node.hpp
[0.734s] -- Up-to-date: /home/sunrise/wheeltec_robot_ws/install/usb_cam/include/usb_cam/usb_cam.hpp
[0.735s] -- Up-to-date: /home/sunrise/wheeltec_robot_ws/install/usb_cam/include/usb_cam/formats
[0.736s] -- Up-to-date: /home/sunrise/wheeltec_robot_ws/install/usb_cam/include/usb_cam/formats/mjpeg.hpp
[0.737s] -- Up-to-date: /home/sunrise/wheeltec_robot_ws/install/usb_cam/include/usb_cam/formats/mono.hpp
[0.738s] -- Up-to-date: /home/sunrise/wheeltec_robot_ws/install/usb_cam/include/usb_cam/formats/uyvy.hpp
[0.738s] -- Up-to-date: /home/sunrise/wheeltec_robot_ws/install/usb_cam/include/usb_cam/formats/rgb.hpp
[0.739s] -- Up-to-date: /home/sunrise/wheeltec_robot_ws/install/usb_cam/include/usb_cam/formats/utils.hpp
[0.740s] -- Up-to-date: /home/sunrise/wheeltec_robot_ws/install/usb_cam/include/usb_cam/formats/yuyv.hpp
[0.741s] -- Up-to-date: /home/sunrise/wheeltec_robot_ws/install/usb_cam/include/usb_cam/formats/m420.hpp
[0.742s] -- Up-to-date: /home/sunrise/wheeltec_robot_ws/install/usb_cam/include/usb_cam/formats/pixel_format_base.hpp
[0.744s] -- Up-to-date: /home/sunrise/wheeltec_robot_ws/install/usb_cam/include/usb_cam/constants.hpp
[0.747s] -- Up-to-date: /home/sunrise/wheeltec_robot_ws/install/usb_cam/include/usb_cam/utils.hpp
[0.748s] -- Up-to-date: /home/sunrise/wheeltec_robot_ws/install/usb_cam/include/usb_cam/conversions.hpp
[0.749s] -- Up-to-date: /home/sunrise/wheeltec_robot_ws/install/usb_cam/lib/libusb_cam_node.so
[0.750s] -- Up-to-date: /home/sunrise/wheeltec_robot_ws/install/usb_cam/share/usb_cam/launch
[0.751s] -- Up-to-date: /home/sunrise/wheeltec_robot_ws/install/usb_cam/share/usb_cam/launch/usb_cam_launch.py
[0.752s] -- Up-to-date: /home/sunrise/wheeltec_robot_ws/install/usb_cam/share/usb_cam/launch/camera_config.py
[0.753s] -- Up-to-date: /home/sunrise/wheeltec_robot_ws/install/usb_cam/share/usb_cam/launch/demo.launch.py
[0.754s] -- Up-to-date: /home/sunrise/wheeltec_robot_ws/install/usb_cam/share/usb_cam/launch/camera.launch.py
[0.755s] -- Up-to-date: /home/sunrise/wheeltec_robot_ws/install/usb_cam/share/usb_cam/launch/__init__.py
[0.756s] -- Up-to-date: /home/sunrise/wheeltec_robot_ws/install/usb_cam/share/usb_cam/config
[0.757s] -- Up-to-date: /home/sunrise/wheeltec_robot_ws/install/usb_cam/share/usb_cam/config/camera_info.yaml
[0.758s] -- Up-to-date: /home/sunrise/wheeltec_robot_ws/install/usb_cam/share/usb_cam/config/params_1.yaml
[0.759s] -- Up-to-date: /home/sunrise/wheeltec_robot_ws/install/usb_cam/share/usb_cam/config/params_2.yaml
[0.760s] -- Installing: /home/sunrise/wheeltec_robot_ws/install/usb_cam/share/usb_cam/config/params.yaml
[0.762s] -- Up-to-date: /home/sunrise/wheeltec_robot_ws/install/usb_cam/share/ament_index/resource_index/package_run_dependencies/usb_cam
[0.763s] -- Up-to-date: /home/sunrise/wheeltec_robot_ws/install/usb_cam/share/ament_index/resource_index/parent_prefix_path/usb_cam
[0.763s] -- Up-to-date: /home/sunrise/wheeltec_robot_ws/install/usb_cam/share/usb_cam/environment/ament_prefix_path.sh
[0.765s] -- Up-to-date: /home/sunrise/wheeltec_robot_ws/install/usb_cam/share/usb_cam/environment/ament_prefix_path.dsv
[0.766s] -- Up-to-date: /home/sunrise/wheeltec_robot_ws/install/usb_cam/share/usb_cam/environment/path.sh
[0.768s] -- Up-to-date: /home/sunrise/wheeltec_robot_ws/install/usb_cam/share/usb_cam/environment/path.dsv
[0.770s] -- Up-to-date: /home/sunrise/wheeltec_robot_ws/install/usb_cam/share/usb_cam/local_setup.bash
[0.771s] -- Up-to-date: /home/sunrise/wheeltec_robot_ws/install/usb_cam/share/usb_cam/local_setup.sh
[0.772s] -- Up-to-date: /home/sunrise/wheeltec_robot_ws/install/usb_cam/share/usb_cam/local_setup.zsh
[0.772s] -- Up-to-date: /home/sunrise/wheeltec_robot_ws/install/usb_cam/share/usb_cam/local_setup.dsv
[0.774s] -- Installing: /home/sunrise/wheeltec_robot_ws/install/usb_cam/share/usb_cam/package.dsv
[0.775s] -- Up-to-date: /home/sunrise/wheeltec_robot_ws/install/usb_cam/share/ament_index/resource_index/packages/usb_cam
[0.776s] -- Up-to-date: /home/sunrise/wheeltec_robot_ws/install/usb_cam/share/ament_index/resource_index/rclcpp_components/usb_cam
[0.777s] -- Up-to-date: /home/sunrise/wheeltec_robot_ws/install/usb_cam/share/usb_cam/cmake/ament_cmake_export_libraries-extras.cmake
[0.778s] -- Up-to-date: /home/sunrise/wheeltec_robot_ws/install/usb_cam/share/usb_cam/cmake/ament_cmake_export_dependencies-extras.cmake
[0.779s] -- Up-to-date: /home/sunrise/wheeltec_robot_ws/install/usb_cam/share/usb_cam/cmake/ament_cmake_export_include_directories-extras.cmake
[0.780s] -- Up-to-date: /home/sunrise/wheeltec_robot_ws/install/usb_cam/share/usb_cam/cmake/usb_camConfig.cmake
[0.781s] -- Up-to-date: /home/sunrise/wheeltec_robot_ws/install/usb_cam/share/usb_cam/cmake/usb_camConfig-version.cmake
[0.782s] -- Up-to-date: /home/sunrise/wheeltec_robot_ws/install/usb_cam/share/usb_cam/package.xml
[0.784s] Invoked command in '/home/sunrise/wheeltec_robot_ws/build/usb_cam' returned '0': CMAKE_PREFIX_PATH=${CMAKE_PREFIX_PATH}:/home/sunrise/wheeltec_robot_ws/install/tf2_tools:/opt/ros/humble /usr/bin/cmake --install /home/sunrise/wheeltec_robot_ws/build/usb_cam
