[0.081s] Invoking command in '/home/sunrise/wheeltec_robot_ws/build/wheeltec_robot_urdf': CMAKE_PREFIX_PATH=/opt/ros/humble /usr/bin/cmake /home/sunrise/wheeltec_robot_ws/src/wheeltec_robot_urdf/wheeltec_robot_urdf -DCMAKE_INSTALL_PREFIX=/home/sunrise/wheeltec_robot_ws/install/wheeltec_robot_urdf
[0.863s] -- The C compiler identification is GNU 11.2.0
[1.419s] -- The CXX compiler identification is GNU 11.2.0
[1.483s] -- Detecting C compiler ABI info
[1.992s] -- Detecting C compiler ABI info - done
[2.054s] -- Check for working C compiler: /usr/bin/cc - skipped
[2.058s] -- Detecting C compile features
[2.064s] -- Detecting C compile features - done
[2.103s] -- Detecting CXX compiler ABI info
[2.653s] -- Detecting CXX compiler ABI info - done
[2.771s] -- Check for working CXX compiler: /usr/bin/c++ - skipped
[2.776s] -- Detecting CXX compile features
[2.786s] -- Detecting CXX compile features - done
[2.805s] -- Found ament_cmake: 1.3.9 (/opt/ros/humble/share/ament_cmake/cmake)
[4.382s] -- Found Python3: /usr/bin/python3 (found version "3.10.12") found components: Interpreter 
[5.201s] -- Found urdf: 2.6.0 (/opt/ros/humble/share/urdf/cmake)
[6.149s] -- Configuring done
[6.164s] -- Generating done
[6.175s] -- Build files have been written to: /home/sunrise/wheeltec_robot_ws/build/wheeltec_robot_urdf
[6.265s] Invoked command in '/home/sunrise/wheeltec_robot_ws/build/wheeltec_robot_urdf' returned '0': CMAKE_PREFIX_PATH=/opt/ros/humble /usr/bin/cmake /home/sunrise/wheeltec_robot_ws/src/wheeltec_robot_urdf/wheeltec_robot_urdf -DCMAKE_INSTALL_PREFIX=/home/sunrise/wheeltec_robot_ws/install/wheeltec_robot_urdf
[6.269s] Invoking command in '/home/sunrise/wheeltec_robot_ws/build/wheeltec_robot_urdf': CMAKE_PREFIX_PATH=/opt/ros/humble /usr/bin/cmake --build /home/sunrise/wheeltec_robot_ws/build/wheeltec_robot_urdf -- -j4 -l4
[6.475s] Invoked command in '/home/sunrise/wheeltec_robot_ws/build/wheeltec_robot_urdf' returned '0': CMAKE_PREFIX_PATH=/opt/ros/humble /usr/bin/cmake --build /home/sunrise/wheeltec_robot_ws/build/wheeltec_robot_urdf -- -j4 -l4
[6.624s] Invoking command in '/home/sunrise/wheeltec_robot_ws/build/wheeltec_robot_urdf': CMAKE_PREFIX_PATH=/opt/ros/humble /usr/bin/cmake --install /home/sunrise/wheeltec_robot_ws/build/wheeltec_robot_urdf
[6.674s] -- Install configuration: ""
[6.676s] -- Installing: /home/sunrise/wheeltec_robot_ws/install/wheeltec_robot_urdf/share/wheeltec_robot_urdf/meshes
[6.677s] -- Installing: /home/sunrise/wheeltec_robot_ws/install/wheeltec_robot_urdf/share/wheeltec_robot_urdf/meshes/wheels
[6.678s] -- Installing: /home/sunrise/wheeltec_robot_ws/install/wheeltec_robot_urdf/share/wheeltec_robot_urdf/meshes/wheels/right_tire.stl
[6.686s] -- Installing: /home/sunrise/wheeltec_robot_ws/install/wheeltec_robot_urdf/share/wheeltec_robot_urdf/meshes/wheels/left_tire.stl
[6.694s] -- Installing: /home/sunrise/wheeltec_robot_ws/install/wheeltec_robot_urdf/share/wheeltec_robot_urdf/meshes/sensors
[6.696s] -- Installing: /home/sunrise/wheeltec_robot_ws/install/wheeltec_robot_urdf/share/wheeltec_robot_urdf/meshes/sensors/astra.dae
[6.754s] -- Installing: /home/sunrise/wheeltec_robot_ws/install/wheeltec_robot_urdf/share/wheeltec_robot_urdf/meshes/sensors/lds.stl
[6.759s] -- Installing: /home/sunrise/wheeltec_robot_ws/install/wheeltec_robot_urdf/share/wheeltec_robot_urdf/meshes/sensors/r200.jpg
[6.760s] -- Installing: /home/sunrise/wheeltec_robot_ws/install/wheeltec_robot_urdf/share/wheeltec_robot_urdf/meshes/sensors/astra.jpg
[6.766s] -- Installing: /home/sunrise/wheeltec_robot_ws/install/wheeltec_robot_urdf/share/wheeltec_robot_urdf/meshes/sensors/r200.dae
[6.771s] -- Installing: /home/sunrise/wheeltec_robot_ws/install/wheeltec_robot_urdf/share/wheeltec_robot_urdf/meshes/bases
[6.772s] -- Installing: /home/sunrise/wheeltec_robot_ws/install/wheeltec_robot_urdf/share/wheeltec_robot_urdf/meshes/bases/waffle_pi_base.stl
[6.818s] -- Installing: /home/sunrise/wheeltec_robot_ws/install/wheeltec_robot_urdf/share/wheeltec_robot_urdf/meshes/bases/burger_base.stl
[6.850s] -- Installing: /home/sunrise/wheeltec_robot_ws/install/wheeltec_robot_urdf/share/wheeltec_robot_urdf/meshes/bases/waffle_base.stl
[7.000s] -- Installing: /home/sunrise/wheeltec_robot_ws/install/wheeltec_robot_urdf/share/wheeltec_robot_urdf/rviz
[7.001s] -- Installing: /home/sunrise/wheeltec_robot_ws/install/wheeltec_robot_urdf/share/wheeltec_robot_urdf/rviz/model.rviz
[7.002s] -- Installing: /home/sunrise/wheeltec_robot_ws/install/wheeltec_robot_urdf/share/wheeltec_robot_urdf/urdf
[7.016s] -- Installing: /home/sunrise/wheeltec_robot_ws/install/wheeltec_robot_urdf/share/wheeltec_robot_urdf/urdf/mini_diff_robot.urdf
[7.018s] -- Installing: /home/sunrise/wheeltec_robot_ws/install/wheeltec_robot_urdf/share/wheeltec_robot_urdf/urdf/flagship_mec_bs_robot.urdf
[7.019s] -- Installing: /home/sunrise/wheeltec_robot_ws/install/wheeltec_robot_urdf/share/wheeltec_robot_urdf/urdf/senior_akm_robot.urdf
[7.037s] -- Installing: /home/sunrise/wheeltec_robot_ws/install/wheeltec_robot_urdf/share/wheeltec_robot_urdf/urdf/top_4wd_bs_robot.urdf
[7.109s] -- Installing: /home/sunrise/wheeltec_robot_ws/install/wheeltec_robot_urdf/share/wheeltec_robot_urdf/urdf/four_wheel_diff_dl_robot.urdf
[7.110s] -- Installing: /home/sunrise/wheeltec_robot_ws/install/wheeltec_robot_urdf/share/wheeltec_robot_urdf/urdf/flagship_4wd_bs_robot.urdf
[7.120s] -- Installing: /home/sunrise/wheeltec_robot_ws/install/wheeltec_robot_urdf/share/wheeltec_robot_urdf/urdf/senior_4wd_bs_robot.urdf
[7.121s] -- Installing: /home/sunrise/wheeltec_robot_ws/install/wheeltec_robot_urdf/share/wheeltec_robot_urdf/urdf/mini_mec_robot.urdf
[7.122s] -- Installing: /home/sunrise/wheeltec_robot_ws/install/wheeltec_robot_urdf/share/wheeltec_robot_urdf/urdf/brushless_senior_diff.urdf
[7.124s] -- Installing: /home/sunrise/wheeltec_robot_ws/install/wheeltec_robot_urdf/share/wheeltec_robot_urdf/urdf/top_akm_bs_robot.urdf
[7.124s] -- Installing: /home/sunrise/wheeltec_robot_ws/install/wheeltec_robot_urdf/share/wheeltec_robot_urdf/urdf/senior_mec_robot.urdf
[7.125s] -- Installing: /home/sunrise/wheeltec_robot_ws/install/wheeltec_robot_urdf/share/wheeltec_robot_urdf/urdf/top_omni_robot.urdf
[7.126s] -- Installing: /home/sunrise/wheeltec_robot_ws/install/wheeltec_robot_urdf/share/wheeltec_robot_urdf/urdf/top_akm_dl_robot.urdf
[7.133s] -- Installing: /home/sunrise/wheeltec_robot_ws/install/wheeltec_robot_urdf/share/wheeltec_robot_urdf/urdf/mini_omni_robot.urdf
[7.134s] -- Installing: /home/sunrise/wheeltec_robot_ws/install/wheeltec_robot_urdf/share/wheeltec_robot_urdf/urdf/senior_mec_dl_robot.urdf
[7.140s] -- Installing: /home/sunrise/wheeltec_robot_ws/install/wheeltec_robot_urdf/share/wheeltec_robot_urdf/urdf/flagship_mec_dl_robot.urdf
[7.142s] -- Installing: /home/sunrise/wheeltec_robot_ws/install/wheeltec_robot_urdf/share/wheeltec_robot_urdf/urdf/mini_akm_robot.urdf
[7.143s] -- Installing: /home/sunrise/wheeltec_robot_ws/install/wheeltec_robot_urdf/share/wheeltec_robot_urdf/urdf/top_4wd_dl_robot.urdf
[7.144s] -- Installing: /home/sunrise/wheeltec_robot_ws/install/wheeltec_robot_urdf/share/wheeltec_robot_urdf/urdf/senior_omni_robot.urdf
[7.157s] -- Installing: /home/sunrise/wheeltec_robot_ws/install/wheeltec_robot_urdf/share/wheeltec_robot_urdf/urdf/flagship_4wd_dl_robot.urdf
[7.158s] -- Installing: /home/sunrise/wheeltec_robot_ws/install/wheeltec_robot_urdf/share/wheeltec_robot_urdf/urdf/top_mec_bs_robot.urdf
[7.159s] -- Installing: /home/sunrise/wheeltec_robot_ws/install/wheeltec_robot_urdf/share/wheeltec_robot_urdf/urdf/mec_EightDrive_robot.urdf
[7.160s] -- Installing: /home/sunrise/wheeltec_robot_ws/install/wheeltec_robot_urdf/share/wheeltec_robot_urdf/urdf/top_mec_dl_robot.urdf
[7.160s] -- Installing: /home/sunrise/wheeltec_robot_ws/install/wheeltec_robot_urdf/share/wheeltec_robot_urdf/urdf/senior_4wd_dl_robot.urdf
[7.161s] -- Installing: /home/sunrise/wheeltec_robot_ws/install/wheeltec_robot_urdf/share/wheeltec_robot_urdf/urdf/mini_4wd_robot.urdf
[7.162s] -- Installing: /home/sunrise/wheeltec_robot_ws/install/wheeltec_robot_urdf/share/wheeltec_robot_urdf/urdf/four_wheel_diff_bs_robot.urdf
[7.162s] -- Installing: /home/sunrise/wheeltec_robot_ws/install/wheeltec_robot_urdf/share/wheeltec_robot_urdf/urdf/mini_mec_moveit.urdf
[7.163s] -- Installing: /home/sunrise/wheeltec_robot_ws/install/wheeltec_robot_urdf/share/wheeltec_robot_urdf/urdf/flagship_four_wheel_diff_bs_robot.urdf
[7.164s] -- Installing: /home/sunrise/wheeltec_robot_ws/install/wheeltec_robot_urdf/share/wheeltec_robot_urdf/urdf/flagship_four_wheel_diff_dl_robot.urdf
[7.165s] -- Installing: /home/sunrise/wheeltec_robot_ws/install/wheeltec_robot_urdf/share/wheeltec_robot_urdf/urdf/mini_tank_moveit.urdf
[7.165s] -- Installing: /home/sunrise/wheeltec_robot_ws/install/wheeltec_robot_urdf/share/wheeltec_robot_urdf/urdf/senior_diff_robot.urdf
[7.166s] -- Installing: /home/sunrise/wheeltec_robot_ws/install/wheeltec_robot_urdf/share/ament_index/resource_index/package_run_dependencies/wheeltec_robot_urdf
[7.181s] -- Installing: /home/sunrise/wheeltec_robot_ws/install/wheeltec_robot_urdf/share/ament_index/resource_index/parent_prefix_path/wheeltec_robot_urdf
[7.182s] -- Installing: /home/sunrise/wheeltec_robot_ws/install/wheeltec_robot_urdf/share/wheeltec_robot_urdf/environment/ament_prefix_path.sh
[7.183s] -- Installing: /home/sunrise/wheeltec_robot_ws/install/wheeltec_robot_urdf/share/wheeltec_robot_urdf/environment/ament_prefix_path.dsv
[7.184s] -- Installing: /home/sunrise/wheeltec_robot_ws/install/wheeltec_robot_urdf/share/wheeltec_robot_urdf/environment/path.sh
[7.184s] -- Installing: /home/sunrise/wheeltec_robot_ws/install/wheeltec_robot_urdf/share/wheeltec_robot_urdf/environment/path.dsv
[7.185s] -- Installing: /home/sunrise/wheeltec_robot_ws/install/wheeltec_robot_urdf/share/wheeltec_robot_urdf/local_setup.bash
[7.186s] -- Installing: /home/sunrise/wheeltec_robot_ws/install/wheeltec_robot_urdf/share/wheeltec_robot_urdf/local_setup.sh
[7.195s] -- Installing: /home/sunrise/wheeltec_robot_ws/install/wheeltec_robot_urdf/share/wheeltec_robot_urdf/local_setup.zsh
[7.196s] -- Installing: /home/sunrise/wheeltec_robot_ws/install/wheeltec_robot_urdf/share/wheeltec_robot_urdf/local_setup.dsv
[7.197s] -- Installing: /home/sunrise/wheeltec_robot_ws/install/wheeltec_robot_urdf/share/wheeltec_robot_urdf/package.dsv
[7.198s] -- Installing: /home/sunrise/wheeltec_robot_ws/install/wheeltec_robot_urdf/share/ament_index/resource_index/packages/wheeltec_robot_urdf
[7.202s] -- Installing: /home/sunrise/wheeltec_robot_ws/install/wheeltec_robot_urdf/share/wheeltec_robot_urdf/cmake/wheeltec_robot_urdfConfig.cmake
[7.211s] -- Installing: /home/sunrise/wheeltec_robot_ws/install/wheeltec_robot_urdf/share/wheeltec_robot_urdf/cmake/wheeltec_robot_urdfConfig-version.cmake
[7.229s] -- Installing: /home/sunrise/wheeltec_robot_ws/install/wheeltec_robot_urdf/share/wheeltec_robot_urdf/package.xml
[7.230s] Invoked command in '/home/sunrise/wheeltec_robot_ws/build/wheeltec_robot_urdf' returned '0': CMAKE_PREFIX_PATH=/opt/ros/humble /usr/bin/cmake --install /home/sunrise/wheeltec_robot_ws/build/wheeltec_robot_urdf
