[11.195s] Invoking command in '/home/sunrise/wheeltec_robot_ws/src/tf2_tools': PYTHONPATH=/home/sunrise/wheeltec_robot_ws/build/tf2_tools/prefix_override:/usr/lib/python3/dist-packages/colcon_core/task/python/colcon_distutils_commands:/home/sunrise/wheeltec_robot_ws/install/tf2_tools/lib/python3.10/site-packages:${PYTHONPATH} /usr/bin/python3 -W ignore:setup.py install is deprecated setup.py egg_info --egg-base ../../build/tf2_tools build --build-base /home/sunrise/wheeltec_robot_ws/build/tf2_tools/build install --record /home/sunrise/wheeltec_robot_ws/build/tf2_tools/install.log --single-version-externally-managed install_data
[15.710s] running egg_info
[15.719s] writing ../../build/tf2_tools/tf2_tools.egg-info/PKG-INFO
[15.723s] writing dependency_links to ../../build/tf2_tools/tf2_tools.egg-info/dependency_links.txt
[15.725s] writing entry points to ../../build/tf2_tools/tf2_tools.egg-info/entry_points.txt
[15.726s] writing requirements to ../../build/tf2_tools/tf2_tools.egg-info/requires.txt
[15.728s] writing top-level names to ../../build/tf2_tools/tf2_tools.egg-info/top_level.txt
[15.745s] reading manifest file '../../build/tf2_tools/tf2_tools.egg-info/SOURCES.txt'
[15.758s] writing manifest file '../../build/tf2_tools/tf2_tools.egg-info/SOURCES.txt'
[15.758s] running build
[15.759s] running build_py
[15.766s] running install
[15.767s] running install_lib
[15.778s] running install_data
[15.782s] running install_egg_info
[15.806s] removing '/home/sunrise/wheeltec_robot_ws/install/tf2_tools/lib/python3.10/site-packages/tf2_tools-0.17.1-py3.10.egg-info' (and everything under it)
[15.810s] Copying ../../build/tf2_tools/tf2_tools.egg-info to /home/sunrise/wheeltec_robot_ws/install/tf2_tools/lib/python3.10/site-packages/tf2_tools-0.17.1-py3.10.egg-info
[15.811s] running install_scripts
[16.028s] Installing view_frames script to /home/sunrise/wheeltec_robot_ws/install/tf2_tools/lib/tf2_tools
[16.035s] writing list of installed files to '/home/sunrise/wheeltec_robot_ws/build/tf2_tools/install.log'
[16.404s] Invoked command in '/home/sunrise/wheeltec_robot_ws/src/tf2_tools' returned '0': PYTHONPATH=/home/sunrise/wheeltec_robot_ws/build/tf2_tools/prefix_override:/usr/lib/python3/dist-packages/colcon_core/task/python/colcon_distutils_commands:/home/sunrise/wheeltec_robot_ws/install/tf2_tools/lib/python3.10/site-packages:${PYTHONPATH} /usr/bin/python3 -W ignore:setup.py install is deprecated setup.py egg_info --egg-base ../../build/tf2_tools build --build-base /home/sunrise/wheeltec_robot_ws/build/tf2_tools/build install --record /home/sunrise/wheeltec_robot_ws/build/tf2_tools/install.log --single-version-externally-managed install_data
