[0.069s] Invoking command in '/home/sunrise/wheeltec_robot_ws/build/astra_camera': AMENT_PREFIX_PATH=/home/sunrise/wheeltec_robot_ws/install/astra_camera_msgs:${AMENT_PREFIX_PATH} CMAKE_PREFIX_PATH=/home/sunrise/wheeltec_robot_ws/install/astra_camera_msgs:/home/sunrise/wheeltec_robot_ws/install/wheeltec_slam_toolbox:/home/sunrise/wheeltec_robot_ws/install/wheeltec_robot_urdf:/home/sunrise/wheeltec_robot_ws/install/turn_on_wheeltec_robot:/home/sunrise/wheeltec_robot_ws/install/wheeltec_robot_msg:/home/sunrise/wheeltec_robot_ws/install/wheeltec_nav2:/home/sunrise/wheeltec_robot_ws/install/wheeltec_cartographer:/home/sunrise/wheeltec_robot_ws/install/web_video_server:/home/sunrise/wheeltec_robot_ws/install/usb_cam:/home/sunrise/wheeltec_robot_ws/install/slam_gmapping:/home/sunrise/wheeltec_robot_ws/install/serial:/home/sunrise/wheeltec_robot_ws/install/openslam_gmapping:/home/sunrise/wheeltec_robot_ws/install/lslidar_driver:/home/sunrise/wheeltec_robot_ws/install/lslidar_msgs:/home/sunrise/wheeltec_robot_ws/install/ldlidar_stl_ros2:/home/sunrise/wheeltec_robot_ws/install/ldlidar_sl_ros2:/home/sunrise/wheeltec_robot_ws/install/simple_follower_ros2:/home/sunrise/wheeltec_robot_ws/install/wheeltec_robot_keyboard:/home/sunrise/wheeltec_robot_ws/install/tf2_tools:/opt/ros/humble LD_LIBRARY_PATH=/home/sunrise/wheeltec_robot_ws/install/astra_camera_msgs/lib:${LD_LIBRARY_PATH} PYTHONPATH=/home/sunrise/wheeltec_robot_ws/install/astra_camera_msgs/local/lib/python3.10/dist-packages:${PYTHONPATH} /usr/bin/cmake /home/sunrise/wheeltec_robot_ws/src/ros2_astra_camera/astra_camera -DCMAKE_INSTALL_PREFIX=/home/sunrise/wheeltec_robot_ws/install/astra_camera
[0.396s] -- The C compiler identification is GNU 11.2.0
[0.736s] -- The CXX compiler identification is GNU 11.2.0
[0.776s] -- Detecting C compiler ABI info
[1.139s] -- Detecting C compiler ABI info - done
[1.202s] -- Check for working C compiler: /usr/bin/cc - skipped
[1.205s] -- Detecting C compile features
[1.206s] -- Detecting C compile features - done
[1.225s] -- Detecting CXX compiler ABI info
[1.643s] -- Detecting CXX compiler ABI info - done
[1.708s] -- Check for working CXX compiler: /usr/bin/c++ - skipped
[1.710s] -- Detecting CXX compile features
[1.713s] -- Detecting CXX compile features - done
[1.732s] -- Found ament_cmake: 1.3.9 (/opt/ros/humble/share/ament_cmake/cmake)
[2.956s] -- Found Python3: /usr/bin/python3 (found version "3.10.12") found components: Interpreter 
[3.689s] -- Found ament_index_cpp: 1.4.0 (/opt/ros/humble/share/ament_index_cpp/cmake)
[3.696s] -- Found astra_camera_msgs: 1.0.1 (/home/sunrise/wheeltec_robot_ws/install/astra_camera_msgs/share/astra_camera_msgs/cmake)
[3.991s] -- Found rosidl_generator_c: 3.1.5 (/opt/ros/humble/share/rosidl_generator_c/cmake)
[4.037s] -- Found rosidl_adapter: 3.1.5 (/opt/ros/humble/share/rosidl_adapter/cmake)
[4.106s] -- Found rosidl_generator_cpp: 3.1.5 (/opt/ros/humble/share/rosidl_generator_cpp/cmake)
[4.223s] -- Using all available rosidl_typesupport_c: rosidl_typesupport_fastrtps_c;rosidl_typesupport_introspection_c
[4.391s] -- Using all available rosidl_typesupport_cpp: rosidl_typesupport_fastrtps_cpp;rosidl_typesupport_introspection_cpp
[7.322s] -- Found camera_info_manager: 3.1.9 (/opt/ros/humble/share/camera_info_manager/cmake)
[7.915s] -- Found rmw_implementation_cmake: 6.1.2 (/opt/ros/humble/share/rmw_implementation_cmake/cmake)
[7.946s] -- Found rmw_fastrtps_cpp: 6.2.6 (/opt/ros/humble/share/rmw_fastrtps_cpp/cmake)
[8.572s] -- Found OpenSSL: /usr/lib/aarch64-linux-gnu/libcrypto.so (found version "3.0.2")  
[8.734s] -- Found FastRTPS: /opt/ros/humble/include  
[9.025s] -- Using RMW implementation 'rmw_fastrtps_cpp' as default
[9.115s] -- Looking for pthread.h
[9.517s] -- Looking for pthread.h - found
[9.519s] -- Performing Test CMAKE_HAVE_LIBC_PTHREAD
[9.929s] -- Performing Test CMAKE_HAVE_LIBC_PTHREAD - Success
[9.936s] -- Found Threads: TRUE  
[11.930s] -- Found class_loader: 2.2.0 (/opt/ros/humble/share/class_loader/cmake)
[12.005s] -- Found cv_bridge: 3.2.1 (/opt/ros/humble/share/cv_bridge/cmake)
[12.265s] -- Found image_geometry: 3.2.1 (/opt/ros/humble/share/image_geometry/cmake)
[12.350s] -- Found image_publisher: 3.0.4 (/opt/ros/humble/share/image_publisher/cmake)
[13.453s] [31mCMake Error at CMakeLists.txt:27 (find_package):
[13.454s]   By not providing "Findlibuvc.cmake" in CMAKE_MODULE_PATH this project has
[13.456s]   asked CMake to find a package configuration file provided by "libuvc", but
[13.459s]   CMake did not find one.
[13.459s] 
[13.461s]   Could not find a package configuration file provided by "libuvc" with any
[13.462s]   of the following names:
[13.462s] 
[13.463s]     libuvcConfig.cmake
[13.464s]     libuvc-config.cmake
[13.465s] 
[13.466s]   Add the installation prefix of "libuvc" to CMAKE_PREFIX_PATH or set
[13.467s]   "libuvc_DIR" to a directory containing one of the above files.  If "libuvc"
[13.468s]   provides a separate development package or SDK, be sure it has been
[13.469s]   installed.
[13.470s] 
[13.471s] [0m
[13.472s] -- Configuring incomplete, errors occurred!
[13.473s] See also "/home/sunrise/wheeltec_robot_ws/build/astra_camera/CMakeFiles/CMakeOutput.log".
[13.541s] Invoked command in '/home/sunrise/wheeltec_robot_ws/build/astra_camera' returned '1': AMENT_PREFIX_PATH=/home/sunrise/wheeltec_robot_ws/install/astra_camera_msgs:${AMENT_PREFIX_PATH} CMAKE_PREFIX_PATH=/home/sunrise/wheeltec_robot_ws/install/astra_camera_msgs:/home/sunrise/wheeltec_robot_ws/install/wheeltec_slam_toolbox:/home/sunrise/wheeltec_robot_ws/install/wheeltec_robot_urdf:/home/sunrise/wheeltec_robot_ws/install/turn_on_wheeltec_robot:/home/sunrise/wheeltec_robot_ws/install/wheeltec_robot_msg:/home/sunrise/wheeltec_robot_ws/install/wheeltec_nav2:/home/sunrise/wheeltec_robot_ws/install/wheeltec_cartographer:/home/sunrise/wheeltec_robot_ws/install/web_video_server:/home/sunrise/wheeltec_robot_ws/install/usb_cam:/home/sunrise/wheeltec_robot_ws/install/slam_gmapping:/home/sunrise/wheeltec_robot_ws/install/serial:/home/sunrise/wheeltec_robot_ws/install/openslam_gmapping:/home/sunrise/wheeltec_robot_ws/install/lslidar_driver:/home/sunrise/wheeltec_robot_ws/install/lslidar_msgs:/home/sunrise/wheeltec_robot_ws/install/ldlidar_stl_ros2:/home/sunrise/wheeltec_robot_ws/install/ldlidar_sl_ros2:/home/sunrise/wheeltec_robot_ws/install/simple_follower_ros2:/home/sunrise/wheeltec_robot_ws/install/wheeltec_robot_keyboard:/home/sunrise/wheeltec_robot_ws/install/tf2_tools:/opt/ros/humble LD_LIBRARY_PATH=/home/sunrise/wheeltec_robot_ws/install/astra_camera_msgs/lib:${LD_LIBRARY_PATH} PYTHONPATH=/home/sunrise/wheeltec_robot_ws/install/astra_camera_msgs/local/lib/python3.10/dist-packages:${PYTHONPATH} /usr/bin/cmake /home/sunrise/wheeltec_robot_ws/src/ros2_astra_camera/astra_camera -DCMAKE_INSTALL_PREFIX=/home/sunrise/wheeltec_robot_ws/install/astra_camera
